{"C:\\Users\\danie\\Documents\\GitHub\\SEII_Main-Project\\server\\index.js": {"path":"C:\\Users\\danie\\Documents\\GitHub\\SEII_Main-Project\\server\\index.js","statementMap":{"0":{"start":{"line":2,"column":16},"end":{"line":2,"column":34}},"1":{"start":{"line":3,"column":15},"end":{"line":3,"column":32}},"2":{"start":{"line":4,"column":16},"end":{"line":4,"column":42}},"3":{"start":{"line":5,"column":13},"end":{"line":5,"column":28}},"4":{"start":{"line":6,"column":17},"end":{"line":6,"column":54}},"5":{"start":{"line":7,"column":17},"end":{"line":7,"column":54}},"6":{"start":{"line":8,"column":12},"end":{"line":8,"column":21}},"7":{"start":{"line":9,"column":0},"end":{"line":9,"column":50}},"8":{"start":{"line":12,"column":39},"end":{"line":12,"column":83}},"9":{"start":{"line":13,"column":11},"end":{"line":13,"column":24}},"10":{"start":{"line":15,"column":19},"end":{"line":15,"column":49}},"11":{"start":{"line":16,"column":21},"end":{"line":16,"column":94}},"12":{"start":{"line":17,"column":20},"end":{"line":17,"column":92}},"13":{"start":{"line":18,"column":18},"end":{"line":18,"column":52}},"14":{"start":{"line":19,"column":0},"end":{"line":19,"column":38}},"15":{"start":{"line":20,"column":0},"end":{"line":20,"column":26}},"16":{"start":{"line":21,"column":17},"end":{"line":21,"column":35}},"17":{"start":{"line":23,"column":0},"end":{"line":23,"column":23}},"18":{"start":{"line":24,"column":0},"end":{"line":24,"column":24}},"19":{"start":{"line":25,"column":0},"end":{"line":25,"column":34}},"20":{"start":{"line":27,"column":20},"end":{"line":30,"column":1}},"21":{"start":{"line":31,"column":0},"end":{"line":31,"column":27}},"22":{"start":{"line":33,"column":0},"end":{"line":37,"column":4}},"23":{"start":{"line":39,"column":0},"end":{"line":39,"column":30}},"24":{"start":{"line":40,"column":0},"end":{"line":40,"column":27}},"25":{"start":{"line":41,"column":0},"end":{"line":41,"column":49}},"26":{"start":{"line":44,"column":15},"end":{"line":44,"column":32}},"27":{"start":{"line":45,"column":19},"end":{"line":53,"column":1}},"28":{"start":{"line":46,"column":2},"end":{"line":51,"column":3}},"29":{"start":{"line":47,"column":4},"end":{"line":47,"column":29}},"30":{"start":{"line":49,"column":7},"end":{"line":51,"column":3}},"31":{"start":{"line":50,"column":4},"end":{"line":50,"column":57}},"32":{"start":{"line":52,"column":2},"end":{"line":52,"column":16}},"33":{"start":{"line":57,"column":25},"end":{"line":57,"column":66}},"34":{"start":{"line":58,"column":31},"end":{"line":58,"column":78}},"35":{"start":{"line":59,"column":30},"end":{"line":59,"column":76}},"36":{"start":{"line":60,"column":11},"end":{"line":60,"column":45}},"37":{"start":{"line":62,"column":0},"end":{"line":62,"column":117}},"38":{"start":{"line":62,"column":45},"end":{"line":62,"column":115}},"39":{"start":{"line":64,"column":0},"end":{"line":64,"column":116}},"40":{"start":{"line":64,"column":78},"end":{"line":64,"column":114}},"41":{"start":{"line":66,"column":0},"end":{"line":66,"column":122}},"42":{"start":{"line":66,"column":81},"end":{"line":66,"column":120}},"43":{"start":{"line":68,"column":0},"end":{"line":68,"column":68}},"44":{"start":{"line":70,"column":0},"end":{"line":70,"column":96}},"45":{"start":{"line":72,"column":0},"end":{"line":72,"column":100}},"46":{"start":{"line":72,"column":51},"end":{"line":72,"column":98}},"47":{"start":{"line":74,"column":0},"end":{"line":74,"column":117}},"48":{"start":{"line":74,"column":66},"end":{"line":74,"column":115}},"49":{"start":{"line":76,"column":0},"end":{"line":76,"column":118}},"50":{"start":{"line":76,"column":58},"end":{"line":76,"column":116}},"51":{"start":{"line":78,"column":0},"end":{"line":78,"column":96}},"52":{"start":{"line":80,"column":0},"end":{"line":80,"column":99}},"53":{"start":{"line":83,"column":0},"end":{"line":83,"column":62}},"54":{"start":{"line":83,"column":42},"end":{"line":83,"column":61}},"55":{"start":{"line":85,"column":0},"end":{"line":85,"column":70}},"56":{"start":{"line":85,"column":46},"end":{"line":85,"column":69}},"57":{"start":{"line":87,"column":0},"end":{"line":87,"column":65}},"58":{"start":{"line":87,"column":41},"end":{"line":87,"column":64}},"59":{"start":{"line":91,"column":0},"end":{"line":91,"column":112}},"60":{"start":{"line":91,"column":68},"end":{"line":91,"column":110}},"61":{"start":{"line":93,"column":0},"end":{"line":93,"column":123}},"62":{"start":{"line":93,"column":79},"end":{"line":93,"column":121}},"63":{"start":{"line":95,"column":0},"end":{"line":95,"column":40}},"64":{"start":{"line":97,"column":0},"end":{"line":97,"column":58}},"65":{"start":{"line":99,"column":0},"end":{"line":99,"column":91}},"66":{"start":{"line":99,"column":33},"end":{"line":99,"column":89}},"67":{"start":{"line":101,"column":0},"end":{"line":101,"column":216}},"68":{"start":{"line":101,"column":61},"end":{"line":101,"column":189}},"69":{"start":{"line":101,"column":191},"end":{"line":101,"column":214}},"70":{"start":{"line":103,"column":0},"end":{"line":107,"column":3}},"71":{"start":{"line":104,"column":2},"end":{"line":106,"column":19}},"72":{"start":{"line":105,"column":6},"end":{"line":105,"column":58}},"73":{"start":{"line":106,"column":9},"end":{"line":106,"column":19}},"74":{"start":{"line":109,"column":13},"end":{"line":109,"column":17}},"75":{"start":{"line":110,"column":0},"end":{"line":115,"column":1}},"76":{"start":{"line":111,"column":2},"end":{"line":111,"column":31}},"77":{"start":{"line":112,"column":2},"end":{"line":114,"column":4}},"78":{"start":{"line":113,"column":4},"end":{"line":113,"column":61}},"79":{"start":{"line":116,"column":0},"end":{"line":116,"column":33}}},"fnMap":{"0":{"name":"(anonymous_0)","decl":{"start":{"line":45,"column":19},"end":{"line":45,"column":20}},"loc":{"start":{"line":45,"column":37},"end":{"line":53,"column":1}},"line":45},"1":{"name":"(anonymous_1)","decl":{"start":{"line":62,"column":31},"end":{"line":62,"column":32}},"loc":{"start":{"line":62,"column":45},"end":{"line":62,"column":115}},"line":62},"2":{"name":"(anonymous_2)","decl":{"start":{"line":64,"column":64},"end":{"line":64,"column":65}},"loc":{"start":{"line":64,"column":78},"end":{"line":64,"column":114}},"line":64},"3":{"name":"(anonymous_3)","decl":{"start":{"line":66,"column":67},"end":{"line":66,"column":68}},"loc":{"start":{"line":66,"column":81},"end":{"line":66,"column":120}},"line":66},"4":{"name":"(anonymous_4)","decl":{"start":{"line":72,"column":37},"end":{"line":72,"column":38}},"loc":{"start":{"line":72,"column":51},"end":{"line":72,"column":98}},"line":72},"5":{"name":"(anonymous_5)","decl":{"start":{"line":74,"column":53},"end":{"line":74,"column":54}},"loc":{"start":{"line":74,"column":66},"end":{"line":74,"column":115}},"line":74},"6":{"name":"(anonymous_6)","decl":{"start":{"line":76,"column":44},"end":{"line":76,"column":45}},"loc":{"start":{"line":76,"column":58},"end":{"line":76,"column":116}},"line":76},"7":{"name":"(anonymous_7)","decl":{"start":{"line":83,"column":28},"end":{"line":83,"column":29}},"loc":{"start":{"line":83,"column":42},"end":{"line":83,"column":61}},"line":83},"8":{"name":"(anonymous_8)","decl":{"start":{"line":85,"column":32},"end":{"line":85,"column":33}},"loc":{"start":{"line":85,"column":46},"end":{"line":85,"column":69}},"line":85},"9":{"name":"(anonymous_9)","decl":{"start":{"line":87,"column":27},"end":{"line":87,"column":28}},"loc":{"start":{"line":87,"column":41},"end":{"line":87,"column":64}},"line":87},"10":{"name":"(anonymous_10)","decl":{"start":{"line":91,"column":56},"end":{"line":91,"column":57}},"loc":{"start":{"line":91,"column":68},"end":{"line":91,"column":110}},"line":91},"11":{"name":"(anonymous_11)","decl":{"start":{"line":93,"column":67},"end":{"line":93,"column":68}},"loc":{"start":{"line":93,"column":79},"end":{"line":93,"column":121}},"line":93},"12":{"name":"(anonymous_12)","decl":{"start":{"line":99,"column":21},"end":{"line":99,"column":22}},"loc":{"start":{"line":99,"column":33},"end":{"line":99,"column":89}},"line":99},"13":{"name":"(anonymous_13)","decl":{"start":{"line":101,"column":40},"end":{"line":101,"column":41}},"loc":{"start":{"line":101,"column":52},"end":{"line":101,"column":215}},"line":101},"14":{"name":"(anonymous_14)","decl":{"start":{"line":103,"column":8},"end":{"line":103,"column":9}},"loc":{"start":{"line":103,"column":38},"end":{"line":107,"column":1}},"line":103},"15":{"name":"(anonymous_15)","decl":{"start":{"line":112,"column":19},"end":{"line":112,"column":20}},"loc":{"start":{"line":113,"column":4},"end":{"line":113,"column":61}},"line":113}},"branchMap":{"0":{"loc":{"start":{"line":46,"column":2},"end":{"line":51,"column":3}},"type":"if","locations":[{"start":{"line":46,"column":2},"end":{"line":51,"column":3}},{"start":{"line":49,"column":7},"end":{"line":51,"column":3}}],"line":46},"1":{"loc":{"start":{"line":49,"column":7},"end":{"line":51,"column":3}},"type":"if","locations":[{"start":{"line":49,"column":7},"end":{"line":51,"column":3}},{"start":{},"end":{}}],"line":49},"2":{"loc":{"start":{"line":104,"column":2},"end":{"line":106,"column":19}},"type":"if","locations":[{"start":{"line":104,"column":2},"end":{"line":106,"column":19}},{"start":{"line":106,"column":9},"end":{"line":106,"column":19}}],"line":104},"3":{"loc":{"start":{"line":110,"column":0},"end":{"line":115,"column":1}},"type":"if","locations":[{"start":{"line":110,"column":0},"end":{"line":115,"column":1}},{"start":{},"end":{}}],"line":110}},"s":{"0":2,"1":2,"2":2,"3":2,"4":2,"5":2,"6":2,"7":2,"8":2,"9":2,"10":2,"11":2,"12":2,"13":2,"14":2,"15":2,"16":2,"17":2,"18":2,"19":2,"20":2,"21":2,"22":2,"23":2,"24":2,"25":2,"26":2,"27":2,"28":37,"29":37,"30":0,"31":0,"32":37,"33":2,"34":2,"35":2,"36":2,"37":2,"38":7,"39":2,"40":3,"41":2,"42":2,"43":2,"44":2,"45":2,"46":6,"47":2,"48":0,"49":2,"50":0,"51":2,"52":2,"53":2,"54":0,"55":2,"56":0,"57":2,"58":0,"59":2,"60":0,"61":2,"62":0,"63":2,"64":2,"65":2,"66":0,"67":2,"68":0,"69":0,"70":2,"71":14,"72":14,"73":0,"74":2,"75":2,"76":0,"77":0,"78":0,"79":2},"f":{"0":37,"1":7,"2":3,"3":2,"4":6,"5":0,"6":0,"7":0,"8":0,"9":0,"10":0,"11":0,"12":0,"13":0,"14":14,"15":0},"b":{"0":[37,0],"1":[0,0],"2":[14,0],"3":[0,2]},"_coverageSchema":"1a1c01bbd47fc00a2c39e90264f33305004495a9","hash":"69de983caa4d8bdb0287ac6ceeef539aa713d0ac"}
,"C:\\Users\\danie\\Documents\\GitHub\\SEII_Main-Project\\server\\config\\passport.js": {"path":"C:\\Users\\danie\\Documents\\GitHub\\SEII_Main-Project\\server\\config\\passport.js","statementMap":{"0":{"start":{"line":2,"column":17},"end":{"line":2,"column":36}},"1":{"start":{"line":3,"column":13},"end":{"line":3,"column":46}},"2":{"start":{"line":4,"column":11},"end":{"line":4,"column":24}},"3":{"start":{"line":5,"column":26},"end":{"line":5,"column":70}},"4":{"start":{"line":6,"column":26},"end":{"line":6,"column":70}},"5":{"start":{"line":7,"column":31},"end":{"line":7,"column":80}},"6":{"start":{"line":9,"column":19},"end":{"line":20,"column":1}},"7":{"start":{"line":21,"column":21},"end":{"line":47,"column":2}},"8":{"start":{"line":23,"column":4},"end":{"line":35,"column":5}},"9":{"start":{"line":24,"column":8},"end":{"line":24,"column":78}},"10":{"start":{"line":25,"column":8},"end":{"line":25,"column":25}},"11":{"start":{"line":26,"column":8},"end":{"line":26,"column":25}},"12":{"start":{"line":28,"column":9},"end":{"line":35,"column":5}},"13":{"start":{"line":29,"column":8},"end":{"line":29,"column":66}},"14":{"start":{"line":30,"column":8},"end":{"line":30,"column":25}},"15":{"start":{"line":32,"column":9},"end":{"line":35,"column":5}},"16":{"start":{"line":33,"column":8},"end":{"line":33,"column":70}},"17":{"start":{"line":34,"column":8},"end":{"line":34,"column":30}},"18":{"start":{"line":36,"column":4},"end":{"line":45,"column":101}},"19":{"start":{"line":37,"column":8},"end":{"line":37,"column":156}},"20":{"start":{"line":38,"column":9},"end":{"line":45,"column":101}},"21":{"start":{"line":39,"column":8},"end":{"line":39,"column":25}},"22":{"start":{"line":41,"column":8},"end":{"line":41,"column":122}},"23":{"start":{"line":45,"column":8},"end":{"line":45,"column":101}},"24":{"start":{"line":46,"column":4},"end":{"line":46,"column":21}},"25":{"start":{"line":48,"column":0},"end":{"line":48,"column":43}},"26":{"start":{"line":50,"column":0},"end":{"line":52,"column":3}},"27":{"start":{"line":51,"column":4},"end":{"line":51,"column":21}},"28":{"start":{"line":54,"column":0},"end":{"line":56,"column":3}},"29":{"start":{"line":55,"column":4},"end":{"line":55,"column":21}},"30":{"start":{"line":58,"column":0},"end":{"line":65,"column":2}},"31":{"start":{"line":59,"column":4},"end":{"line":61,"column":5}},"32":{"start":{"line":60,"column":8},"end":{"line":60,"column":54}},"33":{"start":{"line":62,"column":4},"end":{"line":64,"column":7}},"34":{"start":{"line":63,"column":8},"end":{"line":63,"column":33}},"35":{"start":{"line":67,"column":0},"end":{"line":70,"column":1}},"36":{"start":{"line":68,"column":4},"end":{"line":68,"column":36}},"37":{"start":{"line":68,"column":22},"end":{"line":68,"column":32}},"38":{"start":{"line":69,"column":4},"end":{"line":69,"column":43}},"39":{"start":{"line":72,"column":0},"end":{"line":76,"column":1}},"40":{"start":{"line":73,"column":4},"end":{"line":75,"column":5}},"41":{"start":{"line":78,"column":0},"end":{"line":78,"column":28}}},"fnMap":{"0":{"name":"(anonymous_0)","decl":{"start":{"line":21,"column":42},"end":{"line":21,"column":43}},"loc":{"start":{"line":21,"column":67},"end":{"line":47,"column":1}},"line":21},"1":{"name":"(anonymous_1)","decl":{"start":{"line":50,"column":23},"end":{"line":50,"column":24}},"loc":{"start":{"line":50,"column":39},"end":{"line":52,"column":1}},"line":50},"2":{"name":"(anonymous_2)","decl":{"start":{"line":54,"column":25},"end":{"line":54,"column":26}},"loc":{"start":{"line":54,"column":41},"end":{"line":56,"column":1}},"line":54},"3":{"name":"(anonymous_3)","decl":{"start":{"line":58,"column":22},"end":{"line":58,"column":23}},"loc":{"start":{"line":58,"column":41},"end":{"line":65,"column":1}},"line":58},"4":{"name":"(anonymous_4)","decl":{"start":{"line":62,"column":36},"end":{"line":62,"column":37}},"loc":{"start":{"line":62,"column":55},"end":{"line":64,"column":5}},"line":62},"5":{"name":"(anonymous_5)","decl":{"start":{"line":67,"column":30},"end":{"line":67,"column":31}},"loc":{"start":{"line":67,"column":48},"end":{"line":70,"column":1}},"line":67},"6":{"name":"(anonymous_6)","decl":{"start":{"line":68,"column":15},"end":{"line":68,"column":16}},"loc":{"start":{"line":68,"column":20},"end":{"line":68,"column":34}},"line":68},"7":{"name":"(anonymous_7)","decl":{"start":{"line":72,"column":19},"end":{"line":72,"column":20}},"loc":{"start":{"line":72,"column":23},"end":{"line":76,"column":1}},"line":72}},"branchMap":{"0":{"loc":{"start":{"line":23,"column":4},"end":{"line":35,"column":5}},"type":"if","locations":[{"start":{"line":23,"column":4},"end":{"line":35,"column":5}},{"start":{"line":28,"column":9},"end":{"line":35,"column":5}}],"line":23},"1":{"loc":{"start":{"line":28,"column":9},"end":{"line":35,"column":5}},"type":"if","locations":[{"start":{"line":28,"column":9},"end":{"line":35,"column":5}},{"start":{"line":32,"column":9},"end":{"line":35,"column":5}}],"line":28},"2":{"loc":{"start":{"line":32,"column":9},"end":{"line":35,"column":5}},"type":"if","locations":[{"start":{"line":32,"column":9},"end":{"line":35,"column":5}},{"start":{},"end":{}}],"line":32},"3":{"loc":{"start":{"line":36,"column":4},"end":{"line":45,"column":101}},"type":"if","locations":[{"start":{"line":36,"column":4},"end":{"line":45,"column":101}},{"start":{"line":38,"column":9},"end":{"line":45,"column":101}}],"line":36},"4":{"loc":{"start":{"line":37,"column":123},"end":{"line":37,"column":154}},"type":"cond-expr","locations":[{"start":{"line":37,"column":151},"end":{"line":37,"column":152}},{"start":{"line":37,"column":153},"end":{"line":37,"column":154}}],"line":37},"5":{"loc":{"start":{"line":38,"column":9},"end":{"line":45,"column":101}},"type":"if","locations":[{"start":{"line":38,"column":9},"end":{"line":45,"column":101}},{"start":{"line":45,"column":8},"end":{"line":45,"column":101}}],"line":38},"6":{"loc":{"start":{"line":59,"column":4},"end":{"line":61,"column":5}},"type":"if","locations":[{"start":{"line":59,"column":4},"end":{"line":61,"column":5}},{"start":{},"end":{}}],"line":59}},"s":{"0":2,"1":2,"2":2,"3":2,"4":2,"5":2,"6":2,"7":2,"8":0,"9":0,"10":0,"11":0,"12":0,"13":0,"14":0,"15":0,"16":0,"17":0,"18":0,"19":0,"20":0,"21":0,"22":0,"23":0,"24":0,"25":2,"26":2,"27":0,"28":2,"29":0,"30":2,"31":0,"32":0,"33":0,"34":0,"35":2,"36":0,"37":0,"38":0,"39":2,"40":0,"41":2},"f":{"0":0,"1":0,"2":0,"3":0,"4":0,"5":0,"6":0,"7":0},"b":{"0":[0,0],"1":[0,0],"2":[0,0],"3":[0,0],"4":[0,0],"5":[0,0],"6":[0,0]},"_coverageSchema":"1a1c01bbd47fc00a2c39e90264f33305004495a9","hash":"51fc5bee730cb82b28255ec816e84582e5ab5b96"}
,"C:\\Users\\danie\\Documents\\GitHub\\SEII_Main-Project\\server\\controllers\\ApplicationController.js": {"path":"C:\\Users\\danie\\Documents\\GitHub\\SEII_Main-Project\\server\\controllers\\ApplicationController.js","statementMap":{"0":{"start":{"line":2,"column":28},"end":{"line":2,"column":69}},"1":{"start":{"line":3,"column":23},"end":{"line":3,"column":60}},"2":{"start":{"line":4,"column":23},"end":{"line":4,"column":60}},"3":{"start":{"line":5,"column":26},"end":{"line":5,"column":70}},"4":{"start":{"line":6,"column":26},"end":{"line":6,"column":70}},"5":{"start":{"line":7,"column":19},"end":{"line":7,"column":40}},"6":{"start":{"line":8,"column":30},"end":{"line":8,"column":78}},"7":{"start":{"line":9,"column":13},"end":{"line":9,"column":28}},"8":{"start":{"line":10,"column":11},"end":{"line":10,"column":24}},"9":{"start":{"line":48,"column":0},"end":{"line":79,"column":2}},"10":{"start":{"line":49,"column":4},"end":{"line":51,"column":5}},"11":{"start":{"line":50,"column":8},"end":{"line":50,"column":120}},"12":{"start":{"line":52,"column":4},"end":{"line":78,"column":5}},"13":{"start":{"line":53,"column":8},"end":{"line":56,"column":9}},"14":{"start":{"line":54,"column":12},"end":{"line":54,"column":83}},"15":{"start":{"line":55,"column":12},"end":{"line":55,"column":18}},"16":{"start":{"line":57,"column":8},"end":{"line":64,"column":15}},"17":{"start":{"line":60,"column":16},"end":{"line":60,"column":46}},"18":{"start":{"line":63,"column":14},"end":{"line":63,"column":45}},"19":{"start":{"line":65,"column":10},"end":{"line":78,"column":5}},"20":{"start":{"line":66,"column":8},"end":{"line":69,"column":9}},"21":{"start":{"line":67,"column":10},"end":{"line":67,"column":78}},"22":{"start":{"line":68,"column":10},"end":{"line":68,"column":16}},"23":{"start":{"line":70,"column":8},"end":{"line":77,"column":15}},"24":{"start":{"line":73,"column":16},"end":{"line":73,"column":46}},"25":{"start":{"line":76,"column":16},"end":{"line":76,"column":47}},"26":{"start":{"line":81,"column":0},"end":{"line":111,"column":2}},"27":{"start":{"line":82,"column":4},"end":{"line":85,"column":5}},"28":{"start":{"line":83,"column":8},"end":{"line":83,"column":77}},"29":{"start":{"line":84,"column":8},"end":{"line":84,"column":15}},"30":{"start":{"line":86,"column":4},"end":{"line":89,"column":5}},"31":{"start":{"line":87,"column":8},"end":{"line":87,"column":68}},"32":{"start":{"line":88,"column":8},"end":{"line":88,"column":15}},"33":{"start":{"line":90,"column":4},"end":{"line":93,"column":5}},"34":{"start":{"line":91,"column":8},"end":{"line":91,"column":61}},"35":{"start":{"line":92,"column":8},"end":{"line":92,"column":15}},"36":{"start":{"line":94,"column":4},"end":{"line":97,"column":5}},"37":{"start":{"line":95,"column":8},"end":{"line":95,"column":82}},"38":{"start":{"line":96,"column":8},"end":{"line":96,"column":15}},"39":{"start":{"line":98,"column":4},"end":{"line":110,"column":5}},"40":{"start":{"line":99,"column":8},"end":{"line":106,"column":15}},"41":{"start":{"line":102,"column":16},"end":{"line":102,"column":47}},"42":{"start":{"line":105,"column":16},"end":{"line":105,"column":47}},"43":{"start":{"line":109,"column":8},"end":{"line":109,"column":71}},"44":{"start":{"line":119,"column":0},"end":{"line":163,"column":2}},"45":{"start":{"line":120,"column":2},"end":{"line":123,"column":3}},"46":{"start":{"line":121,"column":4},"end":{"line":121,"column":73}},"47":{"start":{"line":122,"column":4},"end":{"line":122,"column":11}},"48":{"start":{"line":124,"column":2},"end":{"line":127,"column":3}},"49":{"start":{"line":125,"column":4},"end":{"line":125,"column":57}},"50":{"start":{"line":126,"column":4},"end":{"line":126,"column":11}},"51":{"start":{"line":128,"column":19},"end":{"line":128,"column":80}},"52":{"start":{"line":129,"column":2},"end":{"line":132,"column":3}},"53":{"start":{"line":130,"column":4},"end":{"line":130,"column":86}},"54":{"start":{"line":131,"column":4},"end":{"line":131,"column":11}},"55":{"start":{"line":133,"column":23},"end":{"line":133,"column":84}},"56":{"start":{"line":134,"column":2},"end":{"line":137,"column":3}},"57":{"start":{"line":135,"column":4},"end":{"line":135,"column":62}},"58":{"start":{"line":136,"column":4},"end":{"line":136,"column":11}},"59":{"start":{"line":138,"column":2},"end":{"line":162,"column":3}},"60":{"start":{"line":140,"column":17},"end":{"line":140,"column":46}},"61":{"start":{"line":142,"column":4},"end":{"line":159,"column":6}},"62":{"start":{"line":143,"column":6},"end":{"line":146,"column":7}},"63":{"start":{"line":144,"column":8},"end":{"line":144,"column":60}},"64":{"start":{"line":145,"column":8},"end":{"line":145,"column":15}},"65":{"start":{"line":147,"column":6},"end":{"line":150,"column":7}},"66":{"start":{"line":148,"column":8},"end":{"line":148,"column":70}},"67":{"start":{"line":149,"column":8},"end":{"line":149,"column":15}},"68":{"start":{"line":151,"column":19},"end":{"line":151,"column":30}},"69":{"start":{"line":152,"column":6},"end":{"line":158,"column":11}},"70":{"start":{"line":154,"column":10},"end":{"line":154,"column":41}},"71":{"start":{"line":157,"column":10},"end":{"line":157,"column":41}},"72":{"start":{"line":161,"column":4},"end":{"line":161,"column":69}},"73":{"start":{"line":169,"column":0},"end":{"line":198,"column":1}},"74":{"start":{"line":170,"column":2},"end":{"line":172,"column":3}},"75":{"start":{"line":171,"column":4},"end":{"line":171,"column":66}},"76":{"start":{"line":173,"column":2},"end":{"line":175,"column":3}},"77":{"start":{"line":174,"column":4},"end":{"line":174,"column":80}},"78":{"start":{"line":176,"column":2},"end":{"line":197,"column":3}},"79":{"start":{"line":177,"column":24},"end":{"line":177,"column":89}},"80":{"start":{"line":178,"column":4},"end":{"line":180,"column":5}},"81":{"start":{"line":179,"column":6},"end":{"line":179,"column":23}},"82":{"start":{"line":181,"column":22},"end":{"line":181,"column":44}},"83":{"start":{"line":182,"column":19},"end":{"line":182,"column":43}},"84":{"start":{"line":184,"column":4},"end":{"line":190,"column":7}},"85":{"start":{"line":185,"column":6},"end":{"line":189,"column":7}},"86":{"start":{"line":186,"column":8},"end":{"line":186,"column":37}},"87":{"start":{"line":188,"column":8},"end":{"line":188,"column":53}},"88":{"start":{"line":191,"column":4},"end":{"line":191,"column":23}},"89":{"start":{"line":193,"column":4},"end":{"line":195,"column":5}},"90":{"start":{"line":194,"column":6},"end":{"line":194,"column":40}},"91":{"start":{"line":196,"column":4},"end":{"line":196,"column":58}},"92":{"start":{"line":205,"column":0},"end":{"line":219,"column":1}},"93":{"start":{"line":206,"column":2},"end":{"line":208,"column":3}},"94":{"start":{"line":207,"column":4},"end":{"line":207,"column":79}},"95":{"start":{"line":209,"column":2},"end":{"line":211,"column":3}},"96":{"start":{"line":210,"column":4},"end":{"line":210,"column":65}},"97":{"start":{"line":212,"column":2},"end":{"line":218,"column":5}},"98":{"start":{"line":214,"column":6},"end":{"line":214,"column":37}},"99":{"start":{"line":217,"column":6},"end":{"line":217,"column":37}}},"fnMap":{"0":{"name":"listApplication","decl":{"start":{"line":48,"column":35},"end":{"line":48,"column":50}},"loc":{"start":{"line":48,"column":61},"end":{"line":79,"column":1}},"line":48},"1":{"name":"(anonymous_1)","decl":{"start":{"line":59,"column":18},"end":{"line":59,"column":19}},"loc":{"start":{"line":59,"column":38},"end":{"line":61,"column":13}},"line":59},"2":{"name":"(anonymous_2)","decl":{"start":{"line":62,"column":19},"end":{"line":62,"column":20}},"loc":{"start":{"line":62,"column":39},"end":{"line":64,"column":13}},"line":62},"3":{"name":"(anonymous_3)","decl":{"start":{"line":72,"column":18},"end":{"line":72,"column":19}},"loc":{"start":{"line":72,"column":38},"end":{"line":74,"column":13}},"line":72},"4":{"name":"(anonymous_4)","decl":{"start":{"line":75,"column":19},"end":{"line":75,"column":20}},"loc":{"start":{"line":75,"column":39},"end":{"line":77,"column":13}},"line":75},"5":{"name":"acceptApplication","decl":{"start":{"line":81,"column":37},"end":{"line":81,"column":54}},"loc":{"start":{"line":81,"column":65},"end":{"line":111,"column":1}},"line":81},"6":{"name":"(anonymous_6)","decl":{"start":{"line":101,"column":18},"end":{"line":101,"column":19}},"loc":{"start":{"line":101,"column":38},"end":{"line":103,"column":13}},"line":101},"7":{"name":"(anonymous_7)","decl":{"start":{"line":104,"column":19},"end":{"line":104,"column":20}},"loc":{"start":{"line":104,"column":39},"end":{"line":106,"column":13}},"line":104},"8":{"name":"(anonymous_8)","decl":{"start":{"line":119,"column":27},"end":{"line":119,"column":28}},"loc":{"start":{"line":119,"column":53},"end":{"line":163,"column":1}},"line":119},"9":{"name":"(anonymous_9)","decl":{"start":{"line":142,"column":20},"end":{"line":142,"column":21}},"loc":{"start":{"line":142,"column":50},"end":{"line":159,"column":5}},"line":142},"10":{"name":"(anonymous_10)","decl":{"start":{"line":153,"column":14},"end":{"line":153,"column":15}},"loc":{"start":{"line":153,"column":34},"end":{"line":155,"column":9}},"line":153},"11":{"name":"(anonymous_11)","decl":{"start":{"line":156,"column":15},"end":{"line":156,"column":16}},"loc":{"start":{"line":156,"column":35},"end":{"line":158,"column":9}},"line":156},"12":{"name":"(anonymous_12)","decl":{"start":{"line":169,"column":23},"end":{"line":169,"column":24}},"loc":{"start":{"line":169,"column":49},"end":{"line":198,"column":1}},"line":169},"13":{"name":"(anonymous_13)","decl":{"start":{"line":184,"column":25},"end":{"line":184,"column":26}},"loc":{"start":{"line":184,"column":34},"end":{"line":190,"column":5}},"line":184},"14":{"name":"(anonymous_14)","decl":{"start":{"line":205,"column":31},"end":{"line":205,"column":32}},"loc":{"start":{"line":205,"column":57},"end":{"line":219,"column":1}},"line":205},"15":{"name":"(anonymous_15)","decl":{"start":{"line":213,"column":8},"end":{"line":213,"column":9}},"loc":{"start":{"line":213,"column":28},"end":{"line":215,"column":3}},"line":213},"16":{"name":"(anonymous_16)","decl":{"start":{"line":216,"column":9},"end":{"line":216,"column":10}},"loc":{"start":{"line":216,"column":29},"end":{"line":218,"column":3}},"line":216}},"branchMap":{"0":{"loc":{"start":{"line":49,"column":4},"end":{"line":51,"column":5}},"type":"if","locations":[{"start":{"line":49,"column":4},"end":{"line":51,"column":5}},{"start":{},"end":{}}],"line":49},"1":{"loc":{"start":{"line":49,"column":8},"end":{"line":49,"column":64}},"type":"binary-expr","locations":[{"start":{"line":49,"column":8},"end":{"line":49,"column":34}},{"start":{"line":49,"column":38},"end":{"line":49,"column":64}}],"line":49},"2":{"loc":{"start":{"line":52,"column":4},"end":{"line":78,"column":5}},"type":"if","locations":[{"start":{"line":52,"column":4},"end":{"line":78,"column":5}},{"start":{"line":65,"column":10},"end":{"line":78,"column":5}}],"line":52},"3":{"loc":{"start":{"line":53,"column":8},"end":{"line":56,"column":9}},"type":"if","locations":[{"start":{"line":53,"column":8},"end":{"line":56,"column":9}},{"start":{},"end":{}}],"line":53},"4":{"loc":{"start":{"line":65,"column":10},"end":{"line":78,"column":5}},"type":"if","locations":[{"start":{"line":65,"column":10},"end":{"line":78,"column":5}},{"start":{},"end":{}}],"line":65},"5":{"loc":{"start":{"line":66,"column":8},"end":{"line":69,"column":9}},"type":"if","locations":[{"start":{"line":66,"column":8},"end":{"line":69,"column":9}},{"start":{},"end":{}}],"line":66},"6":{"loc":{"start":{"line":82,"column":4},"end":{"line":85,"column":5}},"type":"if","locations":[{"start":{"line":82,"column":4},"end":{"line":85,"column":5}},{"start":{},"end":{}}],"line":82},"7":{"loc":{"start":{"line":86,"column":4},"end":{"line":89,"column":5}},"type":"if","locations":[{"start":{"line":86,"column":4},"end":{"line":89,"column":5}},{"start":{},"end":{}}],"line":86},"8":{"loc":{"start":{"line":86,"column":8},"end":{"line":86,"column":67}},"type":"binary-expr","locations":[{"start":{"line":86,"column":8},"end":{"line":86,"column":34}},{"start":{"line":86,"column":38},"end":{"line":86,"column":67}}],"line":86},"9":{"loc":{"start":{"line":90,"column":4},"end":{"line":93,"column":5}},"type":"if","locations":[{"start":{"line":90,"column":4},"end":{"line":93,"column":5}},{"start":{},"end":{}}],"line":90},"10":{"loc":{"start":{"line":94,"column":4},"end":{"line":97,"column":5}},"type":"if","locations":[{"start":{"line":94,"column":4},"end":{"line":97,"column":5}},{"start":{},"end":{}}],"line":94},"11":{"loc":{"start":{"line":98,"column":4},"end":{"line":110,"column":5}},"type":"if","locations":[{"start":{"line":98,"column":4},"end":{"line":110,"column":5}},{"start":{"line":108,"column":9},"end":{"line":110,"column":5}}],"line":98},"12":{"loc":{"start":{"line":98,"column":8},"end":{"line":98,"column":52}},"type":"binary-expr","locations":[{"start":{"line":98,"column":8},"end":{"line":98,"column":28}},{"start":{"line":98,"column":32},"end":{"line":98,"column":52}}],"line":98},"13":{"loc":{"start":{"line":120,"column":2},"end":{"line":123,"column":3}},"type":"if","locations":[{"start":{"line":120,"column":2},"end":{"line":123,"column":3}},{"start":{},"end":{}}],"line":120},"14":{"loc":{"start":{"line":124,"column":2},"end":{"line":127,"column":3}},"type":"if","locations":[{"start":{"line":124,"column":2},"end":{"line":127,"column":3}},{"start":{},"end":{}}],"line":124},"15":{"loc":{"start":{"line":129,"column":2},"end":{"line":132,"column":3}},"type":"if","locations":[{"start":{"line":129,"column":2},"end":{"line":132,"column":3}},{"start":{},"end":{}}],"line":129},"16":{"loc":{"start":{"line":134,"column":2},"end":{"line":137,"column":3}},"type":"if","locations":[{"start":{"line":134,"column":2},"end":{"line":137,"column":3}},{"start":{},"end":{}}],"line":134},"17":{"loc":{"start":{"line":138,"column":2},"end":{"line":162,"column":3}},"type":"if","locations":[{"start":{"line":138,"column":2},"end":{"line":162,"column":3}},{"start":{"line":160,"column":9},"end":{"line":162,"column":3}}],"line":138},"18":{"loc":{"start":{"line":143,"column":6},"end":{"line":146,"column":7}},"type":"if","locations":[{"start":{"line":143,"column":6},"end":{"line":146,"column":7}},{"start":{},"end":{}}],"line":143},"19":{"loc":{"start":{"line":147,"column":6},"end":{"line":150,"column":7}},"type":"if","locations":[{"start":{"line":147,"column":6},"end":{"line":150,"column":7}},{"start":{},"end":{}}],"line":147},"20":{"loc":{"start":{"line":147,"column":10},"end":{"line":147,"column":48}},"type":"binary-expr","locations":[{"start":{"line":147,"column":10},"end":{"line":147,"column":25}},{"start":{"line":147,"column":29},"end":{"line":147,"column":48}}],"line":147},"21":{"loc":{"start":{"line":170,"column":2},"end":{"line":172,"column":3}},"type":"if","locations":[{"start":{"line":170,"column":2},"end":{"line":172,"column":3}},{"start":{},"end":{}}],"line":170},"22":{"loc":{"start":{"line":173,"column":2},"end":{"line":175,"column":3}},"type":"if","locations":[{"start":{"line":173,"column":2},"end":{"line":175,"column":3}},{"start":{},"end":{}}],"line":173},"23":{"loc":{"start":{"line":178,"column":4},"end":{"line":180,"column":5}},"type":"if","locations":[{"start":{"line":178,"column":4},"end":{"line":180,"column":5}},{"start":{},"end":{}}],"line":178},"24":{"loc":{"start":{"line":185,"column":6},"end":{"line":189,"column":7}},"type":"if","locations":[{"start":{"line":185,"column":6},"end":{"line":189,"column":7}},{"start":{"line":187,"column":13},"end":{"line":189,"column":7}}],"line":185},"25":{"loc":{"start":{"line":193,"column":4},"end":{"line":195,"column":5}},"type":"if","locations":[{"start":{"line":193,"column":4},"end":{"line":195,"column":5}},{"start":{},"end":{}}],"line":193},"26":{"loc":{"start":{"line":206,"column":2},"end":{"line":208,"column":3}},"type":"if","locations":[{"start":{"line":206,"column":2},"end":{"line":208,"column":3}},{"start":{},"end":{}}],"line":206},"27":{"loc":{"start":{"line":209,"column":2},"end":{"line":211,"column":3}},"type":"if","locations":[{"start":{"line":209,"column":2},"end":{"line":211,"column":3}},{"start":{},"end":{}}],"line":209}},"s":{"0":3,"1":3,"2":3,"3":3,"4":3,"5":3,"6":3,"7":3,"8":3,"9":3,"10":13,"11":3,"12":10,"13":5,"14":2,"15":2,"16":3,"17":2,"18":1,"19":5,"20":5,"21":2,"22":2,"23":3,"24":2,"25":1,"26":3,"27":8,"28":1,"29":1,"30":7,"31":2,"32":2,"33":5,"34":1,"35":1,"36":4,"37":1,"38":1,"39":3,"40":2,"41":1,"42":1,"43":1,"44":3,"45":11,"46":1,"47":1,"48":10,"49":1,"50":1,"51":9,"52":9,"53":1,"54":1,"55":8,"56":8,"57":1,"58":1,"59":7,"60":6,"61":6,"62":6,"63":1,"64":1,"65":5,"66":2,"67":2,"68":3,"69":3,"70":1,"71":2,"72":1,"73":3,"74":4,"75":1,"76":3,"77":1,"78":2,"79":2,"80":2,"81":1,"82":1,"83":0,"84":0,"85":0,"86":0,"87":0,"88":0,"89":2,"90":2,"91":0,"92":3,"93":4,"94":1,"95":3,"96":1,"97":2,"98":1,"99":1},"f":{"0":13,"1":2,"2":1,"3":2,"4":1,"5":8,"6":1,"7":1,"8":11,"9":6,"10":1,"11":2,"12":4,"13":0,"14":4,"15":1,"16":1},"b":{"0":[3,10],"1":[13,8],"2":[5,5],"3":[2,3],"4":[5,0],"5":[2,3],"6":[1,7],"7":[2,5],"8":[7,6],"9":[1,4],"10":[1,3],"11":[2,1],"12":[3,1],"13":[1,10],"14":[1,9],"15":[1,8],"16":[1,7],"17":[6,1],"18":[1,5],"19":[2,3],"20":[5,4],"21":[1,3],"22":[1,2],"23":[1,1],"24":[0,0],"25":[2,0],"26":[1,3],"27":[1,2]},"_coverageSchema":"1a1c01bbd47fc00a2c39e90264f33305004495a9","hash":"6658c0d934003c00d756cc7c43233c52a4c9bbfc"}
,"C:\\Users\\danie\\Documents\\GitHub\\SEII_Main-Project\\server\\controllers\\CoSupervisorController.js": {"path":"C:\\Users\\danie\\Documents\\GitHub\\SEII_Main-Project\\server\\controllers\\CoSupervisorController.js","statementMap":{"0":{"start":{"line":2,"column":28},"end":{"line":2,"column":70}},"1":{"start":{"line":4,"column":0},"end":{"line":17,"column":4}},"2":{"start":{"line":5,"column":2},"end":{"line":8,"column":3}},"3":{"start":{"line":6,"column":4},"end":{"line":6,"column":73}},"4":{"start":{"line":7,"column":4},"end":{"line":7,"column":11}},"5":{"start":{"line":9,"column":2},"end":{"line":16,"column":6}},"6":{"start":{"line":11,"column":6},"end":{"line":11,"column":40}},"7":{"start":{"line":15,"column":6},"end":{"line":15,"column":60}}},"fnMap":{"0":{"name":"(anonymous_0)","decl":{"start":{"line":4,"column":36},"end":{"line":4,"column":37}},"loc":{"start":{"line":4,"column":56},"end":{"line":17,"column":3}},"line":4},"1":{"name":"(anonymous_1)","decl":{"start":{"line":10,"column":10},"end":{"line":10,"column":11}},"loc":{"start":{"line":10,"column":22},"end":{"line":13,"column":5}},"line":10},"2":{"name":"(anonymous_2)","decl":{"start":{"line":14,"column":11},"end":{"line":14,"column":12}},"loc":{"start":{"line":14,"column":20},"end":{"line":16,"column":5}},"line":14}},"branchMap":{"0":{"loc":{"start":{"line":5,"column":2},"end":{"line":8,"column":3}},"type":"if","locations":[{"start":{"line":5,"column":2},"end":{"line":8,"column":3}},{"start":{},"end":{}}],"line":5}},"s":{"0":3,"1":3,"2":3,"3":1,"4":1,"5":2,"6":1,"7":1},"f":{"0":3,"1":1,"2":1},"b":{"0":[1,2]},"_coverageSchema":"1a1c01bbd47fc00a2c39e90264f33305004495a9","hash":"0e88b4c9e796084b2d6f8c519272c674c0c36d52"}
,"C:\\Users\\danie\\Documents\\GitHub\\SEII_Main-Project\\server\\controllers\\ThesisController.js": {"path":"C:\\Users\\danie\\Documents\\GitHub\\SEII_Main-Project\\server\\controllers\\ThesisController.js","statementMap":{"0":{"start":{"line":3,"column":22},"end":{"line":3,"column":58}},"1":{"start":{"line":34,"column":28},"end":{"line":34,"column":72}},"2":{"start":{"line":35,"column":0},"end":{"line":77,"column":2}},"3":{"start":{"line":36,"column":2},"end":{"line":76,"column":3}},"4":{"start":{"line":38,"column":4},"end":{"line":38,"column":52}},"5":{"start":{"line":38,"column":29},"end":{"line":38,"column":49}},"6":{"start":{"line":39,"column":4},"end":{"line":42,"column":5}},"7":{"start":{"line":40,"column":6},"end":{"line":40,"column":73}},"8":{"start":{"line":41,"column":6},"end":{"line":41,"column":13}},"9":{"start":{"line":44,"column":18},"end":{"line":44,"column":62}},"10":{"start":{"line":45,"column":4},"end":{"line":60,"column":7}},"11":{"start":{"line":47,"column":20},"end":{"line":47,"column":31}},"12":{"start":{"line":48,"column":8},"end":{"line":48,"column":31}},"13":{"start":{"line":49,"column":8},"end":{"line":55,"column":11}},"14":{"start":{"line":50,"column":10},"end":{"line":50,"column":72}},"15":{"start":{"line":51,"column":10},"end":{"line":54,"column":15}},"16":{"start":{"line":52,"column":12},"end":{"line":54,"column":15}},"17":{"start":{"line":53,"column":14},"end":{"line":53,"column":52}},"18":{"start":{"line":56,"column":8},"end":{"line":56,"column":65}},"19":{"start":{"line":58,"column":6},"end":{"line":58,"column":20}},"20":{"start":{"line":59,"column":6},"end":{"line":59,"column":48}},"21":{"start":{"line":61,"column":8},"end":{"line":76,"column":3}},"22":{"start":{"line":62,"column":22},"end":{"line":62,"column":38}},"23":{"start":{"line":63,"column":4},"end":{"line":66,"column":5}},"24":{"start":{"line":64,"column":6},"end":{"line":64,"column":58}},"25":{"start":{"line":67,"column":4},"end":{"line":73,"column":6}},"26":{"start":{"line":69,"column":6},"end":{"line":69,"column":58}},"27":{"start":{"line":72,"column":6},"end":{"line":72,"column":37}},"28":{"start":{"line":75,"column":4},"end":{"line":75,"column":88}},"29":{"start":{"line":87,"column":0},"end":{"line":119,"column":2}},"30":{"start":{"line":88,"column":2},"end":{"line":91,"column":3}},"31":{"start":{"line":89,"column":4},"end":{"line":89,"column":71}},"32":{"start":{"line":90,"column":4},"end":{"line":90,"column":11}},"33":{"start":{"line":93,"column":2},"end":{"line":96,"column":3}},"34":{"start":{"line":94,"column":4},"end":{"line":94,"column":57}},"35":{"start":{"line":95,"column":4},"end":{"line":95,"column":11}},"36":{"start":{"line":98,"column":2},"end":{"line":101,"column":3}},"37":{"start":{"line":99,"column":4},"end":{"line":99,"column":80}},"38":{"start":{"line":100,"column":4},"end":{"line":100,"column":11}},"39":{"start":{"line":103,"column":2},"end":{"line":106,"column":23}},"40":{"start":{"line":104,"column":4},"end":{"line":104,"column":23}},"41":{"start":{"line":106,"column":4},"end":{"line":106,"column":23}},"42":{"start":{"line":108,"column":2},"end":{"line":108,"column":35}},"43":{"start":{"line":109,"column":2},"end":{"line":118,"column":46}},"44":{"start":{"line":111,"column":6},"end":{"line":116,"column":7}},"45":{"start":{"line":112,"column":8},"end":{"line":112,"column":59}},"46":{"start":{"line":115,"column":8},"end":{"line":115,"column":39}},"47":{"start":{"line":118,"column":20},"end":{"line":118,"column":45}},"48":{"start":{"line":121,"column":0},"end":{"line":153,"column":2}},"49":{"start":{"line":122,"column":2},"end":{"line":125,"column":3}},"50":{"start":{"line":123,"column":4},"end":{"line":123,"column":70}},"51":{"start":{"line":124,"column":4},"end":{"line":124,"column":11}},"52":{"start":{"line":126,"column":2},"end":{"line":129,"column":3}},"53":{"start":{"line":127,"column":4},"end":{"line":127,"column":61}},"54":{"start":{"line":128,"column":4},"end":{"line":128,"column":10}},"55":{"start":{"line":130,"column":2},"end":{"line":133,"column":23}},"56":{"start":{"line":131,"column":4},"end":{"line":131,"column":23}},"57":{"start":{"line":133,"column":4},"end":{"line":133,"column":23}},"58":{"start":{"line":135,"column":2},"end":{"line":135,"column":35}},"59":{"start":{"line":137,"column":2},"end":{"line":140,"column":3}},"60":{"start":{"line":138,"column":4},"end":{"line":138,"column":80}},"61":{"start":{"line":139,"column":4},"end":{"line":139,"column":11}},"62":{"start":{"line":143,"column":2},"end":{"line":152,"column":46}},"63":{"start":{"line":145,"column":6},"end":{"line":150,"column":7}},"64":{"start":{"line":146,"column":8},"end":{"line":146,"column":59}},"65":{"start":{"line":149,"column":8},"end":{"line":149,"column":39}},"66":{"start":{"line":152,"column":20},"end":{"line":152,"column":45}},"67":{"start":{"line":155,"column":0},"end":{"line":171,"column":1}},"68":{"start":{"line":156,"column":2},"end":{"line":159,"column":3}},"69":{"start":{"line":157,"column":4},"end":{"line":157,"column":76}},"70":{"start":{"line":158,"column":4},"end":{"line":158,"column":11}},"71":{"start":{"line":160,"column":2},"end":{"line":163,"column":3}},"72":{"start":{"line":161,"column":4},"end":{"line":161,"column":84}},"73":{"start":{"line":162,"column":4},"end":{"line":162,"column":11}},"74":{"start":{"line":164,"column":2},"end":{"line":170,"column":7}},"75":{"start":{"line":164,"column":67},"end":{"line":164,"column":97}},"76":{"start":{"line":166,"column":6},"end":{"line":169,"column":34}},"77":{"start":{"line":167,"column":8},"end":{"line":167,"column":34}},"78":{"start":{"line":169,"column":8},"end":{"line":169,"column":34}}},"fnMap":{"0":{"name":"searchThesis","decl":{"start":{"line":35,"column":32},"end":{"line":35,"column":44}},"loc":{"start":{"line":35,"column":65},"end":{"line":77,"column":1}},"line":35},"1":{"name":"(anonymous_1)","decl":{"start":{"line":38,"column":23},"end":{"line":38,"column":24}},"loc":{"start":{"line":38,"column":28},"end":{"line":38,"column":50}},"line":38},"2":{"name":"(anonymous_2)","decl":{"start":{"line":46,"column":12},"end":{"line":46,"column":13}},"loc":{"start":{"line":46,"column":32},"end":{"line":57,"column":5}},"line":46},"3":{"name":"(anonymous_3)","decl":{"start":{"line":49,"column":25},"end":{"line":49,"column":26}},"loc":{"start":{"line":49,"column":32},"end":{"line":55,"column":9}},"line":49},"4":{"name":"(anonymous_4)","decl":{"start":{"line":52,"column":36},"end":{"line":52,"column":37}},"loc":{"start":{"line":52,"column":54},"end":{"line":54,"column":13}},"line":52},"5":{"name":"(anonymous_5)","decl":{"start":{"line":57,"column":13},"end":{"line":57,"column":14}},"loc":{"start":{"line":57,"column":16},"end":{"line":60,"column":5}},"line":57},"6":{"name":"(anonymous_6)","decl":{"start":{"line":68,"column":10},"end":{"line":68,"column":11}},"loc":{"start":{"line":68,"column":20},"end":{"line":70,"column":5}},"line":68},"7":{"name":"(anonymous_7)","decl":{"start":{"line":71,"column":11},"end":{"line":71,"column":12}},"loc":{"start":{"line":71,"column":21},"end":{"line":73,"column":5}},"line":71},"8":{"name":"addThesis","decl":{"start":{"line":87,"column":29},"end":{"line":87,"column":38}},"loc":{"start":{"line":87,"column":59},"end":{"line":119,"column":1}},"line":87},"9":{"name":"(anonymous_9)","decl":{"start":{"line":110,"column":10},"end":{"line":110,"column":11}},"loc":{"start":{"line":110,"column":22},"end":{"line":117,"column":5}},"line":110},"10":{"name":"(anonymous_10)","decl":{"start":{"line":118,"column":11},"end":{"line":118,"column":12}},"loc":{"start":{"line":118,"column":20},"end":{"line":118,"column":45}},"line":118},"11":{"name":"updateThesis","decl":{"start":{"line":121,"column":32},"end":{"line":121,"column":44}},"loc":{"start":{"line":121,"column":55},"end":{"line":153,"column":1}},"line":121},"12":{"name":"(anonymous_12)","decl":{"start":{"line":144,"column":10},"end":{"line":144,"column":11}},"loc":{"start":{"line":144,"column":22},"end":{"line":151,"column":5}},"line":144},"13":{"name":"(anonymous_13)","decl":{"start":{"line":152,"column":11},"end":{"line":152,"column":12}},"loc":{"start":{"line":152,"column":20},"end":{"line":152,"column":45}},"line":152},"14":{"name":"deleteThesis","decl":{"start":{"line":155,"column":32},"end":{"line":155,"column":44}},"loc":{"start":{"line":155,"column":55},"end":{"line":171,"column":1}},"line":155},"15":{"name":"(anonymous_15)","decl":{"start":{"line":164,"column":55},"end":{"line":164,"column":56}},"loc":{"start":{"line":164,"column":67},"end":{"line":164,"column":97}},"line":164},"16":{"name":"(anonymous_16)","decl":{"start":{"line":165,"column":11},"end":{"line":165,"column":12}},"loc":{"start":{"line":165,"column":19},"end":{"line":170,"column":5}},"line":165}},"branchMap":{"0":{"loc":{"start":{"line":36,"column":2},"end":{"line":76,"column":3}},"type":"if","locations":[{"start":{"line":36,"column":2},"end":{"line":76,"column":3}},{"start":{"line":61,"column":8},"end":{"line":76,"column":3}}],"line":36},"1":{"loc":{"start":{"line":39,"column":4},"end":{"line":42,"column":5}},"type":"if","locations":[{"start":{"line":39,"column":4},"end":{"line":42,"column":5}},{"start":{},"end":{}}],"line":39},"2":{"loc":{"start":{"line":44,"column":18},"end":{"line":44,"column":62}},"type":"cond-expr","locations":[{"start":{"line":44,"column":36},"end":{"line":44,"column":51}},{"start":{"line":44,"column":54},"end":{"line":44,"column":62}}],"line":44},"3":{"loc":{"start":{"line":51,"column":10},"end":{"line":54,"column":15}},"type":"if","locations":[{"start":{"line":51,"column":10},"end":{"line":54,"column":15}},{"start":{},"end":{}}],"line":51},"4":{"loc":{"start":{"line":61,"column":8},"end":{"line":76,"column":3}},"type":"if","locations":[{"start":{"line":61,"column":8},"end":{"line":76,"column":3}},{"start":{"line":74,"column":7},"end":{"line":76,"column":3}}],"line":61},"5":{"loc":{"start":{"line":63,"column":4},"end":{"line":66,"column":5}},"type":"if","locations":[{"start":{"line":63,"column":4},"end":{"line":66,"column":5}},{"start":{},"end":{}}],"line":63},"6":{"loc":{"start":{"line":63,"column":7},"end":{"line":63,"column":37}},"type":"binary-expr","locations":[{"start":{"line":63,"column":7},"end":{"line":63,"column":20}},{"start":{"line":63,"column":24},"end":{"line":63,"column":37}}],"line":63},"7":{"loc":{"start":{"line":88,"column":2},"end":{"line":91,"column":3}},"type":"if","locations":[{"start":{"line":88,"column":2},"end":{"line":91,"column":3}},{"start":{},"end":{}}],"line":88},"8":{"loc":{"start":{"line":93,"column":2},"end":{"line":96,"column":3}},"type":"if","locations":[{"start":{"line":93,"column":2},"end":{"line":96,"column":3}},{"start":{},"end":{}}],"line":93},"9":{"loc":{"start":{"line":98,"column":2},"end":{"line":101,"column":3}},"type":"if","locations":[{"start":{"line":98,"column":2},"end":{"line":101,"column":3}},{"start":{},"end":{}}],"line":98},"10":{"loc":{"start":{"line":103,"column":2},"end":{"line":106,"column":23}},"type":"if","locations":[{"start":{"line":103,"column":2},"end":{"line":106,"column":23}},{"start":{"line":106,"column":4},"end":{"line":106,"column":23}}],"line":103},"11":{"loc":{"start":{"line":111,"column":6},"end":{"line":116,"column":7}},"type":"if","locations":[{"start":{"line":111,"column":6},"end":{"line":116,"column":7}},{"start":{"line":114,"column":11},"end":{"line":116,"column":7}}],"line":111},"12":{"loc":{"start":{"line":122,"column":2},"end":{"line":125,"column":3}},"type":"if","locations":[{"start":{"line":122,"column":2},"end":{"line":125,"column":3}},{"start":{},"end":{}}],"line":122},"13":{"loc":{"start":{"line":126,"column":2},"end":{"line":129,"column":3}},"type":"if","locations":[{"start":{"line":126,"column":2},"end":{"line":129,"column":3}},{"start":{},"end":{}}],"line":126},"14":{"loc":{"start":{"line":130,"column":2},"end":{"line":133,"column":23}},"type":"if","locations":[{"start":{"line":130,"column":2},"end":{"line":133,"column":23}},{"start":{"line":133,"column":4},"end":{"line":133,"column":23}}],"line":130},"15":{"loc":{"start":{"line":137,"column":2},"end":{"line":140,"column":3}},"type":"if","locations":[{"start":{"line":137,"column":2},"end":{"line":140,"column":3}},{"start":{},"end":{}}],"line":137},"16":{"loc":{"start":{"line":145,"column":6},"end":{"line":150,"column":7}},"type":"if","locations":[{"start":{"line":145,"column":6},"end":{"line":150,"column":7}},{"start":{"line":148,"column":11},"end":{"line":150,"column":7}}],"line":145},"17":{"loc":{"start":{"line":156,"column":2},"end":{"line":159,"column":3}},"type":"if","locations":[{"start":{"line":156,"column":2},"end":{"line":159,"column":3}},{"start":{},"end":{}}],"line":156},"18":{"loc":{"start":{"line":160,"column":2},"end":{"line":163,"column":3}},"type":"if","locations":[{"start":{"line":160,"column":2},"end":{"line":163,"column":3}},{"start":{},"end":{}}],"line":160},"19":{"loc":{"start":{"line":160,"column":6},"end":{"line":160,"column":51}},"type":"binary-expr","locations":[{"start":{"line":160,"column":6},"end":{"line":160,"column":20}},{"start":{"line":160,"column":24},"end":{"line":160,"column":51}}],"line":160},"20":{"loc":{"start":{"line":166,"column":6},"end":{"line":169,"column":34}},"type":"if","locations":[{"start":{"line":166,"column":6},"end":{"line":169,"column":34}},{"start":{"line":169,"column":8},"end":{"line":169,"column":34}}],"line":166}},"s":{"0":3,"1":3,"2":3,"3":14,"4":10,"5":10,"6":10,"7":1,"8":1,"9":9,"10":9,"11":8,"12":8,"13":8,"14":11,"15":11,"16":1,"17":1,"18":8,"19":1,"20":1,"21":4,"22":3,"23":3,"24":1,"25":3,"26":2,"27":1,"28":1,"29":3,"30":10,"31":2,"32":2,"33":8,"34":2,"35":2,"36":6,"37":1,"38":1,"39":5,"40":4,"41":1,"42":5,"43":5,"44":5,"45":2,"46":3,"47":0,"48":3,"49":9,"50":2,"51":2,"52":7,"53":1,"54":1,"55":6,"56":5,"57":1,"58":6,"59":6,"60":1,"61":1,"62":5,"63":5,"64":2,"65":3,"66":0,"67":3,"68":11,"69":2,"70":2,"71":9,"72":2,"73":2,"74":7,"75":2,"76":5,"77":2,"78":3},"f":{"0":14,"1":10,"2":8,"3":11,"4":1,"5":1,"6":2,"7":1,"8":10,"9":5,"10":0,"11":9,"12":5,"13":0,"14":11,"15":2,"16":5},"b":{"0":[10,4],"1":[1,9],"2":[2,7],"3":[1,10],"4":[3,1],"5":[1,2],"6":[3,1],"7":[2,8],"8":[2,6],"9":[1,5],"10":[4,1],"11":[2,3],"12":[2,7],"13":[1,6],"14":[5,1],"15":[1,5],"16":[2,3],"17":[2,9],"18":[2,7],"19":[9,8],"20":[2,3]},"_coverageSchema":"1a1c01bbd47fc00a2c39e90264f33305004495a9","hash":"e76f80ae8c9c08073a3cb6fbd5b1cc93a8a5de3f"}
,"C:\\Users\\danie\\Documents\\GitHub\\SEII_Main-Project\\server\\dayjsvc\\index.dayjsvc.js": {"path":"C:\\Users\\danie\\Documents\\GitHub\\SEII_Main-Project\\server\\dayjsvc\\index.dayjsvc.js","statementMap":{"0":{"start":{"line":3,"column":14},"end":{"line":3,"column":30}},"1":{"start":{"line":4,"column":25},"end":{"line":4,"column":71}},"2":{"start":{"line":6,"column":13},"end":{"line":6,"column":14}},"3":{"start":{"line":12,"column":0},"end":{"line":19,"column":1}},"4":{"start":{"line":15,"column":4},"end":{"line":17,"column":52}},"5":{"start":{"line":16,"column":8},"end":{"line":16,"column":46}},"6":{"start":{"line":17,"column":9},"end":{"line":17,"column":52}},"7":{"start":{"line":18,"column":4},"end":{"line":18,"column":77}},"8":{"start":{"line":28,"column":4},"end":{"line":30,"column":52}},"9":{"start":{"line":29,"column":8},"end":{"line":29,"column":46}},"10":{"start":{"line":30,"column":9},"end":{"line":30,"column":52}},"11":{"start":{"line":31,"column":4},"end":{"line":31,"column":17}},"12":{"start":{"line":43,"column":0},"end":{"line":76,"column":1}},"13":{"start":{"line":44,"column":4},"end":{"line":45,"column":74}},"14":{"start":{"line":45,"column":8},"end":{"line":45,"column":74}},"15":{"start":{"line":47,"column":4},"end":{"line":48,"column":65}},"16":{"start":{"line":48,"column":8},"end":{"line":48,"column":65}},"17":{"start":{"line":50,"column":16},"end":{"line":50,"column":23}},"18":{"start":{"line":51,"column":16},"end":{"line":51,"column":57}},"19":{"start":{"line":53,"column":21},"end":{"line":53,"column":44}},"20":{"start":{"line":54,"column":4},"end":{"line":54,"column":25}},"21":{"start":{"line":56,"column":4},"end":{"line":56,"column":22}},"22":{"start":{"line":58,"column":4},"end":{"line":75,"column":57}},"23":{"start":{"line":60,"column":12},"end":{"line":63,"column":13}},"24":{"start":{"line":61,"column":16},"end":{"line":61,"column":24}},"25":{"start":{"line":62,"column":16},"end":{"line":62,"column":68}},"26":{"start":{"line":65,"column":12},"end":{"line":73,"column":65}},"27":{"start":{"line":67,"column":20},"end":{"line":71,"column":77}},"28":{"start":{"line":68,"column":24},"end":{"line":68,"column":32}},"29":{"start":{"line":69,"column":24},"end":{"line":69,"column":76}},"30":{"start":{"line":71,"column":25},"end":{"line":71,"column":77}},"31":{"start":{"line":73,"column":30},"end":{"line":73,"column":64}},"32":{"start":{"line":75,"column":22},"end":{"line":75,"column":56}},"33":{"start":{"line":85,"column":0},"end":{"line":115,"column":1}},"34":{"start":{"line":86,"column":4},"end":{"line":87,"column":74}},"35":{"start":{"line":87,"column":8},"end":{"line":87,"column":74}},"36":{"start":{"line":88,"column":4},"end":{"line":89,"column":65}},"37":{"start":{"line":89,"column":8},"end":{"line":89,"column":65}},"38":{"start":{"line":91,"column":4},"end":{"line":91,"column":14}},"39":{"start":{"line":92,"column":16},"end":{"line":92,"column":52}},"40":{"start":{"line":93,"column":4},"end":{"line":93,"column":20}},"41":{"start":{"line":95,"column":4},"end":{"line":113,"column":57}},"42":{"start":{"line":97,"column":12},"end":{"line":100,"column":13}},"43":{"start":{"line":98,"column":16},"end":{"line":98,"column":24}},"44":{"start":{"line":99,"column":16},"end":{"line":99,"column":68}},"45":{"start":{"line":101,"column":12},"end":{"line":110,"column":65}},"46":{"start":{"line":103,"column":20},"end":{"line":107,"column":77}},"47":{"start":{"line":104,"column":24},"end":{"line":104,"column":32}},"48":{"start":{"line":105,"column":24},"end":{"line":105,"column":76}},"49":{"start":{"line":107,"column":25},"end":{"line":107,"column":77}},"50":{"start":{"line":110,"column":30},"end":{"line":110,"column":64}},"51":{"start":{"line":113,"column":22},"end":{"line":113,"column":56}},"52":{"start":{"line":117,"column":0},"end":{"line":117,"column":16}}},"fnMap":{"0":{"name":"(anonymous_0)","decl":{"start":{"line":12,"column":21},"end":{"line":12,"column":22}},"loc":{"start":{"line":12,"column":41},"end":{"line":19,"column":1}},"line":12},"1":{"name":"vc","decl":{"start":{"line":26,"column":9},"end":{"line":26,"column":11}},"loc":{"start":{"line":26,"column":15},"end":{"line":32,"column":1}},"line":26},"2":{"name":"(anonymous_2)","decl":{"start":{"line":43,"column":17},"end":{"line":43,"column":18}},"loc":{"start":{"line":43,"column":37},"end":{"line":76,"column":1}},"line":43},"3":{"name":"(anonymous_3)","decl":{"start":{"line":59,"column":14},"end":{"line":59,"column":15}},"loc":{"start":{"line":59,"column":26},"end":{"line":74,"column":9}},"line":59},"4":{"name":"(anonymous_4)","decl":{"start":{"line":66,"column":22},"end":{"line":66,"column":23}},"loc":{"start":{"line":66,"column":34},"end":{"line":72,"column":17}},"line":66},"5":{"name":"(anonymous_5)","decl":{"start":{"line":73,"column":23},"end":{"line":73,"column":24}},"loc":{"start":{"line":73,"column":30},"end":{"line":73,"column":64}},"line":73},"6":{"name":"(anonymous_6)","decl":{"start":{"line":75,"column":15},"end":{"line":75,"column":16}},"loc":{"start":{"line":75,"column":22},"end":{"line":75,"column":56}},"line":75},"7":{"name":"(anonymous_7)","decl":{"start":{"line":85,"column":21},"end":{"line":85,"column":22}},"loc":{"start":{"line":85,"column":41},"end":{"line":115,"column":1}},"line":85},"8":{"name":"(anonymous_8)","decl":{"start":{"line":96,"column":14},"end":{"line":96,"column":15}},"loc":{"start":{"line":96,"column":26},"end":{"line":112,"column":9}},"line":96},"9":{"name":"(anonymous_9)","decl":{"start":{"line":102,"column":22},"end":{"line":102,"column":23}},"loc":{"start":{"line":102,"column":34},"end":{"line":109,"column":17}},"line":102},"10":{"name":"(anonymous_10)","decl":{"start":{"line":110,"column":23},"end":{"line":110,"column":24}},"loc":{"start":{"line":110,"column":30},"end":{"line":110,"column":64}},"line":110},"11":{"name":"(anonymous_11)","decl":{"start":{"line":113,"column":15},"end":{"line":113,"column":16}},"loc":{"start":{"line":113,"column":22},"end":{"line":113,"column":56}},"line":113}},"branchMap":{"0":{"loc":{"start":{"line":15,"column":4},"end":{"line":17,"column":52}},"type":"if","locations":[{"start":{"line":15,"column":4},"end":{"line":17,"column":52}},{"start":{"line":17,"column":9},"end":{"line":17,"column":52}}],"line":15},"1":{"loc":{"start":{"line":28,"column":4},"end":{"line":30,"column":52}},"type":"if","locations":[{"start":{"line":28,"column":4},"end":{"line":30,"column":52}},{"start":{"line":30,"column":9},"end":{"line":30,"column":52}}],"line":28},"2":{"loc":{"start":{"line":44,"column":4},"end":{"line":45,"column":74}},"type":"if","locations":[{"start":{"line":44,"column":4},"end":{"line":45,"column":74}},{"start":{},"end":{}}],"line":44},"3":{"loc":{"start":{"line":44,"column":8},"end":{"line":44,"column":62}},"type":"binary-expr","locations":[{"start":{"line":44,"column":8},"end":{"line":44,"column":30}},{"start":{"line":44,"column":34},"end":{"line":44,"column":62}}],"line":44},"4":{"loc":{"start":{"line":47,"column":4},"end":{"line":48,"column":65}},"type":"if","locations":[{"start":{"line":47,"column":4},"end":{"line":48,"column":65}},{"start":{},"end":{}}],"line":47},"5":{"loc":{"start":{"line":60,"column":12},"end":{"line":63,"column":13}},"type":"if","locations":[{"start":{"line":60,"column":12},"end":{"line":63,"column":13}},{"start":{},"end":{}}],"line":60},"6":{"loc":{"start":{"line":67,"column":20},"end":{"line":71,"column":77}},"type":"if","locations":[{"start":{"line":67,"column":20},"end":{"line":71,"column":77}},{"start":{"line":71,"column":25},"end":{"line":71,"column":77}}],"line":67},"7":{"loc":{"start":{"line":86,"column":4},"end":{"line":87,"column":74}},"type":"if","locations":[{"start":{"line":86,"column":4},"end":{"line":87,"column":74}},{"start":{},"end":{}}],"line":86},"8":{"loc":{"start":{"line":86,"column":8},"end":{"line":86,"column":62}},"type":"binary-expr","locations":[{"start":{"line":86,"column":8},"end":{"line":86,"column":30}},{"start":{"line":86,"column":34},"end":{"line":86,"column":62}}],"line":86},"9":{"loc":{"start":{"line":88,"column":4},"end":{"line":89,"column":65}},"type":"if","locations":[{"start":{"line":88,"column":4},"end":{"line":89,"column":65}},{"start":{},"end":{}}],"line":88},"10":{"loc":{"start":{"line":97,"column":12},"end":{"line":100,"column":13}},"type":"if","locations":[{"start":{"line":97,"column":12},"end":{"line":100,"column":13}},{"start":{},"end":{}}],"line":97},"11":{"loc":{"start":{"line":103,"column":20},"end":{"line":107,"column":77}},"type":"if","locations":[{"start":{"line":103,"column":20},"end":{"line":107,"column":77}},{"start":{"line":107,"column":25},"end":{"line":107,"column":77}}],"line":103}},"s":{"0":2,"1":2,"2":2,"3":2,"4":0,"5":0,"6":0,"7":0,"8":0,"9":0,"10":0,"11":0,"12":2,"13":0,"14":0,"15":0,"16":0,"17":0,"18":0,"19":0,"20":0,"21":0,"22":0,"23":0,"24":0,"25":0,"26":0,"27":0,"28":0,"29":0,"30":0,"31":0,"32":0,"33":2,"34":0,"35":0,"36":0,"37":0,"38":0,"39":0,"40":0,"41":0,"42":0,"43":0,"44":0,"45":0,"46":0,"47":0,"48":0,"49":0,"50":0,"51":0,"52":2},"f":{"0":0,"1":0,"2":0,"3":0,"4":0,"5":0,"6":0,"7":0,"8":0,"9":0,"10":0,"11":0},"b":{"0":[0,0],"1":[0,0],"2":[0,0],"3":[0,0],"4":[0,0],"5":[0,0],"6":[0,0],"7":[0,0],"8":[0,0],"9":[0,0],"10":[0,0],"11":[0,0]},"_coverageSchema":"1a1c01bbd47fc00a2c39e90264f33305004495a9","hash":"45c04bc070728fe4bf35944d4d86a07d5508d988"}
,"C:\\Users\\danie\\Documents\\GitHub\\SEII_Main-Project\\server\\email\\transporter.js": {"path":"C:\\Users\\danie\\Documents\\GitHub\\SEII_Main-Project\\server\\email\\transporter.js","statementMap":{"0":{"start":{"line":2,"column":19},"end":{"line":2,"column":40}},"1":{"start":{"line":3,"column":0},"end":{"line":3,"column":52}},"2":{"start":{"line":4,"column":20},"end":{"line":11,"column":2}},"3":{"start":{"line":13,"column":0},"end":{"line":28,"column":1}},"4":{"start":{"line":14,"column":4},"end":{"line":15,"column":43}},"5":{"start":{"line":15,"column":8},"end":{"line":15,"column":43}},"6":{"start":{"line":16,"column":4},"end":{"line":17,"column":41}},"7":{"start":{"line":17,"column":8},"end":{"line":17,"column":41}},"8":{"start":{"line":18,"column":24},"end":{"line":18,"column":51}},"9":{"start":{"line":19,"column":4},"end":{"line":27,"column":7}},"10":{"start":{"line":20,"column":8},"end":{"line":26,"column":11}},"11":{"start":{"line":21,"column":12},"end":{"line":24,"column":13}},"12":{"start":{"line":22,"column":16},"end":{"line":22,"column":49}},"13":{"start":{"line":23,"column":16},"end":{"line":23,"column":23}},"14":{"start":{"line":25,"column":12},"end":{"line":25,"column":26}},"15":{"start":{"line":31,"column":0},"end":{"line":33,"column":1}},"16":{"start":{"line":32,"column":4},"end":{"line":32,"column":45}}},"fnMap":{"0":{"name":"(anonymous_0)","decl":{"start":{"line":13,"column":20},"end":{"line":13,"column":21}},"loc":{"start":{"line":13,"column":49},"end":{"line":28,"column":1}},"line":13},"1":{"name":"(anonymous_1)","decl":{"start":{"line":19,"column":23},"end":{"line":19,"column":24}},"loc":{"start":{"line":19,"column":44},"end":{"line":27,"column":5}},"line":19},"2":{"name":"(anonymous_2)","decl":{"start":{"line":20,"column":42},"end":{"line":20,"column":43}},"loc":{"start":{"line":20,"column":59},"end":{"line":26,"column":9}},"line":20}},"branchMap":{"0":{"loc":{"start":{"line":5,"column":10},"end":{"line":5,"column":71}},"type":"cond-expr","locations":[{"start":{"line":5,"column":43},"end":{"line":5,"column":57}},{"start":{"line":5,"column":60},"end":{"line":5,"column":71}}],"line":5},"1":{"loc":{"start":{"line":14,"column":4},"end":{"line":15,"column":43}},"type":"if","locations":[{"start":{"line":14,"column":4},"end":{"line":15,"column":43}},{"start":{},"end":{}}],"line":14},"2":{"loc":{"start":{"line":16,"column":4},"end":{"line":17,"column":41}},"type":"if","locations":[{"start":{"line":16,"column":4},"end":{"line":17,"column":41}},{"start":{},"end":{}}],"line":16},"3":{"loc":{"start":{"line":21,"column":12},"end":{"line":24,"column":13}},"type":"if","locations":[{"start":{"line":21,"column":12},"end":{"line":24,"column":13}},{"start":{},"end":{}}],"line":21},"4":{"loc":{"start":{"line":31,"column":0},"end":{"line":33,"column":1}},"type":"if","locations":[{"start":{"line":31,"column":0},"end":{"line":33,"column":1}},{"start":{},"end":{}}],"line":31}},"s":{"0":5,"1":5,"2":5,"3":5,"4":4,"5":1,"6":3,"7":1,"8":2,"9":2,"10":2,"11":2,"12":1,"13":1,"14":1,"15":5,"16":5},"f":{"0":4,"1":2,"2":2},"b":{"0":[0,5],"1":[1,3],"2":[1,2],"3":[1,1],"4":[5,0]},"_coverageSchema":"1a1c01bbd47fc00a2c39e90264f33305004495a9","hash":"e3c174d9fb7cea41cdbafe6e26b0cbd418d4f662"}
,"C:\\Users\\danie\\Documents\\GitHub\\SEII_Main-Project\\server\\repositories\\ApplicationRepository.js": {"path":"C:\\Users\\danie\\Documents\\GitHub\\SEII_Main-Project\\server\\repositories\\ApplicationRepository.js","statementMap":{"0":{"start":{"line":3,"column":14},"end":{"line":3,"column":30}},"1":{"start":{"line":5,"column":11},"end":{"line":5,"column":26}},"2":{"start":{"line":16,"column":0},"end":{"line":43,"column":2}},"3":{"start":{"line":17,"column":2},"end":{"line":19,"column":3}},"4":{"start":{"line":18,"column":4},"end":{"line":18,"column":79}},"5":{"start":{"line":20,"column":2},"end":{"line":22,"column":3}},"6":{"start":{"line":21,"column":4},"end":{"line":21,"column":42}},"7":{"start":{"line":23,"column":2},"end":{"line":42,"column":5}},"8":{"start":{"line":25,"column":24},"end":{"line":25,"column":63}},"9":{"start":{"line":26,"column":16},"end":{"line":26,"column":126}},"10":{"start":{"line":27,"column":4},"end":{"line":41,"column":7}},"11":{"start":{"line":28,"column":6},"end":{"line":40,"column":7}},"12":{"start":{"line":29,"column":8},"end":{"line":29,"column":46}},"13":{"start":{"line":32,"column":27},"end":{"line":32,"column":38}},"14":{"start":{"line":33,"column":8},"end":{"line":39,"column":11}},"15":{"start":{"line":70,"column":0},"end":{"line":107,"column":2}},"16":{"start":{"line":71,"column":25},"end":{"line":79,"column":3}},"17":{"start":{"line":80,"column":2},"end":{"line":106,"column":5}},"18":{"start":{"line":81,"column":4},"end":{"line":105,"column":7}},"19":{"start":{"line":82,"column":6},"end":{"line":104,"column":7}},"20":{"start":{"line":83,"column":8},"end":{"line":83,"column":46}},"21":{"start":{"line":85,"column":29},"end":{"line":102,"column":11}},"22":{"start":{"line":85,"column":46},"end":{"line":102,"column":9}},"23":{"start":{"line":103,"column":8},"end":{"line":103,"column":30}},"24":{"start":{"line":115,"column":0},"end":{"line":130,"column":2}},"25":{"start":{"line":116,"column":2},"end":{"line":118,"column":3}},"26":{"start":{"line":117,"column":4},"end":{"line":117,"column":73}},"27":{"start":{"line":120,"column":32},"end":{"line":120,"column":72}},"28":{"start":{"line":121,"column":2},"end":{"line":129,"column":5}},"29":{"start":{"line":122,"column":4},"end":{"line":128,"column":7}},"30":{"start":{"line":123,"column":6},"end":{"line":126,"column":7}},"31":{"start":{"line":124,"column":8},"end":{"line":124,"column":39}},"32":{"start":{"line":125,"column":8},"end":{"line":125,"column":15}},"33":{"start":{"line":127,"column":6},"end":{"line":127,"column":19}},"34":{"start":{"line":137,"column":0},"end":{"line":151,"column":2}},"35":{"start":{"line":138,"column":2},"end":{"line":140,"column":3}},"36":{"start":{"line":139,"column":4},"end":{"line":139,"column":69}},"37":{"start":{"line":141,"column":36},"end":{"line":141,"column":111}},"38":{"start":{"line":142,"column":2},"end":{"line":150,"column":5}},"39":{"start":{"line":143,"column":4},"end":{"line":149,"column":7}},"40":{"start":{"line":144,"column":6},"end":{"line":147,"column":7}},"41":{"start":{"line":145,"column":8},"end":{"line":145,"column":39}},"42":{"start":{"line":146,"column":8},"end":{"line":146,"column":15}},"43":{"start":{"line":148,"column":6},"end":{"line":148,"column":22}},"44":{"start":{"line":170,"column":0},"end":{"line":197,"column":2}},"45":{"start":{"line":171,"column":2},"end":{"line":173,"column":3}},"46":{"start":{"line":172,"column":4},"end":{"line":172,"column":69}},"47":{"start":{"line":175,"column":37},"end":{"line":175,"column":390}},"48":{"start":{"line":177,"column":2},"end":{"line":196,"column":5}},"49":{"start":{"line":178,"column":4},"end":{"line":195,"column":7}},"50":{"start":{"line":179,"column":6},"end":{"line":182,"column":7}},"51":{"start":{"line":180,"column":8},"end":{"line":180,"column":39}},"52":{"start":{"line":181,"column":8},"end":{"line":181,"column":15}},"53":{"start":{"line":183,"column":27},"end":{"line":193,"column":9}},"54":{"start":{"line":183,"column":44},"end":{"line":193,"column":7}},"55":{"start":{"line":194,"column":6},"end":{"line":194,"column":28}},"56":{"start":{"line":199,"column":0},"end":{"line":213,"column":1}},"57":{"start":{"line":200,"column":2},"end":{"line":202,"column":3}},"58":{"start":{"line":201,"column":4},"end":{"line":201,"column":68}},"59":{"start":{"line":203,"column":14},"end":{"line":203,"column":76}},"60":{"start":{"line":204,"column":2},"end":{"line":212,"column":5}},"61":{"start":{"line":205,"column":4},"end":{"line":211,"column":7}},"62":{"start":{"line":206,"column":6},"end":{"line":209,"column":7}},"63":{"start":{"line":207,"column":8},"end":{"line":207,"column":39}},"64":{"start":{"line":208,"column":8},"end":{"line":208,"column":15}},"65":{"start":{"line":210,"column":6},"end":{"line":210,"column":19}},"66":{"start":{"line":223,"column":0},"end":{"line":242,"column":2}},"67":{"start":{"line":224,"column":2},"end":{"line":226,"column":3}},"68":{"start":{"line":225,"column":4},"end":{"line":225,"column":73}},"69":{"start":{"line":227,"column":2},"end":{"line":229,"column":3}},"70":{"start":{"line":228,"column":4},"end":{"line":228,"column":109}},"71":{"start":{"line":231,"column":31},"end":{"line":231,"column":79}},"72":{"start":{"line":233,"column":2},"end":{"line":241,"column":5}},"73":{"start":{"line":234,"column":4},"end":{"line":240,"column":7}},"74":{"start":{"line":235,"column":6},"end":{"line":238,"column":7}},"75":{"start":{"line":236,"column":8},"end":{"line":236,"column":39}},"76":{"start":{"line":237,"column":8},"end":{"line":237,"column":15}},"77":{"start":{"line":239,"column":6},"end":{"line":239,"column":22}},"78":{"start":{"line":253,"column":0},"end":{"line":272,"column":2}},"79":{"start":{"line":254,"column":2},"end":{"line":256,"column":3}},"80":{"start":{"line":255,"column":4},"end":{"line":255,"column":68}},"81":{"start":{"line":257,"column":2},"end":{"line":259,"column":3}},"82":{"start":{"line":258,"column":4},"end":{"line":258,"column":69}},"83":{"start":{"line":261,"column":37},"end":{"line":261,"column":112}},"84":{"start":{"line":263,"column":2},"end":{"line":271,"column":5}},"85":{"start":{"line":264,"column":4},"end":{"line":270,"column":7}},"86":{"start":{"line":265,"column":6},"end":{"line":268,"column":7}},"87":{"start":{"line":266,"column":8},"end":{"line":266,"column":39}},"88":{"start":{"line":267,"column":8},"end":{"line":267,"column":15}},"89":{"start":{"line":269,"column":6},"end":{"line":269,"column":22}},"90":{"start":{"line":280,"column":0},"end":{"line":291,"column":1}},"91":{"start":{"line":281,"column":23},"end":{"line":281,"column":51}},"92":{"start":{"line":281,"column":37},"end":{"line":281,"column":40}},"93":{"start":{"line":282,"column":14},"end":{"line":282,"column":101}},"94":{"start":{"line":284,"column":2},"end":{"line":290,"column":4}},"95":{"start":{"line":285,"column":4},"end":{"line":289,"column":6}},"96":{"start":{"line":286,"column":6},"end":{"line":287,"column":19}},"97":{"start":{"line":287,"column":8},"end":{"line":287,"column":19}},"98":{"start":{"line":288,"column":6},"end":{"line":288,"column":19}},"99":{"start":{"line":297,"column":0},"end":{"line":308,"column":1}},"100":{"start":{"line":298,"column":23},"end":{"line":298,"column":51}},"101":{"start":{"line":298,"column":37},"end":{"line":298,"column":40}},"102":{"start":{"line":299,"column":14},"end":{"line":299,"column":101}},"103":{"start":{"line":301,"column":2},"end":{"line":307,"column":4}},"104":{"start":{"line":302,"column":4},"end":{"line":306,"column":6}},"105":{"start":{"line":303,"column":6},"end":{"line":304,"column":19}},"106":{"start":{"line":304,"column":8},"end":{"line":304,"column":19}},"107":{"start":{"line":305,"column":6},"end":{"line":305,"column":19}}},"fnMap":{"0":{"name":"(anonymous_0)","decl":{"start":{"line":16,"column":25},"end":{"line":16,"column":26}},"loc":{"start":{"line":16,"column":72},"end":{"line":43,"column":1}},"line":16},"1":{"name":"(anonymous_1)","decl":{"start":{"line":23,"column":21},"end":{"line":23,"column":22}},"loc":{"start":{"line":23,"column":42},"end":{"line":42,"column":3}},"line":23},"2":{"name":"(anonymous_2)","decl":{"start":{"line":27,"column":77},"end":{"line":27,"column":78}},"loc":{"start":{"line":27,"column":92},"end":{"line":41,"column":5}},"line":27},"3":{"name":"(anonymous_3)","decl":{"start":{"line":70,"column":25},"end":{"line":70,"column":26}},"loc":{"start":{"line":70,"column":41},"end":{"line":107,"column":1}},"line":70},"4":{"name":"(anonymous_4)","decl":{"start":{"line":80,"column":21},"end":{"line":80,"column":22}},"loc":{"start":{"line":80,"column":42},"end":{"line":106,"column":3}},"line":80},"5":{"name":"(anonymous_5)","decl":{"start":{"line":81,"column":41},"end":{"line":81,"column":42}},"loc":{"start":{"line":81,"column":56},"end":{"line":105,"column":5}},"line":81},"6":{"name":"(anonymous_6)","decl":{"start":{"line":85,"column":38},"end":{"line":85,"column":39}},"loc":{"start":{"line":85,"column":46},"end":{"line":102,"column":9}},"line":85},"7":{"name":"(anonymous_7)","decl":{"start":{"line":115,"column":18},"end":{"line":115,"column":19}},"loc":{"start":{"line":115,"column":26},"end":{"line":130,"column":1}},"line":115},"8":{"name":"(anonymous_8)","decl":{"start":{"line":121,"column":21},"end":{"line":121,"column":22}},"loc":{"start":{"line":121,"column":42},"end":{"line":129,"column":3}},"line":121},"9":{"name":"(anonymous_9)","decl":{"start":{"line":122,"column":40},"end":{"line":122,"column":41}},"loc":{"start":{"line":122,"column":54},"end":{"line":128,"column":5}},"line":122},"10":{"name":"(anonymous_10)","decl":{"start":{"line":137,"column":31},"end":{"line":137,"column":32}},"loc":{"start":{"line":137,"column":46},"end":{"line":151,"column":1}},"line":137},"11":{"name":"(anonymous_11)","decl":{"start":{"line":142,"column":21},"end":{"line":142,"column":22}},"loc":{"start":{"line":142,"column":42},"end":{"line":150,"column":3}},"line":142},"12":{"name":"(anonymous_12)","decl":{"start":{"line":143,"column":51},"end":{"line":143,"column":52}},"loc":{"start":{"line":143,"column":68},"end":{"line":149,"column":5}},"line":143},"13":{"name":"(anonymous_13)","decl":{"start":{"line":170,"column":25},"end":{"line":170,"column":26}},"loc":{"start":{"line":170,"column":41},"end":{"line":197,"column":1}},"line":170},"14":{"name":"(anonymous_14)","decl":{"start":{"line":177,"column":21},"end":{"line":177,"column":22}},"loc":{"start":{"line":177,"column":42},"end":{"line":196,"column":3}},"line":177},"15":{"name":"(anonymous_15)","decl":{"start":{"line":178,"column":53},"end":{"line":178,"column":54}},"loc":{"start":{"line":178,"column":68},"end":{"line":195,"column":5}},"line":178},"16":{"name":"(anonymous_16)","decl":{"start":{"line":183,"column":36},"end":{"line":183,"column":37}},"loc":{"start":{"line":183,"column":44},"end":{"line":193,"column":7}},"line":183},"17":{"name":"(anonymous_17)","decl":{"start":{"line":199,"column":32},"end":{"line":199,"column":33}},"loc":{"start":{"line":199,"column":40},"end":{"line":213,"column":1}},"line":199},"18":{"name":"(anonymous_18)","decl":{"start":{"line":204,"column":21},"end":{"line":204,"column":22}},"loc":{"start":{"line":204,"column":42},"end":{"line":212,"column":3}},"line":204},"19":{"name":"(anonymous_19)","decl":{"start":{"line":205,"column":22},"end":{"line":205,"column":23}},"loc":{"start":{"line":205,"column":36},"end":{"line":211,"column":5}},"line":205},"20":{"name":"(anonymous_20)","decl":{"start":{"line":223,"column":23},"end":{"line":223,"column":24}},"loc":{"start":{"line":223,"column":39},"end":{"line":242,"column":1}},"line":223},"21":{"name":"(anonymous_21)","decl":{"start":{"line":233,"column":21},"end":{"line":233,"column":22}},"loc":{"start":{"line":233,"column":42},"end":{"line":241,"column":3}},"line":233},"22":{"name":"(anonymous_22)","decl":{"start":{"line":234,"column":47},"end":{"line":234,"column":48}},"loc":{"start":{"line":234,"column":56},"end":{"line":240,"column":5}},"line":234},"23":{"name":"(anonymous_23)","decl":{"start":{"line":253,"column":49},"end":{"line":253,"column":50}},"loc":{"start":{"line":253,"column":76},"end":{"line":272,"column":1}},"line":253},"24":{"name":"(anonymous_24)","decl":{"start":{"line":263,"column":21},"end":{"line":263,"column":22}},"loc":{"start":{"line":263,"column":42},"end":{"line":271,"column":3}},"line":263},"25":{"name":"(anonymous_25)","decl":{"start":{"line":264,"column":64},"end":{"line":264,"column":65}},"loc":{"start":{"line":264,"column":73},"end":{"line":270,"column":5}},"line":264},"26":{"name":"(anonymous_26)","decl":{"start":{"line":280,"column":40},"end":{"line":280,"column":41}},"loc":{"start":{"line":280,"column":49},"end":{"line":291,"column":1}},"line":280},"27":{"name":"(anonymous_27)","decl":{"start":{"line":281,"column":31},"end":{"line":281,"column":32}},"loc":{"start":{"line":281,"column":37},"end":{"line":281,"column":40}},"line":281},"28":{"name":"(anonymous_28)","decl":{"start":{"line":284,"column":22},"end":{"line":284,"column":23}},"loc":{"start":{"line":284,"column":43},"end":{"line":290,"column":3}},"line":284},"29":{"name":"(anonymous_29)","decl":{"start":{"line":285,"column":21},"end":{"line":285,"column":22}},"loc":{"start":{"line":285,"column":30},"end":{"line":289,"column":5}},"line":285},"30":{"name":"(anonymous_30)","decl":{"start":{"line":297,"column":38},"end":{"line":297,"column":39}},"loc":{"start":{"line":297,"column":47},"end":{"line":308,"column":1}},"line":297},"31":{"name":"(anonymous_31)","decl":{"start":{"line":298,"column":31},"end":{"line":298,"column":32}},"loc":{"start":{"line":298,"column":37},"end":{"line":298,"column":40}},"line":298},"32":{"name":"(anonymous_32)","decl":{"start":{"line":301,"column":22},"end":{"line":301,"column":23}},"loc":{"start":{"line":301,"column":43},"end":{"line":307,"column":3}},"line":301},"33":{"name":"(anonymous_33)","decl":{"start":{"line":302,"column":21},"end":{"line":302,"column":22}},"loc":{"start":{"line":302,"column":30},"end":{"line":306,"column":5}},"line":302}},"branchMap":{"0":{"loc":{"start":{"line":17,"column":2},"end":{"line":19,"column":3}},"type":"if","locations":[{"start":{"line":17,"column":2},"end":{"line":19,"column":3}},{"start":{},"end":{}}],"line":17},"1":{"loc":{"start":{"line":17,"column":6},"end":{"line":17,"column":99}},"type":"binary-expr","locations":[{"start":{"line":17,"column":6},"end":{"line":17,"column":46}},{"start":{"line":17,"column":50},"end":{"line":17,"column":63}},{"start":{"line":17,"column":67},"end":{"line":17,"column":79}},{"start":{"line":17,"column":83},"end":{"line":17,"column":99}}],"line":17},"2":{"loc":{"start":{"line":17,"column":8},"end":{"line":17,"column":45}},"type":"binary-expr","locations":[{"start":{"line":17,"column":8},"end":{"line":17,"column":17}},{"start":{"line":17,"column":21},"end":{"line":17,"column":29}},{"start":{"line":17,"column":33},"end":{"line":17,"column":45}}],"line":17},"3":{"loc":{"start":{"line":20,"column":2},"end":{"line":22,"column":3}},"type":"if","locations":[{"start":{"line":20,"column":2},"end":{"line":22,"column":3}},{"start":{},"end":{}}],"line":20},"4":{"loc":{"start":{"line":28,"column":6},"end":{"line":40,"column":7}},"type":"if","locations":[{"start":{"line":28,"column":6},"end":{"line":40,"column":7}},{"start":{"line":30,"column":13},"end":{"line":40,"column":7}}],"line":28},"5":{"loc":{"start":{"line":82,"column":6},"end":{"line":104,"column":7}},"type":"if","locations":[{"start":{"line":82,"column":6},"end":{"line":104,"column":7}},{"start":{"line":84,"column":13},"end":{"line":104,"column":7}}],"line":82},"6":{"loc":{"start":{"line":116,"column":2},"end":{"line":118,"column":3}},"type":"if","locations":[{"start":{"line":116,"column":2},"end":{"line":118,"column":3}},{"start":{},"end":{}}],"line":116},"7":{"loc":{"start":{"line":116,"column":6},"end":{"line":116,"column":32}},"type":"binary-expr","locations":[{"start":{"line":116,"column":6},"end":{"line":116,"column":21}},{"start":{"line":116,"column":25},"end":{"line":116,"column":32}}],"line":116},"8":{"loc":{"start":{"line":123,"column":6},"end":{"line":126,"column":7}},"type":"if","locations":[{"start":{"line":123,"column":6},"end":{"line":126,"column":7}},{"start":{},"end":{}}],"line":123},"9":{"loc":{"start":{"line":138,"column":2},"end":{"line":140,"column":3}},"type":"if","locations":[{"start":{"line":138,"column":2},"end":{"line":140,"column":3}},{"start":{},"end":{}}],"line":138},"10":{"loc":{"start":{"line":138,"column":8},"end":{"line":138,"column":35}},"type":"binary-expr","locations":[{"start":{"line":138,"column":8},"end":{"line":138,"column":17}},{"start":{"line":138,"column":21},"end":{"line":138,"column":35}}],"line":138},"11":{"loc":{"start":{"line":144,"column":6},"end":{"line":147,"column":7}},"type":"if","locations":[{"start":{"line":144,"column":6},"end":{"line":147,"column":7}},{"start":{},"end":{}}],"line":144},"12":{"loc":{"start":{"line":171,"column":2},"end":{"line":173,"column":3}},
[...]
{"line":359,"column":16},"end":{"line":359,"column":30}},"112":{"start":{"line":376,"column":0},"end":{"line":389,"column":1}},"113":{"start":{"line":377,"column":18},"end":{"line":378,"column":23}},"114":{"start":{"line":380,"column":4},"end":{"line":388,"column":7}},"115":{"start":{"line":381,"column":8},"end":{"line":387,"column":11}},"116":{"start":{"line":382,"column":12},"end":{"line":386,"column":13}},"117":{"start":{"line":383,"column":16},"end":{"line":383,"column":28}},"118":{"start":{"line":385,"column":16},"end":{"line":385,"column":30}},"119":{"start":{"line":399,"column":0},"end":{"line":412,"column":1}},"120":{"start":{"line":400,"column":18},"end":{"line":401,"column":20}},"121":{"start":{"line":403,"column":4},"end":{"line":411,"column":7}},"122":{"start":{"line":404,"column":8},"end":{"line":410,"column":11}},"123":{"start":{"line":405,"column":12},"end":{"line":409,"column":13}},"124":{"start":{"line":406,"column":16},"end":{"line":406,"column":28}},"125":{"start":{"line":408,"column":16},"end":{"line":408,"column":30}},"126":{"start":{"line":423,"column":0},"end":{"line":438,"column":1}},"127":{"start":{"line":424,"column":18},"end":{"line":427,"column":5}},"128":{"start":{"line":429,"column":4},"end":{"line":437,"column":7}},"129":{"start":{"line":430,"column":8},"end":{"line":436,"column":11}},"130":{"start":{"line":431,"column":12},"end":{"line":435,"column":13}},"131":{"start":{"line":432,"column":16},"end":{"line":432,"column":28}},"132":{"start":{"line":434,"column":16},"end":{"line":434,"column":30}},"133":{"start":{"line":448,"column":0},"end":{"line":460,"column":2}},"134":{"start":{"line":449,"column":24},"end":{"line":449,"column":63}},"135":{"start":{"line":450,"column":16},"end":{"line":450,"column":133}},"136":{"start":{"line":451,"column":4},"end":{"line":459,"column":6}},"137":{"start":{"line":452,"column":8},"end":{"line":458,"column":11}},"138":{"start":{"line":453,"column":12},"end":{"line":457,"column":13}},"139":{"start":{"line":454,"column":16},"end":{"line":454,"column":35}},"140":{"start":{"line":456,"column":16},"end":{"line":456,"column":30}},"141":{"start":{"line":472,"column":0},"end":{"line":483,"column":2}},"142":{"start":{"line":473,"column":16},"end":{"line":473,"column":142}},"143":{"start":{"line":474,"column":4},"end":{"line":482,"column":7}},"144":{"start":{"line":475,"column":8},"end":{"line":481,"column":11}},"145":{"start":{"line":476,"column":12},"end":{"line":480,"column":13}},"146":{"start":{"line":477,"column":16},"end":{"line":477,"column":35}},"147":{"start":{"line":479,"column":16},"end":{"line":479,"column":30}}},"fnMap":{"0":{"name":"(anonymous_0)","decl":{"start":{"line":5,"column":48},"end":{"line":5,"column":49}},"loc":{"start":{"line":5,"column":57},"end":{"line":7,"column":1}},"line":5},"1":{"name":"(anonymous_1)","decl":{"start":{"line":163,"column":19},"end":{"line":163,"column":20}},"loc":{"start":{"line":163,"column":25},"end":{"line":189,"column":1}},"line":163},"2":{"name":"(anonymous_2)","decl":{"start":{"line":164,"column":49},"end":{"line":164,"column":50}},"loc":{"start":{"line":164,"column":58},"end":{"line":164,"column":70}},"line":164},"3":{"name":"(anonymous_3)","decl":{"start":{"line":166,"column":33},"end":{"line":166,"column":34}},"loc":{"start":{"line":166,"column":42},"end":{"line":178,"column":5}},"line":166},"4":{"name":"(anonymous_4)","decl":{"start":{"line":167,"column":27},"end":{"line":167,"column":28}},"loc":{"start":{"line":167,"column":48},"end":{"line":177,"column":9}},"line":167},"5":{"name":"(anonymous_5)","decl":{"start":{"line":168,"column":26},"end":{"line":168,"column":27}},"loc":{"start":{"line":168,"column":35},"end":{"line":176,"column":13}},"line":168},"6":{"name":"(anonymous_6)","decl":{"start":{"line":181,"column":14},"end":{"line":181,"column":15}},"loc":{"start":{"line":181,"column":20},"end":{"line":184,"column":9}},"line":181},"7":{"name":"(anonymous_7)","decl":{"start":{"line":185,"column":15},"end":{"line":185,"column":16}},"loc":{"start":{"line":185,"column":24},"end":{"line":188,"column":9}},"line":185},"8":{"name":"(anonymous_8)","decl":{"start":{"line":192,"column":21},"end":{"line":192,"column":22}},"loc":{"start":{"line":192,"column":27},"end":{"line":219,"column":1}},"line":192},"9":{"name":"(anonymous_9)","decl":{"start":{"line":193,"column":51},"end":{"line":193,"column":52}},"loc":{"start":{"line":193,"column":60},"end":{"line":193,"column":72}},"line":193},"10":{"name":"(anonymous_10)","decl":{"start":{"line":195,"column":33},"end":{"line":195,"column":34}},"loc":{"start":{"line":195,"column":42},"end":{"line":207,"column":5}},"line":195},"11":{"name":"(anonymous_11)","decl":{"start":{"line":196,"column":27},"end":{"line":196,"column":28}},"loc":{"start":{"line":196,"column":48},"end":{"line":206,"column":9}},"line":196},"12":{"name":"(anonymous_12)","decl":{"start":{"line":197,"column":26},"end":{"line":197,"column":27}},"loc":{"start":{"line":197,"column":35},"end":{"line":205,"column":13}},"line":197},"13":{"name":"(anonymous_13)","decl":{"start":{"line":210,"column":14},"end":{"line":210,"column":15}},"loc":{"start":{"line":210,"column":20},"end":{"line":213,"column":9}},"line":210},"14":{"name":"(anonymous_14)","decl":{"start":{"line":214,"column":15},"end":{"line":214,"column":16}},"loc":{"start":{"line":214,"column":24},"end":{"line":217,"column":9}},"line":214},"15":{"name":"(anonymous_15)","decl":{"start":{"line":222,"column":21},"end":{"line":222,"column":22}},"loc":{"start":{"line":222,"column":27},"end":{"line":248,"column":1}},"line":222},"16":{"name":"(anonymous_16)","decl":{"start":{"line":223,"column":49},"end":{"line":223,"column":50}},"loc":{"start":{"line":223,"column":58},"end":{"line":223,"column":70}},"line":223},"17":{"name":"(anonymous_17)","decl":{"start":{"line":225,"column":33},"end":{"line":225,"column":34}},"loc":{"start":{"line":225,"column":42},"end":{"line":237,"column":5}},"line":225},"18":{"name":"(anonymous_18)","decl":{"start":{"line":226,"column":27},"end":{"line":226,"column":28}},"loc":{"start":{"line":226,"column":48},"end":{"line":236,"column":9}},"line":226},"19":{"name":"(anonymous_19)","decl":{"start":{"line":227,"column":26},"end":{"line":227,"column":27}},"loc":{"start":{"line":227,"column":35},"end":{"line":235,"column":13}},"line":227},"20":{"name":"(anonymous_20)","decl":{"start":{"line":240,"column":14},"end":{"line":240,"column":15}},"loc":{"start":{"line":240,"column":20},"end":{"line":243,"column":9}},"line":240},"21":{"name":"(anonymous_21)","decl":{"start":{"line":244,"column":15},"end":{"line":244,"column":16}},"loc":{"start":{"line":244,"column":24},"end":{"line":247,"column":9}},"line":244},"22":{"name":"(anonymous_22)","decl":{"start":{"line":253,"column":22},"end":{"line":253,"column":23}},"loc":{"start":{"line":253,"column":28},"end":{"line":265,"column":1}},"line":253},"23":{"name":"(anonymous_23)","decl":{"start":{"line":256,"column":23},"end":{"line":256,"column":24}},"loc":{"start":{"line":256,"column":44},"end":{"line":264,"column":5}},"line":256},"24":{"name":"(anonymous_24)","decl":{"start":{"line":257,"column":22},"end":{"line":257,"column":23}},"loc":{"start":{"line":257,"column":31},"end":{"line":263,"column":9}},"line":257},"25":{"name":"(anonymous_25)","decl":{"start":{"line":267,"column":27},"end":{"line":267,"column":28}},"loc":{"start":{"line":267,"column":33},"end":{"line":279,"column":1}},"line":267},"26":{"name":"(anonymous_26)","decl":{"start":{"line":270,"column":23},"end":{"line":270,"column":24}},"loc":{"start":{"line":270,"column":44},"end":{"line":278,"column":5}},"line":270},"27":{"name":"(anonymous_27)","decl":{"start":{"line":271,"column":22},"end":{"line":271,"column":23}},"loc":{"start":{"line":271,"column":31},"end":{"line":277,"column":9}},"line":271},"28":{"name":"(anonymous_28)","decl":{"start":{"line":281,"column":22},"end":{"line":281,"column":23}},"loc":{"start":{"line":281,"column":28},"end":{"line":293,"column":1}},"line":281},"29":{"name":"(anonymous_29)","decl":{"start":{"line":284,"column":23},"end":{"line":284,"column":24}},"loc":{"start":{"line":284,"column":44},"end":{"line":292,"column":5}},"line":284},"30":{"name":"(anonymous_30)","decl":{"start":{"line":285,"column":22},"end":{"line":285,"column":23}},"loc":{"start":{"line":285,"column":31},"end":{"line":291,"column":9}},"line":285},"31":{"name":"(anonymous_31)","decl":{"start":{"line":295,"column":28},"end":{"line":295,"column":29}},"loc":{"start":{"line":295,"column":34},"end":{"line":307,"column":1}},"line":295},"32":{"name":"(anonymous_32)","decl":{"start":{"line":298,"column":23},"end":{"line":298,"column":24}},"loc":{"start":{"line":298,"column":44},"end":{"line":306,"column":5}},"line":298},"33":{"name":"(anonymous_33)","decl":{"start":{"line":299,"column":22},"end":{"line":299,"column":23}},"loc":{"start":{"line":299,"column":31},"end":{"line":305,"column":9}},"line":299},"34":{"name":"(anonymous_34)","decl":{"start":{"line":309,"column":34},"end":{"line":309,"column":35}},"loc":{"start":{"line":309,"column":40},"end":{"line":321,"column":1}},"line":309},"35":{"name":"(anonymous_35)","decl":{"start":{"line":312,"column":23},"end":{"line":312,"column":24}},"loc":{"start":{"line":312,"column":44},"end":{"line":320,"column":5}},"line":312},"36":{"name":"(anonymous_36)","decl":{"start":{"line":313,"column":22},"end":{"line":313,"column":23}},"loc":{"start":{"line":313,"column":31},"end":{"line":319,"column":9}},"line":313},"37":{"name":"(anonymous_37)","decl":{"start":{"line":323,"column":22},"end":{"line":323,"column":23}},"loc":{"start":{"line":323,"column":28},"end":{"line":335,"column":1}},"line":323},"38":{"name":"(anonymous_38)","decl":{"start":{"line":326,"column":23},"end":{"line":326,"column":24}},"loc":{"start":{"line":326,"column":44},"end":{"line":334,"column":5}},"line":326},"39":{"name":"(anonymous_39)","decl":{"start":{"line":327,"column":22},"end":{"line":327,"column":23}},"loc":{"start":{"line":327,"column":31},"end":{"line":333,"column":9}},"line":327},"40":{"name":"(anonymous_40)","decl":{"start":{"line":337,"column":23},"end":{"line":337,"column":24}},"loc":{"start":{"line":337,"column":29},"end":{"line":349,"column":1}},"line":337},"41":{"name":"(anonymous_41)","decl":{"start":{"line":340,"column":23},"end":{"line":340,"column":24}},"loc":{"start":{"line":340,"column":44},"end":{"line":348,"column":5}},"line":340},"42":{"name":"(anonymous_42)","decl":{"start":{"line":341,"column":22},"end":{"line":341,"column":23}},"loc":{"start":{"line":341,"column":31},"end":{"line":347,"column":9}},"line":341},"43":{"name":"(anonymous_43)","decl":{"start":{"line":351,"column":23},"end":{"line":351,"column":24}},"loc":{"start":{"line":351,"column":29},"end":{"line":363,"column":1}},"line":351},"44":{"name":"(anonymous_44)","decl":{"start":{"line":354,"column":23},"end":{"line":354,"column":24}},"loc":{"start":{"line":354,"column":44},"end":{"line":362,"column":5}},"line":354},"45":{"name":"(anonymous_45)","decl":{"start":{"line":355,"column":22},"end":{"line":355,"column":23}},"loc":{"start":{"line":355,"column":31},"end":{"line":361,"column":9}},"line":355},"46":{"name":"(anonymous_46)","decl":{"start":{"line":376,"column":28},"end":{"line":376,"column":29}},"loc":{"start":{"line":376,"column":79},"end":{"line":389,"column":1}},"line":376},"47":{"name":"(anonymous_47)","decl":{"start":{"line":380,"column":23},"end":{"line":380,"column":24}},"loc":{"start":{"line":380,"column":44},"end":{"line":388,"column":5}},"line":380},"48":{"name":"(anonymous_48)","decl":{"start":{"line":381,"column":71},"end":{"line":381,"column":72}},"loc":{"start":{"line":381,"column":80},"end":{"line":387,"column":9}},"line":381},"49":{"name":"(anonymous_49)","decl":{"start":{"line":399,"column":33},"end":{"line":399,"column":34}},"loc":{"start":{"line":399,"column":72},"end":{"line":412,"column":1}},"line":399},"50":{"name":"(anonymous_50)","decl":{"start":{"line":403,"column":23},"end":{"line":403,"column":24}},"loc":{"start":{"line":403,"column":44},"end":{"line":411,"column":5}},"line":403},"51":{"name":"(anonymous_51)","decl":{"start":{"line":404,"column":59},"end":{"line":404,"column":60}},"loc":{"start":{"line":404,"column":68},"end":{"line":410,"column":9}},"line":404},"52":{"name":"(anonymous_52)","decl":{"start":{"line":423,"column":27},"end":{"line":423,"column":28}},"loc":{"start":{"line":423,"column":155},"end":{"line":438,"column":1}},"line":423},"53":{"name":"(anonymous_53)","decl":{"start":{"line":429,"column":23},"end":{"line":429,"column":24}},"loc":{"start":{"line":429,"column":44},"end":{"line":437,"column":5}},"line":429},"54":{"name":"(anonymous_54)","decl":{"start":{"line":430,"column":148},"end":{"line":430,"column":149}},"loc":{"start":{"line":430,"column":157},"end":{"line":436,"column":9}},"line":430},"55":{"name":"(anonymous_55)","decl":{"start":{"line":448,"column":32},"end":{"line":448,"column":33}},"loc":{"start":{"line":448,"column":91},"end":{"line":460,"column":1}},"line":448},"56":{"name":"(anonymous_56)","decl":{"start":{"line":451,"column":23},"end":{"line":451,"column":24}},"loc":{"start":{"line":451,"column":44},"end":{"line":459,"column":5}},"line":451},"57":{"name":"(anonymous_57)","decl":{"start":{"line":452,"column":90},"end":{"line":452,"column":91}},"loc":{"start":{"line":452,"column":105},"end":{"line":458,"column":9}},"line":452},"58":{"name":"(anonymous_58)","decl":{"start":{"line":472,"column":28},"end":{"line":472,"column":29}},"loc":{"start":{"line":472,"column":99},"end":{"line":483,"column":1}},"line":472},"59":{"name":"(anonymous_59)","decl":{"start":{"line":474,"column":23},"end":{"line":474,"column":24}},"loc":{"start":{"line":474,"column":44},"end":{"line":482,"column":5}},"line":474},"60":{"name":"(anonymous_60)","decl":{"start":{"line":475,"column":89},"end":{"line":475,"column":90}},"loc":{"start":{"line":475,"column":104},"end":{"line":481,"column":9}},"line":475}},"branchMap":{"0":{"loc":{"start":{"line":6,"column":4},"end":{"line":6,"column":23}},"type":"if","locations":[{"start":{"line":6,"column":4},"end":{"line":6,"column":23}},{"start":{},"end":{}}],"line":6},"1":{"loc":{"start":{"line":169,"column":16},"end":{"line":175,"column":17}},"type":"if","locations":[{"start":{"line":169,"column":16},"end":{"line":175,"column":17}},{"start":{"line":172,"column":23},"end":{"line":175,"column":17}}],"line":169},"2":{"loc":{"start":{"line":198,"column":16},"end":{"line":204,"column":17}},"type":"if","locations":[{"start":{"line":198,"column":16},"end":{"line":204,"column":17}},{"start":{"line":201,"column":23},"end":{"line":204,"column":17}}],"line":198},"3":{"loc":{"start":{"line":228,"column":16},"end":{"line":234,"column":17}},"type":"if","locations":[{"start":{"line":228,"column":16},"end":{"line":234,"column":17}},{"start":{"line":231,"column":23},"end":{"line":234,"column":17}}],"line":228},"4":{"loc":{"start":{"line":258,"column":12},"end":{"line":262,"column":13}},"type":"if","locations":[{"start":{"line":258,"column":12},"end":{"line":262,"column":13}},{"start":{"line":260,"column":19},"end":{"line":262,"column":13}}],"line":258},"5":{"loc":{"start":{"line":272,"column":12},"end":{"line":276,"column":13}},"type":"if","locations":[{"start":{"line":272,"column":12},"end":{"line":276,"column":13}},{"start":{"line":274,"column":19},"end":{"line":276,"column":13}}],"line":272},"6":{"loc":{"start":{"line":286,"column":12},"end":{"line":290,"column":13}},"type":"if","locations":[{"start":{"line":286,"column":12},"end":{"line":290,"column":13}},{"start":{"line":288,"column":19},"end":{"line":290,"column":13}}],"line":286},"7":{"loc":{"start":{"line":300,"column":12},"end":{"line":304,"column":13}},"type":"if","locations":[{"start":{"line":300,"column":12},"end":{"line":304,"column":13}},{"start":{"line":302,"column":19},"end":{"line":304,"column":13}}],"line":300},"8":{"loc":{"start":{"line":314,"column":12},"end":{"line":318,"column":13}},"type":"if","locations":[{"start":{"line":314,"column":12},"end":{"line":318,"column":13}},{"start":{"line":316,"column":19},"end":{"line":318,"column":13}}],"line":314},"9":{"loc":{"start":{"line":328,"column":12},"end":{"line":332,"column":13}},"type":"if","locations":[{"start":{"line":328,"column":12},"end":{"line":332,"column":13}},{"start":{"line":330,"column":19},"end":{"line":332,"column":13}}],"line":328},"10":{"loc":{"start":{"line":342,"column":12},"end":{"line":346,"column":13}},"type":"if","locations":[{"start":{"line":342,"column":12},"end":{"line":346,"column":13}},{"start":{"line":344,"column":19},"end":{"line":346,"column":13}}],"line":342},"11":{"loc":{"start":{"line":356,"column":12},"end":{"line":360,"column":13}},"type":"if","locations":[{"start":{"line":356,"column":12},"end":{"line":360,"column":13}},{"start":{"line":358,"column":19},"end":{"line":360,"column":13}}],"line":356},"12":{"loc":{"start":{"line":382,"column":12},"end":{"line":386,"column":13}},"type":"if","locations":[{"start":{"line":382,"column":12},"end":{"line":386,"column":13}},{"start":{"line":384,"column":19},"end":{"line":386,"column":13}}],"line":382},"13":{"loc":{"start":{"line":405,"column":12},"end":{"line":409,"column":13}},"type":"if","locations":[{"start":{"line":405,"column":12},"end":{"line":409,"column":13}},{"start":{"line":407,"column":19},"end":{"line":409,"column":13}}],"line":405},"14":{"loc":{"start":{"line":431,"column":12},"end":{"line":435,"column":13}},"type":"if","locations":[{"start":{"line":431,"column":12},"end":{"line":435,"column":13}},{"start":{"line":433,"column":19},"end":{"line":435,"column":13}}],"line":431},"15":{"loc":{"start":{"line":453,"column":12},"end":{"line":457,"column":13}},"type":"if","locations":[{"start":{"line":453,"column":12},"end":{"line":457,"column":13}},{"start":{"line":455,"column":19},"end":{"line":457,"column":13}}],"line":453},"16":{"loc":{"start":{"line":476,"column":12},"end":{"line":480,"column":13}},"type":"if","locations":[{"start":{"line":476,"column":12},"end":{"line":480,"column":13}},{"start":{"line":478,"column":19},"end":{"line":480,"column":13}}],"line":476}},"s":{"0":2,"1":2,"2":2,"3":2,"4":0,"5":2,"6":2,"7":2,"8":2,"9":0,"10":0,"11":0,"12":0,"13":0,"14":0,"15":0,"16":0,"17":0,"18":0,"19":0,"20":0,"21":0,"22":0,"23":0,"24":2,"25":0,"26":0,"27":0,"28":0,"29":0,"30":0,"31":0,"32":0,"33":0,"34":0,"35":0,"36":0,"37":0,"38":0,"39":0,"40":2,"41":0,"42":0,"43":0,"44":0,"45":0,"46":0,"47":0,"48":0,"49":0,"50":0,"51":0,"52":0,"53":0,"54":0,"55":0,"56":2,"57":86,"58":86,"59":86,"60":86,"61":0,"62":86,"63":2,"64":23,"65":23,"66":23,"67":23,"68":0,"69":23,"70":2,"71":0,"72":0,"73":0,"74":0,"75":0,"76":0,"77":2,"78":76,"79":76,"80":76,"81":76,"82":0,"83":76,"84":2,"85":76,"86":76,"87":76,"88":76,"89":0,"90":76,"91":2,"92":0,"93":0,"94":0,"95":0,"96":0,"97":0,"98":2,"99":6,"100":6,"101":6,"102":6,"103":0,"104":6,"105":2,"106":76,"107":76,"108":76,"109":76,"110":0,"111":76,"112":2,"113":19,"114":19,"115":19,"116":19,"117":0,"118":19,"119":2,"120":18,"121":18,"122":18,"123":18,"124":0,"125":18,"126":2,"127":33,"128":33,"129":33,"130":33,"131":0,"132":33,"133":2,"134":4,"135":4,"136":4,"137":4,"138":4,"139":0,"140":4,"141":2,"142":2,"143":2,"144":2,"145":2,"146":0,"147":2},"f":{"0":2,"1":0,"2":0,"3":0,"4":0,"5":0,"6":0,"7":0,"8":0,"9":0,"10":0,"11":0,"12":0,"13":0,"14":0,"15":0,"16":0,"17":0,"18":0,"19":0,"20":0,"21":0,"22":86,"23":86,"24":86,"25":23,"26":23,"27":23,"28":0,"29":0,"30":0,"31":76,"32":76,"33":76,"34":76,"35":76,"36":76,"37":0,"38":0,"39":0,"40":6,"41":6,"42":6,"43":76,"44":76,"45":76,"46":19,"47":19,"48":19,"49":18,"50":18,"51":18,"52":33,"53":33,"54":33,"55":4,"56":4,"57":4,"58":2,"59":2,"60":2},"b":{"0":[0,2],"1":[0,0],"2":[0,0],"3":[0,0],"4":[0,86],"5":[0,23],"6":[0,0],"7":[0,76],"8":[0,76],"9":[0,0],"10":[0,6],"11":[0,76],"12":[0,19],"13":[0,18],"14":[0,33],"15":[0,4],"16":[0,2]},"_coverageSchema":"1a1c01bbd47fc00a2c39e90264f33305004495a9","hash":"0ba9466a98c989e6467cc37ec134b196b2dfb7cd"}
}
