TN:
SF:index.js
FN:45,(anonymous_0)
FN:62,(anonymous_1)
FN:64,(anonymous_2)
FN:66,(anonymous_3)
FN:72,(anonymous_4)
FN:74,(anonymous_5)
FN:76,(anonymous_6)
FN:83,(anonymous_7)
FN:85,(anonymous_8)
FN:87,(anonymous_9)
FN:91,(anonymous_10)
FN:93,(anonymous_11)
FN:99,(anonymous_12)
FN:101,(anonymous_13)
FN:103,(anonymous_14)
FN:112,(anonymous_15)
FNF:16
FNH:6
FNDA:37,(anonymous_0)
FNDA:7,(anonymous_1)
FNDA:3,(anonymous_2)
FNDA:2,(anonymous_3)
FNDA:6,(anonymous_4)
FNDA:0,(anonymous_5)
FNDA:0,(anonymous_6)
FNDA:0,(anonymous_7)
FNDA:0,(anonymous_8)
FNDA:0,(anonymous_9)
FNDA:0,(anonymous_10)
FNDA:0,(anonymous_11)
FNDA:0,(anonymous_12)
FNDA:0,(anonymous_13)
FNDA:14,(anonymous_14)
FNDA:0,(anonymous_15)
DA:2,2
DA:3,2
DA:4,2
DA:5,2
DA:6,2
DA:7,2
DA:8,2
DA:9,2
DA:12,2
DA:13,2
DA:15,2
DA:16,2
DA:17,2
DA:18,2
DA:19,2
DA:20,2
DA:21,2
DA:23,2
DA:24,2
DA:25,2
DA:27,2
DA:31,2
DA:33,2
DA:39,2
DA:40,2
DA:41,2
DA:44,2
DA:45,2
DA:46,37
DA:47,37
DA:49,0
DA:50,0
DA:52,37
DA:57,2
DA:58,2
DA:59,2
DA:60,2
DA:62,7
DA:64,3
DA:66,2
DA:68,2
DA:70,2
DA:72,6
DA:74,2
DA:76,2
DA:78,2
DA:80,2
DA:83,2
DA:85,2
DA:87,2
DA:91,2
DA:93,2
DA:95,2
DA:97,2
DA:99,2
DA:101,2
DA:103,2
DA:104,14
DA:105,14
DA:106,0
DA:109,2
DA:110,2
DA:111,0
DA:112,0
DA:113,0
DA:116,2
LF:66
LH:60
BRDA:46,0,0,37
BRDA:46,0,1,0
BRDA:49,1,0,0
BRDA:49,1,1,0
BRDA:104,2,0,14
BRDA:104,2,1,0
BRDA:110,3,0,0
BRDA:110,3,1,2
BRF:8
BRH:3
end_of_record
TN:
SF:config\passport.js
FN:21,(anonymous_0)
FN:50,(anonymous_1)
FN:54,(anonymous_2)
FN:58,(anonymous_3)
FN:62,(anonymous_4)
FN:67,(anonymous_5)
FN:68,(anonymous_6)
FN:72,(anonymous_7)
FNF:8
FNH:0
FNDA:0,(anonymous_0)
FNDA:0,(anonymous_1)
FNDA:0,(anonymous_2)
FNDA:0,(anonymous_3)
FNDA:0,(anonymous_4)
FNDA:0,(anonymous_5)
FNDA:0,(anonymous_6)
FNDA:0,(anonymous_7)
DA:2,2
DA:3,2
DA:4,2
DA:5,2
DA:6,2
DA:7,2
DA:9,2
DA:21,2
DA:23,0
DA:24,0
DA:25,0
DA:26,0
DA:28,0
DA:29,0
DA:30,0
DA:32,0
DA:33,0
DA:34,0
DA:36,0
DA:37,0
DA:38,0
DA:39,0
DA:41,0
DA:45,0
DA:46,0
DA:48,2
DA:50,2
DA:51,0
DA:54,2
DA:55,0
DA:58,2
DA:59,0
DA:60,0
DA:62,0
DA:63,0
DA:67,2
DA:68,0
DA:69,0
DA:72,2
DA:73,0
DA:78,2
LF:41
LH:15
BRDA:23,0,0,0
BRDA:23,0,1,0
BRDA:28,1,0,0
BRDA:28,1,1,0
BRDA:32,2,0,0
BRDA:32,2,1,0
BRDA:36,3,0,0
BRDA:36,3,1,0
BRDA:37,4,0,0
BRDA:37,4,1,0
BRDA:38,5,0,0
BRDA:38,5,1,0
BRDA:59,6,0,0
BRDA:59,6,1,0
BRF:14
BRH:0
end_of_record
TN:
SF:controllers\ApplicationController.js
FN:48,listApplication
FN:59,(anonymous_1)
FN:62,(anonymous_2)
FN:72,(anonymous_3)
FN:75,(anonymous_4)
FN:81,acceptApplication
FN:101,(anonymous_6)
FN:104,(anonymous_7)
FN:119,(anonymous_8)
FN:142,(anonymous_9)
FN:153,(anonymous_10)
FN:156,(anonymous_11)
FN:169,(anonymous_12)
FN:184,(anonymous_13)
FN:205,(anonymous_14)
FN:213,(anonymous_15)
FN:216,(anonymous_16)
FNF:17
FNH:16
FNDA:13,listApplication
FNDA:2,(anonymous_1)
FNDA:1,(anonymous_2)
FNDA:2,(anonymous_3)
FNDA:1,(anonymous_4)
FNDA:8,acceptApplication
FNDA:1,(anonymous_6)
FNDA:1,(anonymous_7)
FNDA:11,(anonymous_8)
FNDA:6,(anonymous_9)
FNDA:1,(anonymous_10)
FNDA:2,(anonymous_11)
FNDA:4,(anonymous_12)
FNDA:0,(anonymous_13)
FNDA:4,(anonymous_14)
FNDA:1,(anonymous_15)
FNDA:1,(anonymous_16)
DA:2,3
DA:3,3
DA:4,3
DA:5,3
DA:6,3
DA:7,3
DA:8,3
DA:9,3
DA:10,3
DA:48,3
DA:49,13
DA:50,3
DA:52,10
DA:53,5
DA:54,2
DA:55,2
DA:57,3
DA:60,2
DA:63,1
DA:65,5
DA:66,5
DA:67,2
DA:68,2
DA:70,3
DA:73,2
DA:76,1
DA:81,3
DA:82,8
DA:83,1
DA:84,1
DA:86,7
DA:87,2
DA:88,2
DA:90,5
DA:91,1
DA:92,1
DA:94,4
DA:95,1
DA:96,1
DA:98,3
DA:99,2
DA:102,1
DA:105,1
DA:109,1
DA:119,3
DA:120,11
DA:121,1
DA:122,1
DA:124,10
DA:125,1
DA:126,1
DA:128,9
DA:129,9
DA:130,1
DA:131,1
DA:133,8
DA:134,8
DA:135,1
DA:136,1
DA:138,7
DA:140,6
DA:142,6
DA:143,6
DA:144,1
DA:145,1
DA:147,5
DA:148,2
DA:149,2
DA:151,3
DA:152,3
DA:154,1
DA:157,2
DA:161,1
DA:169,3
DA:170,4
DA:171,1
DA:173,3
DA:174,1
DA:176,2
DA:177,2
DA:178,2
DA:179,1
DA:181,1
DA:182,0
DA:184,0
DA:185,0
DA:186,0
DA:188,0
DA:191,0
DA:193,2
DA:194,2
DA:196,0
DA:205,3
DA:206,4
DA:207,1
DA:209,3
DA:210,1
DA:212,2
DA:214,1
DA:217,1
LF:100
LH:93
BRDA:49,0,0,3
BRDA:49,0,1,10
BRDA:49,1,0,13
BRDA:49,1,1,8
BRDA:52,2,0,5
BRDA:52,2,1,5
BRDA:53,3,0,2
BRDA:53,3,1,3
BRDA:65,4,0,5
BRDA:65,4,1,0
BRDA:66,5,0,2
BRDA:66,5,1,3
BRDA:82,6,0,1
BRDA:82,6,1,7
BRDA:86,7,0,2
BRDA:86,7,1,5
BRDA:86,8,0,7
BRDA:86,8,1,6
BRDA:90,9,0,1
BRDA:90,9,1,4
BRDA:94,10,0,1
BRDA:94,10,1,3
BRDA:98,11,0,2
BRDA:98,11,1,1
BRDA:98,12,0,3
BRDA:98,12,1,1
BRDA:120,13,0,1
BRDA:120,13,1,10
BRDA:124,14,0,1
BRDA:124,14,1,9
BRDA:129,15,0,1
BRDA:129,15,1,8
BRDA:134,16,0,1
BRDA:134,16,1,7
BRDA:138,17,0,6
BRDA:138,17,1,1
BRDA:143,18,0,1
BRDA:143,18,1,5
BRDA:147,19,0,2
BRDA:147,19,1,3
BRDA:147,20,0,5
BRDA:147,20,1,4
BRDA:170,21,0,1
BRDA:170,21,1,3
BRDA:173,22,0,1
BRDA:173,22,1,2
BRDA:178,23,0,1
BRDA:178,23,1,1
BRDA:185,24,0,0
BRDA:185,24,1,0
BRDA:193,25,0,2
BRDA:193,25,1,0
BRDA:206,26,0,1
BRDA:206,26,1,3
BRDA:209,27,0,1
BRDA:209,27,1,2
BRF:56
BRH:52
end_of_record
TN:
SF:controllers\CoSupervisorController.js
FN:4,(anonymous_0)
FN:10,(anonymous_1)
FN:14,(anonymous_2)
FNF:3
FNH:3
FNDA:3,(anonymous_0)
FNDA:1,(anonymous_1)
FNDA:1,(anonymous_2)
DA:2,3
DA:4,3
DA:5,3
DA:6,1
DA:7,1
DA:9,2
DA:11,1
DA:15,1
LF:8
LH:8
BRDA:5,0,0,1
BRDA:5,0,1,2
BRF:2
BRH:2
end_of_record
TN:
SF:controllers\ThesisController.js
FN:35,searchThesis
FN:38,(anonymous_1)
FN:46,(anonymous_2)
FN:49,(anonymous_3)
FN:52,(anonymous_4)
FN:57,(anonymous_5)
FN:68,(anonymous_6)
FN:71,(anonymous_7)
FN:87,addThesis
FN:110,(anonymous_9)
FN:118,(anonymous_10)
FN:121,updateThesis
FN:144,(anonymous_12)
FN:152,(anonymous_13)
FN:155,deleteThesis
FN:164,(anonymous_15)
FN:165,(anonymous_16)
FNF:17
FNH:15
FNDA:14,searchThesis
FNDA:10,(anonymous_1)
FNDA:8,(anonymous_2)
FNDA:11,(anonymous_3)
FNDA:1,(anonymous_4)
FNDA:1,(anonymous_5)
FNDA:2,(anonymous_6)
FNDA:1,(anonymous_7)
FNDA:10,addThesis
FNDA:5,(anonymous_9)
FNDA:0,(anonymous_10)
FNDA:9,updateThesis
FNDA:5,(anonymous_12)
FNDA:0,(anonymous_13)
FNDA:11,deleteThesis
FNDA:2,(anonymous_15)
FNDA:5,(anonymous_16)
DA:3,3
DA:34,3
DA:35,3
DA:36,14
DA:38,10
DA:39,10
DA:40,1
DA:41,1
DA:44,9
DA:45,9
DA:47,8
DA:48,8
DA:49,8
DA:50,11
DA:51,11
DA:52,1
DA:53,1
DA:56,8
DA:58,1
DA:59,1
DA:61,4
DA:62,3
DA:63,3
DA:64,1
DA:67,3
DA:69,2
DA:72,1
DA:75,1
DA:87,3
DA:88,10
DA:89,2
DA:90,2
DA:93,8
DA:94,2
DA:95,2
DA:98,6
DA:99,1
DA:100,1
DA:103,5
DA:104,4
DA:106,1
DA:108,5
DA:109,5
DA:111,5
DA:112,2
DA:115,3
DA:118,0
DA:121,3
DA:122,9
DA:123,2
DA:124,2
DA:126,7
DA:127,1
DA:128,1
DA:130,6
DA:131,5
DA:133,1
DA:135,6
DA:137,6
DA:138,1
DA:139,1
DA:143,5
DA:145,5
DA:146,2
DA:149,3
DA:152,0
DA:155,3
DA:156,11
DA:157,2
DA:158,2
DA:160,9
DA:161,2
DA:162,2
DA:164,7
DA:166,5
DA:167,2
DA:169,3
LF:77
LH:75
BRDA:36,0,0,10
BRDA:36,0,1,4
BRDA:39,1,0,1
BRDA:39,1,1,9
BRDA:44,2,0,2
BRDA:44,2,1,7
BRDA:51,3,0,1
BRDA:51,3,1,10
BRDA:61,4,0,3
BRDA:61,4,1,1
BRDA:63,5,0,1
BRDA:63,5,1,2
BRDA:63,6,0,3
BRDA:63,6,1,1
BRDA:88,7,0,2
BRDA:88,7,1,8
BRDA:93,8,0,2
BRDA:93,8,1,6
BRDA:98,9,0,1
BRDA:98,9,1,5
BRDA:103,10,0,4
BRDA:103,10,1,1
BRDA:111,11,0,2
BRDA:111,11,1,3
BRDA:122,12,0,2
BRDA:122,12,1,7
BRDA:126,13,0,1
BRDA:126,13,1,6
BRDA:130,14,0,5
BRDA:130,14,1,1
BRDA:137,15,0,1
BRDA:137,15,1,5
BRDA:145,16,0,2
BRDA:145,16,1,3
BRDA:156,17,0,2
BRDA:156,17,1,9
BRDA:160,18,0,2
BRDA:160,18,1,7
BRDA:160,19,0,9
BRDA:160,19,1,8
BRDA:166,20,0,2
BRDA:166,20,1,3
BRF:42
BRH:42
end_of_record
TN:
SF:dayjsvc\index.dayjsvc.js
FN:12,(anonymous_0)
FN:26,vc
FN:43,(anonymous_2)
FN:59,(anonymous_3)
FN:66,(anonymous_4)
FN:73,(anonymous_5)
FN:75,(anonymous_6)
FN:85,(anonymous_7)
FN:96,(anonymous_8)
FN:102,(anonymous_9)
FN:110,(anonymous_10)
FN:113,(anonymous_11)
FNF:12
FNH:0
FNDA:0,(anonymous_0)
FNDA:0,vc
FNDA:0,(anonymous_2)
FNDA:0,(anonymous_3)
FNDA:0,(anonymous_4)
FNDA:0,(anonymous_5)
FNDA:0,(anonymous_6)
FNDA:0,(anonymous_7)
FNDA:0,(anonymous_8)
FNDA:0,(anonymous_9)
FNDA:0,(anonymous_10)
FNDA:0,(anonymous_11)
DA:3,2
DA:4,2
DA:6,2
DA:12,2
DA:15,0
DA:16,0
DA:17,0
DA:18,0
DA:28,0
DA:29,0
DA:30,0
DA:31,0
DA:43,2
DA:44,0
DA:45,0
DA:47,0
DA:48,0
DA:50,0
DA:51,0
DA:53,0
DA:54,0
DA:56,0
DA:58,0
DA:60,0
DA:61,0
DA:62,0
DA:65,0
DA:67,0
DA:68,0
DA:69,0
DA:71,0
DA:73,0
DA:75,0
DA:85,2
DA:86,0
DA:87,0
DA:88,0
DA:89,0
DA:91,0
DA:92,0
DA:93,0
DA:95,0
DA:97,0
DA:98,0
DA:99,0
DA:101,0
DA:103,0
DA:104,0
DA:105,0
DA:107,0
DA:110,0
DA:113,0
DA:117,2
LF:53
LH:7
BRDA:15,0,0,0
BRDA:15,0,1,0
BRDA:28,1,0,0
BRDA:28,1,1,0
BRDA:44,2,0,0
BRDA:44,2,1,0
BRDA:44,3,0,0
BRDA:44,3,1,0
BRDA:47,4,0,0
BRDA:47,4,1,0
BRDA:60,5,0,0
BRDA:60,5,1,0
BRDA:67,6,0,0
BRDA:67,6,1,0
BRDA:86,7,0,0
BRDA:86,7,1,0
BRDA:86,8,0,0
BRDA:86,8,1,0
BRDA:88,9,0,0
BRDA:88,9,1,0
BRDA:97,10,0,0
BRDA:97,10,1,0
BRDA:103,11,0,0
BRDA:103,11,1,0
BRF:24
BRH:0
end_of_record
TN:
SF:email\transporter.js
FN:13,(anonymous_0)
FN:19,(anonymous_1)
FN:20,(anonymous_2)
FNF:3
FNH:3
FNDA:4,(anonymous_0)
FNDA:2,(anonymous_1)
FNDA:2,(anonymous_2)
DA:2,5
DA:3,5
DA:4,5
DA:13,5
DA:14,4
DA:15,1
DA:16,3
DA:17,1
DA:18,2
DA:19,2
DA:20,2
DA:21,2
DA:22,1
DA:23,1
DA:25,1
DA:31,5
DA:32,5
LF:17
LH:17
BRDA:5,0,0,0
BRDA:5,0,1,5
BRDA:14,1,0,1
BRDA:14,1,1,3
BRDA:16,2,0,1
BRDA:16,2,1,2
BRDA:21,3,0,1
BRDA:21,3,1,1
BRDA:31,4,0,5
BRDA:31,4,1,0
BRF:10
BRH:8
end_of_record
TN:
SF:repositories\ApplicationRepository.js
FN:16,(anonymous_0)
FN:23,(anonymous_1)
FN:27,(anonymous_2)
FN:70,(anonymous_3)
FN:80,(anonymous_4)
FN:81,(anonymous_5)
FN:85,(anonymous_6)
FN:115,(anonymous_7)
FN:121,(anonymous_8)
FN:122,(anonymous_9)
FN:137,(anonymous_10)
FN:142,(anonymous_11)
FN:143,(anonymous_12)
FN:170,(anonymous_13)
FN:177,(anonymous_14)
FN:178,(anonymous_15)
FN:183,(anonymous_16)
FN:199,(anonymous_17)
FN:204,(anonymous_18)
FN:205,(anonymous_19)
FN:223,(anonymous_20)
FN:233,(anonymous_21)
FN:234,(anonymous_22)
FN:253,(anonymous_23)
FN:263,(anonymous_24)
FN:264,(anonymous_25)
FN:280,(anonymous_26)
FN:281,(anonymous_27)
FN:284,(anonymous_28)
FN:285,(anonymous_29)
FN:297,(anonymous_30)
FN:298,(anonymous_31)
FN:301,(anonymous_32)
FN:302,(anonymous_33)
FNF:34
FNH:9
FNDA:0,(anonymous_0)
FNDA:0,(anonymous_1)
FNDA:0,(anonymous_2)
FNDA:1,(anonymous_3)
FNDA:1,(anonymous_4)
FNDA:1,(anonymous_5)
FNDA:0,(anonymous_6)
FNDA:0,(anonymous_7)
FNDA:0,(anonymous_8)
FNDA:0,(anonymous_9)
FNDA:0,(anonymous_10)
FNDA:0,(anonymous_11)
FNDA:0,(anonymous_12)
FNDA:1,(anonymous_13)
FNDA:1,(anonymous_14)
FNDA:1,(anonymous_15)
FNDA:0,(anonymous_16)
FNDA:3,(anonymous_17)
FNDA:3,(anonymous_18)
FNDA:3,(anonymous_19)
FNDA:0,(anonymous_20)
FNDA:0,(anonymous_21)
FNDA:0,(anonymous_22)
FNDA:0,(anonymous_23)
FNDA:0,(anonymous_24)
FNDA:0,(anonymous_25)
FNDA:0,(anonymous_26)
FNDA:0,(anonymous_27)
FNDA:0,(anonymous_28)
FNDA:0,(anonymous_29)
FNDA:0,(anonymous_30)
FNDA:0,(anonymous_31)
FNDA:0,(anonymous_32)
FNDA:0,(anonymous_33)
DA:3,10
DA:5,10
DA:16,10
DA:17,0
DA:18,0
DA:20,0
DA:21,0
DA:23,0
DA:25,0
DA:26,0
DA:27,0
DA:28,0
DA:29,0
DA:32,0
DA:33,0
DA:70,10
DA:71,1
DA:80,1
DA:81,1
DA:82,1
DA:83,0
DA:85,1
DA:103,1
DA:115,10
DA:116,0
DA:117,0
DA:120,0
DA:121,0
DA:122,0
DA:123,0
DA:124,0
DA:125,0
DA:127,0
DA:137,10
DA:138,0
DA:139,0
DA:141,0
DA:142,0
DA:143,0
DA:144,0
DA:145,0
DA:146,0
DA:148,0
DA:170,10
DA:171,1
DA:172,0
DA:175,1
DA:177,1
DA:178,1
DA:179,1
DA:180,0
DA:181,0
DA:183,1
DA:194,1
DA:199,10
DA:200,3
DA:201,0
DA:203,3
DA:204,3
DA:205,3
DA:206,3
DA:207,0
DA:208,0
DA:210,3
DA:223,10
DA:224,0
DA:225,0
DA:227,0
DA:228,0
DA:231,0
DA:233,0
DA:234,0
DA:235,0
DA:236,0
DA:237,0
DA:239,0
DA:253,10
DA:254,0
DA:255,0
DA:257,0
DA:258,0
DA:261,0
DA:263,0
DA:264,0
DA:265,0
DA:266,0
DA:267,0
DA:269,0
DA:280,10
DA:281,0
DA:282,0
DA:284,0
DA:285,0
DA:286,0
DA:287,0
DA:288,0
DA:297,10
DA:298,0
DA:299,0
DA:301,0
DA:302,0
DA:303,0
DA:304,0
DA:305,0
LF:104
LH:31
BRDA:17,0,0,0
BRDA:17,0,1,0
BRDA:17,1,0,0
BRDA:17,1,1,0
BRDA:17,1,2,0
BRDA:17,1,3,0
BRDA:17,2,0,0
BRDA:17,2,1,0
BRDA:17,2,2,0
BRDA:20,3,0,0
BRDA:20,3,1,0
BRDA:28,4,0,0
BRDA:28,4,1,0
BRDA:82,5,0,0
BRDA:82,5,1,1
BRDA:116,6,0,0
BRDA:116,6,1,0
BRDA:116,7,0,0
BRDA:116,7,1,0
BRDA:123,8,0,0
BRDA:123,8,1,0
BRDA:138,9,0,0
BRDA:138,9,1,0
BRDA:138,10,0,0
BRDA:138,10,1,0
BRDA:144,11,0,0
BRDA:144,11,1,0
BRDA:171,12,0,0
BRDA:171,12,1,1
BRDA:171,13,0,1
BRDA:171,13,1,1
BRDA:179,14,0,0
BRDA:179,14,1,1
BRDA:200,15,0,0
BRDA:200,15,1,3
BRDA:200,16,0,3
BRDA:200,16,1,3
BRDA:206,17,0,0
BRDA:206,17,1,3
BRDA:224,18,0,0
BRDA:224,18,1,0
BRDA:224,19,0,0
BRDA:224,19,1,0
BRDA:227,20,0,0
BRDA:227,20,1,0
BRDA:227,21,0,0
BRDA:227,21,1,0
BRDA:227,21,2,0
BRDA:235,22,0,0
BRDA:235,22,1,0
BRDA:254,23,0,0
BRDA:254,23,1,0
BRDA:254,24,0,0
BRDA:254,24,1,0
BRDA:257,25,0,0
BRDA:257,25,1,0
BRDA:257,26,0,0
BRDA:257,26,1,0
BRDA:265,27,0,0
BRDA:265,27,1,0
BRDA:286,28,0,0
BRDA:286,28,1,0
BRDA:303,29,0,0
BRDA:303,29,1,0
BRF:64
BRH:9
end_of_record
TN:
SF:repositories\CoSupervisorRepository.js
FN:14,(anonymous_0)
FN:20,(anonymous_1)
FN:21,(anonymous_2)
FN:41,(anonymous_3)
FN:47,(anonymous_4)
FN:48,(anonymous_5)
FN:68,(anonymous_6)
FN:75,(anonymous_7)
FN:76,(anonymous_8)
FN:104,(anonymous_9)
FN:124,(anonymous_10)
FN:125,(anonymous_11)
FN:145,(anonymous_12)
FN:146,(anonymous_13)
FN:148,(anonymous_14)
FN:157,(anonymous_15)
FNF:16
FNH:3
FNDA:0,(anonymous_0)
FNDA:0,(anonymous_1)
FNDA:0,(anonymous_2)
FNDA:0,(anonymous_3)
FNDA:0,(anonymous_4)
FNDA:0,(anonymous_5)
FNDA:2,(anonymous_6)
FNDA:2,(anonymous_7)
FNDA:2,(anonymous_8)
FNDA:0,(anonymous_9)
FNDA:0,(anonymous_10)
FNDA:0,(anonymous_11)
FNDA:0,(anonymous_12)
FNDA:0,(anonymous_13)
FNDA:0,(anonymous_14)
FNDA:0,(anonymous_15)
DA:3,6
DA:14,6
DA:15,0
DA:16,0
DA:19,0
DA:20,0
DA:21,0
DA:22,0
DA:23,0
DA:24,0
DA:27,0
DA:28,0
DA:30,0
DA:41,6
DA:42,0
DA:43,0
DA:46,0
DA:47,0
DA:48,0
DA:49,0
DA:50,0
DA:51,0
DA:54,0
DA:55,0
DA:57,0
DA:68,6
DA:69,2
DA:70,0
DA:73,2
DA:75,2
DA:76,2
DA:77,2
DA:78,0
DA:79,0
DA:82,2
DA:83,1
DA:85,1
DA:104,6
DA:105,0
DA:106,0
DA:109,0
DA:110,0
DA:112,0
DA:113,0
DA:114,0
DA:115,0
DA:116,0
DA:117,0
DA:118,0
DA:119,0
DA:120,0
DA:121,0
DA:124,0
DA:125,0
DA:126,0
DA:127,0
DA:128,0
DA:130,0
DA:145,6
DA:146,0
DA:147,0
DA:148,0
DA:149,0
DA:150,0
DA:151,0
DA:153,0
DA:154,0
DA:157,0
DA:158,0
LF:69
LH:14
BRDA:15,0,0,0
BRDA:15,0,1,0
BRDA:15,1,0,0
BRDA:15,1,1,0
BRDA:22,2,0,0
BRDA:22,2,1,0
BRDA:27,3,0,0
BRDA:27,3,1,0
BRDA:42,4,0,0
BRDA:42,4,1,0
BRDA:42,5,0,0
BRDA:42,5,1,0
BRDA:49,6,0,0
BRDA:49,6,1,0
BRDA:54,7,0,0
BRDA:54,7,1,0
BRDA:69,8,0,0
BRDA:69,8,1,2
BRDA:77,9,0,0
BRDA:77,9,1,2
BRDA:82,10,0,1
BRDA:82,10,1,1
BRDA:105,11,0,0
BRDA:105,11,1,0
BRDA:112,12,0,0
BRDA:112,12,1,0
BRDA:112,13,0,0
BRDA:112,13,1,0
BRDA:116,14,0,0
BRDA:116,14,1,0
BRDA:119,15,0,0
BRDA:119,15,1,0
BRDA:126,16,0,0
BRDA:126,16,1,0
BRDA:149,17,0,0
BRDA:149,17,1,0
BRDA:153,18,0,0
BRDA:153,18,1,0
BRF:38
BRH:4
end_of_record
TN:
SF:repositories\CoSupervisorThesisRepository.js
FN:15,(anonymous_0)
FN:18,(anonymous_1)
FN:19,(anonymous_2)
FN:36,(anonymous_3)
FN:43,(anonymous_4)
FN:44,(anonymous_5)
FN:50,(anonymous_6)
FN:75,(anonymous_7)
FN:82,(anonymous_8)
FN:83,(anonymous_9)
FNF:10
FNH:6
FNDA:1,(anonymous_0)
FNDA:1,(anonymous_1)
FNDA:1,(anonymous_2)
FNDA:10,(anonymous_3)
FNDA:10,(anonymous_4)
FNDA:10,(anonymous_5)
FNDA:0,(anonymous_6)
FNDA:0,(anonymous_7)
FNDA:0,(anonymous_8)
FNDA:0,(anonymous_9)
DA:3,4
DA:15,4
DA:16,1
DA:18,1
DA:19,1
DA:20,1
DA:21,0
DA:23,1
DA:36,4
DA:37,10
DA:38,0
DA:41,10
DA:43,10
DA:44,10
DA:45,10
DA:46,0
DA:47,0
DA:50,10
DA:51,0
DA:52,0
DA:53,0
DA:54,0
DA:56,0
DA:60,10
DA:75,4
DA:76,0
DA:77,0
DA:80,0
DA:82,0
DA:83,0
DA:84,0
DA:85,0
DA:87,0
LF:33
LH:16
BRDA:20,0,0,0
BRDA:20,0,1,1
BRDA:37,1,0,0
BRDA:37,1,1,10
BRDA:37,2,0,10
BRDA:37,2,1,10
BRDA:45,3,0,0
BRDA:45,3,1,10
BRDA:51,4,0,0
BRDA:51,4,1,0
BRDA:51,5,0,0
BRDA:51,5,1,0
BRDA:53,6,0,0
BRDA:53,6,1,0
BRDA:53,7,0,0
BRDA:53,7,1,0
BRDA:76,8,0,0
BRDA:76,8,1,0
BRDA:76,9,0,0
BRDA:76,9,1,0
BRDA:84,10,0,0
BRDA:84,10,1,0
BRF:22
BRH:5
end_of_record
TN:
SF:repositories\StudentRepository.js
FN:4,newStudent
FN:25,(anonymous_1)
FN:32,(anonymous_2)
FN:33,(anonymous_3)
FN:49,(anonymous_4)
FN:55,(anonymous_5)
FN:56,(anonymous_6)
FN:78,(anonymous_7)
FN:88,(anonymous_8)
FN:89,(anonymous_9)
FN:95,(anonymous_10)
FN:106,(anonymous_11)
FN:113,(anonymous_12)
FN:114,(anonymous_13)
FN:144,(anonymous_14)
FN:146,(anonymous_15)
FN:147,(anonymous_16)
FN:155,(anonymous_17)
FNF:18
FNH:0
FNDA:0,newStudent
FNDA:0,(anonymous_1)
FNDA:0,(anonymous_2)
FNDA:0,(anonymous_3)
FNDA:0,(anonymous_4)
FNDA:0,(anonymous_5)
FNDA:0,(anonymous_6)
FNDA:0,(anonymous_7)
FNDA:0,(anonymous_8)
FNDA:0,(anonymous_9)
FNDA:0,(anonymous_10)
FNDA:0,(anonymous_11)
FNDA:0,(anonymous_12)
FNDA:0,(anonymous_13)
FNDA:0,(anonymous_14)
FNDA:0,(anonymous_15)
FNDA:0,(anonymous_16)
FNDA:0,(anonymous_17)
DA:2,5
DA:5,0
DA:25,5
DA:26,0
DA:27,0
DA:30,0
DA:32,0
DA:33,0
DA:34,0
DA:35,0
DA:36,0
DA:39,0
DA:49,5
DA:50,0
DA:51,0
DA:53,0
DA:55,0
DA:56,0
DA:57,0
DA:58,0
DA:59,0
DA:62,0
DA:63,0
DA:65,0
DA:78,5
DA:79,0
DA:80,0
DA:82,0
DA:83,0
DA:86,0
DA:88,0
DA:89,0
DA:90,0
DA:91,0
DA:92,0
DA:95,0
DA:96,0
DA:106,5
DA:107,0
DA:108,0
DA:111,0
DA:113,0
DA:114,0
DA:115,0
DA:116,0
DA:117,0
DA:120,0
DA:121,0
DA:123,0
DA:144,5
DA:145,0
DA:146,0
DA:147,0
DA:148,0
DA:149,0
DA:150,0
DA:152,0
DA:153,0
DA:155,0
LF:59
LH:6
BRDA:26,0,0,0
BRDA:26,0,1,0
BRDA:26,1,0,0
BRDA:26,1,1,0
BRDA:34,2,0,0
BRDA:34,2,1,0
BRDA:50,3,0,0
BRDA:50,3,1,0
BRDA:57,4,0,0
BRDA:57,4,1,0
BRDA:62,5,0,0
BRDA:62,5,1,0
BRDA:79,6,0,0
BRDA:79,6,1,0
BRDA:79,7,0,0
BRDA:79,7,1,0
BRDA:82,8,0,0
BRDA:82,8,1,0
BRDA:82,9,0,0
BRDA:82,9,1,0
BRDA:90,10,0,0
BRDA:90,10,1,0
BRDA:107,11,0,0
BRDA:107,11,1,0
BRDA:115,12,0,0
BRDA:115,12,1,0
BRDA:120,13,0,0
BRDA:120,13,1,0
BRDA:148,14,0,0
BRDA:148,14,1,0
BRDA:152,15,0,0
BRDA:152,15,1,0
BRF:32
BRH:0
end_of_record
TN:
SF:repositories\TeacherRepository.js
FN:12,newTeacher
FN:32,(anonymous_1)
FN:39,(anonymous_2)
FN:40,(anonymous_3)
FN:60,(anonymous_4)
FN:67,(anonymous_5)
FN:68,(anonymous_6)
FN:96,(anonymous_7)
FN:115,(anonymous_8)
FN:116,(anonymous_9)
FN:133,(anonymous_10)
FN:139,(anonymous_11)
FN:140,(anonymous_12)
FN:158,(anonymous_13)
FNF:14
FNH:6
FNDA:0,newTeacher
FNDA:10,(anonymous_1)
FNDA:10,(anonymous_2)
FNDA:10,(anonymous_3)
FNDA:1,(anonymous_4)
FNDA:1,(anonymous_5)
FNDA:1,(anonymous_6)
FNDA:0,(anonymous_7)
FNDA:0,(anonymous_8)
FNDA:0,(anonymous_9)
FNDA:0,(anonymous_10)
FNDA:0,(anonymous_11)
FNDA:0,(anonymous_12)
FNDA:0,(anonymous_13)
DA:3,7
DA:4,7
DA:6,7
DA:13,0
DA:32,7
DA:33,10
DA:34,0
DA:37,10
DA:39,10
DA:40,10
DA:41,10
DA:42,0
DA:43,0
DA:46,10
DA:47,10
DA:49,0
DA:60,7
DA:61,1
DA:62,0
DA:65,1
DA:67,1
DA:68,1
DA:69,1
DA:70,0
DA:71,0
DA:74,1
DA:75,1
DA:77,0
DA:96,7
DA:97,0
DA:98,0
DA:101,0
DA:102,0
DA:104,0
DA:105,0
DA:106,0
DA:107,0
DA:108,0
DA:109,0
DA:110,0
DA:112,0
DA:115,0
DA:116,0
DA:117,0
DA:118,0
DA:119,0
DA:121,0
DA:133,7
DA:134,0
DA:135,0
DA:137,0
DA:139,0
DA:140,0
DA:141,0
DA:142,0
DA:143,0
DA:146,0
DA:158,7
DA:159,0
LF:59
LH:22
BRDA:33,0,0,0
BRDA:33,0,1,10
BRDA:33,1,0,10
BRDA:33,1,1,10
BRDA:41,2,0,0
BRDA:41,2,1,10
BRDA:46,3,0,10
BRDA:46,3,1,0
BRDA:61,4,0,0
BRDA:61,4,1,1
BRDA:69,5,0,0
BRDA:69,5,1,1
BRDA:74,6,0,1
BRDA:74,6,1,0
BRDA:97,7,0,0
BRDA:97,7,1,0
BRDA:104,8,0,0
BRDA:104,8,1,0
BRDA:104,9,0,0
BRDA:104,9,1,0
BRDA:108,10,0,0
BRDA:108,10,1,0
BRDA:117,11,0,0
BRDA:117,11,1,0
BRDA:134,12,0,0
BRDA:134,12,1,0
BRDA:134,13,0,0
BRDA:134,13,1,0
BRDA:141,14,0,0
BRDA:141,14,1,0
BRF:30
BRH:8
end_of_record
TN:
SF:repositories\ThesisRepository.js
FN:9,newThesis
FN:36,(anonymous_1)
FN:43,(anonymous_2)
FN:44,(anonymous_3)
FN:62,(anonymous_4)
FN:69,(anonymous_5)
FN:70,(anonymous_6)
FN:87,(anonymous_7)
FN:94,(anonymous_8)
FN:95,(anonymous_9)
FN:130,(anonymous_10)
FN:139,(anonymous_11)
FN:140,(anonymous_12)
FN:146,(anonymous_13)
FN:157,(anonymous_14)
FN:165,(anonymous_15)
FN:166,(anonymous_16)
FN:172,(anonymous_17)
FN:198,(anonymous_18)
FN:202,(anonymous_19)
FN:203,(anonymous_20)
FN:224,(anonymous_21)
FN:235,(anonymous_22)
FN:236,(anonymous_23)
FN:259,(anonymous_24)
FN:267,(anonymous_25)
FN:268,(anonymous_26)
FN:281,transformOrder
FN:349,sqlQueryCreator
FN:369,(anonymous_29)
FN:370,(anonymous_30)
FN:376,(anonymous_31)
FN:403,(anonymous_32)
FN:406,(anonymous_33)
FN:407,(anonymous_34)
FN:412,(anonymous_35)
FN:421,(anonymous_36)
FN:424,(anonymous_37)
FN:425,(anonymous_38)
FN:430,(anonymous_39)
FN:439,(anonymous_40)
FN:440,(anonymous_41)
FN:443,(anonymous_42)
FN:444,(anonymous_43)
FN:450,(anonymous_44)
FN:460,(anonymous_45)
FN:461,(anonymous_46)
FN:464,(anonymous_47)
FN:465,(anonymous_48)
FN:471,(anonymous_49)
FNF:50
FNH:24
FNDA:11,newThesis
FNDA:1,(anonymous_1)
FNDA:1,(anonymous_2)
FNDA:1,(anonymous_3)
FNDA:0,(anonymous_4)
FNDA:0,(anonymous_5)
FNDA:0,(anonymous_6)
FNDA:1,(anonymous_7)
FNDA:1,(anonymous_8)
FNDA:1,(anonymous_9)
FNDA:7,(anonymous_10)
FNDA:7,(anonymous_11)
FNDA:7,(anonymous_12)
FNDA:10,(anonymous_13)
FNDA:0,(anonymous_14)
FNDA:0,(anonymous_15)
FNDA:0,(anonymous_16)
FNDA:0,(anonymous_17)
FNDA:1,(anonymous_18)
FNDA:1,(anonymous_19)
FNDA:1,(anonymous_20)
FNDA:2,(anonymous_21)
FNDA:2,(anonymous_22)
FNDA:2,(anonymous_23)
FNDA:7,(anonymous_24)
FNDA:7,(anonymous_25)
FNDA:7,(anonymous_26)
FNDA:14,transformOrder
FNDA:14,sqlQueryCreator
FNDA:22,(anonymous_29)
FNDA:140,(anonymous_30)
FNDA:0,(anonymous_31)
FNDA:0,(anonymous_32)
FNDA:0,(anonymous_33)
FNDA:0,(anonymous_34)
FNDA:0,(anonymous_35)
FNDA:0,(anonymous_36)
FNDA:0,(anonymous_37)
FNDA:0,(anonymous_38)
FNDA:0,(anonymous_39)
FNDA:0,(anonymous_40)
FNDA:0,(anonymous_41)
FNDA:0,(anonymous_42)
FNDA:0,(anonymous_43)
FNDA:0,(anonymous_44)
FNDA:0,(anonymous_45)
FNDA:0,(anonymous_46)
FNDA:0,(anonymous_47)
FNDA:0,(anonymous_48)
FNDA:0,(anonymous_49)
DA:3,7
DA:10,11
DA:36,7
DA:37,1
DA:38,0
DA:41,1
DA:43,1
DA:44,1
DA:45,1
DA:46,0
DA:47,0
DA:50,1
DA:62,7
DA:63,0
DA:64,0
DA:67,0
DA:69,0
DA:70,0
DA:71,0
DA:72,0
DA:73,0
DA:76,0
DA:87,7
DA:88,1
DA:89,0
DA:92,1
DA:94,1
DA:95,1
DA:96,1
DA:97,0
DA:98,0
DA:101,1
DA:102,1
DA:104,0
DA:130,7
DA:131,7
DA:132,0
DA:135,7
DA:136,7
DA:137,7
DA:139,7
DA:140,7
DA:141,7
DA:142,0
DA:143,0
DA:146,10
DA:147,7
DA:157,7
DA:158,0
DA:159,0
DA:162,0
DA:163,0
DA:165,0
DA:166,0
DA:167,0
DA:168,0
DA:169,0
DA:172,0
DA:173,0
DA:198,7
DA:200,1
DA:202,1
DA:203,1
DA:204,1
DA:205,0
DA:206,0
DA:209,1
DA:210,0
DA:211,0
DA:213,1
DA:224,7
DA:225,2
DA:226,0
DA:230,2
DA:231,2
DA:233,0
DA:235,2
DA:236,2
DA:237,2
DA:238,0
DA:239,0
DA:241,2
DA:242,1
DA:243,1
DA:246,1
DA:259,7
DA:260,7
DA:262,7
DA:263,7
DA:264,7
DA:266,7
DA:267,7
DA:268,7
DA:269,7
DA:270,0
DA:271,0
DA:274,7
DA:282,14
DA:284,14
DA:286,0
DA:288,0
DA:290,0
DA:292,0
DA:294,0
DA:296,0
DA:298,0
DA:300,0
DA:302,0
DA:304,0
DA:306,0
DA:308,0
DA:310,0
DA:312,0
DA:314,0
DA:316,0
DA:318,0
DA:320,0
DA:322,0
DA:324,0
DA:350,14
DA:351,14
DA:352,14
DA:354,14
DA:356,14
DA:357,14
DA:369,22
DA:370,14
DA:371,140
DA:372,140
DA:373,22
DA:374,0
DA:375,0
DA:376,0
DA:377,0
DA:378,0
DA:380,0
DA:382,22
DA:383,22
DA:389,14
DA:390,14
DA:392,14
DA:397,7
DA:398,7
DA:403,7
DA:404,0
DA:406,0
DA:407,0
DA:408,0
DA:409,0
DA:410,0
DA:411,0
DA:412,0
DA:421,7
DA:422,0
DA:424,0
DA:425,0
DA:426,0
DA:427,0
DA:428,0
DA:429,0
DA:430,0
DA:439,7
DA:440,0
DA:441,0
DA:443,0
DA:444,0
DA:445,0
DA:446,0
DA:448,0
DA:450,0
DA:460,7
DA:461,0
DA:462,0
DA:464,0
DA:465,0
DA:466,0
DA:467,0
DA:469,0
DA:471,0
LF:179
LH:81
BRDA:37,0,0,0
BRDA:37,0,1,1
BRDA:37,1,0,1
BRDA:37,1,1,1
BRDA:37,1,2,1
BRDA:37,1,3,1
BRDA:37,1,4,1
BRDA:37,1,5,1
BRDA:37,1,6,1
BRDA:37,1,7,1
BRDA:37,1,8,1
BRDA:37,1,9,1
BRDA:37,1,10,1
BRDA:37,1,11,1
BRDA:37,1,12,1
BRDA:45,2,0,0
BRDA:45,2,1,1
BRDA:63,3,0,0
BRDA:63,3,1,0
BRDA:63,4,0,0
BRDA:63,4,1,0
BRDA:71,5,0,0
BRDA:71,5,1,0
BRDA:88,6,0,0
BRDA:88,6,1,1
BRDA:88,7,0,1
BRDA:88,7,1,1
BRDA:96,8,0,0
BRDA:96,8,1,1
BRDA:101,9,0,1
BRDA:101,9,1,0
BRDA:131,10,0,0
BRDA:131,10,1,7
BRDA:131,11,0,7
BRDA:131,11,1,7
BRDA:131,11,2,7
BRDA:141,12,0,0
BRDA:141,12,1,7
BRDA:158,13,0,0
BRDA:158,13,1,0
BRDA:158,14,0,0
BRDA:158,14,1,0
BRDA:167,15,0,0
BRDA:167,15,1,0
BRDA:204,16,0,0
BRDA:204,16,1,1
BRDA:209,17,0,0
BRDA:209,17,1,1
BRDA:225,18,0,0
BRDA:225,18,1,2
BRDA:225,19,0,2
BRDA:225,19,1,2
BRDA:225,19,2,2
BRDA:225,19,3,2
BRDA:225,19,4,2
BRDA:230,20,0,2
BRDA:230,20,1,0
BRDA:237,21,0,0
BRDA:237,21,1,2
BRDA:241,22,0,1
BRDA:241,22,1,1
BRDA:269,23,0,0
BRDA:269,23,1,7
BRDA:274,24,0,7
BRDA:274,24,1,0
BRDA:282,25,0,14
BRDA:282,25,1,0
BRDA:282,25,2,0
BRDA:282,25,3,0
BRDA:282,25,4,0
BRDA:282,25,5,0
BRDA:282,25,6,0
BRDA:282,25,7,0
BRDA:282,25,8,0
BRDA:282,25,9,0
BRDA:282,25,10,0
BRDA:282,25,11,0
BRDA:282,25,12,0
BRDA:282,25,13,0
BRDA:282,25,14,0
BRDA:282,25,15,0
BRDA:282,25,16,0
BRDA:282,25,17,0
BRDA:282,25,18,0
BRDA:282,25,19,0
BRDA:282,25,20,0
BRDA:356,26,0,14
BRDA:356,26,1,0
BRDA:365,27,0,14
BRDA:365,27,1,0
BRDA:367,28,0,14
BRDA:367,28,1,0
BRDA:369,29,0,22
BRDA:369,29,1,0
BRDA:372,30,0,22
BRDA:372,30,1,118
BRDA:373,31,0,0
BRDA:373,31,1,22
BRDA:373,32,0,22
BRDA:373,32,1,0
BRDA:390,33,0,7
BRDA:390,33,1,7
BRDA:390,34,0,14
BRDA:390,34,1,7
BRDA:408,35,0,0
BRDA:408,35,1,0
BRDA:410,36,0,0
BRDA:410,36,1,0
BRDA:426,37,0,0
BRDA:426,37,1,0
BRDA:428,38,0,0
BRDA:428,38,1,0
BRDA:445,39,0,0
BRDA:445,39,1,0
BRDA:466,40,0,0
BRDA:466,40,1,0
BRF:116
BRH:52
end_of_record
TN:
SF:repositories\db.js
FN:6,(anonymous_0)
FNF:1
FNH:1
FNDA:5,(anonymous_0)
DA:3,15
DA:5,15
DA:6,15
DA:7,5
DA:10,15
LF:5
LH:5
BRDA:6,0,0,15
BRDA:6,0,1,0
BRDA:7,1,0,0
BRDA:7,1,1,5
BRF:4
BRH:2
end_of_record
TN:
SF:services\ApplicationService.js
FN:22,(anonymous_0)
FN:23,(anonymous_1)
FN:28,(anonymous_2)
FN:34,(anonymous_3)
FN:35,(anonymous_4)
FNF:5
FNH:5
FNDA:3,(anonymous_0)
FNDA:3,(anonymous_1)
FNDA:3,(anonymous_2)
FNDA:1,(anonymous_3)
FNDA:1,(anonymous_4)
DA:2,4
DA:3,4
DA:22,4
DA:23,3
DA:25,3
DA:26,3
DA:28,3
DA:29,3
DA:30,1
DA:33,2
DA:34,1
DA:35,1
LF:12
LH:12
BRDA:29,0,0,1
BRDA:29,0,1,2
BRF:2
BRH:2
end_of_record
TN:
SF:services\CoSupervisorService.js
FN:7,(anonymous_0)
FNF:1
FNH:1
FNDA:3,(anonymous_0)
DA:2,4
DA:7,4
DA:8,3
DA:9,3
LF:4
LH:4
BRF:0
BRH:0
end_of_record
TN:
SF:services\StudentService.js
FN:27,(anonymous_0)
FNF:1
FNH:1
FNDA:3,(anonymous_0)
DA:2,4
DA:27,4
DA:28,3
DA:29,2
LF:4
LH:4
BRF:0
BRH:0
end_of_record
TN:
SF:services\TeacherService.js
FN:26,(anonymous_0)
FN:38,(anonymous_1)
FN:62,_sendRejectedEmail
FN:67,(anonymous_3)
FN:68,(anonymous_4)
FN:75,_sendCancelledEmails
FN:80,(anonymous_6)
FN:89,_sendAcceptedEmail
FN:94,(anonymous_8)
FN:95,(anonymous_9)
FN:106,(anonymous_10)
FN:116,(anonymous_11)
FNF:12
FNH:11
FNDA:4,(anonymous_0)
FNDA:5,(anonymous_1)
FNDA:10,_sendRejectedEmail
FNDA:2,(anonymous_3)
FNDA:2,(anonymous_4)
FNDA:6,_sendCancelledEmails
FNDA:2,(anonymous_6)
FNDA:6,_sendAcceptedEmail
FNDA:2,(anonymous_8)
FNDA:2,(anonymous_9)
FNDA:0,(anonymous_10)
FNDA:1,(anonymous_11)
DA:3,4
DA:4,4
DA:5,4
DA:6,4
DA:7,4
DA:26,4
DA:27,4
DA:28,4
DA:38,4
DA:39,5
DA:40,5
DA:41,1
DA:43,4
DA:44,4
DA:45,4
DA:46,1
DA:47,3
DA:48,2
DA:49,2
DA:50,1
DA:52,0
DA:53,0
DA:56,0
DA:58,0
DA:63,10
DA:67,2
DA:68,2
DA:69,2
DA:70,2
DA:71,1
DA:76,6
DA:80,2
DA:81,2
DA:82,2
DA:83,3
DA:85,1
DA:90,6
DA:94,2
DA:95,2
DA:96,2
DA:97,2
DA:98,1
DA:106,4
DA:107,0
DA:108,0
DA:116,4
DA:117,1
DA:121,4
DA:122,4
DA:123,4
DA:124,4
LF:51
LH:45
BRDA:40,0,0,1
BRDA:40,0,1,4
BRDA:45,1,0,1
BRDA:45,1,1,3
BRDA:48,2,0,2
BRDA:48,2,1,0
BRDA:121,3,0,4
BRDA:121,3,1,0
BRF:8
BRH:6
end_of_record
TN:
SF:services\ThesisService.js
FN:27,(anonymous_0)
FN:62,(anonymous_1)
FN:71,(anonymous_2)
FN:73,(anonymous_3)
FN:77,(anonymous_4)
FN:85,(anonymous_5)
FN:87,(anonymous_6)
FN:97,(anonymous_7)
FN:106,(anonymous_8)
FN:125,(anonymous_9)
FN:161,(anonymous_10)
FN:237,(anonymous_11)
FN:268,(anonymous_12)
FNF:13
FNH:11
FNDA:15,(anonymous_0)
FNDA:11,(anonymous_1)
FNDA:0,(anonymous_2)
FNDA:1,(anonymous_3)
FNDA:12,(anonymous_4)
FNDA:0,(anonymous_5)
FNDA:4,(anonymous_6)
FNDA:9,(anonymous_7)
FNDA:11,(anonymous_8)
FNDA:1,(anonymous_9)
FNDA:11,(anonymous_10)
FNDA:4,(anonymous_11)
FNDA:5,(anonymous_12)
DA:2,4
DA:4,4
DA:5,4
DA:6,4
DA:7,4
DA:8,4
DA:9,4
DA:27,4
DA:29,15
DA:32,15
DA:33,14
DA:34,6
DA:36,14
DA:38,13
DA:43,13
DA:44,1
DA:46,12
DA:50,11
DA:51,10
DA:54,10
DA:57,9
DA:59,8
DA:62,4
DA:63,11
DA:64,8
DA:66,3
DA:70,3
DA:71,1
DA:73,2
DA:74,1
DA:77,4
DA:79,12
DA:80,4
DA:81,4
DA:82,4
DA:84,4
DA:85,1
DA:87,4
DA:88,2
DA:90,2
DA:94,9
DA:97,4
DA:98,9
DA:100,12
DA:102,11
DA:106,4
DA:107,11
DA:108,14
DA:109,13
DA:110,13
DA:111,3
DA:112,1
DA:113,0
DA:117,2
DA:125,4
DA:126,1
DA:161,4
DA:163,11
DA:164,11
DA:167,11
DA:168,9
DA:169,13
DA:170,13
DA:171,7
DA:172,7
DA:173,2
DA:178,5
DA:180,6
DA:184,9
DA:187,9
DA:188,9
DA:189,9
DA:191,9
DA:192,9
DA:193,9
DA:194,9
DA:195,9
DA:198,9
DA:213,9
DA:214,2
DA:218,7
DA:219,3
DA:220,4
DA:221,4
DA:222,0
DA:226,7
DA:227,3
DA:228,5
DA:229,5
DA:230,0
DA:234,7
DA:237,4
DA:238,4
DA:241,4
DA:243,4
DA:244,4
DA:245,4
DA:246,4
DA:247,4
DA:249,4
DA:265,4
DA:268,4
DA:269,5
DA:270,5
DA:271,2
DA:272,3
DA:273,2
LF:107
LH:104
BRDA:29,0,0,15
BRDA:29,0,1,7
BRDA:33,1,0,6
BRDA:33,1,1,8
BRDA:33,2,0,14
BRDA:33,2,1,6
BRDA:38,3,0,5
BRDA:38,3,1,8
BRDA:43,4,0,1
BRDA:43,4,1,12
BRDA:63,5,0,8
BRDA:63,5,1,3
BRDA:70,6,0,1
BRDA:70,6,1,2
BRDA:79,7,0,4
BRDA:79,7,1,8
BRDA:84,8,0,1
BRDA:84,8,1,3
BRDA:88,9,0,2
BRDA:88,9,1,0
BRDA:111,10,0,1
BRDA:111,10,1,2
BRDA:167,11,0,9
BRDA:167,11,1,2
BRDA:167,12,0,11
BRDA:167,12,1,11
BRDA:170,13,0,7
BRDA:170,13,1,6
BRDA:172,14,0,2
BRDA:172,14,1,5
BRDA:213,15,0,2
BRDA:213,15,1,7
BRDA:218,16,0,3
BRDA:218,16,1,4
BRDA:221,17,0,0
BRDA:221,17,1,4
BRDA:226,18,0,3
BRDA:226,18,1,4
BRDA:229,19,0,0
BRDA:229,19,1,5
BRDA:270,20,0,2
BRDA:270,20,1,3
BRF:42
BRH:39
end_of_record
TN:
SF:test\integration\mgmt_db.js
FN:5,(anonymous_0)
FN:163,(anonymous_1)
FN:164,(anonymous_2)
FN:166,(anonymous_3)
FN:167,(anonymous_4)
FN:168,(anonymous_5)
FN:181,(anonymous_6)
FN:185,(anonymous_7)
FN:192,(anonymous_8)
FN:193,(anonymous_9)
FN:195,(anonymous_10)
FN:196,(anonymous_11)
FN:197,(anonymous_12)
FN:210,(anonymous_13)
FN:214,(anonymous_14)
FN:222,(anonymous_15)
FN:223,(anonymous_16)
FN:225,(anonymous_17)
FN:226,(anonymous_18)
FN:227,(anonymous_19)
FN:240,(anonymous_20)
FN:244,(anonymous_21)
FN:253,(anonymous_22)
FN:256,(anonymous_23)
FN:257,(anonymous_24)
FN:267,(anonymous_25)
FN:270,(anonymous_26)
FN:271,(anonymous_27)
FN:281,(anonymous_28)
FN:284,(anonymous_29)
FN:285,(anonymous_30)
FN:295,(anonymous_31)
FN:298,(anonymous_32)
FN:299,(anonymous_33)
FN:309,(anonymous_34)
FN:312,(anonymous_35)
FN:313,(anonymous_36)
FN:323,(anonymous_37)
FN:326,(anonymous_38)
FN:327,(anonymous_39)
FN:337,(anonymous_40)
FN:340,(anonymous_41)
FN:341,(anonymous_42)
FN:351,(anonymous_43)
FN:354,(anonymous_44)
FN:355,(anonymous_45)
FN:376,(anonymous_46)
FN:380,(anonymous_47)
FN:381,(anonymous_48)
FN:399,(anonymous_49)
FN:403,(anonymous_50)
FN:404,(anonymous_51)
FN:423,(anonymous_52)
FN:429,(anonymous_53)
FN:430,(anonymous_54)
FN:448,(anonymous_55)
FN:451,(anonymous_56)
FN:452,(anonymous_57)
FN:472,(anonymous_58)
FN:474,(anonymous_59)
FN:475,(anonymous_60)
FNF:61
FNH:34
FNDA:2,(anonymous_0)
FNDA:0,(anonymous_1)
FNDA:0,(anonymous_2)
FNDA:0,(anonymous_3)
FNDA:0,(anonymous_4)
FNDA:0,(anonymous_5)
FNDA:0,(anonymous_6)
FNDA:0,(anonymous_7)
FNDA:0,(anonymous_8)
FNDA:0,(anonymous_9)
FNDA:0,(anonymous_10)
FNDA:0,(anonymous_11)
FNDA:0,(anonymous_12)
FNDA:0,(anonymous_13)
FNDA:0,(anonymous_14)
FNDA:0,(anonymous_15)
FNDA:0,(anonymous_16)
FNDA:0,(anonymous_17)
FNDA:0,(anonymous_18)
FNDA:0,(anonymous_19)
FNDA:0,(anonymous_20)
FNDA:0,(anonymous_21)
FNDA:86,(anonymous_22)
FNDA:86,(anonymous_23)
FNDA:86,(anonymous_24)
FNDA:23,(anonymous_25)
FNDA:23,(anonymous_26)
FNDA:23,(anonymous_27)
FNDA:0,(anonymous_28)
FNDA:0,(anonymous_29)
FNDA:0,(anonymous_30)
FNDA:76,(anonymous_31)
FNDA:76,(anonymous_32)
FNDA:76,(anonymous_33)
FNDA:76,(anonymous_34)
FNDA:76,(anonymous_35)
FNDA:76,(anonymous_36)
FNDA:0,(anonymous_37)
FNDA:0,(anonymous_38)
FNDA:0,(anonymous_39)
FNDA:6,(anonymous_40)
FNDA:6,(anonymous_41)
FNDA:6,(anonymous_42)
FNDA:76,(anonymous_43)
FNDA:76,(anonymous_44)
FNDA:76,(anonymous_45)
FNDA:19,(anonymous_46)
FNDA:19,(anonymous_47)
FNDA:19,(anonymous_48)
FNDA:18,(anonymous_49)
FNDA:18,(anonymous_50)
FNDA:18,(anonymous_51)
FNDA:33,(anonymous_52)
FNDA:33,(anonymous_53)
FNDA:33,(anonymous_54)
FNDA:4,(anonymous_55)
FNDA:4,(anonymous_56)
FNDA:4,(anonymous_57)
FNDA:2,(anonymous_58)
FNDA:2,(anonymous_59)
FNDA:2,(anonymous_60)
DA:3,2
DA:4,2
DA:5,2
DA:6,2
DA:15,2
DA:100,2
DA:152,2
DA:163,2
DA:164,0
DA:166,0
DA:167,0
DA:168,0
DA:169,0
DA:170,0
DA:171,0
DA:173,0
DA:174,0
DA:180,0
DA:182,0
DA:183,0
DA:186,0
DA:187,0
DA:192,2
DA:193,0
DA:195,0
DA:196,0
DA:197,0
DA:198,0
DA:199,0
DA:200,0
DA:202,0
DA:203,0
DA:209,0
DA:211,0
DA:212,0
DA:215,0
DA:216,0
DA:222,2
DA:223,0
DA:225,0
DA:226,0
DA:227,0
DA:228,0
DA:229,0
DA:230,0
DA:232,0
DA:233,0
DA:239,0
DA:241,0
DA:242,0
DA:245,0
DA:246,0
DA:253,2
DA:254,86
DA:256,86
DA:257,86
DA:258,86
DA:259,0
DA:261,86
DA:267,2
DA:268,23
DA:270,23
DA:271,23
DA:272,23
DA:273,0
DA:275,23
DA:281,2
DA:282,0
DA:284,0
DA:285,0
DA:286,0
DA:287,0
DA:289,0
DA:295,2
DA:296,76
DA:298,76
DA:299,76
DA:300,76
DA:301,0
DA:303,76
DA:309,2
DA:310,76
DA:312,76
DA:313,76
DA:314,76
DA:315,0
DA:317,76
DA:323,2
DA:324,0
DA:326,0
DA:327,0
DA:328,0
DA:329,0
DA:331,0
DA:337,2
DA:338,6
DA:340,6
DA:341,6
DA:342,6
DA:343,0
DA:345,6
DA:351,2
DA:352,76
DA:354,76
DA:355,76
DA:356,76
DA:357,0
DA:359,76
DA:376,2
DA:377,19
DA:380,19
DA:381,19
DA:382,19
DA:383,0
DA:385,19
DA:399,2
DA:400,18
DA:403,18
DA:404,18
DA:405,18
DA:406,0
DA:408,18
DA:423,2
DA:424,33
DA:429,33
DA:430,33
DA:431,33
DA:432,0
DA:434,33
DA:448,2
DA:449,4
DA:450,4
DA:451,4
DA:452,4
DA:453,4
DA:454,0
DA:456,4
DA:472,2
DA:473,2
DA:474,2
DA:475,2
DA:476,2
DA:477,0
DA:479,2
LF:144
LH:79
BRDA:6,0,0,0
BRDA:6,0,1,2
BRDA:169,1,0,0
BRDA:169,1,1,0
BRDA:198,2,0,0
BRDA:198,2,1,0
BRDA:228,3,0,0
BRDA:228,3,1,0
BRDA:258,4,0,0
BRDA:258,4,1,86
BRDA:272,5,0,0
BRDA:272,5,1,23
BRDA:286,6,0,0
BRDA:286,6,1,0
BRDA:300,7,0,0
BRDA:300,7,1,76
BRDA:314,8,0,0
BRDA:314,8,1,76
BRDA:328,9,0,0
BRDA:328,9,1,0
BRDA:342,10,0,0
BRDA:342,10,1,6
BRDA:356,11,0,0
BRDA:356,11,1,76
BRDA:382,12,0,0
BRDA:382,12,1,19
BRDA:405,13,0,0
BRDA:405,13,1,18
BRDA:431,14,0,0
BRDA:431,14,1,33
BRDA:453,15,0,0
BRDA:453,15,1,4
BRDA:476,16,0,0
BRDA:476,16,1,2
BRF:34
BRH:12
end_of_record
