{"C:\\Users\\danie\\Documents\\GitHub\\SEII_Main-Project\\server\\controllers\\ApplicationController.js": {"path":"C:\\Users\\danie\\Documents\\GitHub\\SEII_Main-Project\\server\\controllers\\ApplicationController.js","statementMap":{"0":{"start":{"line":2,"column":28},"end":{"line":2,"column":69}},"1":{"start":{"line":3,"column":23},"end":{"line":3,"column":60}},"2":{"start":{"line":4,"column":23},"end":{"line":4,"column":60}},"3":{"start":{"line":5,"column":26},"end":{"line":5,"column":70}},"4":{"start":{"line":6,"column":26},"end":{"line":6,"column":70}},"5":{"start":{"line":7,"column":19},"end":{"line":7,"column":40}},"6":{"start":{"line":8,"column":30},"end":{"line":8,"column":78}},"7":{"start":{"line":46,"column":0},"end":{"line":77,"column":2}},"8":{"start":{"line":47,"column":4},"end":{"line":49,"column":5}},"9":{"start":{"line":48,"column":8},"end":{"line":48,"column":120}},"10":{"start":{"line":50,"column":4},"end":{"line":76,"column":5}},"11":{"start":{"line":51,"column":8},"end":{"line":54,"column":9}},"12":{"start":{"line":52,"column":12},"end":{"line":52,"column":83}},"13":{"start":{"line":53,"column":12},"end":{"line":53,"column":18}},"14":{"start":{"line":55,"column":8},"end":{"line":62,"column":15}},"15":{"start":{"line":58,"column":16},"end":{"line":58,"column":46}},"16":{"start":{"line":61,"column":14},"end":{"line":61,"column":45}},"17":{"start":{"line":63,"column":10},"end":{"line":76,"column":5}},"18":{"start":{"line":64,"column":8},"end":{"line":67,"column":9}},"19":{"start":{"line":65,"column":10},"end":{"line":65,"column":78}},"20":{"start":{"line":66,"column":10},"end":{"line":66,"column":16}},"21":{"start":{"line":68,"column":8},"end":{"line":75,"column":15}},"22":{"start":{"line":71,"column":16},"end":{"line":71,"column":46}},"23":{"start":{"line":74,"column":16},"end":{"line":74,"column":47}},"24":{"start":{"line":79,"column":0},"end":{"line":109,"column":2}},"25":{"start":{"line":80,"column":4},"end":{"line":83,"column":5}},"26":{"start":{"line":81,"column":8},"end":{"line":81,"column":77}},"27":{"start":{"line":82,"column":8},"end":{"line":82,"column":15}},"28":{"start":{"line":84,"column":4},"end":{"line":87,"column":5}},"29":{"start":{"line":85,"column":8},"end":{"line":85,"column":68}},"30":{"start":{"line":86,"column":8},"end":{"line":86,"column":15}},"31":{"start":{"line":88,"column":4},"end":{"line":91,"column":5}},"32":{"start":{"line":89,"column":8},"end":{"line":89,"column":61}},"33":{"start":{"line":90,"column":8},"end":{"line":90,"column":15}},"34":{"start":{"line":92,"column":4},"end":{"line":95,"column":5}},"35":{"start":{"line":93,"column":8},"end":{"line":93,"column":82}},"36":{"start":{"line":94,"column":8},"end":{"line":94,"column":15}},"37":{"start":{"line":96,"column":4},"end":{"line":108,"column":5}},"38":{"start":{"line":97,"column":8},"end":{"line":104,"column":15}},"39":{"start":{"line":100,"column":16},"end":{"line":100,"column":47}},"40":{"start":{"line":103,"column":16},"end":{"line":103,"column":47}},"41":{"start":{"line":107,"column":8},"end":{"line":107,"column":71}},"42":{"start":{"line":117,"column":0},"end":{"line":161,"column":2}},"43":{"start":{"line":118,"column":2},"end":{"line":121,"column":3}},"44":{"start":{"line":119,"column":4},"end":{"line":119,"column":73}},"45":{"start":{"line":120,"column":4},"end":{"line":120,"column":11}},"46":{"start":{"line":122,"column":2},"end":{"line":125,"column":3}},"47":{"start":{"line":123,"column":4},"end":{"line":123,"column":57}},"48":{"start":{"line":124,"column":4},"end":{"line":124,"column":11}},"49":{"start":{"line":126,"column":19},"end":{"line":126,"column":80}},"50":{"start":{"line":127,"column":2},"end":{"line":130,"column":3}},"51":{"start":{"line":128,"column":4},"end":{"line":128,"column":86}},"52":{"start":{"line":129,"column":4},"end":{"line":129,"column":11}},"53":{"start":{"line":131,"column":23},"end":{"line":131,"column":84}},"54":{"start":{"line":132,"column":2},"end":{"line":135,"column":3}},"55":{"start":{"line":133,"column":4},"end":{"line":133,"column":62}},"56":{"start":{"line":134,"column":4},"end":{"line":134,"column":11}},"57":{"start":{"line":136,"column":2},"end":{"line":160,"column":3}},"58":{"start":{"line":138,"column":17},"end":{"line":138,"column":46}},"59":{"start":{"line":140,"column":4},"end":{"line":157,"column":6}},"60":{"start":{"line":141,"column":6},"end":{"line":144,"column":7}},"61":{"start":{"line":142,"column":8},"end":{"line":142,"column":60}},"62":{"start":{"line":143,"column":8},"end":{"line":143,"column":15}},"63":{"start":{"line":145,"column":6},"end":{"line":148,"column":7}},"64":{"start":{"line":146,"column":8},"end":{"line":146,"column":70}},"65":{"start":{"line":147,"column":8},"end":{"line":147,"column":15}},"66":{"start":{"line":149,"column":19},"end":{"line":149,"column":30}},"67":{"start":{"line":150,"column":6},"end":{"line":156,"column":11}},"68":{"start":{"line":152,"column":10},"end":{"line":152,"column":41}},"69":{"start":{"line":155,"column":10},"end":{"line":155,"column":41}},"70":{"start":{"line":159,"column":4},"end":{"line":159,"column":69}}},"fnMap":{"0":{"name":"listApplication","decl":{"start":{"line":46,"column":35},"end":{"line":46,"column":50}},"loc":{"start":{"line":46,"column":61},"end":{"line":77,"column":1}},"line":46},"1":{"name":"(anonymous_1)","decl":{"start":{"line":57,"column":18},"end":{"line":57,"column":19}},"loc":{"start":{"line":57,"column":38},"end":{"line":59,"column":13}},"line":57},"2":{"name":"(anonymous_2)","decl":{"start":{"line":60,"column":19},"end":{"line":60,"column":20}},"loc":{"start":{"line":60,"column":39},"end":{"line":62,"column":13}},"line":60},"3":{"name":"(anonymous_3)","decl":{"start":{"line":70,"column":18},"end":{"line":70,"column":19}},"loc":{"start":{"line":70,"column":38},"end":{"line":72,"column":13}},"line":70},"4":{"name":"(anonymous_4)","decl":{"start":{"line":73,"column":19},"end":{"line":73,"column":20}},"loc":{"start":{"line":73,"column":39},"end":{"line":75,"column":13}},"line":73},"5":{"name":"acceptApplication","decl":{"start":{"line":79,"column":37},"end":{"line":79,"column":54}},"loc":{"start":{"line":79,"column":65},"end":{"line":109,"column":1}},"line":79},"6":{"name":"(anonymous_6)","decl":{"start":{"line":99,"column":18},"end":{"line":99,"column":19}},"loc":{"start":{"line":99,"column":38},"end":{"line":101,"column":13}},"line":99},"7":{"name":"(anonymous_7)","decl":{"start":{"line":102,"column":19},"end":{"line":102,"column":20}},"loc":{"start":{"line":102,"column":39},"end":{"line":104,"column":13}},"line":102},"8":{"name":"(anonymous_8)","decl":{"start":{"line":117,"column":27},"end":{"line":117,"column":28}},"loc":{"start":{"line":117,"column":53},"end":{"line":161,"column":1}},"line":117},"9":{"name":"(anonymous_9)","decl":{"start":{"line":140,"column":20},"end":{"line":140,"column":21}},"loc":{"start":{"line":140,"column":50},"end":{"line":157,"column":5}},"line":140},"10":{"name":"(anonymous_10)","decl":{"start":{"line":151,"column":14},"end":{"line":151,"column":15}},"loc":{"start":{"line":151,"column":34},"end":{"line":153,"column":9}},"line":151},"11":{"name":"(anonymous_11)","decl":{"start":{"line":154,"column":15},"end":{"line":154,"column":16}},"loc":{"start":{"line":154,"column":35},"end":{"line":156,"column":9}},"line":154}},"branchMap":{"0":{"loc":{"start":{"line":47,"column":4},"end":{"line":49,"column":5}},"type":"if","locations":[{"start":{"line":47,"column":4},"end":{"line":49,"column":5}},{"start":{},"end":{}}],"line":47},"1":{"loc":{"start":{"line":47,"column":8},"end":{"line":47,"column":64}},"type":"binary-expr","locations":[{"start":{"line":47,"column":8},"end":{"line":47,"column":34}},{"start":{"line":47,"column":38},"end":{"line":47,"column":64}}],"line":47},"2":{"loc":{"start":{"line":50,"column":4},"end":{"line":76,"column":5}},"type":"if","locations":[{"start":{"line":50,"column":4},"end":{"line":76,"column":5}},{"start":{"line":63,"column":10},"end":{"line":76,"column":5}}],"line":50},"3":{"loc":{"start":{"line":51,"column":8},"end":{"line":54,"column":9}},"type":"if","locations":[{"start":{"line":51,"column":8},"end":{"line":54,"column":9}},{"start":{},"end":{}}],"line":51},"4":{"loc":{"start":{"line":63,"column":10},"end":{"line":76,"column":5}},"type":"if","locations":[{"start":{"line":63,"column":10},"end":{"line":76,"column":5}},{"start":{},"end":{}}],"line":63},"5":{"loc":{"start":{"line":64,"column":8},"end":{"line":67,"column":9}},"type":"if","locations":[{"start":{"line":64,"column":8},"end":{"line":67,"column":9}},{"start":{},"end":{}}],"line":64},"6":{"loc":{"start":{"line":80,"column":4},"end":{"line":83,"column":5}},"type":"if","locations":[{"start":{"line":80,"column":4},"end":{"line":83,"column":5}},{"start":{},"end":{}}],"line":80},"7":{"loc":{"start":{"line":84,"column":4},"end":{"line":87,"column":5}},"type":"if","locations":[{"start":{"line":84,"column":4},"end":{"line":87,"column":5}},{"start":{},"end":{}}],"line":84},"8":{"loc":{"start":{"line":84,"column":8},"end":{"line":84,"column":67}},"type":"binary-expr","locations":[{"start":{"line":84,"column":8},"end":{"line":84,"column":34}},{"start":{"line":84,"column":38},"end":{"line":84,"column":67}}],"line":84},"9":{"loc":{"start":{"line":88,"column":4},"end":{"line":91,"column":5}},"type":"if","locations":[{"start":{"line":88,"column":4},"end":{"line":91,"column":5}},{"start":{},"end":{}}],"line":88},"10":{"loc":{"start":{"line":92,"column":4},"end":{"line":95,"column":5}},"type":"if","locations":[{"start":{"line":92,"column":4},"end":{"line":95,"column":5}},{"start":{},"end":{}}],"line":92},"11":{"loc":{"start":{"line":96,"column":4},"end":{"line":108,"column":5}},"type":"if","locations":[{"start":{"line":96,"column":4},"end":{"line":108,"column":5}},{"start":{"line":106,"column":9},"end":{"line":108,"column":5}}],"line":96},"12":{"loc":{"start":{"line":96,"column":8},"end":{"line":96,"column":52}},"type":"binary-expr","locations":[{"start":{"line":96,"column":8},"end":{"line":96,"column":28}},{"start":{"line":96,"column":32},"end":{"line":96,"column":52}}],"line":96},"13":{"loc":{"start":{"line":118,"column":2},"end":{"line":121,"column":3}},"type":"if","locations":[{"start":{"line":118,"column":2},"end":{"line":121,"column":3}},{"start":{},"end":{}}],"line":118},"14":{"loc":{"start":{"line":122,"column":2},"end":{"line":125,"column":3}},"type":"if","locations":[{"start":{"line":122,"column":2},"end":{"line":125,"column":3}},{"start":{},"end":{}}],"line":122},"15":{"loc":{"start":{"line":127,"column":2},"end":{"line":130,"column":3}},"type":"if","locations":[{"start":{"line":127,"column":2},"end":{"line":130,"column":3}},{"start":{},"end":{}}],"line":127},"16":{"loc":{"start":{"line":132,"column":2},"end":{"line":135,"column":3}},"type":"if","locations":[{"start":{"line":132,"column":2},"end":{"line":135,"column":3}},{"start":{},"end":{}}],"line":132},"17":{"loc":{"start":{"line":136,"column":2},"end":{"line":160,"column":3}},"type":"if","locations":[{"start":{"line":136,"column":2},"end":{"line":160,"column":3}},{"start":{"line":158,"column":9},"end":{"line":160,"column":3}}],"line":136},"18":{"loc":{"start":{"line":141,"column":6},"end":{"line":144,"column":7}},"type":"if","locations":[{"start":{"line":141,"column":6},"end":{"line":144,"column":7}},{"start":{},"end":{}}],"line":141},"19":{"loc":{"start":{"line":145,"column":6},"end":{"line":148,"column":7}},"type":"if","locations":[{"start":{"line":145,"column":6},"end":{"line":148,"column":7}},{"start":{},"end":{}}],"line":145},"20":{"loc":{"start":{"line":145,"column":10},"end":{"line":145,"column":58}},"type":"binary-expr","locations":[{"start":{"line":145,"column":10},"end":{"line":145,"column":19}},{"start":{"line":145,"column":23},"end":{"line":145,"column":35}},{"start":{"line":145,"column":39},"end":{"line":145,"column":58}}],"line":145}},"s":{"0":1,"1":1,"2":1,"3":1,"4":1,"5":1,"6":1,"7":1,"8":7,"9":1,"10":6,"11":3,"12":1,"13":1,"14":2,"15":1,"16":1,"17":3,"18":3,"19":1,"20":1,"21":2,"22":1,"23":1,"24":1,"25":8,"26":1,"27":1,"28":7,"29":2,"30":2,"31":5,"32":1,"33":1,"34":4,"35":1,"36":1,"37":3,"38":2,"39":1,"40":1,"41":1,"42":1,"43":11,"44":1,"45":1,"46":10,"47":1,"48":1,"49":9,"50":9,"51":1,"52":1,"53":8,"54":8,"55":1,"56":1,"57":7,"58":6,"59":6,"60":6,"61":1,"62":1,"63":5,"64":2,"65":2,"66":3,"67":3,"68":1,"69":2,"70":1},"f":{"0":7,"1":1,"2":1,"3":1,"4":1,"5":8,"6":1,"7":1,"8":11,"9":6,"10":1,"11":2},"b":{"0":[1,6],"1":[7,4],"2":[3,3],"3":[1,2],"4":[3,0],"5":[1,2],"6":[1,7],"7":[2,5],"8":[7,6],"9":[1,4],"10":[1,3],"11":[2,1],"12":[3,1],"13":[1,10],"14":[1,9],"15":[1,8],"16":[1,7],"17":[6,1],"18":[1,5],"19":[2,3],"20":[5,4,4]},"_coverageSchema":"1a1c01bbd47fc00a2c39e90264f33305004495a9","hash":"6ef4d3ecd009ec9de0130881277f4f0b65d3ffd9"}
,"C:\\Users\\danie\\Documents\\GitHub\\SEII_Main-Project\\server\\controllers\\CoSupervisorController.js": {"path":"C:\\Users\\danie\\Documents\\GitHub\\SEII_Main-Project\\server\\controllers\\CoSupervisorController.js","statementMap":{"0":{"start":{"line":2,"column":28},"end":{"line":2,"column":70}},"1":{"start":{"line":4,"column":0},"end":{"line":15,"column":4}},"2":{"start":{"line":5,"column":2},"end":{"line":8,"column":3}},"3":{"start":{"line":6,"column":4},"end":{"line":6,"column":75}},"4":{"start":{"line":7,"column":4},"end":{"line":7,"column":11}},"5":{"start":{"line":9,"column":2},"end":{"line":14,"column":3}},"6":{"start":{"line":10,"column":19},"end":{"line":10,"column":79}},"7":{"start":{"line":11,"column":4},"end":{"line":11,"column":38}},"8":{"start":{"line":13,"column":4},"end":{"line":13,"column":60}}},"fnMap":{"0":{"name":"(anonymous_0)","decl":{"start":{"line":4,"column":36},"end":{"line":4,"column":37}},"loc":{"start":{"line":4,"column":62},"end":{"line":15,"column":3}},"line":4}},"branchMap":{"0":{"loc":{"start":{"line":5,"column":2},"end":{"line":8,"column":3}},"type":"if","locations":[{"start":{"line":5,"column":2},"end":{"line":8,"column":3}},{"start":{},"end":{}}],"line":5}},"s":{"0":1,"1":1,"2":3,"3":1,"4":1,"5":2,"6":2,"7":1,"8":1},"f":{"0":3},"b":{"0":[1,2]},"_coverageSchema":"1a1c01bbd47fc00a2c39e90264f33305004495a9","hash":"f9829e1f246e4deb568dbf094ad466c38d069d37"}
,"C:\\Users\\danie\\Documents\\GitHub\\SEII_Main-Project\\server\\controllers\\ThesisController.js": {"path":"C:\\Users\\danie\\Documents\\GitHub\\SEII_Main-Project\\server\\controllers\\ThesisController.js","statementMap":{"0":{"start":{"line":3,"column":22},"end":{"line":3,"column":58}},"1":{"start":{"line":34,"column":28},"end":{"line":34,"column":72}},"2":{"start":{"line":35,"column":0},"end":{"line":78,"column":2}},"3":{"start":{"line":36,"column":2},"end":{"line":77,"column":3}},"4":{"start":{"line":38,"column":4},"end":{"line":38,"column":52}},"5":{"start":{"line":38,"column":29},"end":{"line":38,"column":49}},"6":{"start":{"line":40,"column":4},"end":{"line":43,"column":5}},"7":{"start":{"line":41,"column":6},"end":{"line":41,"column":73}},"8":{"start":{"line":42,"column":6},"end":{"line":42,"column":13}},"9":{"start":{"line":45,"column":18},"end":{"line":45,"column":62}},"10":{"start":{"line":47,"column":4},"end":{"line":61,"column":7}},"11":{"start":{"line":49,"column":20},"end":{"line":49,"column":31}},"12":{"start":{"line":50,"column":8},"end":{"line":50,"column":31}},"13":{"start":{"line":51,"column":8},"end":{"line":57,"column":11}},"14":{"start":{"line":52,"column":10},"end":{"line":52,"column":72}},"15":{"start":{"line":53,"column":10},"end":{"line":56,"column":15}},"16":{"start":{"line":54,"column":12},"end":{"line":56,"column":15}},"17":{"start":{"line":55,"column":14},"end":{"line":55,"column":52}},"18":{"start":{"line":58,"column":8},"end":{"line":58,"column":65}},"19":{"start":{"line":60,"column":6},"end":{"line":60,"column":29}},"20":{"start":{"line":62,"column":8},"end":{"line":77,"column":3}},"21":{"start":{"line":63,"column":22},"end":{"line":63,"column":38}},"22":{"start":{"line":64,"column":4},"end":{"line":67,"column":5}},"23":{"start":{"line":65,"column":6},"end":{"line":65,"column":58}},"24":{"start":{"line":68,"column":4},"end":{"line":74,"column":6}},"25":{"start":{"line":70,"column":6},"end":{"line":70,"column":58}},"26":{"start":{"line":73,"column":6},"end":{"line":73,"column":37}},"27":{"start":{"line":76,"column":4},"end":{"line":76,"column":88}},"28":{"start":{"line":88,"column":0},"end":{"line":119,"column":2}},"29":{"start":{"line":89,"column":2},"end":{"line":92,"column":3}},"30":{"start":{"line":90,"column":4},"end":{"line":90,"column":71}},"31":{"start":{"line":91,"column":4},"end":{"line":91,"column":11}},"32":{"start":{"line":94,"column":2},"end":{"line":97,"column":3}},"33":{"start":{"line":95,"column":4},"end":{"line":95,"column":57}},"34":{"start":{"line":96,"column":4},"end":{"line":96,"column":11}},"35":{"start":{"line":99,"column":2},"end":{"line":102,"column":3}},"36":{"start":{"line":100,"column":4},"end":{"line":100,"column":80}},"37":{"start":{"line":101,"column":4},"end":{"line":101,"column":11}},"38":{"start":{"line":104,"column":2},"end":{"line":107,"column":23}},"39":{"start":{"line":105,"column":4},"end":{"line":105,"column":23}},"40":{"start":{"line":107,"column":4},"end":{"line":107,"column":23}},"41":{"start":{"line":109,"column":2},"end":{"line":109,"column":35}},"42":{"start":{"line":110,"column":19},"end":{"line":110,"column":58}},"43":{"start":{"line":111,"column":2},"end":{"line":118,"column":3}},"44":{"start":{"line":112,"column":4},"end":{"line":112,"column":39}},"45":{"start":{"line":113,"column":4},"end":{"line":113,"column":11}},"46":{"start":{"line":116,"column":4},"end":{"line":116,"column":35}},"47":{"start":{"line":117,"column":4},"end":{"line":117,"column":11}},"48":{"start":{"line":121,"column":0},"end":{"line":150,"column":2}},"49":{"start":{"line":122,"column":2},"end":{"line":125,"column":3}},"50":{"start":{"line":123,"column":4},"end":{"line":123,"column":70}},"51":{"start":{"line":124,"column":4},"end":{"line":124,"column":11}},"52":{"start":{"line":126,"column":2},"end":{"line":129,"column":3}},"53":{"start":{"line":127,"column":4},"end":{"line":127,"column":61}},"54":{"start":{"line":128,"column":4},"end":{"line":128,"column":10}},"55":{"start":{"line":130,"column":2},"end":{"line":133,"column":23}},"56":{"start":{"line":131,"column":4},"end":{"line":131,"column":23}},"57":{"start":{"line":133,"column":4},"end":{"line":133,"column":23}},"58":{"start":{"line":135,"column":2},"end":{"line":135,"column":35}},"59":{"start":{"line":137,"column":2},"end":{"line":140,"column":3}},"60":{"start":{"line":138,"column":4},"end":{"line":138,"column":80}},"61":{"start":{"line":139,"column":4},"end":{"line":139,"column":11}},"62":{"start":{"line":143,"column":19},"end":{"line":143,"column":76}},"63":{"start":{"line":145,"column":2},"end":{"line":149,"column":3}},"64":{"start":{"line":146,"column":4},"end":{"line":146,"column":55}},"65":{"start":{"line":148,"column":4},"end":{"line":148,"column":35}}},"fnMap":{"0":{"name":"searchThesis","decl":{"start":{"line":35,"column":32},"end":{"line":35,"column":44}},"loc":{"start":{"line":35,"column":65},"end":{"line":78,"column":1}},"line":35},"1":{"name":"(anonymous_1)","decl":{"start":{"line":38,"column":23},"end":{"line":38,"column":24}},"loc":{"start":{"line":38,"column":28},"end":{"line":38,"column":50}},"line":38},"2":{"name":"(anonymous_2)","decl":{"start":{"line":48,"column":12},"end":{"line":48,"column":13}},"loc":{"start":{"line":48,"column":32},"end":{"line":59,"column":5}},"line":48},"3":{"name":"(anonymous_3)","decl":{"start":{"line":51,"column":25},"end":{"line":51,"column":26}},"loc":{"start":{"line":51,"column":32},"end":{"line":57,"column":9}},"line":51},"4":{"name":"(anonymous_4)","decl":{"start":{"line":54,"column":36},"end":{"line":54,"column":37}},"loc":{"start":{"line":54,"column":54},"end":{"line":56,"column":13}},"line":54},"5":{"name":"(anonymous_5)","decl":{"start":{"line":59,"column":13},"end":{"line":59,"column":14}},"loc":{"start":{"line":59,"column":16},"end":{"line":61,"column":5}},"line":59},"6":{"name":"(anonymous_6)","decl":{"start":{"line":69,"column":10},"end":{"line":69,"column":11}},"loc":{"start":{"line":69,"column":20},"end":{"line":71,"column":5}},"line":69},"7":{"name":"(anonymous_7)","decl":{"start":{"line":72,"column":11},"end":{"line":72,"column":12}},"loc":{"start":{"line":72,"column":21},"end":{"line":74,"column":5}},"line":72},"8":{"name":"addThesis","decl":{"start":{"line":88,"column":35},"end":{"line":88,"column":44}},"loc":{"start":{"line":88,"column":65},"end":{"line":119,"column":1}},"line":88},"9":{"name":"updateThesis","decl":{"start":{"line":121,"column":38},"end":{"line":121,"column":50}},"loc":{"start":{"line":121,"column":71},"end":{"line":150,"column":1}},"line":121}},"branchMap":{"0":{"loc":{"start":{"line":36,"column":2},"end":{"line":77,"column":3}},"type":"if","locations":[{"start":{"line":36,"column":2},"end":{"line":77,"column":3}},{"start":{"line":62,"column":8},"end":{"line":77,"column":3}}],"line":36},"1":{"loc":{"start":{"line":40,"column":4},"end":{"line":43,"column":5}},"type":"if","locations":[{"start":{"line":40,"column":4},"end":{"line":43,"column":5}},{"start":{},"end":{}}],"line":40},"2":{"loc":{"start":{"line":45,"column":18},"end":{"line":45,"column":62}},"type":"cond-expr","locations":[{"start":{"line":45,"column":36},"end":{"line":45,"column":51}},{"start":{"line":45,"column":54},"end":{"line":45,"column":62}}],"line":45},"3":{"loc":{"start":{"line":53,"column":10},"end":{"line":56,"column":15}},"type":"if","locations":[{"start":{"line":53,"column":10},"end":{"line":56,"column":15}},{"start":{},"end":{}}],"line":53},"4":{"loc":{"start":{"line":62,"column":8},"end":{"line":77,"column":3}},"type":"if","locations":[{"start":{"line":62,"column":8},"end":{"line":77,"column":3}},{"start":{"line":75,"column":7},"end":{"line":77,"column":3}}],"line":62},"5":{"loc":{"start":{"line":64,"column":4},"end":{"line":67,"column":5}},"type":"if","locations":[{"start":{"line":64,"column":4},"end":{"line":67,"column":5}},{"start":{},"end":{}}],"line":64},"6":{"loc":{"start":{"line":64,"column":7},"end":{"line":64,"column":37}},"type":"binary-expr","locations":[{"start":{"line":64,"column":7},"end":{"line":64,"column":20}},{"start":{"line":64,"column":24},"end":{"line":64,"column":37}}],"line":64},"7":{"loc":{"start":{"line":89,"column":2},"end":{"line":92,"column":3}},"type":"if","locations":[{"start":{"line":89,"column":2},"end":{"line":92,"column":3}},{"start":{},"end":{}}],"line":89},"8":{"loc":{"start":{"line":94,"column":2},"end":{"line":97,"column":3}},"type":"if","locations":[{"start":{"line":94,"column":2},"end":{"line":97,"column":3}},{"start":{},"end":{}}],"line":94},"9":{"loc":{"start":{"line":99,"column":2},"end":{"line":102,"column":3}},"type":"if","locations":[{"start":{"line":99,"column":2},"end":{"line":102,"column":3}},{"start":{},"end":{}}],"line":99},"10":{"loc":{"start":{"line":104,"column":2},"end":{"line":107,"column":23}},"type":"if","locations":[{"start":{"line":104,"column":2},"end":{"line":107,"column":23}},{"start":{"line":107,"column":4},"end":{"line":107,"column":23}}],"line":104},"11":{"loc":{"start":{"line":111,"column":2},"end":{"line":118,"column":3}},"type":"if","locations":[{"start":{"line":111,"column":2},"end":{"line":118,"column":3}},{"start":{"line":115,"column":7},"end":{"line":118,"column":3}}],"line":111},"12":{"loc":{"start":{"line":122,"column":2},"end":{"line":125,"column":3}},"type":"if","locations":[{"start":{"line":122,"column":2},"end":{"line":125,"column":3}},{"start":{},"end":{}}],"line":122},"13":{"loc":{"start":{"line":126,"column":2},"end":{"line":129,"column":3}},"type":"if","locations":[{"start":{"line":126,"column":2},"end":{"line":129,"column":3}},{"start":{},"end":{}}],"line":126},"14":{"loc":{"start":{"line":130,"column":2},"end":{"line":133,"column":23}},"type":"if","locations":[{"start":{"line":130,"column":2},"end":{"line":133,"column":23}},{"start":{"line":133,"column":4},"end":{"line":133,"column":23}}],"line":130},"15":{"loc":{"start":{"line":137,"column":2},"end":{"line":140,"column":3}},"type":"if","locations":[{"start":{"line":137,"column":2},"end":{"line":140,"column":3}},{"start":{},"end":{}}],"line":137},"16":{"loc":{"start":{"line":145,"column":2},"end":{"line":149,"column":3}},"type":"if","locations":[{"start":{"line":145,"column":2},"end":{"line":149,"column":3}},{"start":{"line":147,"column":9},"end":{"line":149,"column":3}}],"line":145}},"s":{"0":1,"1":1,"2":1,"3":7,"4":3,"5":3,"6":3,"7":1,"8":1,"9":2,"10":2,"11":1,"12":1,"13":1,"14":1,"15":1,"16":1,"17":1,"18":1,"19":1,"20":4,"21":3,"22":3,"23":1,"24":3,"25":2,"26":1,"27":1,"28":1,"29":7,"30":1,"31":1,"32":6,"33":2,"34":2,"35":4,"36":1,"37":1,"38":3,"39":2,"40":1,"41":3,"42":3,"43":3,"44":1,"45":1,"46":2,"47":2,"48":1,"49":7,"50":1,"51":1,"52":6,"53":1,"54":1,"55":5,"56":4,"57":1,"58":5,"59":5,"60":1,"61":1,"62":4,"63":3,"64":1,"65":2},"f":{"0":7,"1":3,"2":1,"3":1,"4":1,"5":1,"6":2,"7":1,"8":7,"9":7},"b":{"0":[3,4],"1":[1,2],"2":[2,0],"3":[1,0],"4":[3,1],"5":[1,2],"6":[3,1],"7":[1,6],"8":[2,4],"9":[1,3],"10":[2,1],"11":[1,2],"12":[1,6],"13":[1,5],"14":[4,1],"15":[1,4],"16":[1,2]},"_coverageSchema":"1a1c01bbd47fc00a2c39e90264f33305004495a9","hash":"33aeafebb8f61b2f9c93603a7f2feb05317583f0"}
,"C:\\Users\\danie\\Documents\\GitHub\\SEII_Main-Project\\server\\email\\transporter.js": {"path":"C:\\Users\\danie\\Documents\\GitHub\\SEII_Main-Project\\server\\email\\transporter.js","statementMap":{"0":{"start":{"line":2,"column":19},"end":{"line":2,"column":40}},"1":{"start":{"line":3,"column":0},"end":{"line":3,"column":49}},"2":{"start":{"line":4,"column":20},"end":{"line":14,"column":2}},"3":{"start":{"line":16,"column":0},"end":{"line":31,"column":1}},"4":{"start":{"line":17,"column":4},"end":{"line":18,"column":43}},"5":{"start":{"line":18,"column":8},"end":{"line":18,"column":43}},"6":{"start":{"line":19,"column":4},"end":{"line":20,"column":41}},"7":{"start":{"line":20,"column":8},"end":{"line":20,"column":41}},"8":{"start":{"line":21,"column":24},"end":{"line":21,"column":51}},"9":{"start":{"line":22,"column":4},"end":{"line":30,"column":7}},"10":{"start":{"line":23,"column":8},"end":{"line":29,"column":11}},"11":{"start":{"line":24,"column":12},"end":{"line":27,"column":13}},"12":{"start":{"line":25,"column":16},"end":{"line":25,"column":49}},"13":{"start":{"line":26,"column":16},"end":{"line":26,"column":23}},"14":{"start":{"line":28,"column":12},"end":{"line":28,"column":26}},"15":{"start":{"line":34,"column":0},"end":{"line":36,"column":1}},"16":{"start":{"line":35,"column":4},"end":{"line":35,"column":45}}},"fnMap":{"0":{"name":"(anonymous_0)","decl":{"start":{"line":16,"column":20},"end":{"line":16,"column":21}},"loc":{"start":{"line":16,"column":49},"end":{"line":31,"column":1}},"line":16},"1":{"name":"(anonymous_1)","decl":{"start":{"line":22,"column":23},"end":{"line":22,"column":24}},"loc":{"start":{"line":22,"column":44},"end":{"line":30,"column":5}},"line":22},"2":{"name":"(anonymous_2)","decl":{"start":{"line":23,"column":42},"end":{"line":23,"column":43}},"loc":{"start":{"line":23,"column":59},"end":{"line":29,"column":9}},"line":23}},"branchMap":{"0":{"loc":{"start":{"line":17,"column":4},"end":{"line":18,"column":43}},"type":"if","locations":[{"start":{"line":17,"column":4},"end":{"line":18,"column":43}},{"start":{},"end":{}}],"line":17},"1":{"loc":{"start":{"line":19,"column":4},"end":{"line":20,"column":41}},"type":"if","locations":[{"start":{"line":19,"column":4},"end":{"line":20,"column":41}},{"start":{},"end":{}}],"line":19},"2":{"loc":{"start":{"line":24,"column":12},"end":{"line":27,"column":13}},"type":"if","locations":[{"start":{"line":24,"column":12},"end":{"line":27,"column":13}},{"start":{},"end":{}}],"line":24},"3":{"loc":{"start":{"line":34,"column":0},"end":{"line":36,"column":1}},"type":"if","locations":[{"start":{"line":34,"column":0},"end":{"line":36,"column":1}},{"start":{},"end":{}}],"line":34}},"s":{"0":3,"1":3,"2":3,"3":3,"4":4,"5":1,"6":3,"7":1,"8":2,"9":2,"10":2,"11":2,"12":1,"13":1,"14":1,"15":3,"16":3},"f":{"0":4,"1":2,"2":2},"b":{"0":[1,3],"1":[1,2],"2":[1,1],"3":[3,0]},"_coverageSchema":"1a1c01bbd47fc00a2c39e90264f33305004495a9","hash":"01d218ecf6ec3cdfce2eff8d903028dcbc3666cd"}
,"C:\\Users\\danie\\Documents\\GitHub\\SEII_Main-Project\\server\\repositories\\ApplicationRepository.js": {"path":"C:\\Users\\danie\\Documents\\GitHub\\SEII_Main-Project\\server\\repositories\\ApplicationRepository.js","statementMap":{"0":{"start":{"line":3,"column":14},"end":{"line":3,"column":30}},"1":{"start":{"line":5,"column":11},"end":{"line":5,"column":26}},"2":{"start":{"line":16,"column":0},"end":{"line":43,"column":2}},"3":{"start":{"line":17,"column":2},"end":{"line":19,"column":3}},"4":{"start":{"line":18,"column":4},"end":{"line":18,"column":79}},"5":{"start":{"line":20,"column":2},"end":{"line":22,"column":3}},"6":{"start":{"line":21,"column":4},"end":{"line":21,"column":42}},"7":{"start":{"line":23,"column":2},"end":{"line":42,"column":5}},"8":{"start":{"line":25,"column":24},"end":{"line":25,"column":63}},"9":{"start":{"line":26,"column":16},"end":{"line":26,"column":126}},"10":{"start":{"line":27,"column":4},"end":{"line":41,"column":7}},"11":{"start":{"line":28,"column":6},"end":{"line":40,"column":7}},"12":{"start":{"line":29,"column":8},"end":{"line":29,"column":46}},"13":{"start":{"line":32,"column":27},"end":{"line":32,"column":38}},"14":{"start":{"line":33,"column":8},"end":{"line":39,"column":11}},"15":{"start":{"line":70,"column":0},"end":{"line":107,"column":2}},"16":{"start":{"line":71,"column":25},"end":{"line":79,"column":3}},"17":{"start":{"line":80,"column":2},"end":{"line":106,"column":5}},"18":{"start":{"line":81,"column":4},"end":{"line":105,"column":7}},"19":{"start":{"line":82,"column":6},"end":{"line":104,"column":7}},"20":{"start":{"line":83,"column":8},"end":{"line":83,"column":46}},"21":{"start":{"line":85,"column":29},"end":{"line":102,"column":11}},"22":{"start":{"line":85,"column":46},"end":{"line":102,"column":9}},"23":{"start":{"line":103,"column":8},"end":{"line":103,"column":30}},"24":{"start":{"line":115,"column":0},"end":{"line":131,"column":2}},"25":{"start":{"line":116,"column":2},"end":{"line":118,"column":3}},"26":{"start":{"line":117,"column":4},"end":{"line":117,"column":73}},"27":{"start":{"line":120,"column":32},"end":{"line":120,"column":72}},"28":{"start":{"line":121,"column":2},"end":{"line":130,"column":5}},"29":{"start":{"line":122,"column":4},"end":{"line":129,"column":7}},"30":{"start":{"line":123,"column":6},"end":{"line":127,"column":7}},"31":{"start":{"line":124,"column":8},"end":{"line":124,"column":39}},"32":{"start":{"line":125,"column":8},"end":{"line":125,"column":39}},"33":{"start":{"line":126,"column":8},"end":{"line":126,"column":15}},"34":{"start":{"line":128,"column":6},"end":{"line":128,"column":19}},"35":{"start":{"line":138,"column":0},"end":{"line":152,"column":2}},"36":{"start":{"line":139,"column":2},"end":{"line":141,"column":3}},"37":{"start":{"line":140,"column":4},"end":{"line":140,"column":69}},"38":{"start":{"line":142,"column":36},"end":{"line":142,"column":111}},"39":{"start":{"line":143,"column":2},"end":{"line":151,"column":5}},"40":{"start":{"line":144,"column":4},"end":{"line":150,"column":7}},"41":{"start":{"line":145,"column":6},"end":{"line":148,"column":7}},"42":{"start":{"line":146,"column":8},"end":{"line":146,"column":39}},"43":{"start":{"line":147,"column":8},"end":{"line":147,"column":15}},"44":{"start":{"line":149,"column":6},"end":{"line":149,"column":22}},"45":{"start":{"line":171,"column":0},"end":{"line":198,"column":2}},"46":{"start":{"line":172,"column":2},"end":{"line":174,"column":3}},"47":{"start":{"line":173,"column":4},"end":{"line":173,"column":69}},"48":{"start":{"line":176,"column":37},"end":{"line":176,"column":390}},"49":{"start":{"line":178,"column":2},"end":{"line":197,"column":5}},"50":{"start":{"line":179,"column":4},"end":{"line":196,"column":7}},"51":{"start":{"line":180,"column":6},"end":{"line":183,"column":7}},"52":{"start":{"line":181,"column":8},"end":{"line":181,"column":39}},"53":{"start":{"line":182,"column":8},"end":{"line":182,"column":15}},"54":{"start":{"line":184,"column":27},"end":{"line":194,"column":9}},"55":{"start":{"line":184,"column":44},"end":{"line":194,"column":7}},"56":{"start":{"line":195,"column":6},"end":{"line":195,"column":28}},"57":{"start":{"line":209,"column":0},"end":{"line":229,"column":2}},"58":{"start":{"line":210,"column":2},"end":{"line":212,"column":3}},"59":{"start":{"line":211,"column":4},"end":{"line":211,"column":73}},"60":{"start":{"line":213,"column":2},"end":{"line":215,"column":3}},"61":{"start":{"line":214,"column":4},"end":{"line":214,"column":109}},"62":{"start":{"line":217,"column":31},"end":{"line":217,"column":79}},"63":{"start":{"line":219,"column":2},"end":{"line":228,"column":5}},"64":{"start":{"line":220,"column":4},"end":{"line":227,"column":7}},"65":{"start":{"line":221,"column":6},"end":{"line":225,"column":7}},"66":{"start":{"line":222,"column":8},"end":{"line":222,"column":39}},"67":{"start":{"line":223,"column":8},"end":{"line":223,"column":39}},"68":{"start":{"line":224,"column":8},"end":{"line":224,"column":15}},"69":{"start":{"line":226,"column":6},"end":{"line":226,"column":22}},"70":{"start":{"line":240,"column":0},"end":{"line":260,"column":2}},"71":{"start":{"line":241,"column":2},"end":{"line":243,"column":3}},"72":{"start":{"line":242,"column":4},"end":{"line":242,"column":68}},"73":{"start":{"line":244,"column":2},"end":{"line":246,"column":3}},"74":{"start":{"line":245,"column":4},"end":{"line":245,"column":69}},"75":{"start":{"line":248,"column":37},"end":{"line":248,"column":112}},"76":{"start":{"line":250,"column":2},"end":{"line":259,"column":5}},"77":{"start":{"line":251,"column":4},"end":{"line":258,"column":7}},"78":{"start":{"line":252,"column":6},"end":{"line":256,"column":7}},"79":{"start":{"line":253,"column":8},"end":{"line":253,"column":39}},"80":{"start":{"line":254,"column":8},"end":{"line":254,"column":39}},"81":{"start":{"line":255,"column":8},"end":{"line":255,"column":15}},"82":{"start":{"line":257,"column":6},"end":{"line":257,"column":22}},"83":{"start":{"line":268,"column":0},"end":{"line":279,"column":1}},"84":{"start":{"line":269,"column":23},"end":{"line":269,"column":51}},"85":{"start":{"line":269,"column":37},"end":{"line":269,"column":40}},"86":{"start":{"line":270,"column":14},"end":{"line":270,"column":101}},"87":{"start":{"line":272,"column":2},"end":{"line":278,"column":4}},"88":{"start":{"line":273,"column":4},"end":{"line":277,"column":6}},"89":{"start":{"line":274,"column":6},"end":{"line":275,"column":19}},"90":{"start":{"line":275,"column":8},"end":{"line":275,"column":19}},"91":{"start":{"line":276,"column":6},"end":{"line":276,"column":19}},"92":{"start":{"line":285,"column":0},"end":{"line":296,"column":1}},"93":{"start":{"line":286,"column":23},"end":{"line":286,"column":51}},"94":{"start":{"line":286,"column":37},"end":{"line":286,"column":40}},"95":{"start":{"line":287,"column":14},"end":{"line":287,"column":101}},"96":{"start":{"line":289,"column":2},"end":{"line":295,"column":4}},"97":{"start":{"line":290,"column":4},"end":{"line":294,"column":6}},"98":{"start":{"line":291,"column":6},"end":{"line":292,"column":19}},"99":{"start":{"line":292,"column":8},"end":{"line":292,"column":19}},"100":{"start":{"line":293,"column":6},"end":{"line":293,"column":19}}},"fnMap":{"0":{"name":"(anonymous_0)","decl":{"start":{"line":16,"column":25},"end":{"line":16,"column":26}},"loc":{"start":{"line":16,"column":72},"end":{"line":43,"column":1}},"line":16},"1":{"name":"(anonymous_1)","decl":{"start":{"line":23,"column":21},"end":{"line":23,"column":22}},"loc":{"start":{"line":23,"column":42},"end":{"line":42,"column":3}},"line":23},"2":{"name":"(anonymous_2)","decl":{"start":{"line":27,"column":77},"end":{"line":27,"column":78}},"loc":{"start":{"line":27,"column":92},"end":{"line":41,"column":5}},"line":27},"3":{"name":"(anonymous_3)","decl":{"start":{"line":70,"column":25},"end":{"line":70,"column":26}},"loc":{"start":{"line":70,"column":41},"end":{"line":107,"column":1}},"line":70},"4":{"name":"(anonymous_4)","decl":{"start":{"line":80,"column":21},"end":{"line":80,"column":22}},"loc":{"start":{"line":80,"column":42},"end":{"line":106,"column":3}},"line":80},"5":{"name":"(anonymous_5)","decl":{"start":{"line":81,"column":41},"end":{"line":81,"column":42}},"loc":{"start":{"line":81,"column":56},"end":{"line":105,"column":5}},"line":81},"6":{"name":"(anonymous_6)","decl":{"start":{"line":85,"column":38},"end":{"line":85,"column":39}},"loc":{"start":{"line":85,"column":46},"end":{"line":102,"column":9}},"line":85},"7":{"name":"(anonymous_7)","decl":{"start":{"line":115,"column":18},"end":{"line":115,"column":19}},"loc":{"start":{"line":115,"column":26},"end":{"line":131,"column":1}},"line":115},"8":{"name":"(anonymous_8)","decl":{"start":{"line":121,"column":21},"end":{"line":121,"column":22}},"loc":{"start":{"line":121,"column":42},"end":{"line":130,"column":3}},"line":121},"9":{"name":"(anonymous_9)","decl":{"start":{"line":122,"column":40},"end":{"line":122,"column":41}},"loc":{"start":{"line":122,"column":54},"end":{"line":129,"column":5}},"line":122},"10":{"name":"(anonymous_10)","decl":{"start":{"line":138,"column":31},"end":{"line":138,"column":32}},"loc":{"start":{"line":138,"column":46},"end":{"line":152,"column":1}},"line":138},"11":{"name":"(anonymous_11)","decl":{"start":{"line":143,"column":21},"end":{"line":143,"column":22}},"loc":{"start":{"line":143,"column":42},"end":{"line":151,"column":3}},"line":143},"12":{"name":"(anonymous_12)","decl":{"start":{"line":144,"column":51},"end":{"line":144,"column":52}},"loc":{"start":{"line":144,"column":68},"end":{"line":150,"column":5}},"line":144},"13":{"name":"(anonymous_13)","decl":{"start":{"line":171,"column":25},"end":{"line":171,"column":26}},"loc":{"start":{"line":171,"column":41},"end":{"line":198,"column":1}},"line":171},"14":{"name":"(anonymous_14)","decl":{"start":{"line":178,"column":21},"end":{"line":178,"column":22}},"loc":{"start":{"line":178,"column":42},"end":{"line":197,"column":3}},"line":178},"15":{"name":"(anonymous_15)","decl":{"start":{"line":179,"column":53},"end":{"line":179,"column":54}},"loc":{"start":{"line":179,"column":68},"end":{"line":196,"column":5}},"line":179},"16":{"name":"(anonymous_16)","decl":{"start":{"line":184,"column":36},"end":{"line":184,"column":37}},"loc":{"start":{"line":184,"column":44},"end":{"line":194,"column":7}},"line":184},"17":{"name":"(anonymous_17)","decl":{"start":{"line":209,"column":23},"end":{"line":209,"column":24}},"loc":{"start":{"line":209,"column":39},"end":{"line":229,"column":1}},"line":209},"18":{"name":"(anonymous_18)","decl":{"start":{"line":219,"column":21},"end":{"line":219,"column":22}},"loc":{"start":{"line":219,"column":42},"end":{"line":228,"column":3}},"line":219},"19":{"name":"(anonymous_19)","decl":{"start":{"line":220,"column":47},"end":{"line":220,"column":48}},"loc":{"start":{"line":220,"column":56},"end":{"line":227,"column":5}},"line":220},"20":{"name":"(anonymous_20)","decl":{"start":{"line":240,"column":49},"end":{"line":240,"column":50}},"loc":{"start":{"line":240,"column":76},"end":{"line":260,"column":1}},"line":240},"21":{"name":"(anonymous_21)","decl":{"start":{"line":250,"column":21},"end":{"line":250,"column":22}},"loc":{"start":{"line":250,"column":42},"end":{"line":259,"column":3}},"line":250},"22":{"name":"(anonymous_22)","decl":{"start":{"line":251,"column":64},"end":{"line":251,"column":65}},"loc":{"start":{"line":251,"column":73},"end":{"line":258,"column":5}},"line":251},"23":{"name":"(anonymous_23)","decl":{"start":{"line":268,"column":40},"end":{"line":268,"column":41}},"loc":{"start":{"line":268,"column":49},"end":{"line":279,"column":1}},"line":268},"24":{"name":"(anonymous_24)","decl":{"start":{"line":269,"column":31},"end":{"line":269,"column":32}},"loc":{"start":{"line":269,"column":37},"end":{"line":269,"column":40}},"line":269},"25":{"name":"(anonymous_25)","decl":{"start":{"line":272,"column":22},"end":{"line":272,"column":23}},"loc":{"start":{"line":272,"column":43},"end":{"line":278,"column":3}},"line":272},"26":{"name":"(anonymous_26)","decl":{"start":{"line":273,"column":21},"end":{"line":273,"column":22}},"loc":{"start":{"line":273,"column":30},"end":{"line":277,"column":5}},"line":273},"27":{"name":"(anonymous_27)","decl":{"start":{"line":285,"column":38},"end":{"line":285,"column":39}},"loc":{"start":{"line":285,"column":47},"end":{"line":296,"column":1}},"line":285},"28":{"name":"(anonymous_28)","decl":{"start":{"line":286,"column":31},"end":{"line":286,"column":32}},"loc":{"start":{"line":286,"column":37},"end":{"line":286,"column":40}},"line":286},"29":{"name":"(anonymous_29)","decl":{"start":{"line":289,"column":22},"end":{"line":289,"column":23}},"loc":{"start":{"line":289,"column":43},"end":{"line":295,"column":3}},"line":289},"30":{"name":"(anonymous_30)","decl":{"start":{"line":290,"column":21},"end":{"line":290,"column":22}},"loc":{"start":{"line":290,"column":30},"end":{"line":294,"column":5}},"line":290}},"branchMap":{"0":{"loc":{"start":{"line":17,"column":2},"end":{"line":19,"column":3}},"type":"if","locations":[{"start":{"line":17,"column":2},"end":{"line":19,"column":3}},{"start":{},"end":{}}],"line":17},"1":{"loc":{"start":{"line":17,"column":6},"end":{"line":17,"column":99}},"type":"binary-expr","locations":[{"start":{"line":17,"column":6},"end":{"line":17,"column":46}},{"start":{"line":17,"column":50},"end":{"line":17,"column":63}},{"start":{"line":17,"column":67},"end":{"line":17,"column":79}},{"start":{"line":17,"column":83},"end":{"line":17,"column":99}}],"line":17},"2":{"loc":{"start":{"line":17,"column":8},"end":{"line":17,"column":45}},"type":"binary-expr","locations":[{"start":{"line":17,"column":8},"end":{"line":17,"column":17}},{"start":{"line":17,"column":21},"end":{"line":17,"column":29}},{"start":{"line":17,"column":33},"end":{"line":17,"column":45}}],"line":17},"3":{"loc":{"start":{"line":20,"column":2},"end":{"line":22,"column":3}},"type":"if","locations":[{"start":{"line":20,"column":2},"end":{"line":22,"column":3}},{"start":{},"end":{}}],"line":20},"4":{"loc":{"start":{"line":28,"column":6},"end":{"line":40,"column":7}},"type":"if","locations":[{"start":{"line":28,"column":6},"end":{"line":40,"column":7}},{"start":{"line":30,"column":13},"end":{"line":40,"column":7}}],"line":28},"5":{"loc":{"start":{"line":82,"column":6},"end":{"line":104,"column":7}},"type":"if","locations":[{"start":{"line":82,"column":6},"end":{"line":104,"column":7}},{"start":{"line":84,"column":13},"end":{"line":104,"column":7}}],"line":82},"6":{"loc":{"start":{"line":116,"column":2},"end":{"line":118,"column":3}},"type":"if","locations":[{"start":{"line":116,"column":2},"end":{"line":118,"column":3}},{"start":{},"end":{}}],"line":116},"7":{"loc":{"start":{"line":116,"column":8},"end":{"line":116,"column":21}},"type":"binary-expr","locations":[{"start":{"line":116,"column":8},"end":{"line":116,"column":10}},{"start":{"line":116,"column":14},"end":{"line":116,"column":21}}],"line":116},"8":{"loc":{"start":{"line":123,"column":6},"end":{"line":127,"column":7}},"type":"if","locations":[{"start":{"line":123,"column":6},"end":{"line":127,"column":7}},{"start":{},"end":{}}],"line":123},"9":{"loc":{"start":{"line":139,"column":2},"end":{"line":141,"column":3}},"type":"if","locations":[{"start":{"line":139,"column":2},"end":{"line":141,"column":3}},{"start":{},"end":{}}],"line":139},"10":{"loc":{"start":{"line":139,"column":8},"end":{"line":139,"column":35}},"type":"binary-expr","locations":[{"start":{"line":139,"column":8},"end":{"line":139,"column":17}},{"start":{"line":139,"column":21},"end":{"line":139,"column":35}}],"line":139},"11":{"loc":{"start":{"line":145,"column":6},"end":{"line":148,"column":7}},"type":"if","locations":[{"start":{"line":145,"column":6},"end":{"line":148,"column":7}},{"start":{},"end":{}}],"line":145},"12":{"loc":{"start":{"line":172,"column":2},"end":{"line":174,"column":3}},"type":"if","locations":[{"start":{"line":172,"column":2},"end":{"line":174,"column":3}},{"start":{},"end":{}}],"line":172},"13":{"loc":{"start":{"line":172,"column":8},"end":{"line":172,"column":37}},"type":"binary-expr","locations":[{"start":{"line":172,"column":8},"end":{"line":172,"column":18}},{"start":{"line":172,"column":22},"end":{"line":172,"column":37}}],"line":172},"14":{"loc":{"start":{"line":180,"column":6},"end":{"line":183,"column":7}},"type":"if","locations":[{"start":{"line":180,"column":6},"end":{"line":183,"column":7}},{"start":{},"end":{}}],"line":180},"15":{"loc":{"start":{"line":210,"column":2},"end":{"line":212,"column":3}},"type":"if","locations":[{"start":{"line":210,"column":2},"end":{"line":212,"column":3}},{"start":{},"end":{}}],"line":210},"16":{"loc":{"start":{"line":210,"column":8},"end":{"line":210,"column":21}},"type":"binary-expr","locations":[{"start":{"line":210,"column":8},"end":{"line":210,"column":10}},{"start":{"line":210,"column":14},"end":{"line":210,"column":21}}],"line":210},"17":{"loc":{"start":{"line":213,"column":2},"end":{"line":215,"column":3}},"type":"if","locations":[{"start":{"line":213,"column":2},"end":{"line":215,"column":3}},{"start":{},"end":{}}],"line":213},"18":{"loc":{"start":{"line":213,"column":8},"end":{"line":213,"column":44}},"type":"binary-expr","locations":[{"start":{"line":213,"column":8},"end":{"line":213,"column":14}},{"start":{"line":213,"column":18},"end":{"line":213,"column":29}},{"start":{"line":213,"column":33},"end":{"line":213,"column":44}}],"line":213},"19":{"loc":{"start":{"line":221,"column":6},"end":{"line":225,"column":7}},"type":"if","locations":[{"start":{"line":221,"column":6},"end":{"line":225,"column":7}},{"start":{},"end":{}}],"line":221},"20":{"loc":{"start":{"line":241,"column":2},"end":{"line":243,"column":3}},"type":"if","locations":[{"start":{"line":241,"column":2},"end":{"line":243,"column":3}},{"start":{},"end":{}}],"line":241},"21":{"loc":{"start":{"line":241,"column":8},"end":{"line":241,"column":35}},"type":"binary-expr","locations":[{"start":{"line":241,"column":8},"end":{"line":241,"column":17}},{"start":{"line":241,"column":21},"end":{"line":241,"column":35}}],"line":241},"22":{"loc":{"start":{"line":244,"column":2},"end":{"line":246,"column":3}},"type":"if","locations":[{"start":{"line":244,"column":2},"end":{"line":246,"column":3}},{"start":{},"end":{}}],"line":244},"23":{"loc":{"start":{"line":244,"column":8},"end":{"line":244,"column":37}},"type":"binary-expr","locations":[{"start":{"line":244,"column":8},"end":{"line":244,"column":18}},{"start":{"line":244,"column":22},"end":{"line":244,"column":37}}],"line":244},"24":{"loc":{"start":{"line":252,"column":6},"end":{"line":256,"column":7}},"type":"if","locations":[{"start":{"line":252,"column":6},"end":{"line":256,"column":7}},{"start":{},"end":{}}],"line":252},"25":{"loc":{"start":{"line":274,"column":6},"end":{"line":275,"column":19}},"type":"if","locations":[{"start":{"line":274,"column":6},"end":{"line":275,"column":19}},{"start":{},"end":{}}],"line":274},"26":{"loc":{"start":{"line":291,"column":6},"end":{"line":292,"column":19}},"type":"if","locations":[{"start":{"line":291,"column":6},"end":{"line":292,"column":19}},{"start":{},"end":{}}],"line":291}},"s":{"0":8,"1":8,"2":8,"3":0,"4":0,"5":0,"6":0,"7":0,"8":0,"9":0,"10":0,"11":0,"12":0,"13":0,"14":0,"15":8,"16":0,"17":0,"18":0,"19":0,"20":0,"21":0,"22":0,"23":0,"24":8,"25":0,"26":0,"27":0,"28":0,"29":0,"30":0,"31":0,"32":0,"33":0,"34":0,"35":8,"36":0,"37":0,"38":0,"39":0,"40":0,"41":0,"42":0,"43":0,"44":0,"45":8,"46":0,"47":0,"48":0,"49":0,"50":0,"51":0,"52":0,"53":0,"54":0,"55":0,"56":0,"57":8,"58":0,"59":0,"60":0,"61":0,"62":0,"63":0,"64":0,"65":0,"66":0,"67":0,"68":0,"69":0,"70":8,"71":0,"72":0,"73":0,"74":0,"75":0,"76":0,"77":0,"78":0,"79":0,"80":0,"81":0,"82":0,"83":8,"84":0,"85":0,"86":0,"87":0,"88":0,"89":0,"90":0,"91":0,"92":8,"93":0,"94":0,"95":0,"96":0,"97":0,"98":0,"99":0,"100":0},"f":{"0":0,"1":0,"2":0,"3":0,"4":0,"5":0,"6":0,"7":0,"8":0,"9":0,"10":0,"11":0,"12":0,"13":0,"14":0,"15":0,"16":0,"17":0,"18":0,"19":0,"20":0,"21":0,"22":0,"23":0,"24":0,"25":0,"26":0,"27":0,"28":0,"29":0,"30":0},"b":{"0":[0,0],"1":[0,0,0,0],"2":[0,0,0],"3":[0,0],"4":[0,0],"5":[0,0],"6":[0,0],"7":[0,0],"8":[0,0],"9":[0,0],"10":[0,0],"11":[0,0],"12":[0,0],"13":[0,0],"14":[0,0],"15":[0,0],"16":[0,0],"17":[0,0],"18":[0,0,0],"19":[0,0],"20":[0,0],"21":[0,0],"22":[0,0],"23":[0,0],"24":[0,0],"25":[0,0],"26":[0,0]},"_coverageSchema":"1a1c01bbd47fc00a2c39e90264f33305004495a9","hash":"a9b5e4ec4d1e386c3c5ebaa2c1016be825a4ae0f"}
,"C:\\Users\\danie\\Documents\\GitHub\\SEII_Main-Project\\server\\repositories\\CoSupervisorRepository.js": {"path":"C:\\Users\\danie\\Documents\\GitHub\\SEII_Main-Project\\server\\repositories\\CoSupervisorRepository.js","statementMap":{"0":{"start":{"line":3,"column":11},"end":{"line":3,"column":26}},"1":{"start":{"line":14,"column":0},"end":{"line":34,"column":2}},"2":{"start":{"line":15,"column":2},"end":{"line":17,"column":3}},"3":{"start":{"line":16,"column":4},"end":{"line":16,"column":75}},"4":{"start":{"line":19,"column":35},"end":{"line":19,"column":104}},"5":{"start":{"line":20,"column":2},"end":{"line":33,"column":5}},"6":{"start":{"line":21,"column":4},"end":{"line":32,"column":7}},"7":{"start":{"line":22,"column":6},"end":{"line":25,"column":7}},"8":{"start":{"line":23,"column":8},"end":{"line":23,"column":39}},"9":{"start":{"line":24,"column":8},"end":{"line":24,"column":15}},"10":{"start":{"line":27,"column":6},"end":{"line":31,"column":7}},"11":{"start":{"line":28,"column":8},"end":{"line":28,"column":20}},"12":{"start":{"line":30,"column":8},"end":{"line":30,"column":21}},"13":{"start":{"line":41,"column":0},"end":{"line":61,"column":2}},"14":{"start":{"line":42,"column":2},"end":{"line":44,"column":3}},"15":{"start":{"line":43,"column":4},"end":{"line":43,"column":68}},"16":{"start":{"line":46,"column":42},"end":{"line":46,"column":161}},"17":{"start":{"line":47,"column":2},"end":{"line":60,"column":5}},"18":{"start":{"line":48,"column":4},"end":{"line":59,"column":7}},"19":{"start":{"line":49,"column":6},"end":{"line":52,"column":7}},"20":{"start":{"line":50,"column":8},"end":{"line":50,"column":39}},"21":{"start":{"line":51,"column":8},"end":{"line":51,"column":15}},"22":{"start":{"line":54,"column":6},"end":{"line":58,"column":7}},"23":{"start":{"line":55,"column":8},"end":{"line":55,"column":20}},"24":{"start":{"line":57,"column":8},"end":{"line":57,"column":22}},"25":{"start":{"line":68,"column":0},"end":{"line":89,"column":2}},"26":{"start":{"line":69,"column":2},"end":{"line":71,"column":3}},"27":{"start":{"line":70,"column":4},"end":{"line":70,"column":46}},"28":{"start":{"line":73,"column":38},"end":{"line":73,"column":114}},"29":{"start":{"line":75,"column":2},"end":{"line":88,"column":5}},"30":{"start":{"line":76,"column":4},"end":{"line":87,"column":7}},"31":{"start":{"line":77,"column":6},"end":{"line":80,"column":7}},"32":{"start":{"line":78,"column":8},"end":{"line":78,"column":39}},"33":{"start":{"line":79,"column":8},"end":{"line":79,"column":15}},"34":{"start":{"line":82,"column":6},"end":{"line":86,"column":7}},"35":{"start":{"line":83,"column":8},"end":{"line":83,"column":20}},"36":{"start":{"line":85,"column":8},"end":{"line":85,"column":21}},"37":{"start":{"line":104,"column":0},"end":{"line":133,"column":2}},"38":{"start":{"line":105,"column":2},"end":{"line":107,"column":3}},"39":{"start":{"line":106,"column":4},"end":{"line":106,"column":48}},"40":{"start":{"line":109,"column":12},"end":{"line":109,"column":47}},"41":{"start":{"line":110,"column":15},"end":{"line":110,"column":17}},"42":{"start":{"line":112,"column":2},"end":{"line":122,"column":3}},"43":{"start":{"line":113,"column":4},"end":{"line":113,"column":44}},"44":{"start":{"line":114,"column":4},"end":{"line":114,"column":34}},"45":{"start":{"line":115,"column":4},"end":{"line":115,"column":37}},"46":{"start":{"line":116,"column":9},"end":{"line":122,"column":3}},"47":{"start":{"line":117,"column":4},"end":{"line":117,"column":25}},"48":{"start":{"line":118,"column":4},"end":{"line":118,"column":34}},"49":{"start":{"line":119,"column":9},"end":{"line":122,"column":3}},"50":{"start":{"line":120,"column":4},"end":{"line":120,"column":28}},"51":{"start":{"line":121,"column":4},"end":{"line":121,"column":37}},"52":{"start":{"line":124,"column":2},"end":{"line":132,"column":5}},"53":{"start":{"line":125,"column":4},"end":{"line":131,"column":7}},"54":{"start":{"line":126,"column":6},"end":{"line":129,"column":7}},"55":{"start":{"line":127,"column":8},"end":{"line":127,"column":39}},"56":{"start":{"line":128,"column":8},"end":{"line":128,"column":15}},"57":{"start":{"line":130,"column":6},"end":{"line":130,"column":20}},"58":{"start":{"line":145,"column":0},"end":{"line":162,"column":1}},"59":{"start":{"line":146,"column":2},"end":{"line":161,"column":5}},"60":{"start":{"line":147,"column":28},"end":{"line":147,"column":60}},"61":{"start":{"line":148,"column":4},"end":{"line":160,"column":7}},"62":{"start":{"line":149,"column":6},"end":{"line":152,"column":7}},"63":{"start":{"line":150,"column":8},"end":{"line":150,"column":32}},"64":{"start":{"line":151,"column":8},"end":{"line":151,"column":15}},"65":{"start":{"line":153,"column":6},"end":{"line":159,"column":7}},"66":{"start":{"line":154,"column":8},"end":{"line":154,"column":19}},"67":{"start":{"line":157,"column":35},"end":{"line":157,"column":90}},"68":{"start":{"line":157,"column":71},"end":{"line":157,"column":89}},"69":{"start":{"line":158,"column":8},"end":{"line":158,"column":36}}},"fnMap":{"0":{"name":"(anonymous_0)","decl":{"start":{"line":14,"column":18},"end":{"line":14,"column":19}},"loc":{"start":{"line":14,"column":26},"end":{"line":34,"column":1}},"line":14},"1":{"name":"(anonymous_1)","decl":{"start":{"line":20,"column":21},"end":{"line":20,"column":22}},"loc":{"start":{"line":20,"column":42},"end":{"line":33,"column":3}},"line":20},"2":{"name":"(anonymous_2)","decl":{"start":{"line":21,"column":43},"end":{"line":21,"column":44}},"loc":{"start":{"line":21,"column":57},"end":{"line":32,"column":5}},"line":21},"3":{"name":"(anonymous_3)","decl":{"start":{"line":41,"column":24},"end":{"line":41,"column":25}},"loc":{"start":{"line":41,"column":32},"end":{"line":61,"column":1}},"line":41},"4":{"name":"(anonymous_4)","decl":{"start":{"line":47,"column":21},"end":{"line":47,"column":22}},"loc":{"start":{"line":47,"column":42},"end":{"line":60,"column":3}},"line":47},"5":{"name":"(anonymous_5)","decl":{"start":{"line":48,"column":50},"end":{"line":48,"column":51}},"loc":{"start":{"line":48,"column":65},"end":{"line":59,"column":5}},"line":48},"6":{"name":"(anonymous_6)","decl":{"start":{"line":68,"column":21},"end":{"line":68,"column":22}},"loc":{"start":{"line":68,"column":32},"end":{"line":89,"column":1}},"line":68},"7":{"name":"(anonymous_7)","decl":{"start":{"line":75,"column":21},"end":{"line":75,"column":22}},"loc":{"start":{"line":75,"column":42},"end":{"line":88,"column":3}},"line":75},"8":{"name":"(anonymous_8)","decl":{"start":{"line":76,"column":49},"end":{"line":76,"column":50}},"loc":{"start":{"line":76,"column":63},"end":{"line":87,"column":5}},"line":76},"9":{"name":"(anonymous_9)","decl":{"start":{"line":104,"column":21},"end":{"line":104,"column":22}},"loc":{"start":{"line":104,"column":40},"end":{"line":133,"column":1}},"line":104},"10":{"name":"(anonymous_10)","decl":{"start":{"line":124,"column":21},"end":{"line":124,"column":22}},"loc":{"start":{"line":124,"column":42},"end":{"line":132,"column":3}},"line":124},"11":{"name":"(anonymous_11)","decl":{"start":{"line":125,"column":24},"end":{"line":125,"column":25}},"loc":{"start":{"line":125,"column":39},"end":{"line":131,"column":5}},"line":125},"12":{"name":"(anonymous_12)","decl":{"start":{"line":145,"column":23},"end":{"line":145,"column":24}},"loc":{"start":{"line":145,"column":29},"end":{"line":162,"column":1}},"line":145},"13":{"name":"(anonymous_13)","decl":{"start":{"line":146,"column":21},"end":{"line":146,"column":22}},"loc":{"start":{"line":146,"column":42},"end":{"line":161,"column":3}},"line":146},"14":{"name":"(anonymous_14)","decl":{"start":{"line":148,"column":32},"end":{"line":148,"column":33}},"loc":{"start":{"line":148,"column":68},"end":{"line":160,"column":5}},"line":148},"15":{"name":"(anonymous_15)","decl":{"start":{"line":157,"column":53},"end":{"line":157,"column":54}},"loc":{"start":{"line":157,"column":71},"end":{"line":157,"column":89}},"line":157}},"branchMap":{"0":{"loc":{"start":{"line":15,"column":2},"end":{"line":17,"column":3}},"type":"if","locations":[{"start":{"line":15,"column":2},"end":{"line":17,"column":3}},{"start":{},"end":{}}],"line":15},"1":{"loc":{"start":{"line":15,"column":8},"end":{"line":15,"column":21}},"type":"binary-expr","locations":[{"start":{"line":15,"column":8},"end":{"line":15,"column":10}},{"start":{"line":15,"column":14},"end":{"line":15,"column":21}}],"line":15},"2":{"loc":{"start":{"line":22,"column":6},"end":{"line":25,"column":7}},"type":"if","locations":[{"start":{"line":22,"column":6},"end":{"line":25,"column":7}},{"start":{},"end":{}}],"line":22},"3":{"loc":{"start":{"line":27,"column":6},"end":{"line":31,"column":7}},"type":"if","locations":[{"start":{"line":27,"column":6},"end":{"line":31,"column":7}},{"start":{"line":29,"column":13},"end":{"line":31,"column":7}}],"line":27},"4":{"loc":{"start":{"line":42,"column":2},"end":{"line":44,"column":3}},"type":"if","locations":[{"start":{"line":42,"column":2},"end":{"line":44,"column":3}},{"start":{},"end":{}}],"line":42},"5":{"loc":{"start":{"line":42,"column":8},"end":{"line":42,"column":21}},"type":"binary-expr","locations":[{"start":{"line":42,"column":8},"end":{"line":42,"column":10}},{"start":{"line":42,"column":14},"end":{"line":42,"column":21}}],"line":42},"6":{"loc":{"start":{"line":49,"column":6},"end":{"line":52,"column":7}},"type":"if","locations":[{"start":{"line":49,"column":6},"end":{"line":52,"column":7}},{"start":{},"end":{}}],"line":49},"7":{"loc":{"start":{"line":54,"column":6},"end":{"line":58,"column":7}},"type":"if","locations":[{"start":{"line":54,"column":6},"end":{"line":58,"column":7}},{"start":{"line":56,"column":13},"end":{"line":58,"column":7}}],"line":54},"8":{"loc":{"start":{"line":69,"column":2},"end":{"line":71,"column":3}},"type":"if","locations":[{"start":{"line":69,"column":2},"end":{"line":71,"column":3}},{"start":{},"end":{}}],"line":69},"9":{"loc":{"start":{"line":77,"column":6},"end":{"line":80,"column":7}},"type":"if","locations":[{"start":{"line":77,"column":6},"end":{"line":80,"column":7}},{"start":{},"end":{}}],"line":77},"10":{"loc":{"start":{"line":82,"column":6},"end":{"line":86,"column":7}},"type":"if","locations":[{"start":{"line":82,"column":6},"end":{"line":86,"column":7}},{"start":{"line":84,"column":13},"end":{"line":86,"column":7}}],"line":82},"11":{"loc":{"start":{"line":105,"column":2},"end":{"line":107,"column":3}},"type":"if","locations":[{"start":{"line":105,"column":2},"end":{"line":107,"column":3}},{"start":{},"end":{}}],"line":105},"12":{"loc":{"start":{"line":112,"column":2},"end":{"line":122,"column":3}},"type":"if","locations":[{"start":{"line":112,"column":2},"end":{"line":122,"column":3}},{"start":{"line":116,"column":9},"end":{"line":122,"column":3}}],"line":112},"13":{"loc":{"start":{"line":112,"column":6},"end":{"line":112,"column":21}},"type":"binary-expr","locations":[{"start":{"line":112,"column":6},"end":{"line":112,"column":10}},{"start":{"line":112,"column":14},"end":{"line":112,"column":21}}],"line":112},"14":{"loc":{"start":{"line":116,"column":9},"end":{"line":122,"column":3}},"type":"if","locations":[{"start":{"line":116,"column":9},"end":{"line":122,"column":3}},{"start":{"line":119,"column":9},"end":{"line":122,"column":3}}],"line":116},"15":{"loc":{"start":{"line":119,"column":9},"end":{"line":122,"column":3}},"type":"if","locations":[{"start":{"line":119,"column":9},"end":{"line":122,"column":3}},{"start":{},"end":{}}],"line":119},"16":{"loc":{"start":{"line":126,"column":6},"end":{"line":129,"column":7}},"type":"if","locations":[{"start":{"line":126,"column":6},"end":{"line":129,"column":7}},{"start":{},"end":{}}],"line":126},"17":{"loc":{"start":{"line":149,"column":6},"end":{"line":152,"column":7}},"type":"if","locations":[{"start":{"line":149,"column":6},"end":{"line":152,"column":7}},{"start":{},"end":{}}],"line":149},"18":{"loc":{"start":{"line":153,"column":6},"end":{"line":159,"column":7}},"type":"if","locations":[{"start":{"line":153,"column":6},"end":{"line":159,"column":7}},{"start":{"line":156,"column":11},"end":{"line":159,"column":7}}],"line":153}},"s":{"0":4,"1":4,"2":0,"3":0,"4":0,"5":0,"6":0,"7":0,"8":0,"9":0,"10":0,"11":0,"12":0,"13":4,"14":0,"15":0,"16":0,"17":0,"18":0,"19":0,"20":0,"21":0,"22":0,"23":0,"24":0,"25":4,"26":0,"27":0,"28":0,"29":0,"30":0,"31":0,"32":0,"33":0,"34":0,"35":0,"36":0,"37":4,"38":0,"39":0,"40":0,"41":0,"42":0,"43":0,"44":0,"45":0,"46":0,"47":0,"48":0,"49":0,"50":0,"51":0,"52":0,"53":0,"54":0,"55":0,"56":0,"57":0,"58":4,"59":0,"60":0,"61":0,"62":0,"63":0,"64":0,"65":0,"66":0,"67":0,"68":0,"69":0},"f":{"0":0,"1":0,"2":0,"3":0,"4":0,"5":0,"6":0,"7":0,"8":0,"9":0,"10":0,"11":0,"12":0,"13":0,"14":0,"15":0},"b":{"0":[0,0],"1":[0,0],"2":[0,0],"3":[0,0],"4":[0,0],"5":[0,0],"6":[0,0],"7":[0,0],"8":[0,0],"9":[0,0],"10":[0,0],"11":[0,0],"12":[0,0],"13":[0,0],"14":[0,0],"15":[0,0],"16":[0,0],"17":[0,0],"18":[0,0]},"_coverageSchema":"1a1c01bbd47fc00a2c39e90264f33305004495a9","hash":"0af48a688c26785582ac4daece6a8c2e8dcc1681"}
,"C:\\Users\\danie\\Documents\\GitHub\\SEII_Main-Project\\server\\repositories\\CoSupervisorThesisRepository.js": {"path":"C:\\Users\\danie\\Documents\\GitHub\\SEII_Main-Project\\server\\repositories\\CoSupervisorThesisRepository.js","statementMap":{"0":{"start":{"line":3,"column":11},"end":{"line":3,"column":26}},"1":{"start":{"line":15,"column":0},"end":{"line":31,"column":4}},"2":{"start":{"line":16,"column":4},"end":{"line":18,"column":5}},"3":{"start":{"line":17,"column":6},"end":{"line":17,"column":68}},"4":{"start":{"line":20,"column":16},"end":{"line":20,"column":105}},"5":{"start":{"line":22,"column":4},"end":{"line":30,"column":7}},"6":{"start":{"line":23,"column":6},"end":{"line":29,"column":9}},"7":{"start":{"line":24,"column":8},"end":{"line":28,"column":9}},"8":{"start":{"line":25,"column":10},"end":{"line":25,"column":41}},"9":{"start":{"line":27,"column":10},"end":{"line":27,"column":24}},"10":{"start":{"line":40,"column":0},"end":{"line":67,"column":4}},"11":{"start":{"line":41,"column":4},"end":{"line":43,"column":5}},"12":{"start":{"line":42,"column":6},"end":{"line":42,"column":70}},"13":{"start":{"line":45,"column":34},"end":{"line":45,"column":114}},"14":{"start":{"line":47,"column":4},"end":{"line":66,"column":7}},"15":{"start":{"line":48,"column":6},"end":{"line":65,"column":9}},"16":{"start":{"line":49,"column":8},"end":{"line":52,"column":9}},"17":{"start":{"line":50,"column":10},"end":{"line":50,"column":41}},"18":{"start":{"line":51,"column":10},"end":{"line":51,"column":17}},"19":{"start":{"line":54,"column":20},"end":{"line":62,"column":10}},"20":{"start":{"line":55,"column":10},"end":{"line":61,"column":11}},"21":{"start":{"line":56,"column":12},"end":{"line":56,"column":57}},"22":{"start":{"line":57,"column":17},"end":{"line":61,"column":11}},"23":{"start":{"line":58,"column":12},"end":{"line":58,"column":47}},"24":{"start":{"line":60,"column":12},"end":{"line":60,"column":90}},"25":{"start":{"line":64,"column":8},"end":{"line":64,"column":21}},"26":{"start":{"line":79,"column":0},"end":{"line":95,"column":4}},"27":{"start":{"line":80,"column":4},"end":{"line":82,"column":5}},"28":{"start":{"line":81,"column":6},"end":{"line":81,"column":70}},"29":{"start":{"line":84,"column":45},"end":{"line":84,"column":97}},"30":{"start":{"line":86,"column":4},"end":{"line":94,"column":7}},"31":{"start":{"line":87,"column":6},"end":{"line":93,"column":9}},"32":{"start":{"line":88,"column":8},"end":{"line":92,"column":9}},"33":{"start":{"line":89,"column":10},"end":{"line":89,"column":41}},"34":{"start":{"line":91,"column":10},"end":{"line":91,"column":24}}},"fnMap":{"0":{"name":"(anonymous_0)","decl":{"start":{"line":15,"column":32},"end":{"line":15,"column":33}},"loc":{"start":{"line":15,"column":76},"end":{"line":31,"column":3}},"line":15},"1":{"name":"(anonymous_1)","decl":{"start":{"line":22,"column":23},"end":{"line":22,"column":24}},"loc":{"start":{"line":22,"column":44},"end":{"line":30,"column":5}},"line":22},"2":{"name":"(anonymous_2)","decl":{"start":{"line":23,"column":60},"end":{"line":23,"column":61}},"loc":{"start":{"line":23,"column":69},"end":{"line":29,"column":7}},"line":23},"3":{"name":"(anonymous_3)","decl":{"start":{"line":40,"column":27},"end":{"line":40,"column":28}},"loc":{"start":{"line":40,"column":35},"end":{"line":67,"column":3}},"line":40},"4":{"name":"(anonymous_4)","decl":{"start":{"line":47,"column":23},"end":{"line":47,"column":24}},"loc":{"start":{"line":47,"column":44},"end":{"line":66,"column":5}},"line":47},"5":{"name":"(anonymous_5)","decl":{"start":{"line":48,"column":42},"end":{"line":48,"column":43}},"loc":{"start":{"line":48,"column":57},"end":{"line":65,"column":7}},"line":48},"6":{"name":"(anonymous_6)","decl":{"start":{"line":54,"column":29},"end":{"line":54,"column":30}},"loc":{"start":{"line":54,"column":36},"end":{"line":62,"column":9}},"line":54},"7":{"name":"(anonymous_7)","decl":{"start":{"line":79,"column":40},"end":{"line":79,"column":41}},"loc":{"start":{"line":79,"column":54},"end":{"line":95,"column":3}},"line":79},"8":{"name":"(anonymous_8)","decl":{"start":{"line":86,"column":23},"end":{"line":86,"column":24}},"loc":{"start":{"line":86,"column":44},"end":{"line":94,"column":5}},"line":86},"9":{"name":"(anonymous_9)","decl":{"start":{"line":87,"column":59},"end":{"line":87,"column":60}},"loc":{"start":{"line":87,"column":68},"end":{"line":93,"column":7}},"line":87}},"branchMap":{"0":{"loc":{"start":{"line":16,"column":4},"end":{"line":18,"column":5}},"type":"if","locations":[{"start":{"line":16,"column":4},"end":{"line":18,"column":5}},{"start":{},"end":{}}],"line":16},"1":{"loc":{"start":{"line":16,"column":10},"end":{"line":16,"column":68}},"type":"binary-expr","locations":[{"start":{"line":16,"column":10},"end":{"line":16,"column":24}},{"start":{"line":16,"column":28},"end":{"line":16,"column":44}},{"start":{"line":16,"column":48},"end":{"line":16,"column":68}}],"line":16},"2":{"loc":{"start":{"line":24,"column":8},"end":{"line":28,"column":9}},"type":"if","locations":[{"start":{"line":24,"column":8},"end":{"line":28,"column":9}},{"start":{"line":26,"column":15},"end":{"line":28,"column":9}}],"line":24},"3":{"loc":{"start":{"line":41,"column":4},"end":{"line":43,"column":5}},"type":"if","locations":[{"start":{"line":41,"column":4},"end":{"line":43,"column":5}},{"start":{},"end":{}}],"line":41},"4":{"loc":{"start":{"line":41,"column":10},"end":{"line":41,"column":23}},"type":"binary-expr","locations":[{"start":{"line":41,"column":10},"end":{"line":41,"column":12}},{"start":{"line":41,"column":16},"end":{"line":41,"column":23}}],"line":41},"5":{"loc":{"start":{"line":49,"column":8},"end":{"line":52,"column":9}},"type":"if","locations":[{"start":{"line":49,"column":8},"end":{"line":52,"column":9}},{"start":{},"end":{}}],"line":49},"6":{"loc":{"start":{"line":55,"column":10},"end":{"line":61,"column":11}},"type":"if","locations":[{"start":{"line":55,"column":10},"end":{"line":61,"column":11}},{"start":{"line":57,"column":17},"end":{"line":61,"column":11}}],"line":55},"7":{"loc":{"start":{"line":55,"column":14},"end":{"line":55,"column":57}},"type":"binary-expr","locations":[{"start":{"line":55,"column":14},"end":{"line":55,"column":32}},{"start":{"line":55,"column":36},"end":{"line":55,"column":57}}],"line":55},"8":{"loc":{"start":{"line":57,"column":17},"end":{"line":61,"column":11}},"type":"if","locations":[{"start":{"line":57,"column":17},"end":{"line":61,"column":11}},{"start":{"line":59,"column":17},"end":{"line":61,"column":11}}],"line":57},"9":{"loc":{"start":{"line":57,"column":21},"end":{"line":57,"column":74}},"type":"binary-expr","locations":[{"start":{"line":57,"column":21},"end":{"line":57,"column":44}},{"start":{"line":57,"column":48},"end":{"line":57,"column":74}}],"line":57},"10":{"loc":{"start":{"line":80,"column":4},"end":{"line":82,"column":5}},"type":"if","locations":[{"start":{"line":80,"column":4},"end":{"line":82,"column":5}},{"start":{},"end":{}}],"line":80},"11":{"loc":{"start":{"line":80,"column":8},"end":{"line":80,"column":33}},"type":"binary-expr","locations":[{"start":{"line":80,"column":8},"end":{"line":80,"column":17}},{"start":{"line":80,"column":21},"end":{"line":80,"column":33}}],"line":80},"12":{"loc":{"start":{"line":88,"column":8},"end":{"line":92,"column":9}},"type":"if","locations":[{"start":{"line":88,"column":8},"end":{"line":92,"column":9}},{"start":{"line":90,"column":15},"end":{"line":92,"column":9}}],"line":88}},"s":{"0":2,"1":2,"2":0,"3":0,"4":0,"5":0,"6":0,"7":0,"8":0,"9":0,"10":2,"11":0,"12":0,"13":0,"14":0,"15":0,"16":0,"17":0,"18":0,"19":0,"20":0,"21":0,"22":0,"23":0,"24":0,"25":0,"26":2,"27":0,"28":0,"29":0,"30":0,"31":0,"32":0,"33":0,"34":0},"f":{"0":0,"1":0,"2":0,"3":0,"4":0,"5":0,"6":0,"7":0,"8":0,"9":0},"b":{"0":[0,0],"1":[0,0,0],"2":[0,0],"3":[0,0],"4":[0,0],"5":[0,0],"6":[0,0],"7":[0,0],"8":[0,0],"9":[0,0],"10":[0,0],"11":[0,0],"12":[0,0]},"_coverageSchema":"1a1c01bbd47fc00a2c39e90264f33305004495a9","hash":"164c189174ab7b8cb7765700b56001623685fc8a"}
,"C:\\Users\\danie\\Documents\\GitHub\\SEII_Main-Project\\server\\repositories\\StudentRepository.js": {"path":"C:\\Users\\danie\\Documents\\GitHub\\SEII_Main-Project\\server\\repositories\\StudentRepository.js","statementMap":{"0":{"start":{"line":2,"column":11},"end":{"line":2,"column":26}},"1":{"start":{"line":5,"column":2},"end":{"line":14,"column":3}},"2":{"start":{"line":25,"column":0},"end":{"line":42,"column":2}},"3":{"start":{"line":26,"column":2},"end":{"line":28,"column":3}},"4":{"start":{"line":27,"column":4},"end":{"line":27,"column":69}},"5":{"start":{"line":30,"column":30},"end":{"line":30,"column":66}},"6":{"start":{"line":32,"column":2},"end":{"line":41,"column":5}},"7":{"start":{"line":33,"column":4},"end":{"line":40,"column":7}},"8":{"start":{"line":34,"column":6},"end":{"line":37,"column":7}},"9":{"start":{"line":35,"column":8},"end":{"line":35,"column":39}},"10":{"start":{"line":36,"column":8},"end":{"line":36,"column":15}},"11":{"start":{"line":39,"column":6},"end":{"line":39,"column":129}},"12":{"start":{"line":49,"column":0},"end":{"line":69,"column":2}},"13":{"start":{"line":50,"column":2},"end":{"line":52,"column":3}},"14":{"start":{"line":51,"column":4},"end":{"line":51,"column":46}},"15":{"start":{"line":53,"column":33},"end":{"line":53,"column":72}},"16":{"start":{"line":55,"column":2},"end":{"line":68,"column":5}},"17":{"start":{"line":56,"column":4},"end":{"line":67,"column":7}},"18":{"start":{"line":57,"column":6},"end":{"line":60,"column":7}},"19":{"start":{"line":58,"column":8},"end":{"line":58,"column":39}},"20":{"start":{"line":59,"column":8},"end":{"line":59,"column":15}},"21":{"start":{"line":62,"column":6},"end":{"line":66,"column":7}},"22":{"start":{"line":63,"column":8},"end":{"line":63,"column":20}},"23":{"start":{"line":65,"column":8},"end":{"line":65,"column":131}},"24":{"start":{"line":78,"column":0},"end":{"line":99,"column":2}},"25":{"start":{"line":79,"column":2},"end":{"line":81,"column":3}},"26":{"start":{"line":80,"column":4},"end":{"line":80,"column":73}},"27":{"start":{"line":82,"column":2},"end":{"line":84,"column":3}},"28":{"start":{"line":83,"column":4},"end":{"line":83,"column":68}},"29":{"start":{"line":86,"column":41},"end":{"line":86,"column":146}},"30":{"start":{"line":88,"column":2},"end":{"line":98,"column":5}},"31":{"start":{"line":89,"column":4},"end":{"line":97,"column":7}},"32":{"start":{"line":90,"column":6},"end":{"line":93,"column":7}},"33":{"start":{"line":91,"column":8},"end":{"line":91,"column":39}},"34":{"start":{"line":92,"column":8},"end":{"line":92,"column":15}},"35":{"start":{"line":95,"column":21},"end":{"line":95,"column":51}},"36":{"start":{"line":95,"column":41},"end":{"line":95,"column":50}},"37":{"start":{"line":96,"column":6},"end":{"line":96,"column":22}},"38":{"start":{"line":106,"column":0},"end":{"line":137,"column":2}},"39":{"start":{"line":107,"column":2},"end":{"line":109,"column":3}},"40":{"start":{"line":108,"column":4},"end":{"line":108,"column":46}},"41":{"start":{"line":111,"column":39},"end":{"line":111,"column":204}},"42":{"start":{"line":113,"column":2},"end":{"line":136,"column":5}},"43":{"start":{"line":114,"column":4},"end":{"line":135,"column":7}},"44":{"start":{"line":115,"column":6},"end":{"line":118,"column":7}},"45":{"start":{"line":116,"column":8},"end":{"line":116,"column":39}},"46":{"start":{"line":117,"column":8},"end":{"line":117,"column":15}},"47":{"start":{"line":120,"column":6},"end":{"line":134,"column":7}},"48":{"start":{"line":121,"column":8},"end":{"line":121,"column":20}},"49":{"start":{"line":123,"column":8},"end":{"line":133,"column":11}}},"fnMap":{"0":{"name":"newStudent","decl":{"start":{"line":4,"column":9},"end":{"line":4,"column":19}},"loc":{"start":{"line":4,"column":90},"end":{"line":15,"column":1}},"line":4},"1":{"name":"(anonymous_1)","decl":{"start":{"line":25,"column":18},"end":{"line":25,"column":19}},"loc":{"start":{"line":25,"column":26},"end":{"line":42,"column":1}},"line":25},"2":{"name":"(anonymous_2)","decl":{"start":{"line":32,"column":21},"end":{"line":32,"column":22}},"loc":{"start":{"line":32,"column":42},"end":{"line":41,"column":3}},"line":32},"3":{"name":"(anonymous_3)","decl":{"start":{"line":33,"column":38},"end":{"line":33,"column":39}},"loc":{"start":{"line":33,"column":52},"end":{"line":40,"column":5}},"line":33},"4":{"name":"(anonymous_4)","decl":{"start":{"line":49,"column":21},"end":{"line":49,"column":22}},"loc":{"start":{"line":49,"column":32},"end":{"line":69,"column":1}},"line":49},"5":{"name":"(anonymous_5)","decl":{"start":{"line":55,"column":21},"end":{"line":55,"column":22}},"loc":{"start":{"line":55,"column":42},"end":{"line":68,"column":3}},"line":55},"6":{"name":"(anonymous_6)","decl":{"start":{"line":56,"column":44},"end":{"line":56,"column":45}},"loc":{"start":{"line":56,"column":58},"end":{"line":67,"column":5}},"line":56},"7":{"name":"(anonymous_7)","decl":{"start":{"line":78,"column":35},"end":{"line":78,"column":36}},"loc":{"start":{"line":78,"column":66},"end":{"line":99,"column":1}},"line":78},"8":{"name":"(anonymous_8)","decl":{"start":{"line":88,"column":21},"end":{"line":88,"column":22}},"loc":{"start":{"line":88,"column":42},"end":{"line":98,"column":3}},"line":88},"9":{"name":"(anonymous_9)","decl":{"start":{"line":89,"column":72},"end":{"line":89,"column":73}},"loc":{"start":{"line":89,"column":89},"end":{"line":97,"column":5}},"line":89},"10":{"name":"(anonymous_10)","decl":{"start":{"line":95,"column":32},"end":{"line":95,"column":33}},"loc":{"start":{"line":95,"column":41},"end":{"line":95,"column":50}},"line":95},"11":{"name":"(anonymous_11)","decl":{"start":{"line":106,"column":34},"end":{"line":106,"column":35}},"loc":{"start":{"line":106,"column":45},"end":{"line":137,"column":1}},"line":106},"12":{"name":"(anonymous_12)","decl":{"start":{"line":113,"column":21},"end":{"line":113,"column":22}},"loc":{"start":{"line":113,"column":42},"end":{"line":136,"column":3}},"line":113},"13":{"name":"(anonymous_13)","decl":{"start":{"line":114,"column":50},"end":{"line":114,"column":51}},"loc":{"start":{"line":114,"column":64},"end":{"line":135,"column":5}},"line":114}},"branchMap":{"0":{"loc":{"start":{"line":26,"column":2},"end":{"line":28,"column":3}},"type":"if","locations":[{"start":{"line":26,"column":2},"end":{"line":28,"column":3}},{"start":{},"end":{}}],"line":26},"1":{"loc":{"start":{"line":26,"column":8},"end":{"line":26,"column":21}},"type":"binary-expr","locations":[{"start":{"line":26,"column":8},"end":{"line":26,"column":10}},{"start":{"line":26,"column":14},"end":{"line":26,"column":21}}],"line":26},"2":{"loc":{"start":{"line":34,"column":6},"end":{"line":37,"column":7}},"type":"if","locations":[{"start":{"line":34,"column":6},"end":{"line":37,"column":7}},{"start":{},"end":{}}],"line":34},"3":{"loc":{"start":{"line":50,"column":2},"end":{"line":52,"column":3}},"type":"if","locations":[{"start":{"line":50,"column":2},"end":{"line":52,"column":3}},{"start":{},"end":{}}],"line":50},"4":{"loc":{"start":{"line":57,"column":6},"end":{"line":60,"column":7}},"type":"if","locations":[{"start":{"line":57,"column":6},"end":{"line":60,"column":7}},{"start":{},"end":{}}],"line":57},"5":{"loc":{"start":{"line":62,"column":6},"end":{"line":66,"column":7}},"type":"if","locations":[{"start":{"line":62,"column":6},"end":{"line":66,"column":7}},{"start":{"line":64,"column":13},"end":{"line":66,"column":7}}],"line":62},"6":{"loc":{"start":{"line":79,"column":2},"end":{"line":81,"column":3}},"type":"if","locations":[{"start":{"line":79,"column":2},"end":{"line":81,"column":3}},{"start":{},"end":{}}],"line":79},"7":{"loc":{"start":{"line":79,"column":8},"end":{"line":79,"column":45}},"type":"binary-expr","locations":[{"start":{"line":79,"column":8},"end":{"line":79,"column":22}},{"start":{"line":79,"column":26},"end":{"line":79,"column":45}}],"line":79},"8":{"loc":{"start":{"line":82,"column":2},"end":{"line":84,"column":3}},"type":"if","locations":[{"start":{"line":82,"column":2},"end":{"line":84,"column":3}},{"start":{},"end":{}}],"line":82},"9":{"loc":{"start":{"line":82,"column":8},"end":{"line":82,"column":35}},"type":"binary-expr","locations":[{"start":{"line":82,"column":8},"end":{"line":82,"column":17}},{"start":{"line":82,"column":21},"end":{"line":82,"column":35}}],"line":82},"10":{"loc":{"start":{"line":90,"column":6},"end":{"line":93,"column":7}},"type":"if","locations":[{"start":{"line":90,"column":6},"end":{"line":93,"column":7}},{"start":{},"end":{}}],"line":90},"11":{"loc":{"start":{"line":107,"column":2},"end":{"line":109,"column":3}},"type":"if","locations":[{"start":{"line":107,"column":2},"end":{"line":109,"column":3}},{"start":{},"end":{}}],"line":107},"12":{"loc":{"start":{"line":115,"column":6},"end":{"line":118,"column":7}},"type":"if","locations":[{"start":{"line":115,"column":6},"end":{"line":118,"column":7}},{"start":{},"end":{}}],"line":115},"13":{"loc":{"start":{"line":120,"column":6},"end":{"line":134,"column":7}},"type":"if","locations":[{"start":{"line":120,"column":6},"end":{"line":134,"column":7}},{"start":{"line":122,"column":13},"end":{"line":134,"column":7}}],"line":120}},"s":{"0":3,"1":0,"2":3,"3":0,"4":0,"5":0,"6":0,"7":0,"8":0,"9":0,"10":0,"11":0,"12":3,"13":0,"14":0,"15":0,"16":0,"17":0,"18":0,"19":0,"20":0,"21":0,"22":0,"23":0,"24":3,"25":0,"26":0,"27":0,"28":0,"29":0,"30":0,"31":0,"32":0,"33":0,"34":0,"35":0,"36":0,"37":0,"38":3,"39":0,"40":0,"41":0,"42":0,"43":0,"44":0,"45":0,"46":0,"47":0,"48":0,"49":0},"f":{"0":0,"1":0,"2":0,"3":0,"4":0,"5":0,"6":0,"7":0,"8":0,"9":0,"10":0,"11":0,"12":0,"13":0},"b":{"0":[0,0],"1":[0,0],"2":[0,0],"3":[0,0],"4":[0,0],"5":[0,0],"6":[0,0],"7":[0,0],"8":[0,0],"9":[0,0],"10":[0,0],"11":[0,0],"12":[0,0],"13":[0,0]},"_coverageSchema":"1a1c01bbd47fc00a2c39e90264f33305004495a9","hash":"c37e1d60f1b79cb8ae3e1500359728a96b3a0aee"}
[...]
,"28":{"start":{"line":68,"column":39},"end":{"line":68,"column":46}},"29":{"start":{"line":69,"column":4},"end":{"line":69,"column":35}},"30":{"start":{"line":70,"column":4},"end":{"line":70,"column":165}},"31":{"start":{"line":71,"column":4},"end":{"line":71,"column":15}},"32":{"start":{"line":76,"column":66},"end":{"line":79,"column":84}},"33":{"start":{"line":80,"column":4},"end":{"line":80,"column":48}},"34":{"start":{"line":80,"column":39},"end":{"line":80,"column":46}},"35":{"start":{"line":81,"column":4},"end":{"line":81,"column":36}},"36":{"start":{"line":82,"column":4},"end":{"line":84,"column":5}},"37":{"start":{"line":83,"column":8},"end":{"line":83,"column":159}},"38":{"start":{"line":92,"column":4},"end":{"line":92,"column":15}},"39":{"start":{"line":97,"column":52},"end":{"line":100,"column":45}},"40":{"start":{"line":101,"column":4},"end":{"line":101,"column":48}},"41":{"start":{"line":101,"column":39},"end":{"line":101,"column":46}},"42":{"start":{"line":102,"column":4},"end":{"line":102,"column":48}},"43":{"start":{"line":102,"column":39},"end":{"line":102,"column":46}},"44":{"start":{"line":103,"column":4},"end":{"line":103,"column":36}},"45":{"start":{"line":104,"column":4},"end":{"line":104,"column":164}},"46":{"start":{"line":105,"column":4},"end":{"line":105,"column":16}},"47":{"start":{"line":113,"column":0},"end":{"line":116,"column":1}},"48":{"start":{"line":114,"column":21},"end":{"line":114,"column":77}},"49":{"start":{"line":115,"column":4},"end":{"line":115,"column":19}},"50":{"start":{"line":119,"column":0},"end":{"line":123,"column":1}},"51":{"start":{"line":120,"column":4},"end":{"line":120,"column":59}},"52":{"start":{"line":121,"column":4},"end":{"line":121,"column":63}},"53":{"start":{"line":122,"column":4},"end":{"line":122,"column":59}}},"fnMap":{"0":{"name":"(anonymous_0)","decl":{"start":{"line":26,"column":37},"end":{"line":26,"column":38}},"loc":{"start":{"line":26,"column":67},"end":{"line":29,"column":1}},"line":26},"1":{"name":"(anonymous_1)","decl":{"start":{"line":38,"column":28},"end":{"line":38,"column":29}},"loc":{"start":{"line":38,"column":78},"end":{"line":59,"column":1}},"line":38},"2":{"name":"_sendRejectedEmail","decl":{"start":{"line":62,"column":15},"end":{"line":62,"column":33}},"loc":{"start":{"line":62,"column":68},"end":{"line":72,"column":1}},"line":62},"3":{"name":"(anonymous_3)","decl":{"start":{"line":67,"column":36},"end":{"line":67,"column":37}},"loc":{"start":{"line":67,"column":39},"end":{"line":67,"column":46}},"line":67},"4":{"name":"(anonymous_4)","decl":{"start":{"line":68,"column":36},"end":{"line":68,"column":37}},"loc":{"start":{"line":68,"column":39},"end":{"line":68,"column":46}},"line":68},"5":{"name":"_sendCancelledEmails","decl":{"start":{"line":75,"column":15},"end":{"line":75,"column":35}},"loc":{"start":{"line":75,"column":86},"end":{"line":93,"column":1}},"line":75},"6":{"name":"(anonymous_6)","decl":{"start":{"line":80,"column":36},"end":{"line":80,"column":37}},"loc":{"start":{"line":80,"column":39},"end":{"line":80,"column":46}},"line":80},"7":{"name":"_sendAcceptedEmail","decl":{"start":{"line":96,"column":15},"end":{"line":96,"column":33}},"loc":{"start":{"line":96,"column":67},"end":{"line":106,"column":1}},"line":96},"8":{"name":"(anonymous_8)","decl":{"start":{"line":101,"column":36},"end":{"line":101,"column":37}},"loc":{"start":{"line":101,"column":39},"end":{"line":101,"column":46}},"line":101},"9":{"name":"(anonymous_9)","decl":{"start":{"line":102,"column":36},"end":{"line":102,"column":37}},"loc":{"start":{"line":102,"column":39},"end":{"line":102,"column":46}},"line":102},"10":{"name":"(anonymous_10)","decl":{"start":{"line":113,"column":26},"end":{"line":113,"column":27}},"loc":{"start":{"line":113,"column":53},"end":{"line":116,"column":1}},"line":113}},"branchMap":{"0":{"loc":{"start":{"line":40,"column":4},"end":{"line":42,"column":5}},"type":"if","locations":[{"start":{"line":40,"column":4},"end":{"line":42,"column":5}},{"start":{},"end":{}}],"line":40},"1":{"loc":{"start":{"line":45,"column":4},"end":{"line":46,"column":92}},"type":"if","locations":[{"start":{"line":45,"column":4},"end":{"line":46,"column":92}},{"start":{},"end":{}}],"line":45},"2":{"loc":{"start":{"line":48,"column":4},"end":{"line":57,"column":5}},"type":"if","locations":[{"start":{"line":48,"column":4},"end":{"line":57,"column":5}},{"start":{"line":54,"column":11},"end":{"line":57,"column":5}}],"line":48},"3":{"loc":{"start":{"line":119,"column":0},"end":{"line":123,"column":1}},"type":"if","locations":[{"start":{"line":119,"column":0},"end":{"line":123,"column":1}},{"start":{},"end":{}}],"line":119}},"s":{"0":2,"1":2,"2":2,"3":2,"4":2,"5":2,"6":3,"7":3,"8":2,"9":5,"10":5,"11":1,"12":4,"13":4,"14":4,"15":1,"16":3,"17":2,"18":2,"19":1,"20":0,"21":0,"22":0,"23":0,"24":10,"25":2,"26":2,"27":2,"28":2,"29":2,"30":2,"31":1,"32":6,"33":2,"34":2,"35":2,"36":2,"37":3,"38":1,"39":6,"40":2,"41":2,"42":2,"43":2,"44":2,"45":2,"46":1,"47":2,"48":0,"49":0,"50":2,"51":2,"52":2,"53":2},"f":{"0":3,"1":5,"2":10,"3":2,"4":2,"5":6,"6":2,"7":6,"8":2,"9":2,"10":0},"b":{"0":[1,4],"1":[1,3],"2":[2,0],"3":[2,0]},"_coverageSchema":"1a1c01bbd47fc00a2c39e90264f33305004495a9","hash":"9ab7cbc85638ab84ff591c502ce194d9ce3bfe6c"}
,"C:\\Users\\danie\\Documents\\GitHub\\SEII_Main-Project\\server\\services\\ThesisService.js": {"path":"C:\\Users\\danie\\Documents\\GitHub\\SEII_Main-Project\\server\\services\\ThesisService.js","statementMap":{"0":{"start":{"line":2,"column":14},"end":{"line":2,"column":30}},"1":{"start":{"line":4,"column":25},"end":{"line":4,"column":68}},"2":{"start":{"line":5,"column":37},"end":{"line":5,"column":92}},"3":{"start":{"line":6,"column":26},"end":{"line":6,"column":70}},"4":{"start":{"line":7,"column":14},"end":{"line":7,"column":16}},"5":{"start":{"line":8,"column":31},"end":{"line":8,"column":80}},"6":{"start":{"line":26,"column":0},"end":{"line":59,"column":2}},"7":{"start":{"line":28,"column":11},"end":{"line":28,"column":40}},"8":{"start":{"line":31,"column":22},"end":{"line":31,"column":63}},"9":{"start":{"line":32,"column":2},"end":{"line":33,"column":14}},"10":{"start":{"line":33,"column":4},"end":{"line":33,"column":14}},"11":{"start":{"line":35,"column":30},"end":{"line":35,"column":75}},"12":{"start":{"line":37,"column":2},"end":{"line":37,"column":50}},"13":{"start":{"line":37,"column":40},"end":{"line":37,"column":50}},"14":{"start":{"line":42,"column":2},"end":{"line":43,"column":19}},"15":{"start":{"line":43,"column":4},"end":{"line":43,"column":19}},"16":{"start":{"line":45,"column":12},"end":{"line":45,"column":222}},"17":{"start":{"line":49,"column":14},"end":{"line":49,"column":179}},"18":{"start":{"line":50,"column":2},"end":{"line":50,"column":41}},"19":{"start":{"line":53,"column":2},"end":{"line":53,"column":36}},"20":{"start":{"line":56,"column":2},"end":{"line":56,"column":38}},"21":{"start":{"line":58,"column":2},"end":{"line":58,"column":22}},"22":{"start":{"line":61,"column":0},"end":{"line":74,"column":1}},"23":{"start":{"line":62,"column":2},"end":{"line":63,"column":14}},"24":{"start":{"line":63,"column":2},"end":{"line":63,"column":14}},"25":{"start":{"line":65,"column":13},"end":{"line":65,"column":34}},"26":{"start":{"line":69,"column":4},"end":{"line":72,"column":81}},"27":{"start":{"line":70,"column":6},"end":{"line":70,"column":88}},"28":{"start":{"line":70,"column":82},"end":{"line":70,"column":86}},"29":{"start":{"line":72,"column":6},"end":{"line":72,"column":81}},"30":{"start":{"line":72,"column":75},"end":{"line":72,"column":79}},"31":{"start":{"line":73,"column":4},"end":{"line":73,"column":24}},"32":{"start":{"line":76,"column":0},"end":{"line":92,"column":1}},"33":{"start":{"line":77,"column":30},"end":{"line":77,"column":32}},"34":{"start":{"line":78,"column":2},"end":{"line":90,"column":3}},"35":{"start":{"line":78,"column":15},"end":{"line":78,"column":16}},"36":{"start":{"line":79,"column":14},"end":{"line":79,"column":29}},"37":{"start":{"line":80,"column":15},"end":{"line":80,"column":27}},"38":{"start":{"line":82,"column":4},"end":{"line":85,"column":76}},"39":{"start":{"line":83,"column":6},"end":{"line":83,"column":83}},"40":{"start":{"line":83,"column":77},"end":{"line":83,"column":81}},"41":{"start":{"line":85,"column":6},"end":{"line":85,"column":76}},"42":{"start":{"line":85,"column":70},"end":{"line":85,"column":74}},"43":{"start":{"line":86,"column":4},"end":{"line":88,"column":86}},"44":{"start":{"line":88,"column":6},"end":{"line":88,"column":86}},"45":{"start":{"line":91,"column":2},"end":{"line":91,"column":31}},"46":{"start":{"line":94,"column":0},"end":{"line":101,"column":1}},"47":{"start":{"line":95,"column":2},"end":{"line":100,"column":3}},"48":{"start":{"line":95,"column":15},"end":{"line":95,"column":16}},"49":{"start":{"line":97,"column":14},"end":{"line":97,"column":64}},"50":{"start":{"line":99,"column":4},"end":{"line":99,"column":26}},"51":{"start":{"line":103,"column":0},"end":{"line":120,"column":1}},"52":{"start":{"line":104,"column":2},"end":{"line":119,"column":3}},"53":{"start":{"line":104,"column":15},"end":{"line":104,"column":16}},"54":{"start":{"line":105,"column":19},"end":{"line":105,"column":81}},"55":{"start":{"line":106,"column":4},"end":{"line":106,"column":29}},"56":{"start":{"line":107,"column":4},"end":{"line":118,"column":5}},"57":{"start":{"line":107,"column":17},"end":{"line":107,"column":18}},"58":{"start":{"line":108,"column":6},"end":{"line":117,"column":7}},"59":{"start":{"line":109,"column":18},"end":{"line":109,"column":70}},"60":{"start":{"line":110,"column":8},"end":{"line":112,"column":10}},"61":{"start":{"line":114,"column":8},"end":{"line":116,"column":10}},"62":{"start":{"line":122,"column":0},"end":{"line":124,"column":1}},"63":{"start":{"line":123,"column":2},"end":{"line":123,"column":80}},"64":{"start":{"line":158,"column":0},"end":{"line":225,"column":2}},"65":{"start":{"line":160,"column":25},"end":{"line":160,"column":27}},"66":{"start":{"line":161,"column":23},"end":{"line":161,"column":25}},"67":{"start":{"line":164,"column":2},"end":{"line":179,"column":3}},"68":{"start":{"line":165,"column":4},"end":{"line":178,"column":5}},"69":{"start":{"line":166,"column":16},"end":{"line":166,"column":62}},"70":{"start":{"line":167,"column":6},"end":{"line":177,"column":40}},"71":{"start":{"line":168,"column":8},"end":{"line":168,"column":56}},"72":{"start":{"line":169,"column":8},"end":{"line":175,"column":40}},"73":{"start":{"line":170,"column":10},"end":{"line":173,"column":12}},"74":{"start":{"line":175,"column":13},"end":{"line":175,"column":40}},"75":{"start":{"line":177,"column":11},"end":{"line":177,"column":40}},"76":{"start":{"line":181,"column":19},"end":{"line":183,"column":15}},"77":{"start":{"line":184,"column":2},"end":{"line":184,"column":36}},"78":{"start":{"line":185,"column":21},"end":{"line":185,"column":60}},"79":{"start":{"line":186,"column":2},"end":{"line":186,"column":36}},"80":{"start":{"line":189,"column":21},"end":{"line":203,"column":3}},"81":{"start":{"line":204,"column":2},"end":{"line":206,"column":3}},"82":{"start":{"line":205,"column":4},"end":{"line":205,"column":51}},"83":{"start":{"line":209,"column":2},"end":{"line":216,"column":3}},"84":{"start":{"line":210,"column":4},"end":{"line":215,"column":5}},"85":{"start":{"line":211,"column":6},"end":{"line":211,"column":96}},"86":{"start":{"line":212,"column":6},"end":{"line":214,"column":7}},"87":{"start":{"line":213,"column":8},"end":{"line":213,"column":21}},"88":{"start":{"line":217,"column":2},"end":{"line":223,"column":3}},"89":{"start":{"line":218,"column":4},"end":{"line":222,"column":5}},"90":{"start":{"line":219,"column":6},"end":{"line":219,"column":96}},"91":{"start":{"line":220,"column":6},"end":{"line":221,"column":21}},"92":{"start":{"line":221,"column":8},"end":{"line":221,"column":21}},"93":{"start":{"line":224,"column":2},"end":{"line":224,"column":16}},"94":{"start":{"line":227,"column":0},"end":{"line":251,"column":2}},"95":{"start":{"line":228,"column":19},"end":{"line":230,"column":15}},"96":{"start":{"line":231,"column":2},"end":{"line":231,"column":36}},"97":{"start":{"line":234,"column":24},"end":{"line":249,"column":3}},"98":{"start":{"line":250,"column":2},"end":{"line":250,"column":23}}},"fnMap":{"0":{"name":"(anonymous_0)","decl":{"start":{"line":26,"column":33},"end":{"line":26,"column":34}},"loc":{"start":{"line":26,"column":173},"end":{"line":59,"column":1}},"line":26},"1":{"name":"(anonymous_1)","decl":{"start":{"line":61,"column":26},"end":{"line":61,"column":27}},"loc":{"start":{"line":61,"column":45},"end":{"line":74,"column":1}},"line":61},"2":{"name":"(anonymous_2)","decl":{"start":{"line":70,"column":77},"end":{"line":70,"column":78}},"loc":{"start":{"line":70,"column":82},"end":{"line":70,"column":86}},"line":70},"3":{"name":"(anonymous_3)","decl":{"start":{"line":72,"column":70},"end":{"line":72,"column":71}},"loc":{"start":{"line":72,"column":75},"end":{"line":72,"column":79}},"line":72},"4":{"name":"(anonymous_4)","decl":{"start":{"line":76,"column":26},"end":{"line":76,"column":27}},"loc":{"start":{"line":76,"column":47},"end":{"line":92,"column":1}},"line":76},"5":{"name":"(anonymous_5)","decl":{"start":{"line":83,"column":74},"end":{"line":83,"column":75}},"loc":{"start":{"line":83,"column":77},"end":{"line":83,"column":81}},"line":83},"6":{"name":"(anonymous_6)","decl":{"start":{"line":85,"column":67},"end":{"line":85,"column":68}},"loc":{"start":{"line":85,"column":70},"end":{"line":85,"column":74}},"line":85},"7":{"name":"(anonymous_7)","decl":{"start":{"line":94,"column":23},"end":{"line":94,"column":24}},"loc":{"start":{"line":94,"column":35},"end":{"line":101,"column":1}},"line":94},"8":{"name":"(anonymous_8)","decl":{"start":{"line":103,"column":25},"end":{"line":103,"column":26}},"loc":{"start":{"line":103,"column":37},"end":{"line":120,"column":1}},"line":103},"9":{"name":"(anonymous_9)","decl":{"start":{"line":122,"column":32},"end":{"line":122,"column":33}},"loc":{"start":{"line":122,"column":71},"end":{"line":124,"column":1}},"line":122},"10":{"name":"(anonymous_10)","decl":{"start":{"line":158,"column":20},"end":{"line":158,"column":21}},"loc":{"start":{"line":158,"column":44},"end":{"line":225,"column":1}},"line":158},"11":{"name":"(anonymous_11)","decl":{"start":{"line":227,"column":23},"end":{"line":227,"column":24}},"loc":{"start":{"line":227,"column":58},"end":{"line":251,"column":1}},"line":227}},"branchMap":{"0":{"loc":{"start":{"line":28,"column":13},"end":{"line":28,"column":39}},"type":"binary-expr","locations":[{"start":{"line":28,"column":13},"end":{"line":28,"column":23}},{"start":{"line":28,"column":27},"end":{"line":28,"column":39}}],"line":28},"1":{"loc":{"start":{"line":32,"column":2},"end":{"line":33,"column":14}},"type":"if","locations":[{"start":{"line":32,"column":2},"end":{"line":33,"column":14}},{"start":{},"end":{}}],"line":32},"2":{"loc":{"start":{"line":32,"column":6},"end":{"line":32,"column":55}},"type":"binary-expr","locations":[{"start":{"line":32,"column":6},"end":{"line":32,"column":27}},{"start":{"line":32,"column":31},"end":{"line":32,"column":55}}],"line":32},"3":{"loc":{"start":{"line":37,"column":2},"end":{"line":37,"column":50}},"type":"if","locations":[{"start":{"line":37,"column":2},"end":{"line":37,"column":50}},{"start":{},"end":{}}],"line":37},"4":{"loc":{"start":{"line":42,"column":2},"end":{"line":43,"column":19}},"type":"if","locations":[{"start":{"line":42,"column":2},"end":{"line":43,"column":19}},{"start":{},"end":{}}],"line":42},"5":{"loc":{"start":{"line":62,"column":2},"end":{"line":63,"column":14}},"type":"if","locations":[{"start":{"line":62,"column":2},"end":{"line":63,"column":14}},{"start":{},"end":{}}],"line":62},"6":{"loc":{"start":{"line":69,"column":4},"end":{"line":72,"column":81}},"type":"if","locations":[{"start":{"line":69,"column":4},"end":{"line":72,"column":81}},{"start":{"line":72,"column":6},"end":{"line":72,"column":81}}],"line":69},"7":{"loc":{"start":{"line":78,"column":18},"end":{"line":78,"column":57}},"type":"binary-expr","locations":[{"start":{"line":78,"column":18},"end":{"line":78,"column":30}},{"start":{"line":78,"column":34},"end":{"line":78,"column":57}}],"line":78},"8":{"loc":{"start":{"line":82,"column":4},"end":{"line":85,"column":76}},"type":"if","locations":[{"start":{"line":82,"column":4},"end":{"line":85,"column":76}},{"start":{"line":85,"column":6},"end":{"line":85,"column":76}}],"line":82},"9":{"loc":{"start":{"line":86,"column":4},"end":{"line":88,"column":86}},"type":"if","locations":[{"start":{"line":86,"column":4},"end":{"line":88,"column":86}},{"start":{},"end":{}}],"line":86},"10":{"loc":{"start":{"line":108,"column":6},"end":{"line":117,"column":7}},"type":"if","locations":[{"start":{"line":108,"column":6},"end":{"line":117,"column":7}},{"start":{"line":113,"column":13},"end":{"line":117,"column":7}}],"line":108},"11":{"loc":{"start":{"line":164,"column":2},"end":{"line":179,"column":3}},"type":"if","locations":[{"start":{"line":164,"column":2},"end":{"line":179,"column":3}},{"start":{},"end":{}}],"line":164},"12":{"loc":{"start":{"line":164,"column":6},"end":{"line":164,"column":79}},"type":"binary-expr","locations":[{"start":{"line":164,"column":6},"end":{"line":164,"column":40}},{"start":{"line":164,"column":44},"end":{"line":164,"column":79}}],"line":164},"13":{"loc":{"start":{"line":167,"column":6},"end":{"line":177,"column":40}},"type":"if","locations":[{"start":{"line":167,"column":6},"end":{"line":177,"column":40}},{"start":{"line":177,"column":11},"end":{"line":177,"column":40}}],"line":167},"14":{"loc":{"start":{"line":169,"column":8},"end":{"line":175,"column":40}},"type":"if","locations":[{"start":{"line":169,"column":8},"end":{"line":175,"column":40}},{"start":{"line":175,"column":13},"end":{"line":175,"column":40}}],"line":169},"15":{"loc":{"start":{"line":204,"column":2},"end":{"line":206,"column":3}},"type":"if","locations":[{"start":{"line":204,"column":2},"end":{"line":206,"column":3}},{"start":{},"end":{}}],"line":204},"16":{"loc":{"start":{"line":209,"column":2},"end":{"line":216,"column":3}},"type":"if","locations":[{"start":{"line":209,"column":2},"end":{"line":216,"column":3}},{"start":{},"end":{}}],"line":209},"17":{"loc":{"start":{"line":212,"column":6},"end":{"line":214,"column":7}},"type":"if","locations":[{"start":{"line":212,"column":6},"end":{"line":214,"column":7}},{"start":{},"end":{}}],"line":212},"18":{"loc":{"start":{"line":217,"column":2},"end":{"line":223,"column":3}},"type":"if","locations":[{"start":{"line":217,"column":2},"end":{"line":223,"column":3}},{"start":{},"end":{}}],"line":217},"19":{"loc":{"start":{"line":220,"column":6},"end":{"line":221,"column":21}},"type":"if","locations":[{"start":{"line":220,"column":6},"end":{"line":221,"column":21}},{"start":{},"end":{}}],"line":220}},"s":{"0":2,"1":2,"2":2,"3":2,"4":2,"5":2,"6":2,"7":8,"8":8,"9":7,"10":6,"11":7,"12":6,"13":5,"14":6,"15":1,"16":5,"17":4,"18":3,"19":3,"20":2,"21":1,"22":2,"23":4,"24":1,"25":3,"26":3,"27":1,"28":0,"29":2,"30":1,"31":1,"32":2,"33":5,"34":5,"35":5,"36":4,"37":4,"38":4,"39":1,"40":0,"41":3,"42":4,"43":2,"44":2,"45":2,"46":2,"47":2,"48":2,"49":2,"50":1,"51":2,"52":4,"53":4,"54":4,"55":3,"56":3,"57":3,"58":3,"59":1,"60":0,"61":2,"62":2,"63":1,"64":2,"65":9,"66":9,"67":9,"68":5,"69":9,"70":9,"71":4,"72":4,"73":1,"74":3,"75":5,"76":8,"77":8,"78":8,"79":8,"80":8,"81":8,"82":2,"83":6,"84":3,"85":4,"86":4,"87":1,"88":5,"89":2,"90":3,"91":3,"92":0,"93":5,"94":2,"95":3,"96":3,"97":3,"98":3},"f":{"0":8,"1":4,"2":0,"3":1,"4":5,"5":0,"6":4,"7":2,"8":4,"9":1,"10":9,"11":3},"b":{"0":[8,0],"1":[6,1],"2":[7,6],"3":[5,1],"4":[1,5],"5":[1,3],"6":[1,2],"7":[6,5],"8":[1,3],"9":[2,0],"10":[1,2],"11":[5,4],"12":[9,9],"13":[4,5],"14":[1,3],"15":[2,6],"16":[3,3],"17":[1,3],"18":[2,3],"19":[0,3]},"_coverageSchema":"1a1c01bbd47fc00a2c39e90264f33305004495a9","hash":"56bd972567f1042dc4885f52435d057d851c0f6a"}
}
