{"C:\\Users\\danie\\Documents\\GitHub\\SEII_Main-Project\\server\\index.js": {"path":"C:\\Users\\danie\\Documents\\GitHub\\SEII_Main-Project\\server\\index.js","statementMap":{"0":{"start":{"line":2,"column":16},"end":{"line":2,"column":34}},"1":{"start":{"line":3,"column":15},"end":{"line":3,"column":32}},"2":{"start":{"line":4,"column":16},"end":{"line":4,"column":42}},"3":{"start":{"line":5,"column":13},"end":{"line":5,"column":28}},"4":{"start":{"line":6,"column":17},"end":{"line":6,"column":54}},"5":{"start":{"line":7,"column":17},"end":{"line":7,"column":54}},"6":{"start":{"line":8,"column":12},"end":{"line":8,"column":21}},"7":{"start":{"line":9,"column":13},"end":{"line":9,"column":33}},"8":{"start":{"line":10,"column":18},"end":{"line":10,"column":44}},"9":{"start":{"line":11,"column":0},"end":{"line":11,"column":28}},"10":{"start":{"line":12,"column":0},"end":{"line":12,"column":52}},"11":{"start":{"line":15,"column":39},"end":{"line":15,"column":83}},"12":{"start":{"line":16,"column":11},"end":{"line":16,"column":24}},"13":{"start":{"line":18,"column":19},"end":{"line":18,"column":49}},"14":{"start":{"line":19,"column":21},"end":{"line":19,"column":94}},"15":{"start":{"line":20,"column":20},"end":{"line":20,"column":92}},"16":{"start":{"line":21,"column":22},"end":{"line":21,"column":96}},"17":{"start":{"line":22,"column":18},"end":{"line":22,"column":52}},"18":{"start":{"line":23,"column":0},"end":{"line":23,"column":38}},"19":{"start":{"line":24,"column":0},"end":{"line":24,"column":26}},"20":{"start":{"line":25,"column":17},"end":{"line":25,"column":35}},"21":{"start":{"line":27,"column":0},"end":{"line":27,"column":23}},"22":{"start":{"line":28,"column":0},"end":{"line":28,"column":24}},"23":{"start":{"line":29,"column":0},"end":{"line":29,"column":34}},"24":{"start":{"line":31,"column":20},"end":{"line":34,"column":1}},"25":{"start":{"line":35,"column":0},"end":{"line":35,"column":27}},"26":{"start":{"line":37,"column":0},"end":{"line":41,"column":4}},"27":{"start":{"line":43,"column":0},"end":{"line":43,"column":30}},"28":{"start":{"line":44,"column":0},"end":{"line":44,"column":27}},"29":{"start":{"line":45,"column":0},"end":{"line":45,"column":49}},"30":{"start":{"line":48,"column":15},"end":{"line":48,"column":34}},"31":{"start":{"line":49,"column":19},"end":{"line":57,"column":1}},"32":{"start":{"line":50,"column":2},"end":{"line":55,"column":3}},"33":{"start":{"line":51,"column":4},"end":{"line":51,"column":29}},"34":{"start":{"line":53,"column":7},"end":{"line":55,"column":3}},"35":{"start":{"line":54,"column":4},"end":{"line":54,"column":59}},"36":{"start":{"line":56,"column":2},"end":{"line":56,"column":16}},"37":{"start":{"line":61,"column":25},"end":{"line":61,"column":66}},"38":{"start":{"line":62,"column":31},"end":{"line":62,"column":78}},"39":{"start":{"line":63,"column":29},"end":{"line":63,"column":74}},"40":{"start":{"line":64,"column":30},"end":{"line":64,"column":76}},"41":{"start":{"line":65,"column":26},"end":{"line":65,"column":68}},"42":{"start":{"line":66,"column":11},"end":{"line":66,"column":45}},"43":{"start":{"line":68,"column":0},"end":{"line":68,"column":120}},"44":{"start":{"line":68,"column":79},"end":{"line":68,"column":118}},"45":{"start":{"line":70,"column":0},"end":{"line":70,"column":118}},"46":{"start":{"line":70,"column":80},"end":{"line":70,"column":116}},"47":{"start":{"line":72,"column":0},"end":{"line":72,"column":124}},"48":{"start":{"line":72,"column":83},"end":{"line":72,"column":122}},"49":{"start":{"line":74,"column":0},"end":{"line":74,"column":68}},"50":{"start":{"line":76,"column":0},"end":{"line":76,"column":96}},"51":{"start":{"line":78,"column":0},"end":{"line":78,"column":100}},"52":{"start":{"line":78,"column":51},"end":{"line":78,"column":98}},"53":{"start":{"line":80,"column":0},"end":{"line":80,"column":118}},"54":{"start":{"line":80,"column":67},"end":{"line":80,"column":116}},"55":{"start":{"line":82,"column":0},"end":{"line":82,"column":118}},"56":{"start":{"line":82,"column":58},"end":{"line":82,"column":116}},"57":{"start":{"line":84,"column":0},"end":{"line":84,"column":112}},"58":{"start":{"line":84,"column":56},"end":{"line":84,"column":110}},"59":{"start":{"line":86,"column":0},"end":{"line":86,"column":96}},"60":{"start":{"line":88,"column":0},"end":{"line":88,"column":99}},"61":{"start":{"line":90,"column":0},"end":{"line":90,"column":118}},"62":{"start":{"line":90,"column":67},"end":{"line":90,"column":116}},"63":{"start":{"line":92,"column":0},"end":{"line":92,"column":74}},"64":{"start":{"line":94,"column":0},"end":{"line":94,"column":69}},"65":{"start":{"line":96,"column":0},"end":{"line":96,"column":64}},"66":{"start":{"line":98,"column":0},"end":{"line":98,"column":86}},"67":{"start":{"line":100,"column":0},"end":{"line":100,"column":62}},"68":{"start":{"line":100,"column":42},"end":{"line":100,"column":61}},"69":{"start":{"line":102,"column":0},"end":{"line":102,"column":70}},"70":{"start":{"line":102,"column":46},"end":{"line":102,"column":69}},"71":{"start":{"line":104,"column":0},"end":{"line":104,"column":65}},"72":{"start":{"line":104,"column":41},"end":{"line":104,"column":64}},"73":{"start":{"line":108,"column":0},"end":{"line":108,"column":115}},"74":{"start":{"line":108,"column":71},"end":{"line":108,"column":113}},"75":{"start":{"line":110,"column":0},"end":{"line":110,"column":125}},"76":{"start":{"line":110,"column":81},"end":{"line":110,"column":123}},"77":{"start":{"line":112,"column":0},"end":{"line":112,"column":40}},"78":{"start":{"line":114,"column":0},"end":{"line":114,"column":58}},"79":{"start":{"line":116,"column":0},"end":{"line":116,"column":93}},"80":{"start":{"line":116,"column":35},"end":{"line":116,"column":91}},"81":{"start":{"line":118,"column":0},"end":{"line":118,"column":246}},"82":{"start":{"line":118,"column":64},"end":{"line":118,"column":218}},"83":{"start":{"line":118,"column":220},"end":{"line":118,"column":243}},"84":{"start":{"line":120,"column":0},"end":{"line":124,"column":3}},"85":{"start":{"line":121,"column":2},"end":{"line":123,"column":19}},"86":{"start":{"line":122,"column":4},"end":{"line":122,"column":58}},"87":{"start":{"line":123,"column":9},"end":{"line":123,"column":19}},"88":{"start":{"line":126,"column":13},"end":{"line":126,"column":17}},"89":{"start":{"line":127,"column":0},"end":{"line":131,"column":1}},"90":{"start":{"line":128,"column":2},"end":{"line":130,"column":4}},"91":{"start":{"line":129,"column":4},"end":{"line":129,"column":61}},"92":{"start":{"line":133,"column":0},"end":{"line":141,"column":1}},"93":{"start":{"line":135,"column":0},"end":{"line":135,"column":22}},"94":{"start":{"line":140,"column":0},"end":{"line":140,"column":51}},"95":{"start":{"line":142,"column":0},"end":{"line":142,"column":35}}},"fnMap":{"0":{"name":"(anonymous_0)","decl":{"start":{"line":49,"column":19},"end":{"line":49,"column":20}},"loc":{"start":{"line":49,"column":39},"end":{"line":57,"column":1}},"line":49},"1":{"name":"(anonymous_1)","decl":{"start":{"line":68,"column":65},"end":{"line":68,"column":66}},"loc":{"start":{"line":68,"column":79},"end":{"line":68,"column":118}},"line":68},"2":{"name":"(anonymous_2)","decl":{"start":{"line":70,"column":66},"end":{"line":70,"column":67}},"loc":{"start":{"line":70,"column":80},"end":{"line":70,"column":116}},"line":70},"3":{"name":"(anonymous_3)","decl":{"start":{"line":72,"column":69},"end":{"line":72,"column":70}},"loc":{"start":{"line":72,"column":83},"end":{"line":72,"column":122}},"line":72},"4":{"name":"(anonymous_4)","decl":{"start":{"line":78,"column":37},"end":{"line":78,"column":38}},"loc":{"start":{"line":78,"column":51},"end":{"line":78,"column":98}},"line":78},"5":{"name":"(anonymous_5)","decl":{"start":{"line":80,"column":53},"end":{"line":80,"column":54}},"loc":{"start":{"line":80,"column":67},"end":{"line":80,"column":116}},"line":80},"6":{"name":"(anonymous_6)","decl":{"start":{"line":82,"column":44},"end":{"line":82,"column":45}},"loc":{"start":{"line":82,"column":58},"end":{"line":82,"column":116}},"line":82},"7":{"name":"(anonymous_7)","decl":{"start":{"line":84,"column":42},"end":{"line":84,"column":43}},"loc":{"start":{"line":84,"column":56},"end":{"line":84,"column":110}},"line":84},"8":{"name":"(anonymous_8)","decl":{"start":{"line":90,"column":53},"end":{"line":90,"column":54}},"loc":{"start":{"line":90,"column":67},"end":{"line":90,"column":116}},"line":90},"9":{"name":"(anonymous_9)","decl":{"start":{"line":100,"column":28},"end":{"line":100,"column":29}},"loc":{"start":{"line":100,"column":42},"end":{"line":100,"column":61}},"line":100},"10":{"name":"(anonymous_10)","decl":{"start":{"line":102,"column":32},"end":{"line":102,"column":33}},"loc":{"start":{"line":102,"column":46},"end":{"line":102,"column":69}},"line":102},"11":{"name":"(anonymous_11)","decl":{"start":{"line":104,"column":27},"end":{"line":104,"column":28}},"loc":{"start":{"line":104,"column":41},"end":{"line":104,"column":64}},"line":104},"12":{"name":"(anonymous_12)","decl":{"start":{"line":108,"column":57},"end":{"line":108,"column":58}},"loc":{"start":{"line":108,"column":71},"end":{"line":108,"column":113}},"line":108},"13":{"name":"(anonymous_13)","decl":{"start":{"line":110,"column":67},"end":{"line":110,"column":68}},"loc":{"start":{"line":110,"column":81},"end":{"line":110,"column":123}},"line":110},"14":{"name":"(anonymous_14)","decl":{"start":{"line":116,"column":21},"end":{"line":116,"column":22}},"loc":{"start":{"line":116,"column":35},"end":{"line":116,"column":91}},"line":116},"15":{"name":"(anonymous_15)","decl":{"start":{"line":118,"column":40},"end":{"line":118,"column":41}},"loc":{"start":{"line":118,"column":54},"end":{"line":118,"column":245}},"line":118},"16":{"name":"(anonymous_16)","decl":{"start":{"line":120,"column":8},"end":{"line":120,"column":9}},"loc":{"start":{"line":120,"column":39},"end":{"line":124,"column":1}},"line":120},"17":{"name":"(anonymous_17)","decl":{"start":{"line":128,"column":19},"end":{"line":128,"column":20}},"loc":{"start":{"line":129,"column":4},"end":{"line":129,"column":61}},"line":129}},"branchMap":{"0":{"loc":{"start":{"line":50,"column":2},"end":{"line":55,"column":3}},"type":"if","locations":[{"start":{"line":50,"column":2},"end":{"line":55,"column":3}},{"start":{"line":53,"column":7},"end":{"line":55,"column":3}}],"line":50},"1":{"loc":{"start":{"line":53,"column":7},"end":{"line":55,"column":3}},"type":"if","locations":[{"start":{"line":53,"column":7},"end":{"line":55,"column":3}},{"start":{},"end":{}}],"line":53},"2":{"loc":{"start":{"line":121,"column":2},"end":{"line":123,"column":19}},"type":"if","locations":[{"start":{"line":121,"column":2},"end":{"line":123,"column":19}},{"start":{"line":123,"column":9},"end":{"line":123,"column":19}}],"line":121},"3":{"loc":{"start":{"line":127,"column":0},"end":{"line":131,"column":1}},"type":"if","locations":[{"start":{"line":127,"column":0},"end":{"line":131,"column":1}},{"start":{},"end":{}}],"line":127},"4":{"loc":{"start":{"line":133,"column":0},"end":{"line":141,"column":1}},"type":"if","locations":[{"start":{"line":133,"column":0},"end":{"line":141,"column":1}},{"start":{},"end":{}}],"line":133}},"s":{"0":3,"1":3,"2":3,"3":3,"4":3,"5":3,"6":3,"7":3,"8":3,"9":3,"10":3,"11":3,"12":3,"13":3,"14":3,"15":3,"16":3,"17":3,"18":3,"19":3,"20":3,"21":3,"22":3,"23":3,"24":3,"25":3,"26":3,"27":3,"28":3,"29":3,"30":3,"31":3,"32":53,"33":53,"34":0,"35":0,"36":53,"37":3,"38":3,"39":3,"40":3,"41":3,"42":3,"43":3,"44":7,"45":3,"46":3,"47":3,"48":2,"49":3,"50":3,"51":3,"52":6,"53":3,"54":11,"55":3,"56":1,"57":3,"58":0,"59":3,"60":3,"61":3,"62":0,"63":3,"64":3,"65":3,"66":3,"67":3,"68":0,"69":3,"70":0,"71":3,"72":0,"73":3,"74":0,"75":3,"76":0,"77":3,"78":3,"79":3,"80":0,"81":3,"82":0,"83":0,"84":3,"85":14,"86":14,"87":0,"88":3,"89":3,"90":0,"91":0,"92":3,"93":0,"94":0,"95":3},"f":{"0":53,"1":7,"2":3,"3":2,"4":6,"5":11,"6":1,"7":0,"8":0,"9":0,"10":0,"11":0,"12":0,"13":0,"14":0,"15":0,"16":14,"17":0},"b":{"0":[53,0],"1":[0,0],"2":[14,0],"3":[0,3],"4":[0,3]},"_coverageSchema":"1a1c01bbd47fc00a2c39e90264f33305004495a9","hash":"6fd207e7d46d745f1951ea729ac030bd040adf38"}
,"C:\\Users\\danie\\Documents\\GitHub\\SEII_Main-Project\\server\\config\\passport.js": {"path":"C:\\Users\\danie\\Documents\\GitHub\\SEII_Main-Project\\server\\config\\passport.js","statementMap":{"0":{"start":{"line":2,"column":17},"end":{"line":2,"column":36}},"1":{"start":{"line":3,"column":13},"end":{"line":3,"column":46}},"2":{"start":{"line":4,"column":11},"end":{"line":4,"column":24}},"3":{"start":{"line":5,"column":26},"end":{"line":5,"column":70}},"4":{"start":{"line":6,"column":26},"end":{"line":6,"column":70}},"5":{"start":{"line":7,"column":31},"end":{"line":7,"column":80}},"6":{"start":{"line":8,"column":28},"end":{"line":8,"column":77}},"7":{"start":{"line":10,"column":19},"end":{"line":21,"column":1}},"8":{"start":{"line":22,"column":21},"end":{"line":49,"column":2}},"9":{"start":{"line":24,"column":4},"end":{"line":39,"column":5}},"10":{"start":{"line":25,"column":8},"end":{"line":25,"column":78}},"11":{"start":{"line":26,"column":8},"end":{"line":26,"column":25}},"12":{"start":{"line":28,"column":9},"end":{"line":39,"column":5}},"13":{"start":{"line":29,"column":8},"end":{"line":29,"column":66}},"14":{"start":{"line":30,"column":8},"end":{"line":30,"column":25}},"15":{"start":{"line":32,"column":9},"end":{"line":39,"column":5}},"16":{"start":{"line":33,"column":8},"end":{"line":33,"column":70}},"17":{"start":{"line":34,"column":8},"end":{"line":34,"column":30}},"18":{"start":{"line":36,"column":9},"end":{"line":39,"column":5}},"19":{"start":{"line":37,"column":8},"end":{"line":37,"column":67}},"20":{"start":{"line":38,"column":8},"end":{"line":38,"column":27}},"21":{"start":{"line":40,"column":4},"end":{"line":47,"column":101}},"22":{"start":{"line":41,"column":8},"end":{"line":41,"column":156}},"23":{"start":{"line":42,"column":9},"end":{"line":47,"column":101}},"24":{"start":{"line":43,"column":8},"end":{"line":43,"column":122}},"25":{"start":{"line":47,"column":8},"end":{"line":47,"column":101}},"26":{"start":{"line":48,"column":4},"end":{"line":48,"column":21}},"27":{"start":{"line":50,"column":0},"end":{"line":50,"column":43}},"28":{"start":{"line":52,"column":0},"end":{"line":54,"column":3}},"29":{"start":{"line":53,"column":4},"end":{"line":53,"column":21}},"30":{"start":{"line":56,"column":0},"end":{"line":58,"column":3}},"31":{"start":{"line":57,"column":4},"end":{"line":57,"column":21}},"32":{"start":{"line":60,"column":0},"end":{"line":67,"column":2}},"33":{"start":{"line":61,"column":4},"end":{"line":63,"column":5}},"34":{"start":{"line":62,"column":8},"end":{"line":62,"column":54}},"35":{"start":{"line":64,"column":4},"end":{"line":66,"column":7}},"36":{"start":{"line":65,"column":8},"end":{"line":65,"column":33}},"37":{"start":{"line":69,"column":0},"end":{"line":72,"column":1}},"38":{"start":{"line":70,"column":4},"end":{"line":70,"column":36}},"39":{"start":{"line":70,"column":22},"end":{"line":70,"column":32}},"40":{"start":{"line":71,"column":4},"end":{"line":71,"column":43}},"41":{"start":{"line":74,"column":0},"end":{"line":78,"column":1}},"42":{"start":{"line":75,"column":4},"end":{"line":77,"column":5}},"43":{"start":{"line":80,"column":0},"end":{"line":80,"column":28}}},"fnMap":{"0":{"name":"(anonymous_0)","decl":{"start":{"line":22,"column":42},"end":{"line":22,"column":43}},"loc":{"start":{"line":22,"column":67},"end":{"line":49,"column":1}},"line":22},"1":{"name":"(anonymous_1)","decl":{"start":{"line":52,"column":23},"end":{"line":52,"column":24}},"loc":{"start":{"line":52,"column":39},"end":{"line":54,"column":1}},"line":52},"2":{"name":"(anonymous_2)","decl":{"start":{"line":56,"column":25},"end":{"line":56,"column":26}},"loc":{"start":{"line":56,"column":41},"end":{"line":58,"column":1}},"line":56},"3":{"name":"(anonymous_3)","decl":{"start":{"line":60,"column":22},"end":{"line":60,"column":23}},"loc":{"start":{"line":60,"column":41},"end":{"line":67,"column":1}},"line":60},"4":{"name":"(anonymous_4)","decl":{"start":{"line":64,"column":36},"end":{"line":64,"column":37}},"loc":{"start":{"line":64,"column":55},"end":{"line":66,"column":5}},"line":64},"5":{"name":"(anonymous_5)","decl":{"start":{"line":69,"column":30},"end":{"line":69,"column":31}},"loc":{"start":{"line":69,"column":48},"end":{"line":72,"column":1}},"line":69},"6":{"name":"(anonymous_6)","decl":{"start":{"line":70,"column":15},"end":{"line":70,"column":16}},"loc":{"start":{"line":70,"column":20},"end":{"line":70,"column":34}},"line":70},"7":{"name":"(anonymous_7)","decl":{"start":{"line":74,"column":19},"end":{"line":74,"column":20}},"loc":{"start":{"line":74,"column":23},"end":{"line":78,"column":1}},"line":74}},"branchMap":{"0":{"loc":{"start":{"line":24,"column":4},"end":{"line":39,"column":5}},"type":"if","locations":[{"start":{"line":24,"column":4},"end":{"line":39,"column":5}},{"start":{"line":28,"column":9},"end":{"line":39,"column":5}}],"line":24},"1":{"loc":{"start":{"line":28,"column":9},"end":{"line":39,"column":5}},"type":"if","locations":[{"start":{"line":28,"column":9},"end":{"line":39,"column":5}},{"start":{"line":32,"column":9},"end":{"line":39,"column":5}}],"line":28},"2":{"loc":{"start":{"line":32,"column":9},"end":{"line":39,"column":5}},"type":"if","locations":[{"start":{"line":32,"column":9},"end":{"line":39,"column":5}},{"start":{"line":36,"column":9},"end":{"line":39,"column":5}}],"line":32},"3":{"loc":{"start":{"line":36,"column":9},"end":{"line":39,"column":5}},"type":"if","locations":[{"start":{"line":36,"column":9},"end":{"line":39,"column":5}},{"start":{},"end":{}}],"line":36},"4":{"loc":{"start":{"line":40,"column":4},"end":{"line":47,"column":101}},"type":"if","locations":[{"start":{"line":40,"column":4},"end":{"line":47,"column":101}},{"start":{"line":42,"column":9},"end":{"line":47,"column":101}}],"line":40},"5":{"loc":{"start":{"line":41,"column":123},"end":{"line":41,"column":154}},"type":"cond-expr","locations":[{"start":{"line":41,"column":151},"end":{"line":41,"column":152}},{"start":{"line":41,"column":153},"end":{"line":41,"column":154}}],"line":41},"6":{"loc":{"start":{"line":42,"column":9},"end":{"line":47,"column":101}},"type":"if","locations":[{"start":{"line":42,"column":9},"end":{"line":47,"column":101}},{"start":{"line":47,"column":8},"end":{"line":47,"column":101}}],"line":42},"7":{"loc":{"start":{"line":61,"column":4},"end":{"line":63,"column":5}},"type":"if","locations":[{"start":{"line":61,"column":4},"end":{"line":63,"column":5}},{"start":{},"end":{}}],"line":61}},"s":{"0":3,"1":3,"2":3,"3":3,"4":3,"5":3,"6":3,"7":3,"8":3,"9":0,"10":0,"11":0,"12":0,"13":0,"14":0,"15":0,"16":0,"17":0,"18":0,"19":0,"20":0,"21":0,"22":0,"23":0,"24":0,"25":0,"26":0,"27":3,"28":3,"29":0,"30":3,"31":0,"32":3,"33":0,"34":0,"35":0,"36":0,"37":3,"38":0,"39":0,"40":0,"41":3,"42":0,"43":3},"f":{"0":0,"1":0,"2":0,"3":0,"4":0,"5":0,"6":0,"7":0},"b":{"0":[0,0],"1":[0,0],"2":[0,0],"3":[0,0],"4":[0,0],"5":[0,0],"6":[0,0],"7":[0,0]},"_coverageSchema":"1a1c01bbd47fc00a2c39e90264f33305004495a9","hash":"a6b699cdebd112d526c31cf18f75acd4fe3c579c"}
,"C:\\Users\\danie\\Documents\\GitHub\\SEII_Main-Project\\server\\controllers\\ApplicationController.js": {"path":"C:\\Users\\danie\\Documents\\GitHub\\SEII_Main-Project\\server\\controllers\\ApplicationController.js","statementMap":{"0":{"start":{"line":2,"column":28},"end":{"line":2,"column":69}},"1":{"start":{"line":3,"column":23},"end":{"line":3,"column":60}},"2":{"start":{"line":4,"column":23},"end":{"line":4,"column":60}},"3":{"start":{"line":5,"column":26},"end":{"line":5,"column":70}},"4":{"start":{"line":6,"column":19},"end":{"line":6,"column":40}},"5":{"start":{"line":7,"column":30},"end":{"line":7,"column":78}},"6":{"start":{"line":8,"column":26},"end":{"line":8,"column":70}},"7":{"start":{"line":9,"column":13},"end":{"line":9,"column":28}},"8":{"start":{"line":10,"column":11},"end":{"line":10,"column":24}},"9":{"start":{"line":48,"column":0},"end":{"line":79,"column":2}},"10":{"start":{"line":49,"column":2},"end":{"line":51,"column":3}},"11":{"start":{"line":50,"column":4},"end":{"line":50,"column":116}},"12":{"start":{"line":52,"column":2},"end":{"line":78,"column":3}},"13":{"start":{"line":53,"column":4},"end":{"line":56,"column":5}},"14":{"start":{"line":54,"column":6},"end":{"line":54,"column":77}},"15":{"start":{"line":55,"column":6},"end":{"line":55,"column":12}},"16":{"start":{"line":57,"column":4},"end":{"line":64,"column":9}},"17":{"start":{"line":60,"column":8},"end":{"line":60,"column":38}},"18":{"start":{"line":63,"column":8},"end":{"line":63,"column":39}},"19":{"start":{"line":65,"column":9},"end":{"line":78,"column":3}},"20":{"start":{"line":66,"column":4},"end":{"line":69,"column":5}},"21":{"start":{"line":67,"column":6},"end":{"line":67,"column":74}},"22":{"start":{"line":68,"column":6},"end":{"line":68,"column":12}},"23":{"start":{"line":70,"column":4},"end":{"line":77,"column":9}},"24":{"start":{"line":73,"column":8},"end":{"line":73,"column":38}},"25":{"start":{"line":76,"column":8},"end":{"line":76,"column":39}},"26":{"start":{"line":81,"column":0},"end":{"line":111,"column":2}},"27":{"start":{"line":82,"column":2},"end":{"line":85,"column":3}},"28":{"start":{"line":83,"column":4},"end":{"line":83,"column":73}},"29":{"start":{"line":84,"column":4},"end":{"line":84,"column":11}},"30":{"start":{"line":86,"column":2},"end":{"line":89,"column":3}},"31":{"start":{"line":87,"column":4},"end":{"line":87,"column":64}},"32":{"start":{"line":88,"column":4},"end":{"line":88,"column":11}},"33":{"start":{"line":90,"column":2},"end":{"line":93,"column":3}},"34":{"start":{"line":91,"column":4},"end":{"line":91,"column":57}},"35":{"start":{"line":92,"column":4},"end":{"line":92,"column":11}},"36":{"start":{"line":94,"column":2},"end":{"line":97,"column":3}},"37":{"start":{"line":95,"column":4},"end":{"line":95,"column":78}},"38":{"start":{"line":96,"column":4},"end":{"line":96,"column":11}},"39":{"start":{"line":98,"column":2},"end":{"line":110,"column":3}},"40":{"start":{"line":99,"column":4},"end":{"line":106,"column":9}},"41":{"start":{"line":102,"column":8},"end":{"line":102,"column":39}},"42":{"start":{"line":105,"column":8},"end":{"line":105,"column":60}},"43":{"start":{"line":109,"column":4},"end":{"line":109,"column":67}},"44":{"start":{"line":119,"column":0},"end":{"line":166,"column":2}},"45":{"start":{"line":120,"column":2},"end":{"line":123,"column":3}},"46":{"start":{"line":121,"column":4},"end":{"line":121,"column":73}},"47":{"start":{"line":122,"column":4},"end":{"line":122,"column":11}},"48":{"start":{"line":124,"column":2},"end":{"line":127,"column":3}},"49":{"start":{"line":125,"column":4},"end":{"line":125,"column":57}},"50":{"start":{"line":126,"column":4},"end":{"line":126,"column":11}},"51":{"start":{"line":128,"column":18},"end":{"line":128,"column":76}},"52":{"start":{"line":129,"column":2},"end":{"line":132,"column":3}},"53":{"start":{"line":130,"column":4},"end":{"line":130,"column":91}},"54":{"start":{"line":131,"column":4},"end":{"line":131,"column":11}},"55":{"start":{"line":133,"column":2},"end":{"line":165,"column":63}},"56":{"start":{"line":134,"column":16},"end":{"line":134,"column":41}},"57":{"start":{"line":135,"column":4},"end":{"line":136,"column":38}},"58":{"start":{"line":136,"column":6},"end":{"line":136,"column":38}},"59":{"start":{"line":137,"column":4},"end":{"line":164,"column":65}},"60":{"start":{"line":138,"column":6},"end":{"line":141,"column":7}},"61":{"start":{"line":139,"column":8},"end":{"line":139,"column":66}},"62":{"start":{"line":140,"column":8},"end":{"line":140,"column":15}},"63":{"start":{"line":143,"column":19},"end":{"line":143,"column":81}},"64":{"start":{"line":145,"column":6},"end":{"line":162,"column":8}},"65":{"start":{"line":146,"column":8},"end":{"line":149,"column":9}},"66":{"start":{"line":147,"column":10},"end":{"line":147,"column":62}},"67":{"start":{"line":148,"column":10},"end":{"line":148,"column":17}},"68":{"start":{"line":150,"column":8},"end":{"line":153,"column":9}},"69":{"start":{"line":151,"column":10},"end":{"line":151,"column":72}},"70":{"start":{"line":152,"column":10},"end":{"line":152,"column":17}},"71":{"start":{"line":154,"column":21},"end":{"line":154,"column":32}},"72":{"start":{"line":155,"column":8},"end":{"line":161,"column":13}},"73":{"start":{"line":157,"column":12},"end":{"line":157,"column":43}},"74":{"start":{"line":160,"column":12},"end":{"line":160,"column":43}},"75":{"start":{"line":164,"column":20},"end":{"line":164,"column":64}},"76":{"start":{"line":165,"column":18},"end":{"line":165,"column":62}},"77":{"start":{"line":168,"column":19},"end":{"line":176,"column":1}},"78":{"start":{"line":169,"column":2},"end":{"line":171,"column":3}},"79":{"start":{"line":170,"column":4},"end":{"line":170,"column":71}},"80":{"start":{"line":173,"column":2},"end":{"line":175,"column":3}},"81":{"start":{"line":174,"column":4},"end":{"line":174,"column":54}},"82":{"start":{"line":182,"column":0},"end":{"line":210,"column":1}},"83":{"start":{"line":183,"column":2},"end":{"line":185,"column":3}},"84":{"start":{"line":184,"column":4},"end":{"line":184,"column":66}},"85":{"start":{"line":186,"column":2},"end":{"line":188,"column":3}},"86":{"start":{"line":187,"column":4},"end":{"line":187,"column":80}},"87":{"start":{"line":189,"column":2},"end":{"line":209,"column":6}},"88":{"start":{"line":190,"column":4},"end":{"line":192,"column":5}},"89":{"start":{"line":191,"column":6},"end":{"line":191,"column":23}},"90":{"start":{"line":193,"column":22},"end":{"line":193,"column":44}},"91":{"start":{"line":194,"column":19},"end":{"line":194,"column":43}},"92":{"start":{"line":196,"column":4},"end":{"line":202,"column":7}},"93":{"start":{"line":197,"column":6},"end":{"line":201,"column":7}},"94":{"start":{"line":198,"column":8},"end":{"line":198,"column":37}},"95":{"start":{"line":200,"column":8},"end":{"line":200,"column":53}},"96":{"start":{"line":205,"column":6},"end":{"line":207,"column":7}},"97":{"start":{"line":206,"column":8},"end":{"line":206,"column":42}},"98":{"start":{"line":208,"column":6},"end":{"line":208,"column":60}},"99":{"start":{"line":217,"column":0},"end":{"line":233,"column":1}},"100":{"start":{"line":218,"column":2},"end":{"line":221,"column":3}},"101":{"start":{"line":219,"column":4},"end":{"line":219,"column":74}},"102":{"start":{"line":220,"column":4},"end":{"line":220,"column":11}},"103":{"start":{"line":222,"column":2},"end":{"line":225,"column":3}},"104":{"start":{"line":223,"column":4},"end":{"line":223,"column":75}},"105":{"start":{"line":224,"column":4},"end":{"line":224,"column":11}},"106":{"start":{"line":226,"column":2},"end":{"line":232,"column":7}},"107":{"start":{"line":228,"column":6},"end":{"line":228,"column":37}},"108":{"start":{"line":231,"column":6},"end":{"line":231,"column":37}}},"fnMap":{"0":{"name":"listApplication","decl":{"start":{"line":48,"column":35},"end":{"line":48,"column":50}},"loc":{"start":{"line":48,"column":61},"end":{"line":79,"column":1}},"line":48},"1":{"name":"(anonymous_1)","decl":{"start":{"line":59,"column":12},"end":{"line":59,"column":13}},"loc":{"start":{"line":59,"column":32},"end":{"line":61,"column":7}},"line":59},"2":{"name":"(anonymous_2)","decl":{"start":{"line":62,"column":13},"end":{"line":62,"column":14}},"loc":{"start":{"line":62,"column":33},"end":{"line":64,"column":7}},"line":62},"3":{"name":"(anonymous_3)","decl":{"start":{"line":72,"column":12},"end":{"line":72,"column":13}},"loc":{"start":{"line":72,"column":32},"end":{"line":74,"column":7}},"line":72},"4":{"name":"(anonymous_4)","decl":{"start":{"line":75,"column":13},"end":{"line":75,"column":14}},"loc":{"start":{"line":75,"column":33},"end":{"line":77,"column":7}},"line":75},"5":{"name":"acceptApplication","decl":{"start":{"line":81,"column":37},"end":{"line":81,"column":54}},"loc":{"start":{"line":81,"column":65},"end":{"line":111,"column":1}},"line":81},"6":{"name":"(anonymous_6)","decl":{"start":{"line":101,"column":12},"end":{"line":101,"column":13}},"loc":{"start":{"line":101,"column":32},"end":{"line":103,"column":7}},"line":101},"7":{"name":"(anonymous_7)","decl":{"start":{"line":104,"column":13},"end":{"line":104,"column":14}},"loc":{"start":{"line":104,"column":33},"end":{"line":106,"column":7}},"line":104},"8":{"name":"(anonymous_8)","decl":{"start":{"line":119,"column":27},"end":{"line":119,"column":28}},"loc":{"start":{"line":119,"column":53},"end":{"line":166,"column":1}},"line":119},"9":{"name":"(anonymous_9)","decl":{"start":{"line":133,"column":63},"end":{"line":133,"column":64}},"loc":{"start":{"line":133,"column":75},"end":{"line":165,"column":3}},"line":133},"10":{"name":"(anonymous_10)","decl":{"start":{"line":137,"column":65},"end":{"line":137,"column":66}},"loc":{"start":{"line":137,"column":81},"end":{"line":164,"column":5}},"line":137},"11":{"name":"(anonymous_11)","decl":{"start":{"line":145,"column":22},"end":{"line":145,"column":23}},"loc":{"start":{"line":145,"column":52},"end":{"line":162,"column":7}},"line":145},"12":{"name":"(anonymous_12)","decl":{"start":{"line":156,"column":16},"end":{"line":156,"column":17}},"loc":{"start":{"line":156,"column":36},"end":{"line":158,"column":11}},"line":156},"13":{"name":"(anonymous_13)","decl":{"start":{"line":159,"column":17},"end":{"line":159,"column":18}},"loc":{"start":{"line":159,"column":37},"end":{"line":161,"column":11}},"line":159},"14":{"name":"(anonymous_14)","decl":{"start":{"line":164,"column":13},"end":{"line":164,"column":14}},"loc":{"start":{"line":164,"column":20},"end":{"line":164,"column":64}},"line":164},"15":{"name":"(anonymous_15)","decl":{"start":{"line":165,"column":11},"end":{"line":165,"column":12}},"loc":{"start":{"line":165,"column":18},"end":{"line":165,"column":62}},"line":165},"16":{"name":"(anonymous_16)","decl":{"start":{"line":168,"column":19},"end":{"line":168,"column":20}},"loc":{"start":{"line":168,"column":44},"end":{"line":176,"column":1}},"line":168},"17":{"name":"(anonymous_17)","decl":{"start":{"line":182,"column":23},"end":{"line":182,"column":24}},"loc":{"start":{"line":182,"column":43},"end":{"line":210,"column":1}},"line":182},"18":{"name":"(anonymous_18)","decl":{"start":{"line":189,"column":67},"end":{"line":189,"column":68}},"loc":{"start":{"line":189,"column":82},"end":{"line":203,"column":3}},"line":189},"19":{"name":"(anonymous_19)","decl":{"start":{"line":196,"column":25},"end":{"line":196,"column":26}},"loc":{"start":{"line":196,"column":34},"end":{"line":202,"column":5}},"line":196},"20":{"name":"(anonymous_20)","decl":{"start":{"line":204,"column":11},"end":{"line":204,"column":12}},"loc":{"start":{"line":204,"column":20},"end":{"line":209,"column":5}},"line":204},"21":{"name":"(anonymous_21)","decl":{"start":{"line":217,"column":31},"end":{"line":217,"column":32}},"loc":{"start":{"line":217,"column":51},"end":{"line":233,"column":1}},"line":217},"22":{"name":"(anonymous_22)","decl":{"start":{"line":227,"column":10},"end":{"line":227,"column":11}},"loc":{"start":{"line":227,"column":30},"end":{"line":229,"column":5}},"line":227},"23":{"name":"(anonymous_23)","decl":{"start":{"line":230,"column":11},"end":{"line":230,"column":12}},"loc":{"start":{"line":230,"column":31},"end":{"line":232,"column":5}},"line":230}},"branchMap":{"0":{"loc":{"start":{"line":49,"column":2},"end":{"line":51,"column":3}},"type":"if","locations":[{"start":{"line":49,"column":2},"end":{"line":51,"column":3}},{"start":{},"end":{}}],"line":49},"1":{"loc":{"start":{"line":49,"column":6},"end":{"line":49,"column":62}},"type":"binary-expr","locations":[{"start":{"line":49,"column":6},"end":{"line":49,"column":32}},{"start":{"line":49,"column":36},"end":{"line":49,"column":62}}],"line":49},"2":{"loc":{"start":{"line":52,"column":2},"end":{"line":78,"column":3}},"type":"if","locations":[{"start":{"line":52,"column":2},"end":{"line":78,"column":3}},{"start":{"line":65,"column":9},"end":{"line":78,"column":3}}],"line":52},"3":{"loc":{"start":{"line":53,"column":4},"end":{"line":56,"column":5}},"type":"if","locations":[{"start":{"line":53,"column":4},"end":{"line":56,"column":5}},{"start":{},"end":{}}],"line":53},"4":{"loc":{"start":{"line":65,"column":9},"end":{"line":78,"column":3}},"type":"if","locations":[{"start":{"line":65,"column":9},"end":{"line":78,"column":3}},{"start":{},"end":{}}],"line":65},"5":{"loc":{"start":{"line":66,"column":4},"end":{"line":69,"column":5}},"type":"if","locations":[{"start":{"line":66,"column":4},"end":{"line":69,"column":5}},{"start":{},"end":{}}],"line":66},"6":{"loc":{"start":{"line":82,"column":2},"end":{"line":85,"column":3}},"type":"if","locations":[{"start":{"line":82,"column":2},"end":{"line":85,"column":3}},{"start":{},"end":{}}],"line":82},"7":{"loc":{"start":{"line":86,"column":2},"end":{"line":89,"column":3}},"type":"if","locations":[{"start":{"line":86,"column":2},"end":{"line":89,"column":3}},{"start":{},"end":{}}],"line":86},"8":{"loc":{"start":{"line":86,"column":6},"end":{"line":86,"column":65}},"type":"binary-expr","locations":[{"start":{"line":86,"column":6},"end":{"line":86,"column":32}},{"start":{"line":86,"column":36},"end":{"line":86,"column":65}}],"line":86},"9":{"loc":{"start":{"line":90,"column":2},"end":{"line":93,"column":3}},"type":"if","locations":[{"start":{"line":90,"column":2},"end":{"line":93,"column":3}},{"start":{},"end":{}}],"line":90},"10":{"loc":{"start":{"line":94,"column":2},"end":{"line":97,"column":3}},"type":"if","locations":[{"start":{"line":94,"column":2},"end":{"line":97,"column":3}},{"start":{},"end":{}}],"line":94},"11":{"loc":{"start":{"line":98,"column":2},"end":{"line":110,"column":3}},"type":"if","locations":[{"start":{"line":98,"column":2},"end":{"line":110,"column":3}},{"start":{"line":108,"column":7},"end":{"line":110,"column":3}}],"line":98},"12":{"loc":{"start":{"line":98,"column":6},"end":{"line":98,"column":50}},"type":"binary-expr","locations":[{"start":{"line":98,"column":6},"end":{"line":98,"column":26}},{"start":{"line":98,"column":30},"end":{"line":98,"column":50}}],"line":98},"13":{"loc":{"start":{"line":120,"column":2},"end":{"line":123,"column":3}},"type":"if","locations":[{"start":{"line":120,"column":2},"end":{"line":123,"column":3}},{"start":{},"end":{}}],"line":120},"14":{"loc":{"start":{"line":124,"column":2},"end":{"line":127,"column":3}},"type":"if","locations":[{"start":{"line":124,"column":2},"end":{"line":127,"column":3}},{"start":{},"end":{}}],"line":124},"15":{"loc":{"start":{"line":129,"column":2},"end":{"line":132,"column":3}},"type":"if","locations":[{"start":{"line":129,"column":2},"end":{"line":132,"column":3}},{"start":{},"end":{}}],"line":129},"16":{"loc":{"start":{"line":135,"column":4},"end":{"line":136,"column":38}},"type":"if","locations":[{"start":{"line":135,"column":4},"end":{"line":136,"column":38}},{"start":{},"end":{}}],"line":135},"17":{"loc":{"start":{"line":138,"column":6},"end":{"line":141,"column":7}},"type":"if","locations":[{"start":{"line":138,"column":6},"end":{"line":141,"column":7}},{"start":{},"end":{}}],"line":138},"18":{"loc":{"start":{"line":146,"column":8},"end":{"line":149,"column":9}},"type":"if","locations":[{"start":{"line":146,"column":8},"end":{"line":149,"column":9}},{"start":{},"end":{}}],"line":146},"19":{"loc":{"start":{"line":150,"column":8},"end":{"line":153,"column":9}},"type":"if","locations":[{"start":{"line":150,"column":8},"end":{"line":153,"column":9}},{"start":{},"end":{}}],"line":150},"20":{"loc":{"start":{"line":169,"column":2},"end":{"line":171,"column":3}},"type":"if","locations":[{"start":{"line":169,"column":2},"end":{"line":171,"column":3}},{"start":{},"end":{}}],"line":169},"21":{"loc":{"start":{"line":173,"column":2},"end":{"line":175,"column":3}},"type":"if","locations":[{"start":{"line":173,"column":2},"end":{"line":175,"column":3}},{"start":{},"end":{}}],"line":173},"22":{"loc":{"start":{"line":183,"column":2},"end":{"line":185,"column":3}},"type":"if","locations":[{"start":{"line":183,"column":2},"end":{"line":185,"column":3}},{"start":{},"end":{}}],"line":183},"23":{"loc":{"start":{"line":186,"column":2},"end":{"line":188,"column":3}},"type":"if","locations":[{"start":{"line":186,"column":2},"end":{"line":188,"column":3}},{"start":{},"end":{}}],"line":186},"24":{"loc":{"start":{"line":186,"column":6},"end":{"line":186,"column":62}},"type":"binary-expr","locations":[{"start":{"line":186,"column":6},"end":{"line":186,"column":32}},{"start":{"line":186,"column":36},"end":{"line":186,"column":62}}],"line":186},"25":{"loc":{"start":{"line":190,"column":4},"end":{"line":192,"column":5}},"type":"if","locations":[{"start":{"line":190,"column":4},"end":{"line":192,"column":5}},{"start":{},"end":{}}],"line":190},"26":{"loc":{"start":{"line":197,"column":6},"end":{"line":201,"column":7}},"type":"if","locations":[{"start":{"line":197,"column":6},"end":{"line":201,"column":7}},{"start":{"line":199,"column":13},"end":{"line":201,"column":7}}],"line":197},"27":{"loc":{"start":{"line":205,"column":6},"end":{"line":207,"column":7}},"type":"if","locations":[{"start":{"line":205,"column":6},"end":{"line":207,"column":7}},{"start":{},"end":{}}],"line":205},"28":{"loc":{"start":{"line":218,"column":2},"end":{"line":221,"column":3}},"type":"if","locations":[{"start":{"line":218,"column":2},"end":{"line":221,"column":3}},{"start":{},"end":{}}],"line":218},"29":{"loc":{"start":{"line":222,"column":2},"end":{"line":225,"column":3}},"type":"if","locations":[{"start":{"line":222,"column":2},"end":{"line":225,"column":3}},{"start":{},"end":{}}],"line":222},"30":{"loc":{"start":{"line":222,"column":6},"end":{"line":222,"column":57}},"type":"binary-expr","locations":[{"start":{"line":222,"column":6},"end":{"line":222,"column":28}},{"start":{"line":222,"column":32},"end":{"line":222,"column":57}}],"line":222}},"s":{"0":4,"1":4,"2":4,"3":4,"4":4,"5":4,"6":4,"7":4,"8":4,"9":4,"10":13,"11":3,"12":10,"13":5,"14":2,"15":2,"16":3,"17":2,"18":1,"19":5,"20":5,"21":2,"22":2,"23":3,"24":2,"25":1,"26":4,"27":19,"28":2,"29":2,"30":17,"31":3,"32":3,"33":14,"34":1,"35":1,"36":13,"37":2,"38":2,"39":11,"40":9,"41":2,"42":7,"43":2,"44":4,"45":12,"46":1,"47":1,"48":11,"49":1,"50":1,"51":10,"52":10,"53":1,"54":1,"55":9,"56":9,"57":9,"58":2,"59":7,"60":7,"61":1,"62":1,"63":6,"64":6,"65":6,"66":1,"67":1,"68":5,"69":0,"70":0,"71":5,"72":4,"73":1,"74":3,"75":1,"76":0,"77":4,"78":9,"79":1,"80":8,"81":1,"82":4,"83":4,"84":1,"85":3,"86":1,"87":2,"88":1,"89":0,"90":1,"91":0,"92":0,"93":0,"94":0,"95":0,"96":2,"97":2,"98":0,"99":4,"100":8,"101":2,"102":2,"103":6,"104":2,"105":2,"106":4,"107":3,"108":1},"f":{"0":13,"1":2,"2":1,"3":2,"4":1,"5":19,"6":2,"7":7,"8":12,"9":9,"10":7,"11":6,"12":1,"13":3,"14":1,"15":0,"16":9,"17":4,"18":1,"19":0,"20":2,"21":8,"22":3,"23":1},"b":{"0":[3,10],"1":[13,8],"2":[5,5],"3":[2,3],"4":[5,0],"5":[2,3],"6":[2,17],"7":[3,14],"8":[17,16],"9":[1,13],"10":[2,11],"11":[9,2],"12":[11,2],"13":[1,11],"14":[1,10],"15":[1,9],"16":[2,7],"17":[1,6],"18":[1,5],"19":[0,5],"20":[1,8],"21":[1,7],"22":[1,3],"23":[1,2],"24":[3,1],"25":[0,1],"26":[0,0],"27":[2,0],"28":[2,6],"29":[2,4],"30":[6,5]},"_coverageSchema":"1a1c01bbd47fc00a2c39e90264f33305004495a9","hash":"df6e5406e5ad56fb5db84e5b0e4c42ded485e026"}
,"C:\\Users\\danie\\Documents\\GitHub\\SEII_Main-Project\\server\\controllers\\CoSupervisorController.js": {"path":"C:\\Users\\danie\\Documents\\GitHub\\SEII_Main-Project\\server\\controllers\\CoSupervisorController.js","statementMap":{"0":{"start":{"line":2,"column":28},"end":{"line":2,"column":70}},"1":{"start":{"line":4,"column":0},"end":{"line":16,"column":4}},"2":{"start":{"line":5,"column":2},"end":{"line":8,"column":3}},"3":{"start":{"line":6,"column":4},"end":{"line":6,"column":86}},"4":{"start":{"line":7,"column":4},"end":{"line":7,"column":11}},"5":{"start":{"line":9,"column":2},"end":{"line":15,"column":6}},"6":{"start":{"line":11,"column":6},"end":{"line":11,"column":35}},"7":{"start":{"line":14,"column":6},"end":{"line":14,"column":62}}},"fnMap":{"0":{"name":"(anonymous_0)","decl":{"start":{"line":4,"column":36},"end":{"line":4,"column":37}},"loc":{"start":{"line":4,"column":56},"end":{"line":16,"column":3}},"line":4},"1":{"name":"(anonymous_1)","decl":{"start":{"line":10,"column":10},"end":{"line":10,"column":11}},"loc":{"start":{"line":10,"column":22},"end":{"line":12,"column":5}},"line":10},"2":{"name":"(anonymous_2)","decl":{"start":{"line":13,"column":11},"end":{"line":13,"column":12}},"loc":{"start":{"line":13,"column":20},"end":{"line":15,"column":5}},"line":13}},"branchMap":{"0":{"loc":{"start":{"line":5,"column":2},"end":{"line":8,"column":3}},"type":"if","locations":[{"start":{"line":5,"column":2},"end":{"line":8,"column":3}},{"start":{},"end":{}}],"line":5},"1":{"loc":{"start":{"line":5,"column":5},"end":{"line":5,"column":63}},"type":"binary-expr","locations":[{"start":{"line":5,"column":5},"end":{"line":5,"column":32}},{"start":{"line":5,"column":36},"end":{"line":5,"column":63}}],"line":5}},"s":{"0":4,"1":4,"2":4,"3":2,"4":2,"5":2,"6":1,"7":1},"f":{"0":4,"1":1,"2":1},"b":{"0":[2,2],"1":[4,2]},"_coverageSchema":"1a1c01bbd47fc00a2c39e90264f33305004495a9","hash":"d421be97cf28ac53fc6a2f2b750fb6affc02d2a8"}
,"C:\\Users\\danie\\Documents\\GitHub\\SEII_Main-Project\\server\\controllers\\RequestController.js": {"path":"C:\\Users\\danie\\Documents\\GitHub\\SEII_Main-Project\\server\\controllers\\RequestController.js","statementMap":{"0":{"start":{"line":2,"column":23},"end":{"line":2,"column":60}},"1":{"start":{"line":3,"column":26},"end":{"line":3,"column":70}},"2":{"start":{"line":4,"column":30},"end":{"line":4,"column":78}},"3":{"start":{"line":6,"column":0},"end":{"line":31,"column":1}},"4":{"start":{"line":7,"column":4},"end":{"line":10,"column":5}},"5":{"start":{"line":8,"column":8},"end":{"line":8,"column":80}},"6":{"start":{"line":9,"column":8},"end":{"line":9,"column":15}},"7":{"start":{"line":11,"column":4},"end":{"line":29,"column":6}},"8":{"start":{"line":12,"column":8},"end":{"line":15,"column":9}},"9":{"start":{"line":13,"column":12},"end":{"line":13,"column":94}},"10":{"start":{"line":14,"column":12},"end":{"line":14,"column":19}},"11":{"start":{"line":16,"column":8},"end":{"line":26,"column":10}},"12":{"start":{"line":17,"column":12},"end":{"line":20,"column":13}},"13":{"start":{"line":18,"column":16},"end":{"line":18,"column":108}},"14":{"start":{"line":21,"column":12},"end":{"line":23,"column":81}},"15":{"start":{"line":22,"column":33},"end":{"line":22,"column":62}},"16":{"start":{"line":23,"column":32},"end":{"line":23,"column":78}},"17":{"start":{"line":25,"column":12},"end":{"line":25,"column":59}},"18":{"start":{"line":28,"column":8},"end":{"line":28,"column":54}},"19":{"start":{"line":39,"column":0},"end":{"line":61,"column":1}},"20":{"start":{"line":40,"column":4},"end":{"line":43,"column":5}},"21":{"start":{"line":41,"column":8},"end":{"line":41,"column":78}},"22":{"start":{"line":42,"column":8},"end":{"line":42,"column":14}},"23":{"start":{"line":44,"column":4},"end":{"line":47,"column":5}},"24":{"start":{"line":45,"column":8},"end":{"line":45,"column":96}},"25":{"start":{"line":46,"column":8},"end":{"line":46,"column":15}},"26":{"start":{"line":48,"column":4},"end":{"line":51,"column":5}},"27":{"start":{"line":49,"column":8},"end":{"line":49,"column":79}},"28":{"start":{"line":50,"column":8},"end":{"line":50,"column":15}},"29":{"start":{"line":52,"column":4},"end":{"line":54,"column":5}},"30":{"start":{"line":53,"column":8},"end":{"line":53,"column":81}},"31":{"start":{"line":55,"column":4},"end":{"line":57,"column":5}},"32":{"start":{"line":56,"column":8},"end":{"line":56,"column":81}},"33":{"start":{"line":58,"column":4},"end":{"line":60,"column":50}},"34":{"start":{"line":59,"column":26},"end":{"line":59,"column":56}},"35":{"start":{"line":60,"column":24},"end":{"line":60,"column":49}},"36":{"start":{"line":63,"column":0},"end":{"line":73,"column":1}},"37":{"start":{"line":64,"column":4},"end":{"line":67,"column":5}},"38":{"start":{"line":65,"column":8},"end":{"line":65,"column":78}},"39":{"start":{"line":66,"column":8},"end":{"line":66,"column":14}},"40":{"start":{"line":68,"column":4},"end":{"line":72,"column":48}},"41":{"start":{"line":70,"column":12},"end":{"line":70,"column":38}},"42":{"start":{"line":72,"column":22},"end":{"line":72,"column":47}},"43":{"start":{"line":75,"column":0},"end":{"line":85,"column":1}},"44":{"start":{"line":76,"column":4},"end":{"line":79,"column":5}},"45":{"start":{"line":77,"column":8},"end":{"line":77,"column":78}},"46":{"start":{"line":78,"column":8},"end":{"line":78,"column":14}},"47":{"start":{"line":80,"column":4},"end":{"line":84,"column":48}},"48":{"start":{"line":82,"column":12},"end":{"line":82,"column":38}},"49":{"start":{"line":84,"column":22},"end":{"line":84,"column":47}},"50":{"start":{"line":92,"column":0},"end":{"line":113,"column":2}},"51":{"start":{"line":93,"column":4},"end":{"line":96,"column":5}},"52":{"start":{"line":94,"column":8},"end":{"line":94,"column":75}},"53":{"start":{"line":95,"column":8},"end":{"line":95,"column":15}},"54":{"start":{"line":97,"column":4},"end":{"line":100,"column":5}},"55":{"start":{"line":98,"column":8},"end":{"line":98,"column":75}},"56":{"start":{"line":99,"column":8},"end":{"line":99,"column":15}},"57":{"start":{"line":101,"column":4},"end":{"line":104,"column":5}},"58":{"start":{"line":102,"column":8},"end":{"line":102,"column":94}},"59":{"start":{"line":103,"column":8},"end":{"line":103,"column":15}},"60":{"start":{"line":105,"column":4},"end":{"line":107,"column":5}},"61":{"start":{"line":106,"column":8},"end":{"line":106,"column":81}},"62":{"start":{"line":110,"column":4},"end":{"line":112,"column":49}},"63":{"start":{"line":111,"column":26},"end":{"line":111,"column":56}},"64":{"start":{"line":112,"column":22},"end":{"line":112,"column":47}}},"fnMap":{"0":{"name":"(anonymous_0)","decl":{"start":{"line":6,"column":21},"end":{"line":6,"column":22}},"loc":{"start":{"line":6,"column":41},"end":{"line":31,"column":1}},"line":6},"1":{"name":"(anonymous_1)","decl":{"start":{"line":11,"column":65},"end":{"line":11,"column":66}},"loc":{"start":{"line":11,"column":72},"end":{"line":27,"column":5}},"line":11},"2":{"name":"(anonymous_2)","decl":{"start":{"line":16,"column":65},"end":{"line":16,"column":66}},"loc":{"start":{"line":16,"column":76},"end":{"line":24,"column":9}},"line":16},"3":{"name":"(anonymous_3)","decl":{"start":{"line":22,"column":22},"end":{"line":22,"column":23}},"loc":{"start":{"line":22,"column":33},"end":{"line":22,"column":62}},"line":22},"4":{"name":"(anonymous_4)","decl":{"start":{"line":23,"column":23},"end":{"line":23,"column":24}},"loc":{"start":{"line":23,"column":30},"end":{"line":23,"column":80}},"line":23},"5":{"name":"(anonymous_5)","decl":{"start":{"line":24,"column":17},"end":{"line":24,"column":18}},"loc":{"start":{"line":24,"column":24},"end":{"line":26,"column":9}},"line":24},"6":{"name":"(anonymous_6)","decl":{"start":{"line":27,"column":13},"end":{"line":27,"column":14}},"loc":{"start":{"line":27,"column":20},"end":{"line":29,"column":5}},"line":27},"7":{"name":"(anonymous_7)","decl":{"start":{"line":39,"column":32},"end":{"line":39,"column":33}},"loc":{"start":{"line":39,"column":52},"end":{"line":61,"column":1}},"line":39},"8":{"name":"(anonymous_8)","decl":{"start":{"line":59,"column":14},"end":{"line":59,"column":15}},"loc":{"start":{"line":59,"column":26},"end":{"line":59,"column":56}},"line":59},"9":{"name":"(anonymous_9)","decl":{"start":{"line":60,"column":15},"end":{"line":60,"column":16}},"loc":{"start":{"line":60,"column":24},"end":{"line":60,"column":49}},"line":60},"10":{"name":"(anonymous_10)","decl":{"start":{"line":63,"column":33},"end":{"line":63,"column":34}},"loc":{"start":{"line":63,"column":53},"end":{"line":73,"column":1}},"line":63},"11":{"name":"(anonymous_11)","decl":{"start":{"line":69,"column":14},"end":{"line":69,"column":15}},"loc":{"start":{"line":69,"column":22},"end":{"line":71,"column":9}},"line":69},"12":{"name":"(anonymous_12)","decl":{"start":{"line":72,"column":15},"end":{"line":72,"column":16}},"loc":{"start":{"line":72,"column":22},"end":{"line":72,"column":47}},"line":72},"13":{"name":"(anonymous_13)","decl":{"start":{"line":75,"column":24},"end":{"line":75,"column":25}},"loc":{"start":{"line":75,"column":44},"end":{"line":85,"column":1}},"line":75},"14":{"name":"(anonymous_14)","decl":{"start":{"line":81,"column":14},"end":{"line":81,"column":15}},"loc":{"start":{"line":81,"column":22},"end":{"line":83,"column":9}},"line":81},"15":{"name":"(anonymous_15)","decl":{"start":{"line":84,"column":15},"end":{"line":84,"column":16}},"loc":{"start":{"line":84,"column":22},"end":{"line":84,"column":47}},"line":84},"16":{"name":"(anonymous_16)","decl":{"start":{"line":92,"column":34},"end":{"line":92,"column":35}},"loc":{"start":{"line":92,"column":54},"end":{"line":113,"column":1}},"line":92},"17":{"name":"(anonymous_17)","decl":{"start":{"line":111,"column":14},"end":{"line":111,"column":15}},"loc":{"start":{"line":111,"column":26},"end":{"line":111,"column":56}},"line":111},"18":{"name":"(anonymous_18)","decl":{"start":{"line":112,"column":15},"end":{"line":112,"column":16}},"loc":{"start":{"line":112,"column":22},"end":{"line":112,"column":47}},"line":112}},"branchMap":{"0":{"loc":{"start":{"line":7,"column":4},"end":{"line":10,"column":5}},"type":"if","locations":[{"start":{"line":7,"column":4},"end":{"line":10,"column":5}},{"start":{},"end":{}}],"line":7},"1":{"loc":{"start":{"line":12,"column":8},"end":{"line":15,"column":9}},"type":"if","locations":[{"start":{"line":12,"column":8},"end":{"line":15,"column":9}},{"start":{},"end":{}}],"line":12},"2":{"loc":{"start":{"line":17,"column":12},"end":{"line":20,"column":13}},"type":"if","locations":[{"start":{"line":17,"column":12},"end":{"line":20,"column":13}},{"start":{},"end":{}}],"line":17},"3":{"loc":{"start":{"line":40,"column":4},"end":{"line":43,"column":5}},"type":"if","locations":[{"start":{"line":40,"column":4},"end":{"line":43,"column":5}},{"start":{},"end":{}}],"line":40},"4":{"loc":{"start":{"line":44,"column":4},"end":{"line":47,"column":5}},"type":"if","locations":[{"start":{"line":44,"column":4},"end":{"line":47,"column":5}},{"start":{},"end":{}}],"line":44},"5":{"loc":{"start":{"line":44,"column":8},"end":{"line":44,"column":59}},"type":"binary-expr","locations":[{"start":{"line":44,"column":8},"end":{"line":44,"column":30}},{"start":{"line":44,"column":34},"end":{"line":44,"column":59}}],"line":44},"6":{"loc":{"start":{"line":48,"column":4},"end":{"line":51,"column":5}},"type":"if","locations":[{"start":{"line":48,"column":4},"end":{"line":51,"column":5}},{"start":{},"end":{}}],"line":48},"7":{"loc":{"start":{"line":48,"column":8},"end":{"line":48,"column":70}},"type":"binary-expr","locations":[{"start":{"line":48,"column":8},"end":{"line":48,"column":24}},{"start":{"line":48,"column":28},"end":{"line":48,"column":47}},{"start":{"line":48,"column":51},"end":{"line":48,"column":70}}],"line":48},"8":{"loc":{"start":{"line":52,"column":4},"end":{"line":54,"column":5}},"type":"if","locations":[{"start":{"line":52,"column":4},"end":{"line":54,"column":5}},{"start":{},"end":{}}],"line":52},"9":{"loc":{"start":{"line":52,"column":8},"end":{"line":52,"column":55}},"type":"binary-expr","locations":[{"start":{"line":52,"column":8},"end":{"line":52,"column":28}},{"start":{"line":52,"column":32},"end":{"line":52,"column":55}}],"line":52},"10":{"loc":{"start":{"line":55,"column":4},"end":{"line":57,"column":5}},"type":"if","locations":[{"start":{"line":55,"column":4},"end":{"line":57,"column":5}},{"start":{},"end":{}}],"line":55},"11":{"loc":{"start":{"line":55,"column":8},"end":{"line":55,"column":55}},"type":"binary-expr","locations":[{"start":{"line":55,"column":8},"end":{"line":55,"column":28}},{"start":{"line":55,"column":32},"end":{"line":55,"column":55}}],"line":55},"12":{"loc":{"start":{"line":64,"column":4},"end":{"line":67,"column":5}},"type":"if","locations":[{"start":{"line":64,"column":4},"end":{"line":67,"column":5}},{"start":{},"end":{}}],"line":64},"13":{"loc":{"start":{"line":76,"column":4},"end":{"line":79,"column":5}},"type":"if","locations":[{"start":{"line":76,"column":4},"end":{"line":79,"column":5}},{"start":{},"end":{}}],"line":76},"14":{"loc":{"start":{"line":93,"column":4},"end":{"line":96,"column":5}},"type":"if","locations":[{"start":{"line":93,"column":4},"end":{"line":96,"column":5}},{"start":{},"end":{}}],"line":93},"15":{"loc":{"start":{"line":97,"column":4},"end":{"line":100,"column":5}},"type":"if","locations":[{"start":{"line":97,"column":4},"end":{"line":100,"column":5}},{"start":{},"end":{}}],"line":97},"16":{"loc":{"start":{"line":97,"column":8},"end":{"line":97,"column":55}},"type":"binary-expr","locations":[{"start":{"line":97,"column":8},"end":{"line":97,"column":28}},{"start":{"line":97,"column":32},"end":{"line":97,"column":55}}],"line":97},"17":{"loc":{"start":{"line":101,"column":4},"end":{"line":104,"column":5}},"type":"if","locations":[{"start":{"line":101,"column":4},"end":{"line":104,"column":5}},{"start":{},"end":{}}],"line":101},"18":{"loc":{"start":{"line":101,"column":8},"end":{"line":101,"column":70}},"type":"binary-expr","locations":[{"start":{"line":101,"column":8},"end":{"line":101,"column":24}},{"start":{"line":101,"column":28},"end":{"line":101,"column":47}},{"start":{"line":101,"column":51},"end":{"line":101,"column":70}}],"line":101},"19":{"loc":{"start":{"line":105,"column":4},"end":{"line":107,"column":5}},"type":"if","locations":[{"start":{"line":105,"column":4},"end":{"line":107,"column":5}},{"start":{},"end":{}}],"line":105},"20":{"loc":{"start":{"line":105,"column":8},"end":{"line":105,"column":39}},"type":"binary-expr","locations":[{"start":{"line":105,"column":8},"end":{"line":105,"column":20}},{"start":{"line":105,"column":24},"end":{"line":105,"column":39}}],"line":105}},"s":{"0":4,"1":4,"2":4,"3":4,"4":6,"5":1,"6":1,"7":5,"8":4,"9":1,"10":1,"11":3,"12":2,"13":1,"14":1,"15":1,"16":0,"17":1,"18":1,"19":4,"20":5,"21":1,"22":1,"23":4,"24":1,"25":1,"26":3,"27":0,"28":0,"29":3,"30":1,"31":2,"32":1,"33":1,"34":1,"35":0,"36":4,"37":3,"38":1,"39":1,"40":2,"41":1,"42":1,"43":4,"44":3,"45":1,"46":1,"47":2,"48":1,"49":1,"50":4,"51":5,"52":1,"53":1,"54":4,"55":1,"56":1,"57":3,"58":1,"59":1,"60":2,"61":1,"62":1,"63":1,"64":0},"f":{"0":6,"1":4,"2":2,"3":1,"4":0,"5":1,"6":1,"7":5,"8":1,"9":0,"10":3,"11":1,"12":1,"13":3,"14":1,"15":1,"16":5,"17":1,"18":0},"b":{"0":[1,5],"1":[1,3],"2":[1,1],"3":[1,4],"4":[1,3],"5":[4,4],"6":[0,3],"7":[3,3,3],"8":[1,2],"9":[3,3],"10":[1,1],"11":[2,2],"12":[1,2],"13":[1,2],"14":[1,4],"15":[1,3],"16":[4,3],"17":[1,2],"18":[3,3,2],"19":[1,1],"20":[2,1]},"_coverageSchema":"1a1c01bbd47fc00a2c39e90264f33305004495a9","hash":"6e9158db491f02e0c7f87feb1dcd5eefb22e9023"}
,"C:\\Users\\danie\\Documents\\GitHub\\SEII_Main-Project\\server\\controllers\\SupervisorController.js": {"path":"C:\\Users\\danie\\Documents\\GitHub\\SEII_Main-Project\\server\\controllers\\SupervisorController.js","statementMap":{"0":{"start":{"line":2,"column":26},"end":{"line":2,"column":63}},"1":{"start":{"line":4,"column":0},"end":{"line":12,"column":4}},"2":{"start":{"line":5,"column":2},"end":{"line":11,"column":6}},"3":{"start":{"line":7,"column":6},"end":{"line":7,"column":35}},"4":{"start":{"line":10,"column":6},"end":{"line":10,"column":62}}},"fnMap":{"0":{"name":"(anonymous_0)","decl":{"start":{"line":4,"column":34},"end":{"line":4,"column":35}},"loc":{"start":{"line":4,"column":54},"end":{"line":12,"column":3}},"line":4},"1":{"name":"(anonymous_1)","decl":{"start":{"line":6,"column":10},"end":{"line":6,"column":11}},"loc":{"start":{"line":6,"column":22},"end":{"line":8,"column":5}},"line":6},"2":{"name":"(anonymous_2)","decl":{"start":{"line":9,"column":11},"end":{"line":9,"column":12}},"loc":{"start":{"line":9,"column":20},"end":{"line":11,"column":5}},"line":9}},"branchMap":{},"s":{"0":4,"1":4,"2":2,"3":1,"4":1},"f":{"0":2,"1":1,"2":1},"b":{},"_coverageSchema":"1a1c01bbd47fc00a2c39e90264f33305004495a9","hash":"f4a9474a2ef9266244c52a00dd6405a244ffe8d4"}
,"C:\\Users\\danie\\Documents\\GitHub\\SEII_Main-Project\\server\\controllers\\ThesisController.js": {"path":"C:\\Users\\danie\\Documents\\GitHub\\SEII_Main-Project\\server\\controllers\\ThesisController.js","statementMap":{"0":{"start":{"line":3,"column":22},"end":{"line":3,"column":58}},"1":{"start":{"line":34,"column":0},"end":{"line":82,"column":2}},"2":{"start":{"line":35,"column":2},"end":{"line":81,"column":3}},"3":{"start":{"line":37,"column":4},"end":{"line":39,"column":5}},"4":{"start":{"line":38,"column":6},"end":{"line":38,"column":74}},"5":{"start":{"line":40,"column":18},"end":{"line":40,"column":62}},"6":{"start":{"line":41,"column":23},"end":{"line":41,"column":85}},"7":{"start":{"line":42,"column":16},"end":{"line":42,"column":72}},"8":{"start":{"line":43,"column":18},"end":{"line":43,"column":79}},"9":{"start":{"line":44,"column":19},"end":{"line":44,"column":66}},"10":{"start":{"line":45,"column":4},"end":{"line":45,"column":27}},"11":{"start":{"line":46,"column":4},"end":{"line":46,"column":31}},"12":{"start":{"line":47,"column":4},"end":{"line":64,"column":9}},"13":{"start":{"line":49,"column":20},"end":{"line":49,"column":31}},"14":{"start":{"line":50,"column":8},"end":{"line":50,"column":31}},"15":{"start":{"line":51,"column":8},"end":{"line":60,"column":11}},"16":{"start":{"line":52,"column":10},"end":{"line":55,"column":42}},"17":{"start":{"line":53,"column":12},"end":{"line":53,"column":74}},"18":{"start":{"line":55,"column":12},"end":{"line":55,"column":42}},"19":{"start":{"line":56,"column":10},"end":{"line":59,"column":15}},"20":{"start":{"line":57,"column":12},"end":{"line":59,"column":15}},"21":{"start":{"line":58,"column":14},"end":{"line":58,"column":52}},"22":{"start":{"line":61,"column":8},"end":{"line":61,"column":65}},"23":{"start":{"line":63,"column":8},"end":{"line":63,"column":52}},"24":{"start":{"line":80,"column":4},"end":{"line":80,"column":90}},"25":{"start":{"line":92,"column":0},"end":{"line":124,"column":2}},"26":{"start":{"line":93,"column":2},"end":{"line":96,"column":3}},"27":{"start":{"line":94,"column":4},"end":{"line":94,"column":74}},"28":{"start":{"line":95,"column":4},"end":{"line":95,"column":11}},"29":{"start":{"line":97,"column":2},"end":{"line":100,"column":3}},"30":{"start":{"line":98,"column":4},"end":{"line":98,"column":57}},"31":{"start":{"line":99,"column":4},"end":{"line":99,"column":11}},"32":{"start":{"line":102,"column":2},"end":{"line":105,"column":3}},"33":{"start":{"line":103,"column":4},"end":{"line":103,"column":83}},"34":{"start":{"line":104,"column":4},"end":{"line":104,"column":11}},"35":{"start":{"line":106,"column":2},"end":{"line":106,"column":36}},"36":{"start":{"line":108,"column":2},"end":{"line":111,"column":23}},"37":{"start":{"line":109,"column":4},"end":{"line":109,"column":23}},"38":{"start":{"line":111,"column":4},"end":{"line":111,"column":23}},"39":{"start":{"line":113,"column":2},"end":{"line":113,"column":35}},"40":{"start":{"line":114,"column":2},"end":{"line":123,"column":46}},"41":{"start":{"line":116,"column":6},"end":{"line":121,"column":7}},"42":{"start":{"line":117,"column":8},"end":{"line":117,"column":59}},"43":{"start":{"line":120,"column":8},"end":{"line":120,"column":39}},"44":{"start":{"line":123,"column":20},"end":{"line":123,"column":45}},"45":{"start":{"line":126,"column":0},"end":{"line":159,"column":2}},"46":{"start":{"line":127,"column":2},"end":{"line":130,"column":3}},"47":{"start":{"line":128,"column":4},"end":{"line":128,"column":73}},"48":{"start":{"line":129,"column":4},"end":{"line":129,"column":11}},"49":{"start":{"line":131,"column":2},"end":{"line":134,"column":3}},"50":{"start":{"line":132,"column":4},"end":{"line":132,"column":63}},"51":{"start":{"line":133,"column":4},"end":{"line":133,"column":10}},"52":{"start":{"line":135,"column":2},"end":{"line":138,"column":23}},"53":{"start":{"line":136,"column":4},"end":{"line":136,"column":23}},"54":{"start":{"line":138,"column":4},"end":{"line":138,"column":23}},"55":{"start":{"line":140,"column":2},"end":{"line":140,"column":35}},"56":{"start":{"line":142,"column":2},"end":{"line":145,"column":3}},"57":{"start":{"line":143,"column":4},"end":{"line":143,"column":83}},"58":{"start":{"line":144,"column":4},"end":{"line":144,"column":11}},"59":{"start":{"line":146,"column":2},"end":{"line":146,"column":36}},"60":{"start":{"line":149,"column":2},"end":{"line":158,"column":50}},"61":{"start":{"line":151,"column":6},"end":{"line":156,"column":7}},"62":{"start":{"line":152,"column":8},"end":{"line":152,"column":59}},"63":{"start":{"line":155,"column":8},"end":{"line":155,"column":39}},"64":{"start":{"line":158,"column":22},"end":{"line":158,"column":47}},"65":{"start":{"line":161,"column":0},"end":{"line":177,"column":1}},"66":{"start":{"line":162,"column":2},"end":{"line":165,"column":3}},"67":{"start":{"line":163,"column":4},"end":{"line":163,"column":76}},"68":{"start":{"line":164,"column":4},"end":{"line":164,"column":11}},"69":{"start":{"line":166,"column":2},"end":{"line":169,"column":3}},"70":{"start":{"line":167,"column":4},"end":{"line":167,"column":84}},"71":{"start":{"line":168,"column":4},"end":{"line":168,"column":11}},"72":{"start":{"line":170,"column":2},"end":{"line":176,"column":7}},"73":{"start":{"line":170,"column":68},"end":{"line":170,"column":98}},"74":{"start":{"line":172,"column":6},"end":{"line":175,"column":34}},"75":{"start":{"line":173,"column":8},"end":{"line":173,"column":34}},"76":{"start":{"line":175,"column":8},"end":{"line":175,"column":34}}},"fnMap":{"0":{"name":"searchThesis","decl":{"start":{"line":34,"column":32},"end":{"line":34,"column":44}},"loc":{"start":{"line":34,"column":65},"end":{"line":82,"column":1}},"line":34},"1":{"name":"(anonymous_1)","decl":{"start":{"line":48,"column":12},"end":{"line":48,"column":13}},"loc":{"start":{"line":48,"column":32},"end":{"line":62,"column":7}},"line":48},"2":{"name":"(anonymous_2)","decl":{"start":{"line":51,"column":25},"end":{"line":51,"column":26}},"loc":{"start":{"line":51,"column":32},"end":{"line":60,"column":9}},"line":51},"3":{"name":"(anonymous_3)","decl":{"start":{"line":57,"column":36},"end":{"line":57,"column":37}},"loc":{"start":{"line":57,"column":54},"end":{"line":59,"column":13}},"line":57},"4":{"name":"(anonymous_4)","decl":{"start":{"line":62,"column":15},"end":{"line":62,"column":16}},"loc":{"start":{"line":62,"column":20},"end":{"line":64,"column":7}},"line":62},"5":{"name":"addThesis","decl":{"start":{"line":92,"column":29},"end":{"line":92,"column":38}},"loc":{"start":{"line":92,"column":59},"end":{"line":124,"column":1}},"line":92},"6":{"name":"(anonymous_6)","decl":{"start":{"line":115,"column":10},"end":{"line":115,"column":11}},"loc":{"start":{"line":115,"column":22},"end":{"line":122,"column":5}},"line":115},"7":{"name":"(anonymous_7)","decl":{"start":{"line":123,"column":11},"end":{"line":123,"column":12}},"loc":{"start":{"line":123,"column":20},"end":{"line":123,"column":45}},"line":123},"8":{"name":"updateThesis","decl":{"start":{"line":126,"column":32},"end":{"line":126,"column":44}},"loc":{"start":{"line":126,"column":55},"end":{"line":159,"column":1}},"line":126},"9":{"name":"(anonymous_9)","decl":{"start":{"line":150,"column":10},"end":{"line":150,"column":11}},"loc":{"start":{"line":150,"column":22},"end":{"line":157,"column":5}},"line":150},"10":{"name":"(anonymous_10)","decl":{"start":{"line":158,"column":11},"end":{"line":158,"column":12}},"loc":{"start":{"line":158,"column":20},"end":{"line":158,"column":49}},"line":158},"11":{"name":"deleteThesis","decl":{"start":{"line":161,"column":32},"end":{"line":161,"column":44}},"loc":{"start":{"line":161,"column":55},"end":{"line":177,"column":1}},"line":161},"12":{"name":"(anonymous_12)","decl":{"start":{"line":170,"column":56},"end":{"line":170,"column":57}},"loc":{"start":{"line":170,"column":68},"end":{"line":170,"column":98}},"line":170},"13":{"name":"(anonymous_13)","decl":{"start":{"line":171,"column":11},"end":{"line":171,"column":12}},"loc":{"start":{"line":171,"column":20},"end":{"line":176,"column":5}},"line":171}},"branchMap":{"0":{"loc":{"start":{"line":35,"column":2},"end":{"line":81,"column":3}},"type":"if","locations":[{"start":{"line":35,"column":2},"end":{"line":81,"column":3}},{"start":{"line":79,"column":11},"end":{"line":81,"column":3}}],"line":35},"1":{"loc":{"start":{"line":35,"column":6},"end":{"line":35,"column":62}},"type":"binary-expr","locations":[{"start":{"line":35,"column":6},"end":{"line":35,"column":32}},{"start":{"line":35,"column":36},"end":{"line":35,"column":62}}],"line":35},"2":{"loc":{"start":{"line":37,"column":4},"end":{"line":39,"column":5}},"type":"if","locations":[{"start":{"line":37,"column":4},"end":{"line":39,"column":5}},{"start":{},"end":{}}],"line":37},"3":{"loc":{"start":{"line":37,"column":8},"end":{"line":37,"column":57}},"type":"binary-expr","locations":[{"start":{"line":37,"column":8},"end":{"line":37,"column":34}},{"start":{"line":37,"column":38},"end":{"line":37,"column":57}}],"line":37},"4":{"loc":{"start":{"line":40,"column":18},"end":{"line":40,"column":62}},"type":"cond-expr","locations":[{"start":{"line":40,"column":36},"end":{"line":40,"column":51}},{"start":{"line":40,"column":54},"end":{"line":40,"column":62}}],"line":40},"5":{"loc":{"start":{"line":41,"column":23},"end":{"line":41,"column":85}},"type":"cond-expr","locations":[{"start":{"line":41,"column":51},"end":{"line":41,"column":62}},{"start":{"line":41,"column":65},"end":{"line":41,"column":85}}],"line":41},"6":{"loc":{"start":{"line":42,"column":16},"end":{"line":42,"column":72}},"type":"cond-expr","locations":[{"start":{"line":42,"column":44},"end":{"line":42,"column":57}},{"start":{"line":42,"column":60},"end":{"line":42,"column":72}}],"line":42},"7":{"loc":{"start":{"line":43,"column":18},"end":{"line":43,"column":79}},"type":"cond-expr","locations":[{"start":{"line":43,"column":46},"end":{"line":43,"column":61}},{"start":{"line":43,"column":63},"end":{"line":43,"column":79}}],"line":43},"8":{"loc":{"start":{"line":44,"column":19},"end":{"line":44,"column":66}},"type":"cond-expr","locations":[{"start":{"line":44,"column":47},"end":{"line":44,"column":63}},{"start":{"line":44,"column":65},"end":{"line":44,"column":66}}],"line":44},"9":{"loc":{"start":{"line":52,"column":10},"end":{"line":55,"column":42}},"type":"if","locations":[{"start":{"line":52,"column":10},"end":{"line":55,"column":42}},{"start":{"line":55,"column":12},"end":{"line":55,"column":42}}],"line":52},"10":{"loc":{"start":{"line":56,"column":10},"end":{"line":59,"column":15}},"type":"if","locations":[{"start":{"line":56,"column":10},"end":{"line":59,"column":15}},{"start":{},"end":{}}],"line":56},"11":{"loc":{"start":{"line":93,"column":2},"end":{"line":96,"column":3}},"type":"if","locations":[{"start":{"line":93,"column":2},"end":{"line":96,"column":3}},{"start":{},"end":{}}],"line":93},"12":{"loc":{"start":{"line":97,"column":2},"end":{"line":100,"column":3}},"type":"if","locations":[{"start":{"line":97,"column":2},"end":{"line":100,"column":3}},{"start":{},"end":{}}],"line":97},"13":{"loc":{"start":{"line":102,"column":2},"end":{"line":105,"column":3}},"type":"if","locations":[{"start":{"line":102,"column":2},"end":{"line":105,"column":3}},{"start":{},"end":{}}],"line":102},"14":{"loc":{"start":{"line":108,"column":2},"end":{"line":111,"column":23}},"type":"if","locations":[{"start":{"line":108,"column":2},"end":{"line":111,"column":23}},{"start":{"line":111,"column":4},"end":{"line":111,"column":23}}],"line":108},"15":{"loc":{"start":{"line":116,"column":6},"end":{"line":121,"column":7}},"type":"if","locations":[{"start":{"line":116,"column":6},"end":{"line":121,"column":7}},{"start":{"line":119,"column":11},"end":{"line":121,"column":7}}],"line":116},"16":{"loc":{"start":{"line":127,"column":2},"end":{"line":130,"column":3}},"type":"if","locations":[{"start":{"line":127,"column":2},"end":{"line":130,"column":3}},{"start":{},"end":{}}],"line":127},"17":{"loc":{"start":{"line":131,"column":2},"end":{"line":134,"column":3}},"type":"if","locations":[{"start":{"line":131,"column":2},"end":{"line":134,"column":3}},{"start":{},"end":{}}],"line":131},"18":{"loc":{"start":{"line":135,"column":2},"end":{"line":138,"column":23}},"type":"if","locations":[{"start":{"line":135,"column":2},"end":{"line":138,"column":23}},{"start":{"line":138,"column":4},"end":{"line":138,"column":23}}],"line":135},"19":{"loc":{"start":{"line":142,"column":2},"end":{"line":145,"column":3}},"type":"if","locations":[{"start":{"line":142,"column":2},"end":{"line":145,"column":3}},{"start":{},"end":{}}],"line":142},"20":{"loc":{"start":{"line":151,"column":6},"end":{"line":156,"column":7}},"type":"if","locations":[{"start":{"line":151,"column":6},"end":{"line":156,"column":7}},{"start":{"line":154,"column":11},"end":{"line":156,"column":7}}],"line":151},"21":{"loc":{"start":{"line":162,"column":2},"end":{"line":165,"column":3}},"type":"if","locations":[{"start":{"line":162,"column":2},"end":{"line":165,"column":3}},{"start":{},"end":{}}],"line":162},"22":{"loc":{"start":{"line":166,"column":2},"end":{"line":169,"column":3}},"type":"if","locations":[{"start":{"line":166,"column":2},"end":{"line":169,"column":3}},{"start":{},"end":{}}],"line":166},"23":{"loc":{"start":{"line":166,"column":6},"end":{"line":166,"column":51}},"type":"binary-expr","locations":[{"start":{"line":166,"column":6},"end":{"line":166,"column":20}},{"start":{"line":166,"column":24},"end":{"line":166,"column":51}}],"line":166},"24":{"loc":{"start":{"line":172,"column":6},"end":{"line":175,"column":34}},"type":"if","locations":[{"start":{"line":172,"column":6},"end":{"line":175,"column":34}},{"start":{"line":175,"column":8},"end":{"line":175,"column":34}}],"line":172}},"s":{"0":4,"1":4,"2":12,"3":11,"4":1,"5":11,"6":11,"7":11,"8":11,"9":11,"10":11,"11":11,"12":11,"13":10,"14":10,"15":10,"16":13,"17":12,"18":1,"19":13,"20":3,"21":3,"22":10,"23":1,"24":1,"25":4,"26":10,"27":2,"28":2,"29":8,"30":2,"31":2,"32":6,"33":1,"34":1,"35":5,"36":5,"37":4,"38":1,"39":5,"40":5,"41":5,"42":2,"43":3,"44":0,"45":4,"46":9,"47":2,"48":2,"49":7,"50":1,"51":1,"52":6,"53":5,"54":1,"55":6,"56":6,"57":1,"58":1,"59":5,"60":5,"61":5,"62":2,"63":3,"64":0,"65":4,"66":11,"67":2,"68":2,"69":9,"70":2,"71":2,"72":7,"73":2,"74":5,"75":2,"76":3},"f":{"0":12,"1":10,"2":13,"3":3,"4":1,"5":10,"6":5,"7":0,"8":9,"9":5,"10":0,"11":11,"12":2,"13":5},"b":{"0":[11,1],"1":[12,2],"2":[1,10],"3":[11,10],"4":[3,8],"5":[1,10],"6":[1,10],"7":[1,10],"8":[1,10],"9":[12,1],"10":[3,10],"11":[2,8],"12":[2,6],"13":[1,5],"14":[4,1],"15":[2,3],"16":[2,7],"17":[1,6],"18":[5,1],"19":[1,5],"20":[2,3],"21":[2,9],"22":[2,7],"23":[9,8],"24":[2,3]},"_coverageSchema":"1a1c01bbd47fc00a2c39e90264f33305004495a9","hash":"ea631ad7e31099bf9b44b84832f3973795c97658"}
,"C:\\Users\\danie\\Documents\\GitHub\\SEII_Main-Project\\server\\cron\\cronJobs.js": {"path":"C:\\Users\\danie\\Documents\\GitHub\\SEII_Main-Project\\server\\cron\\cronJobs.js","statementMap":{"0":{"start":{"line":2,"column":14},"end":{"line":2,"column":49}},"1":{"start":{"line":3,"column":25},"end":{"line":3,"column":68}},"2":{"start":{"line":15,"column":0},"end":{"line":38,"column":1}},"3":{"start":{"line":16,"column":16},"end":{"line":16,"column":26}},"4":{"start":{"line":17,"column":4},"end":{"line":37,"column":10}},"5":{"start":{"line":19,"column":12},"end":{"line":21,"column":13}},"6":{"start":{"line":20,"column":16},"end":{"line":20,"column":46}},"7":{"start":{"line":22,"column":12},"end":{"line":33,"column":18}},"8":{"start":{"line":24,"column":20},"end":{"line":29,"column":21}},"9":{"start":{"line":25,"column":24},"end":{"line":25,"column":54}},"10":{"start":{"line":28,"column":24},"end":{"line":28,"column":44}},"11":{"start":{"line":32,"column":20},"end":{"line":32,"column":39}},"12":{"start":{"line":36,"column":12},"end":{"line":36,"column":31}}},"fnMap":{"0":{"name":"(anonymous_0)","decl":{"start":{"line":15,"column":21},"end":{"line":15,"column":22}},"loc":{"start":{"line":15,"column":31},"end":{"line":38,"column":1}},"line":15},"1":{"name":"(anonymous_1)","decl":{"start":{"line":18,"column":14},"end":{"line":18,"column":15}},"loc":{"start":{"line":18,"column":26},"end":{"line":34,"column":9}},"line":18},"2":{"name":"(anonymous_2)","decl":{"start":{"line":23,"column":22},"end":{"line":23,"column":23}},"loc":{"start":{"line":23,"column":34},"end":{"line":30,"column":17}},"line":23},"3":{"name":"(anonymous_3)","decl":{"start":{"line":31,"column":23},"end":{"line":31,"column":24}},"loc":{"start":{"line":31,"column":30},"end":{"line":33,"column":17}},"line":31},"4":{"name":"(anonymous_4)","decl":{"start":{"line":35,"column":15},"end":{"line":35,"column":16}},"loc":{"start":{"line":35,"column":22},"end":{"line":37,"column":9}},"line":35}},"branchMap":{"0":{"loc":{"start":{"line":19,"column":12},"end":{"line":21,"column":13}},"type":"if","locations":[{"start":{"line":19,"column":12},"end":{"line":21,"column":13}},{"start":{},"end":{}}],"line":19},"1":{"loc":{"start":{"line":24,"column":20},"end":{"line":29,"column":21}},"type":"if","locations":[{"start":{"line":24,"column":20},"end":{"line":29,"column":21}},{"start":{"line":27,"column":25},"end":{"line":29,"column":21}}],"line":24}},"s":{"0":3,"1":3,"2":3,"3":0,"4":0,"5":0,"6":0,"7":0,"8":0,"9":0,"10":0,"11":0,"12":0},"f":{"0":0,"1":0,"2":0,"3":0,"4":0},"b":{"0":[0,0],"1":[0,0]},"_coverageSchema":"1a1c01bbd47fc00a2c39e90264f33305004495a9","hash":"9bf16b2aa1b77d671ee418794ab667d8228590f6"}
,"C:\\Users\\danie\\Documents\\GitHub\\SEII_Main-Project\\server\\dayjsvc\\index.dayjsvc.js": {"path":"C:\\Users\\danie\\Documents\\GitHub\\SEII_Main-Project\\server\\dayjsvc\\index.dayjsvc.js","statementMap":{"0":{"start":{"line":3,"column":14},"end":{"line":3,"column":30}},"1":{"start":{"line":4,"column":25},"end":{"line":4,"column":71}},"2":{"start":{"line":6,"column":13},"end":{"line":6,"column":14}},"3":{"start":{"line":12,"column":0},"end":{"line":19,"column":1}},"4":{"start":{"line":15,"column":4},"end":{"line":17,"column":52}},"5":{"start":{"line":16,"column":8},"end":{"line":16,"column":46}},"6":{"start":{"line":17,"column":9},"end":{"line":17,"column":52}},"7":{"start":{"line":18,"column":4},"end":{"line":18,"column":77}},"8":{"start":{"line":28,"column":4},"end":{"line":30,"column":52}},"9":{"start":{"line":29,"column":8},"end":{"line":29,"column":46}},"10":{"start":{"line":30,"column":9},"end":{"line":30,"column":52}},"11":{"start":{"line":31,"column":4},"end":{"line":31,"column":17}},"12":{"start":{"line":43,"column":0},"end":{"line":76,"column":1}},"13":{"start":{"line":44,"column":4},"end":{"line":45,"column":74}},"14":{"start":{"line":45,"column":8},"end":{"line":45,"column":74}},"15":{"start":{"line":47,"column":4},"end":{"line":48,"column":65}},"16":{"start":{"line":48,"column":8},"end":{"line":48,"column":65}},"17":{"start":{"line":50,"column":16},"end":{"line":50,"column":23}},"18":{"start":{"line":51,"column":16},"end":{"line":51,"column":57}},"19":{"start":{"line":53,"column":21},"end":{"line":53,"column":44}},"20":{"start":{"line":54,"column":4},"end":{"line":54,"column":25}},"21":{"start":{"line":56,"column":4},"end":{"line":56,"column":22}},"22":{"start":{"line":58,"column":4},"end":{"line":75,"column":57}},"23":{"start":{"line":60,"column":12},"end":{"line":63,"column":13}},"24":{"start":{"line":61,"column":16},"end":{"line":61,"column":24}},"25":{"start":{"line":62,"column":16},"end":{"line":62,"column":68}},"26":{"start":{"line":65,"column":12},"end":{"line":73,"column":65}},"27":{"start":{"line":67,"column":20},"end":{"line":71,"column":77}},"28":{"start":{"line":68,"column":24},"end":{"line":68,"column":32}},"29":{"start":{"line":69,"column":24},"end":{"line":69,"column":76}},"30":{"start":{"line":71,"column":25},"end":{"line":71,"column":77}},"31":{"start":{"line":73,"column":30},"end":{"line":73,"column":64}},"32":{"start":{"line":75,"column":22},"end":{"line":75,"column":56}},"33":{"start":{"line":85,"column":0},"end":{"line":115,"column":1}},"34":{"start":{"line":86,"column":4},"end":{"line":87,"column":74}},"35":{"start":{"line":87,"column":8},"end":{"line":87,"column":74}},"36":{"start":{"line":88,"column":4},"end":{"line":89,"column":65}},"37":{"start":{"line":89,"column":8},"end":{"line":89,"column":65}},"38":{"start":{"line":91,"column":4},"end":{"line":91,"column":14}},"39":{"start":{"line":92,"column":16},"end":{"line":92,"column":52}},"40":{"start":{"line":93,"column":4},"end":{"line":93,"column":20}},"41":{"start":{"line":95,"column":4},"end":{"line":113,"column":57}},"42":{"start":{"line":97,"column":12},"end":{"line":100,"column":13}},"43":{"start":{"line":98,"column":16},"end":{"line":98,"column":24}},"44":{"start":{"line":99,"column":16},"end":{"line":99,"column":68}},"45":{"start":{"line":101,"column":12},"end":{"line":110,"column":65}},"46":{"start":{"line":103,"column":20},"end":{"line":107,"column":77}},"47":{"start":{"line":104,"column":24},"end":{"line":104,"column":32}},"48":{"start":{"line":105,"column":24},"end":{"line":105,"column":76}},"49":{"start":{"line":107,"column":25},"end":{"line":107,"column":77}},"50":{"start":{"line":110,"column":30},"end":{"line":110,"column":64}},"51":{"start":{"line":113,"column":22},"end":{"line":113,"column":56}},"52":{"start":{"line":117,"column":0},"end":{"line":117,"column":16}}},"fnMap":{"0":{"name":"(anonymous_0)","decl":{"start":{"line":12,"column":21},"end":{"line":12,"column":22}},"loc":{"start":{"line":12,"column":41},"end":{"line":19,"column":1}},"line":12},"1":{"name":"vc","decl":{"start":{"line":26,"column":9},"end":{"line":26,"column":11}},"loc":{"start":{"line":26,"column":15},"end":{"line":32,"column":1}},"line":26},"2":{"name":"(anonymous_2)","decl":{"start":{"line":43,"column":17},"end":{"line":43,"column":18}},"loc":{"start":{"line":43,"column":37},"end":{"line":76,"column":1}},"line":43},"3":{"name":"(anonymous_3)","decl":{"start":{"line":59,"column":14},"end":{"line":59,"column":15}},"loc":{"start":{"line":59,"column":26},"end":{"line":74,"column":9}},"line":59},"4":{"name":"(anonymous_4)","decl":{"start":{"line":66,"column":22},"end":{"line":66,"column":23}},"loc":{"start":{"line":66,"column":34},"end":{"line":72,"column":17}},"line":66},"5":{"name":"(anonymous_5)","decl":{"start":{"line":73,"column":23},"end":{"line":73,"column":24}},"loc":{"start":{"line":73,"column":30},"end":{"line":73,"column":64}},"line":73},"6":{"name":"(anonymous_6)","decl":{"start":{"line":75,"column":15},"end":{"line":75,"column":16}},"loc":{"start":{"line":75,"column":22},"end":{"line":75,"column":56}},"line":75},"7":{"name":"(anonymous_7)","decl":{"start":{"line":85,"column":21},"end":{"line":85,"column":22}},"loc":{"start":{"line":85,"column":41},"end":{"line":115,"column":1}},"line":85},"8":{"name":"(anonymous_8)","decl":{"start":{"line":96,"column":14},"end":{"line":96,"column":15}},"loc":{"start":{"line":96,"column":26},"end":{"line":112,"column":9}},"line":96},"9":{"name":"(anonymous_9)","decl":{"start":{"line":102,"column":22},"end":{"line":102,"column":23}},"loc":{"start":{"line":102,"column":34},"end":{"line":109,"column":17}},"line":102},"10":{"name":"(anonymous_10)","decl":{"start":{"line":110,"column":23},"end":{"line":110,"column":24}},"loc":{"start":{"line":110,"column":30},"end":{"line":110,"column":64}},"line":110},"11":{"name":"(anonymous_11)","decl":{"start":{"line":113,"column":15},"end":{"line":113,"column":16}},"loc":{"start":{"line":113,"column":22},"end":{"line":113,"column":56}},"line":113}},"branchMap":{"0":{"loc":{"start":{"line":15,"column":4},"end":{"line":17,"column":52}},"type":"if","locations":[{"start":{"line":15,"column":4},"end":{"line":17,"column":52}},{"start":{"line":17,"column":9},"end":{"line":17,"column":52}}],"line":15},"1":{"loc":{"start":{"l
[...]
33":{"name":"(anonymous_33)","decl":{"start":{"line":288,"column":22},"end":{"line":288,"column":23}},"loc":{"start":{"line":288,"column":31},"end":{"line":294,"column":9}},"line":288},"34":{"name":"(anonymous_34)","decl":{"start":{"line":298,"column":34},"end":{"line":298,"column":35}},"loc":{"start":{"line":298,"column":40},"end":{"line":310,"column":1}},"line":298},"35":{"name":"(anonymous_35)","decl":{"start":{"line":301,"column":23},"end":{"line":301,"column":24}},"loc":{"start":{"line":301,"column":44},"end":{"line":309,"column":5}},"line":301},"36":{"name":"(anonymous_36)","decl":{"start":{"line":302,"column":22},"end":{"line":302,"column":23}},"loc":{"start":{"line":302,"column":31},"end":{"line":308,"column":9}},"line":302},"37":{"name":"(anonymous_37)","decl":{"start":{"line":312,"column":22},"end":{"line":312,"column":23}},"loc":{"start":{"line":312,"column":28},"end":{"line":324,"column":1}},"line":312},"38":{"name":"(anonymous_38)","decl":{"start":{"line":315,"column":23},"end":{"line":315,"column":24}},"loc":{"start":{"line":315,"column":44},"end":{"line":323,"column":5}},"line":315},"39":{"name":"(anonymous_39)","decl":{"start":{"line":316,"column":22},"end":{"line":316,"column":23}},"loc":{"start":{"line":316,"column":31},"end":{"line":322,"column":9}},"line":316},"40":{"name":"(anonymous_40)","decl":{"start":{"line":326,"column":23},"end":{"line":326,"column":24}},"loc":{"start":{"line":326,"column":29},"end":{"line":338,"column":1}},"line":326},"41":{"name":"(anonymous_41)","decl":{"start":{"line":329,"column":23},"end":{"line":329,"column":24}},"loc":{"start":{"line":329,"column":44},"end":{"line":337,"column":5}},"line":329},"42":{"name":"(anonymous_42)","decl":{"start":{"line":330,"column":22},"end":{"line":330,"column":23}},"loc":{"start":{"line":330,"column":31},"end":{"line":336,"column":9}},"line":330},"43":{"name":"(anonymous_43)","decl":{"start":{"line":340,"column":23},"end":{"line":340,"column":24}},"loc":{"start":{"line":340,"column":29},"end":{"line":352,"column":1}},"line":340},"44":{"name":"(anonymous_44)","decl":{"start":{"line":343,"column":23},"end":{"line":343,"column":24}},"loc":{"start":{"line":343,"column":44},"end":{"line":351,"column":5}},"line":343},"45":{"name":"(anonymous_45)","decl":{"start":{"line":344,"column":22},"end":{"line":344,"column":23}},"loc":{"start":{"line":344,"column":31},"end":{"line":350,"column":9}},"line":344},"46":{"name":"(anonymous_46)","decl":{"start":{"line":365,"column":28},"end":{"line":365,"column":29}},"loc":{"start":{"line":365,"column":79},"end":{"line":378,"column":1}},"line":365},"47":{"name":"(anonymous_47)","decl":{"start":{"line":369,"column":23},"end":{"line":369,"column":24}},"loc":{"start":{"line":369,"column":44},"end":{"line":377,"column":5}},"line":369},"48":{"name":"(anonymous_48)","decl":{"start":{"line":370,"column":71},"end":{"line":370,"column":72}},"loc":{"start":{"line":370,"column":80},"end":{"line":376,"column":9}},"line":370},"49":{"name":"(anonymous_49)","decl":{"start":{"line":388,"column":33},"end":{"line":388,"column":34}},"loc":{"start":{"line":388,"column":72},"end":{"line":401,"column":1}},"line":388},"50":{"name":"(anonymous_50)","decl":{"start":{"line":392,"column":23},"end":{"line":392,"column":24}},"loc":{"start":{"line":392,"column":44},"end":{"line":400,"column":5}},"line":392},"51":{"name":"(anonymous_51)","decl":{"start":{"line":393,"column":59},"end":{"line":393,"column":60}},"loc":{"start":{"line":393,"column":68},"end":{"line":399,"column":9}},"line":393},"52":{"name":"(anonymous_52)","decl":{"start":{"line":403,"column":39},"end":{"line":403,"column":40}},"loc":{"start":{"line":403,"column":83},"end":{"line":416,"column":1}},"line":403},"53":{"name":"(anonymous_53)","decl":{"start":{"line":407,"column":23},"end":{"line":407,"column":24}},"loc":{"start":{"line":407,"column":44},"end":{"line":415,"column":5}},"line":407},"54":{"name":"(anonymous_54)","decl":{"start":{"line":408,"column":64},"end":{"line":408,"column":65}},"loc":{"start":{"line":408,"column":73},"end":{"line":414,"column":9}},"line":408},"55":{"name":"(anonymous_55)","decl":{"start":{"line":427,"column":27},"end":{"line":427,"column":28}},"loc":{"start":{"line":427,"column":155},"end":{"line":442,"column":1}},"line":427},"56":{"name":"(anonymous_56)","decl":{"start":{"line":433,"column":23},"end":{"line":433,"column":24}},"loc":{"start":{"line":433,"column":44},"end":{"line":441,"column":5}},"line":433},"57":{"name":"(anonymous_57)","decl":{"start":{"line":434,"column":148},"end":{"line":434,"column":149}},"loc":{"start":{"line":434,"column":157},"end":{"line":440,"column":9}},"line":434},"58":{"name":"(anonymous_58)","decl":{"start":{"line":452,"column":32},"end":{"line":452,"column":33}},"loc":{"start":{"line":452,"column":91},"end":{"line":464,"column":1}},"line":452},"59":{"name":"(anonymous_59)","decl":{"start":{"line":455,"column":23},"end":{"line":455,"column":24}},"loc":{"start":{"line":455,"column":44},"end":{"line":463,"column":5}},"line":455},"60":{"name":"(anonymous_60)","decl":{"start":{"line":456,"column":90},"end":{"line":456,"column":91}},"loc":{"start":{"line":456,"column":105},"end":{"line":462,"column":9}},"line":456},"61":{"name":"(anonymous_61)","decl":{"start":{"line":477,"column":28},"end":{"line":477,"column":29}},"loc":{"start":{"line":477,"column":103},"end":{"line":488,"column":1}},"line":477},"62":{"name":"(anonymous_62)","decl":{"start":{"line":479,"column":23},"end":{"line":479,"column":24}},"loc":{"start":{"line":479,"column":44},"end":{"line":487,"column":5}},"line":479},"63":{"name":"(anonymous_63)","decl":{"start":{"line":480,"column":93},"end":{"line":480,"column":94}},"loc":{"start":{"line":480,"column":108},"end":{"line":486,"column":9}},"line":480},"64":{"name":"(anonymous_64)","decl":{"start":{"line":501,"column":27},"end":{"line":501,"column":28}},"loc":{"start":{"line":501,"column":87},"end":{"line":512,"column":1}},"line":501},"65":{"name":"(anonymous_65)","decl":{"start":{"line":503,"column":23},"end":{"line":503,"column":24}},"loc":{"start":{"line":503,"column":44},"end":{"line":511,"column":5}},"line":503},"66":{"name":"(anonymous_66)","decl":{"start":{"line":504,"column":78},"end":{"line":504,"column":79}},"loc":{"start":{"line":504,"column":93},"end":{"line":510,"column":9}},"line":504},"67":{"name":"(anonymous_67)","decl":{"start":{"line":516,"column":24},"end":{"line":516,"column":25}},"loc":{"start":{"line":516,"column":30},"end":{"line":527,"column":1}},"line":516},"68":{"name":"(anonymous_68)","decl":{"start":{"line":518,"column":23},"end":{"line":518,"column":24}},"loc":{"start":{"line":518,"column":44},"end":{"line":526,"column":5}},"line":518},"69":{"name":"(anonymous_69)","decl":{"start":{"line":519,"column":24},"end":{"line":519,"column":25}},"loc":{"start":{"line":519,"column":45},"end":{"line":525,"column":9}},"line":519}},"branchMap":{"0":{"loc":{"start":{"line":6,"column":4},"end":{"line":6,"column":23}},"type":"if","locations":[{"start":{"line":6,"column":4},"end":{"line":6,"column":23}},{"start":{},"end":{}}],"line":6},"1":{"loc":{"start":{"line":170,"column":16},"end":{"line":174,"column":17}},"type":"if","locations":[{"start":{"line":170,"column":16},"end":{"line":174,"column":17}},{"start":{"line":172,"column":23},"end":{"line":174,"column":17}}],"line":170},"2":{"loc":{"start":{"line":195,"column":16},"end":{"line":199,"column":17}},"type":"if","locations":[{"start":{"line":195,"column":16},"end":{"line":199,"column":17}},{"start":{"line":197,"column":23},"end":{"line":199,"column":17}}],"line":195},"3":{"loc":{"start":{"line":221,"column":16},"end":{"line":225,"column":17}},"type":"if","locations":[{"start":{"line":221,"column":16},"end":{"line":225,"column":17}},{"start":{"line":223,"column":23},"end":{"line":225,"column":17}}],"line":221},"4":{"loc":{"start":{"line":247,"column":12},"end":{"line":251,"column":13}},"type":"if","locations":[{"start":{"line":247,"column":12},"end":{"line":251,"column":13}},{"start":{"line":249,"column":19},"end":{"line":251,"column":13}}],"line":247},"5":{"loc":{"start":{"line":261,"column":12},"end":{"line":265,"column":13}},"type":"if","locations":[{"start":{"line":261,"column":12},"end":{"line":265,"column":13}},{"start":{"line":263,"column":19},"end":{"line":265,"column":13}}],"line":261},"6":{"loc":{"start":{"line":275,"column":12},"end":{"line":279,"column":13}},"type":"if","locations":[{"start":{"line":275,"column":12},"end":{"line":279,"column":13}},{"start":{"line":277,"column":19},"end":{"line":279,"column":13}}],"line":275},"7":{"loc":{"start":{"line":289,"column":12},"end":{"line":293,"column":13}},"type":"if","locations":[{"start":{"line":289,"column":12},"end":{"line":293,"column":13}},{"start":{"line":291,"column":19},"end":{"line":293,"column":13}}],"line":289},"8":{"loc":{"start":{"line":303,"column":12},"end":{"line":307,"column":13}},"type":"if","locations":[{"start":{"line":303,"column":12},"end":{"line":307,"column":13}},{"start":{"line":305,"column":19},"end":{"line":307,"column":13}}],"line":303},"9":{"loc":{"start":{"line":317,"column":12},"end":{"line":321,"column":13}},"type":"if","locations":[{"start":{"line":317,"column":12},"end":{"line":321,"column":13}},{"start":{"line":319,"column":19},"end":{"line":321,"column":13}}],"line":317},"10":{"loc":{"start":{"line":331,"column":12},"end":{"line":335,"column":13}},"type":"if","locations":[{"start":{"line":331,"column":12},"end":{"line":335,"column":13}},{"start":{"line":333,"column":19},"end":{"line":335,"column":13}}],"line":331},"11":{"loc":{"start":{"line":345,"column":12},"end":{"line":349,"column":13}},"type":"if","locations":[{"start":{"line":345,"column":12},"end":{"line":349,"column":13}},{"start":{"line":347,"column":19},"end":{"line":349,"column":13}}],"line":345},"12":{"loc":{"start":{"line":371,"column":12},"end":{"line":375,"column":13}},"type":"if","locations":[{"start":{"line":371,"column":12},"end":{"line":375,"column":13}},{"start":{"line":373,"column":19},"end":{"line":375,"column":13}}],"line":371},"13":{"loc":{"start":{"line":394,"column":12},"end":{"line":398,"column":13}},"type":"if","locations":[{"start":{"line":394,"column":12},"end":{"line":398,"column":13}},{"start":{"line":396,"column":19},"end":{"line":398,"column":13}}],"line":394},"14":{"loc":{"start":{"line":409,"column":12},"end":{"line":413,"column":13}},"type":"if","locations":[{"start":{"line":409,"column":12},"end":{"line":413,"column":13}},{"start":{"line":411,"column":19},"end":{"line":413,"column":13}}],"line":409},"15":{"loc":{"start":{"line":435,"column":12},"end":{"line":439,"column":13}},"type":"if","locations":[{"start":{"line":435,"column":12},"end":{"line":439,"column":13}},{"start":{"line":437,"column":19},"end":{"line":439,"column":13}}],"line":435},"16":{"loc":{"start":{"line":457,"column":12},"end":{"line":461,"column":13}},"type":"if","locations":[{"start":{"line":457,"column":12},"end":{"line":461,"column":13}},{"start":{"line":459,"column":19},"end":{"line":461,"column":13}}],"line":457},"17":{"loc":{"start":{"line":481,"column":12},"end":{"line":485,"column":13}},"type":"if","locations":[{"start":{"line":481,"column":12},"end":{"line":485,"column":13}},{"start":{"line":483,"column":19},"end":{"line":485,"column":13}}],"line":481},"18":{"loc":{"start":{"line":505,"column":12},"end":{"line":509,"column":13}},"type":"if","locations":[{"start":{"line":505,"column":12},"end":{"line":509,"column":13}},{"start":{"line":507,"column":19},"end":{"line":509,"column":13}}],"line":505},"19":{"loc":{"start":{"line":520,"column":12},"end":{"line":524,"column":13}},"type":"if","locations":[{"start":{"line":520,"column":12},"end":{"line":524,"column":13}},{"start":{"line":522,"column":19},"end":{"line":524,"column":13}}],"line":520}},"s":{"0":3,"1":3,"2":3,"3":3,"4":0,"5":3,"6":3,"7":3,"8":3,"9":0,"10":0,"11":0,"12":0,"13":0,"14":0,"15":0,"16":0,"17":0,"18":0,"19":0,"20":3,"21":0,"22":0,"23":0,"24":0,"25":0,"26":0,"27":0,"28":0,"29":0,"30":0,"31":0,"32":3,"33":0,"34":0,"35":0,"36":0,"37":0,"38":0,"39":0,"40":0,"41":0,"42":0,"43":0,"44":3,"45":98,"46":98,"47":98,"48":98,"49":0,"50":98,"51":3,"52":51,"53":51,"54":51,"55":51,"56":0,"57":51,"58":3,"59":5,"60":5,"61":5,"62":5,"63":0,"64":5,"65":3,"66":77,"67":77,"68":77,"69":77,"70":0,"71":77,"72":3,"73":79,"74":79,"75":79,"76":79,"77":0,"78":79,"79":3,"80":0,"81":0,"82":0,"83":0,"84":0,"85":0,"86":3,"87":33,"88":33,"89":33,"90":33,"91":0,"92":33,"93":3,"94":88,"95":88,"96":88,"97":88,"98":0,"99":88,"100":3,"101":20,"102":20,"103":20,"104":20,"105":0,"106":20,"107":3,"108":18,"109":18,"110":18,"111":18,"112":0,"113":18,"114":3,"115":0,"116":0,"117":0,"118":0,"119":0,"120":0,"121":3,"122":34,"123":34,"124":34,"125":34,"126":0,"127":34,"128":3,"129":9,"130":9,"131":9,"132":9,"133":9,"134":0,"135":9,"136":3,"137":5,"138":5,"139":5,"140":5,"141":0,"142":5,"143":3,"144":2,"145":2,"146":2,"147":2,"148":0,"149":2,"150":3,"151":0,"152":0,"153":0,"154":0,"155":0,"156":0},"f":{"0":3,"1":0,"2":0,"3":0,"4":0,"5":0,"6":0,"7":0,"8":0,"9":0,"10":0,"11":0,"12":0,"13":0,"14":0,"15":0,"16":0,"17":0,"18":0,"19":0,"20":0,"21":0,"22":98,"23":98,"24":98,"25":51,"26":51,"27":51,"28":5,"29":5,"30":5,"31":77,"32":77,"33":77,"34":79,"35":79,"36":79,"37":0,"38":0,"39":0,"40":33,"41":33,"42":33,"43":88,"44":88,"45":88,"46":20,"47":20,"48":20,"49":18,"50":18,"51":18,"52":0,"53":0,"54":0,"55":34,"56":34,"57":34,"58":9,"59":9,"60":9,"61":5,"62":5,"63":5,"64":2,"65":2,"66":2,"67":0,"68":0,"69":0},"b":{"0":[0,3],"1":[0,0],"2":[0,0],"3":[0,0],"4":[0,98],"5":[0,51],"6":[0,5],"7":[0,77],"8":[0,79],"9":[0,0],"10":[0,33],"11":[0,88],"12":[0,20],"13":[0,18],"14":[0,0],"15":[0,34],"16":[0,9],"17":[0,5],"18":[0,2],"19":[0,0]},"_coverageSchema":"1a1c01bbd47fc00a2c39e90264f33305004495a9","hash":"0345a938730e695b9711636ceb6e6510171f8dc3"}
,"C:\\Users\\danie\\Documents\\GitHub\\SEII_Main-Project\\server\\test\\repository\\generalFuncrtion.js": {"path":"C:\\Users\\danie\\Documents\\GitHub\\SEII_Main-Project\\server\\test\\repository\\generalFuncrtion.js","statementMap":{"0":{"start":{"line":1,"column":11},"end":{"line":1,"column":46}},"1":{"start":{"line":2,"column":0},"end":{"line":2,"column":35}},"2":{"start":{"line":15,"column":0},"end":{"line":63,"column":1}},"3":{"start":{"line":16,"column":4},"end":{"line":16,"column":81}},"4":{"start":{"line":17,"column":4},"end":{"line":17,"column":90}},"5":{"start":{"line":18,"column":4},"end":{"line":27,"column":5}},"6":{"start":{"line":18,"column":14},"end":{"line":18,"column":15}},"7":{"start":{"line":19,"column":8},"end":{"line":26,"column":11}},"8":{"start":{"line":20,"column":12},"end":{"line":25,"column":13}},"9":{"start":{"line":21,"column":30},"end":{"line":21,"column":52}},"10":{"start":{"line":22,"column":16},"end":{"line":22,"column":35}},"11":{"start":{"line":24,"column":16},"end":{"line":24,"column":73}},"12":{"start":{"line":29,"column":4},"end":{"line":38,"column":7}},"13":{"start":{"line":30,"column":8},"end":{"line":32,"column":10}},"14":{"start":{"line":31,"column":12},"end":{"line":31,"column":40}},"15":{"start":{"line":33,"column":8},"end":{"line":37,"column":9}},"16":{"start":{"line":34,"column":12},"end":{"line":34,"column":36}},"17":{"start":{"line":36,"column":12},"end":{"line":36,"column":51}},"18":{"start":{"line":39,"column":4},"end":{"line":47,"column":10}},"19":{"start":{"line":40,"column":8},"end":{"line":47,"column":10}},"20":{"start":{"line":41,"column":12},"end":{"line":43,"column":15}},"21":{"start":{"line":42,"column":16},"end":{"line":42,"column":58}},"22":{"start":{"line":44,"column":12},"end":{"line":46,"column":13}},"23":{"start":{"line":45,"column":16},"end":{"line":45,"column":54}},"24":{"start":{"line":48,"column":4},"end":{"line":62,"column":6}},"25":{"start":{"line":49,"column":8},"end":{"line":55,"column":11}},"26":{"start":{"line":50,"column":12},"end":{"line":53,"column":13}},"27":{"start":{"line":51,"column":16},"end":{"line":51,"column":50}},"28":{"start":{"line":52,"column":16},"end":{"line":52,"column":23}},"29":{"start":{"line":54,"column":12},"end":{"line":54,"column":54}},"30":{"start":{"line":56,"column":20},"end":{"line":56,"column":44}},"31":{"start":{"line":57,"column":8},"end":{"line":57,"column":60}},"32":{"start":{"line":57,"column":37},"end":{"line":57,"column":58}},"33":{"start":{"line":58,"column":8},"end":{"line":61,"column":40}},"34":{"start":{"line":59,"column":12},"end":{"line":59,"column":59}},"35":{"start":{"line":61,"column":12},"end":{"line":61,"column":40}}},"fnMap":{"0":{"name":"(anonymous_0)","decl":{"start":{"line":15,"column":19},"end":{"line":15,"column":20}},"loc":{"start":{"line":15,"column":136},"end":{"line":63,"column":1}},"line":15},"1":{"name":"(anonymous_1)","decl":{"start":{"line":19,"column":41},"end":{"line":19,"column":42}},"loc":{"start":{"line":19,"column":50},"end":{"line":26,"column":9}},"line":19},"2":{"name":"(anonymous_2)","decl":{"start":{"line":29,"column":26},"end":{"line":29,"column":27}},"loc":{"start":{"line":29,"column":35},"end":{"line":38,"column":5}},"line":29},"3":{"name":"(anonymous_3)","decl":{"start":{"line":30,"column":87},"end":{"line":30,"column":88}},"loc":{"start":{"line":30,"column":111},"end":{"line":32,"column":9}},"line":30},"4":{"name":"(anonymous_4)","decl":{"start":{"line":40,"column":38},"end":{"line":40,"column":39}},"loc":{"start":{"line":40,"column":47},"end":{"line":47,"column":9}},"line":40},"5":{"name":"(anonymous_5)","decl":{"start":{"line":41,"column":50},"end":{"line":41,"column":51}},"loc":{"start":{"line":41,"column":74},"end":{"line":43,"column":13}},"line":41},"6":{"name":"(anonymous_6)","decl":{"start":{"line":44,"column":43},"end":{"line":44,"column":44}},"loc":{"start":{"line":45,"column":16},"end":{"line":45,"column":54}},"line":45},"7":{"name":"(anonymous_7)","decl":{"start":{"line":48,"column":28},"end":{"line":48,"column":29}},"loc":{"start":{"line":48,"column":37},"end":{"line":62,"column":5}},"line":48},"8":{"name":"(anonymous_8)","decl":{"start":{"line":49,"column":46},"end":{"line":49,"column":47}},"loc":{"start":{"line":49,"column":70},"end":{"line":55,"column":9}},"line":49},"9":{"name":"(anonymous_9)","decl":{"start":{"line":57,"column":26},"end":{"line":57,"column":27}},"loc":{"start":{"line":57,"column":37},"end":{"line":57,"column":58}},"line":57}},"branchMap":{"0":{"loc":{"start":{"line":16,"column":24},"end":{"line":16,"column":80}},"type":"cond-expr","locations":[{"start":{"line":16,"column":42},"end":{"line":16,"column":59}},{"start":{"line":16,"column":60},"end":{"line":16,"column":80}}],"line":16},"1":{"loc":{"start":{"line":17,"column":27},"end":{"line":17,"column":89}},"type":"cond-expr","locations":[{"start":{"line":17,"column":48},"end":{"line":17,"column":68}},{"start":{"line":17,"column":69},"end":{"line":17,"column":89}}],"line":17},"2":{"loc":{"start":{"line":39,"column":4},"end":{"line":47,"column":10}},"type":"if","locations":[{"start":{"line":39,"column":4},"end":{"line":47,"column":10}},{"start":{},"end":{}}],"line":39},"3":{"loc":{"start":{"line":50,"column":12},"end":{"line":53,"column":13}},"type":"if","locations":[{"start":{"line":50,"column":12},"end":{"line":53,"column":13}},{"start":{},"end":{}}],"line":50},"4":{"loc":{"start":{"line":58,"column":8},"end":{"line":61,"column":40}},"type":"if","locations":[{"start":{"line":58,"column":8},"end":{"line":61,"column":40}},{"start":{"line":61,"column":12},"end":{"line":61,"column":40}}],"line":58}},"s":{"0":8,"1":8,"2":8,"3":42,"4":42,"5":42,"6":42,"7":76,"8":76,"9":76,"10":76,"11":76,"12":42,"13":42,"14":44,"15":42,"16":42,"17":42,"18":42,"19":2,"20":2,"21":2,"22":2,"23":1,"24":42,"25":42,"26":42,"27":31,"28":31,"29":11,"30":42,"31":42,"32":42,"33":42,"34":40,"35":2},"f":{"0":42,"1":76,"2":42,"3":44,"4":2,"5":2,"6":1,"7":42,"8":42,"9":42},"b":{"0":[27,15],"1":[29,13],"2":[2,40],"3":[31,11],"4":[40,2]},"_coverageSchema":"1a1c01bbd47fc00a2c39e90264f33305004495a9","hash":"990be2ab5c9b37e8a3b6c4ed37703eb03bb7bb04"}
}
