TN:
SF:controllers\ThesisController.js
FN:35,searchThesis
FN:38,(anonymous_1)
FN:48,(anonymous_2)
FN:51,(anonymous_3)
FN:54,(anonymous_4)
FN:59,(anonymous_5)
FN:69,(anonymous_6)
FN:72,(anonymous_7)
FN:88,addThesis
FN:121,updateThesis
FNF:10
FNH:10
FNDA:7,searchThesis
FNDA:3,(anonymous_1)
FNDA:1,(anonymous_2)
FNDA:1,(anonymous_3)
FNDA:1,(anonymous_4)
FNDA:1,(anonymous_5)
FNDA:1,(anonymous_6)
FNDA:1,(anonymous_7)
FNDA:7,addThesis
FNDA:7,updateThesis
DA:3,1
DA:34,1
DA:35,1
DA:36,7
DA:38,3
DA:40,3
DA:41,1
DA:42,1
DA:45,2
DA:47,2
DA:49,1
DA:50,1
DA:51,1
DA:52,1
DA:53,1
DA:54,1
DA:55,1
DA:58,1
DA:60,1
DA:62,4
DA:63,3
DA:64,3
DA:65,1
DA:68,3
DA:70,1
DA:73,1
DA:76,1
DA:88,1
DA:89,7
DA:90,1
DA:91,1
DA:94,6
DA:95,2
DA:96,2
DA:99,4
DA:100,1
DA:101,1
DA:104,3
DA:105,2
DA:107,1
DA:109,3
DA:110,3
DA:111,3
DA:112,1
DA:113,1
DA:116,2
DA:117,2
DA:121,1
DA:122,7
DA:123,1
DA:124,1
DA:126,6
DA:127,1
DA:128,1
DA:130,5
DA:131,4
DA:133,1
DA:135,5
DA:137,5
DA:138,1
DA:139,1
DA:143,4
DA:145,3
DA:146,1
DA:148,2
LF:65
LH:65
BRDA:36,0,0,3
BRDA:36,0,1,4
BRDA:40,1,0,1
BRDA:40,1,1,2
BRDA:45,2,0,2
BRDA:45,2,1,0
BRDA:53,3,0,1
BRDA:53,3,1,0
BRDA:62,4,0,3
BRDA:62,4,1,1
BRDA:64,5,0,1
BRDA:64,5,1,2
BRDA:64,6,0,3
BRDA:64,6,1,1
BRDA:89,7,0,1
BRDA:89,7,1,6
BRDA:94,8,0,2
BRDA:94,8,1,4
BRDA:99,9,0,1
BRDA:99,9,1,3
BRDA:104,10,0,2
BRDA:104,10,1,1
BRDA:111,11,0,1
BRDA:111,11,1,2
BRDA:122,12,0,1
BRDA:122,12,1,6
BRDA:126,13,0,1
BRDA:126,13,1,5
BRDA:130,14,0,4
BRDA:130,14,1,1
BRDA:137,15,0,1
BRDA:137,15,1,4
BRDA:145,16,0,1
BRDA:145,16,1,2
BRF:34
BRH:32
end_of_record
TN:
SF:repositories\ApplicationRepository.js
FN:16,(anonymous_0)
FN:21,(anonymous_1)
FN:25,(anonymous_2)
FN:68,(anonymous_3)
FN:78,(anonymous_4)
FN:79,(anonymous_5)
FN:83,(anonymous_6)
FN:113,(anonymous_7)
FN:117,(anonymous_8)
FN:118,(anonymous_9)
FN:133,(anonymous_10)
FN:137,(anonymous_11)
FN:138,(anonymous_12)
FN:164,(anonymous_13)
FN:167,(anonymous_14)
FN:168,(anonymous_15)
FN:172,(anonymous_16)
FN:197,(anonymous_17)
FN:203,(anonymous_18)
FN:204,(anonymous_19)
FN:223,(anonymous_20)
FN:228,(anonymous_21)
FN:230,(anonymous_22)
FN:246,(anonymous_23)
FN:247,(anonymous_24)
FN:250,(anonymous_25)
FN:251,(anonymous_26)
FN:263,(anonymous_27)
FN:264,(anonymous_28)
FN:267,(anonymous_29)
FN:268,(anonymous_30)
FNF:31
FNH:0
FNDA:0,(anonymous_0)
FNDA:0,(anonymous_1)
FNDA:0,(anonymous_2)
FNDA:0,(anonymous_3)
FNDA:0,(anonymous_4)
FNDA:0,(anonymous_5)
FNDA:0,(anonymous_6)
FNDA:0,(anonymous_7)
FNDA:0,(anonymous_8)
FNDA:0,(anonymous_9)
FNDA:0,(anonymous_10)
FNDA:0,(anonymous_11)
FNDA:0,(anonymous_12)
FNDA:0,(anonymous_13)
FNDA:0,(anonymous_14)
FNDA:0,(anonymous_15)
FNDA:0,(anonymous_16)
FNDA:0,(anonymous_17)
FNDA:0,(anonymous_18)
FNDA:0,(anonymous_19)
FNDA:0,(anonymous_20)
FNDA:0,(anonymous_21)
FNDA:0,(anonymous_22)
FNDA:0,(anonymous_23)
FNDA:0,(anonymous_24)
FNDA:0,(anonymous_25)
FNDA:0,(anonymous_26)
FNDA:0,(anonymous_27)
FNDA:0,(anonymous_28)
FNDA:0,(anonymous_29)
FNDA:0,(anonymous_30)
DA:3,1
DA:5,1
DA:16,1
DA:17,0
DA:18,0
DA:19,0
DA:20,0
DA:21,0
DA:23,0
DA:24,0
DA:25,0
DA:26,0
DA:27,0
DA:30,0
DA:31,0
DA:68,1
DA:69,0
DA:78,0
DA:79,0
DA:80,0
DA:81,0
DA:83,0
DA:101,0
DA:113,1
DA:114,0
DA:115,0
DA:116,0
DA:117,0
DA:118,0
DA:119,0
DA:120,0
DA:121,0
DA:123,0
DA:133,1
DA:134,0
DA:135,0
DA:136,0
DA:137,0
DA:138,0
DA:139,0
DA:140,0
DA:142,0
DA:164,1
DA:166,0
DA:167,0
DA:168,0
DA:169,0
DA:170,0
DA:172,0
DA:183,0
DA:197,1
DA:198,0
DA:199,0
DA:200,0
DA:201,0
DA:202,0
DA:203,0
DA:204,0
DA:205,0
DA:206,0
DA:207,0
DA:209,0
DA:223,1
DA:224,0
DA:225,0
DA:226,0
DA:227,0
DA:228,0
DA:229,0
DA:230,0
DA:231,0
DA:232,0
DA:233,0
DA:235,0
DA:246,1
DA:247,0
DA:248,0
DA:250,0
DA:251,0
DA:252,0
DA:253,0
DA:254,0
DA:263,1
DA:264,0
DA:265,0
DA:267,0
DA:268,0
DA:269,0
DA:270,0
DA:271,0
LF:90
LH:11
BRDA:17,0,0,0
BRDA:17,0,1,0
BRDA:17,1,0,0
BRDA:17,1,1,0
BRDA:17,1,2,0
BRDA:17,1,3,0
BRDA:17,2,0,0
BRDA:17,2,1,0
BRDA:17,2,2,0
BRDA:19,3,0,0
BRDA:19,3,1,0
BRDA:26,4,0,0
BRDA:26,4,1,0
BRDA:80,5,0,0
BRDA:80,5,1,0
BRDA:114,6,0,0
BRDA:114,6,1,0
BRDA:114,7,0,0
BRDA:114,7,1,0
BRDA:119,8,0,0
BRDA:119,8,1,0
BRDA:134,9,0,0
BRDA:134,9,1,0
BRDA:134,10,0,0
BRDA:134,10,1,0
BRDA:139,11,0,0
BRDA:139,11,1,0
BRDA:169,12,0,0
BRDA:169,12,1,0
BRDA:198,13,0,0
BRDA:198,13,1,0
BRDA:198,14,0,0
BRDA:198,14,1,0
BRDA:200,15,0,0
BRDA:200,15,1,0
BRDA:200,16,0,0
BRDA:200,16,1,0
BRDA:200,16,2,0
BRDA:205,17,0,0
BRDA:205,17,1,0
BRDA:224,18,0,0
BRDA:224,18,1,0
BRDA:224,19,0,0
BRDA:224,19,1,0
BRDA:226,20,0,0
BRDA:226,20,1,0
BRDA:226,21,0,0
BRDA:226,21,1,0
BRDA:231,22,0,0
BRDA:231,22,1,0
BRDA:252,23,0,0
BRDA:252,23,1,0
BRDA:269,24,0,0
BRDA:269,24,1,0
BRF:54
BRH:0
end_of_record
TN:
SF:repositories\CoSupervisorRepository.js
FN:14,(anonymous_0)
FN:18,(anonymous_1)
FN:19,(anonymous_2)
FN:37,(anonymous_3)
FN:41,(anonymous_4)
FN:42,(anonymous_5)
FN:58,(anonymous_6)
FN:62,(anonymous_7)
FN:63,(anonymous_8)
FN:90,(anonymous_9)
FN:104,(anonymous_10)
FN:105,(anonymous_11)
FN:125,(anonymous_12)
FN:126,(anonymous_13)
FN:128,(anonymous_14)
FN:137,(anonymous_15)
FNF:16
FNH:0
FNDA:0,(anonymous_0)
FNDA:0,(anonymous_1)
FNDA:0,(anonymous_2)
FNDA:0,(anonymous_3)
FNDA:0,(anonymous_4)
FNDA:0,(anonymous_5)
FNDA:0,(anonymous_6)
FNDA:0,(anonymous_7)
FNDA:0,(anonymous_8)
FNDA:0,(anonymous_9)
FNDA:0,(anonymous_10)
FNDA:0,(anonymous_11)
FNDA:0,(anonymous_12)
FNDA:0,(anonymous_13)
FNDA:0,(anonymous_14)
FNDA:0,(anonymous_15)
DA:3,1
DA:14,1
DA:15,0
DA:16,0
DA:17,0
DA:18,0
DA:19,0
DA:20,0
DA:21,0
DA:23,0
DA:24,0
DA:26,0
DA:37,1
DA:38,0
DA:39,0
DA:40,0
DA:41,0
DA:42,0
DA:43,0
DA:44,0
DA:46,0
DA:47,0
DA:48,0
DA:58,1
DA:59,0
DA:60,0
DA:61,0
DA:62,0
DA:63,0
DA:64,0
DA:65,0
DA:66,0
DA:68,0
DA:69,0
DA:71,0
DA:90,1
DA:91,0
DA:92,0
DA:93,0
DA:94,0
DA:95,0
DA:96,0
DA:97,0
DA:98,0
DA:101,0
DA:102,0
DA:104,0
DA:105,0
DA:106,0
DA:107,0
DA:108,0
DA:110,0
DA:125,1
DA:126,0
DA:127,0
DA:128,0
DA:129,0
DA:130,0
DA:131,0
DA:133,0
DA:134,0
DA:137,0
DA:138,0
LF:63
LH:6
BRDA:15,0,0,0
BRDA:15,0,1,0
BRDA:15,1,0,0
BRDA:15,1,1,0
BRDA:20,2,0,0
BRDA:20,2,1,0
BRDA:23,3,0,0
BRDA:23,3,1,0
BRDA:38,4,0,0
BRDA:38,4,1,0
BRDA:38,5,0,0
BRDA:38,5,1,0
BRDA:43,6,0,0
BRDA:43,6,1,0
BRDA:46,7,0,0
BRDA:46,7,1,0
BRDA:59,8,0,0
BRDA:59,8,1,0
BRDA:64,9,0,0
BRDA:64,9,1,0
BRDA:68,10,0,0
BRDA:68,10,1,0
BRDA:91,11,0,0
BRDA:91,11,1,0
BRDA:91,12,0,0
BRDA:91,12,1,0
BRDA:91,12,2,0
BRDA:95,13,0,0
BRDA:95,13,1,0
BRDA:95,14,0,0
BRDA:95,14,1,0
BRDA:106,15,0,0
BRDA:106,15,1,0
BRDA:129,16,0,0
BRDA:129,16,1,0
BRDA:133,17,0,0
BRDA:133,17,1,0
BRF:37
BRH:0
end_of_record
TN:
SF:repositories\CoSupervisorThesisRepository.js
FN:15,(anonymous_0)
FN:19,(anonymous_1)
FN:20,(anonymous_2)
FN:35,(anonymous_3)
FN:39,(anonymous_4)
FN:40,(anonymous_5)
FN:45,(anonymous_6)
FN:66,(anonymous_7)
FN:70,(anonymous_8)
FN:71,(anonymous_9)
FNF:10
FNH:0
FNDA:0,(anonymous_0)
FNDA:0,(anonymous_1)
FNDA:0,(anonymous_2)
FNDA:0,(anonymous_3)
FNDA:0,(anonymous_4)
FNDA:0,(anonymous_5)
FNDA:0,(anonymous_6)
FNDA:0,(anonymous_7)
FNDA:0,(anonymous_8)
FNDA:0,(anonymous_9)
DA:3,1
DA:15,1
DA:16,0
DA:17,0
DA:18,0
DA:19,0
DA:20,0
DA:21,0
DA:22,0
DA:23,0
DA:35,1
DA:36,0
DA:37,0
DA:38,0
DA:39,0
DA:40,0
DA:41,0
DA:42,0
DA:43,0
DA:45,0
DA:46,0
DA:47,0
DA:48,0
DA:49,0
DA:51,0
DA:66,1
DA:67,0
DA:68,0
DA:69,0
DA:70,0
DA:71,0
DA:72,0
DA:73,0
DA:75,0
LF:34
LH:4
BRDA:16,0,0,0
BRDA:16,0,1,0
BRDA:16,1,0,0
BRDA:16,1,1,0
BRDA:16,1,2,0
BRDA:21,2,0,0
BRDA:21,2,1,0
BRDA:36,3,0,0
BRDA:36,3,1,0
BRDA:36,4,0,0
BRDA:36,4,1,0
BRDA:41,5,0,0
BRDA:41,5,1,0
BRDA:46,6,0,0
BRDA:46,6,1,0
BRDA:46,7,0,0
BRDA:46,7,1,0
BRDA:48,8,0,0
BRDA:48,8,1,0
BRDA:48,9,0,0
BRDA:48,9,1,0
BRDA:67,10,0,0
BRDA:67,10,1,0
BRDA:67,11,0,0
BRDA:67,11,1,0
BRDA:72,12,0,0
BRDA:72,12,1,0
BRF:27
BRH:0
end_of_record
TN:
SF:repositories\TeacherRepository.js
FN:12,newTeacher
FN:32,(anonymous_1)
FN:36,(anonymous_2)
FN:37,(anonymous_3)
FN:52,(anonymous_4)
FN:56,(anonymous_5)
FN:57,(anonymous_6)
FN:82,(anonymous_7)
FN:98,(anonymous_8)
FN:99,(anonymous_9)
FN:116,(anonymous_10)
FN:120,(anonymous_11)
FN:121,(anonymous_12)
FN:137,(anonymous_13)
FNF:14
FNH:0
FNDA:0,newTeacher
FNDA:0,(anonymous_1)
FNDA:0,(anonymous_2)
FNDA:0,(anonymous_3)
FNDA:0,(anonymous_4)
FNDA:0,(anonymous_5)
FNDA:0,(anonymous_6)
FNDA:0,(anonymous_7)
FNDA:0,(anonymous_8)
FNDA:0,(anonymous_9)
FNDA:0,(anonymous_10)
FNDA:0,(anonymous_11)
FNDA:0,(anonymous_12)
FNDA:0,(anonymous_13)
DA:3,1
DA:4,1
DA:6,1
DA:13,0
DA:32,1
DA:33,0
DA:34,0
DA:35,0
DA:36,0
DA:37,0
DA:38,0
DA:39,0
DA:40,0
DA:41,0
DA:42,0
DA:52,1
DA:53,0
DA:54,0
DA:55,0
DA:56,0
DA:57,0
DA:58,0
DA:59,0
DA:60,0
DA:62,0
DA:63,0
DA:64,0
DA:82,1
DA:83,0
DA:84,0
DA:85,0
DA:86,0
DA:87,0
DA:88,0
DA:89,0
DA:90,0
DA:92,0
DA:93,0
DA:94,0
DA:97,0
DA:98,0
DA:99,0
DA:100,0
DA:101,0
DA:102,0
DA:104,0
DA:116,1
DA:117,0
DA:118,0
DA:119,0
DA:120,0
DA:121,0
DA:122,0
DA:123,0
DA:125,0
DA:137,1
DA:138,0
LF:57
LH:8
BRDA:33,0,0,0
BRDA:33,0,1,0
BRDA:33,1,0,0
BRDA:33,1,1,0
BRDA:38,2,0,0
BRDA:38,2,1,0
BRDA:40,3,0,0
BRDA:40,3,1,0
BRDA:53,4,0,0
BRDA:53,4,1,0
BRDA:58,5,0,0
BRDA:58,5,1,0
BRDA:62,6,0,0
BRDA:62,6,1,0
BRDA:83,7,0,0
BRDA:83,7,1,0
BRDA:83,8,0,0
BRDA:83,8,1,0
BRDA:83,8,2,0
BRDA:87,9,0,0
BRDA:87,9,1,0
BRDA:87,10,0,0
BRDA:87,10,1,0
BRDA:92,11,0,0
BRDA:92,11,1,0
BRDA:100,12,0,0
BRDA:100,12,1,0
BRDA:117,13,0,0
BRDA:117,13,1,0
BRDA:117,14,0,0
BRDA:117,14,1,0
BRDA:122,15,0,0
BRDA:122,15,1,0
BRF:33
BRH:0
end_of_record
TN:
SF:repositories\ThesisRepository.js
FN:9,newThesis
FN:36,(anonymous_1)
FN:42,(anonymous_2)
FN:43,(anonymous_3)
FN:61,(anonymous_4)
FN:65,(anonymous_5)
FN:66,(anonymous_6)
FN:81,(anonymous_7)
FN:85,(anonymous_8)
FN:86,(anonymous_9)
FN:118,(anonymous_10)
FN:124,(anonymous_11)
FN:126,(anonymous_12)
FN:130,(anonymous_13)
FN:141,(anonymous_14)
FN:146,(anonymous_15)
FN:147,(anonymous_16)
FN:152,(anonymous_17)
FN:180,(anonymous_18)
FN:187,(anonymous_19)
FN:188,(anonymous_20)
FN:208,(anonymous_21)
FN:214,(anonymous_22)
FN:215,(anonymous_23)
FN:235,(anonymous_24)
FN:241,(anonymous_25)
FN:242,(anonymous_26)
FN:253,transformOrder
FN:321,sqlQueryCreator
FN:337,(anonymous_29)
FN:353,(anonymous_30)
FN:366,(anonymous_31)
FN:376,(anonymous_32)
FN:386,(anonymous_33)
FN:406,(anonymous_34)
FN:428,(anonymous_35)
FN:431,(anonymous_36)
FN:432,(anonymous_37)
FN:437,(anonymous_38)
FN:446,(anonymous_39)
FN:449,(anonymous_40)
FN:450,(anonymous_41)
FN:455,(anonymous_42)
FN:464,(anonymous_43)
FN:465,(anonymous_44)
FN:468,(anonymous_45)
FN:469,(anonymous_46)
FN:475,(anonymous_47)
FN:485,(anonymous_48)
FN:486,(anonymous_49)
FN:489,(anonymous_50)
FN:490,(anonymous_51)
FN:496,(anonymous_52)
FNF:53
FNH:2
FNDA:0,newThesis
FNDA:0,(anonymous_1)
FNDA:0,(anonymous_2)
FNDA:0,(anonymous_3)
FNDA:0,(anonymous_4)
FNDA:0,(anonymous_5)
FNDA:0,(anonymous_6)
FNDA:1,(anonymous_7)
FNDA:1,(anonymous_8)
FNDA:0,(anonymous_9)
FNDA:0,(anonymous_10)
FNDA:0,(anonymous_11)
FNDA:0,(anonymous_12)
FNDA:0,(anonymous_13)
FNDA:0,(anonymous_14)
FNDA:0,(anonymous_15)
FNDA:0,(anonymous_16)
FNDA:0,(anonymous_17)
FNDA:0,(anonymous_18)
FNDA:0,(anonymous_19)
FNDA:0,(anonymous_20)
FNDA:0,(anonymous_21)
FNDA:0,(anonymous_22)
FNDA:0,(anonymous_23)
FNDA:0,(anonymous_24)
FNDA:0,(anonymous_25)
FNDA:0,(anonymous_26)
FNDA:0,transformOrder
FNDA:0,sqlQueryCreator
FNDA:0,(anonymous_29)
FNDA:0,(anonymous_30)
FNDA:0,(anonymous_31)
FNDA:0,(anonymous_32)
FNDA:0,(anonymous_33)
FNDA:0,(anonymous_34)
FNDA:0,(anonymous_35)
FNDA:0,(anonymous_36)
FNDA:0,(anonymous_37)
FNDA:0,(anonymous_38)
FNDA:0,(anonymous_39)
FNDA:0,(anonymous_40)
FNDA:0,(anonymous_41)
FNDA:0,(anonymous_42)
FNDA:0,(anonymous_43)
FNDA:0,(anonymous_44)
FNDA:0,(anonymous_45)
FNDA:0,(anonymous_46)
FNDA:0,(anonymous_47)
FNDA:0,(anonymous_48)
FNDA:0,(anonymous_49)
FNDA:0,(anonymous_50)
FNDA:0,(anonymous_51)
FNDA:0,(anonymous_52)
DA:3,1
DA:10,0
DA:36,1
DA:37,0
DA:38,0
DA:39,0
DA:42,0
DA:43,0
DA:44,0
DA:45,0
DA:47,0
DA:61,1
DA:62,0
DA:63,0
DA:64,0
DA:65,0
DA:66,0
DA:67,0
DA:68,0
DA:70,0
DA:81,1
DA:82,1
DA:83,0
DA:84,1
DA:85,1
DA:86,1
DA:87,0
DA:88,0
DA:90,0
DA:91,0
DA:93,0
DA:118,1
DA:119,0
DA:120,0
DA:121,0
DA:122,0
DA:123,0
DA:124,0
DA:126,0
DA:127,0
DA:128,0
DA:130,0
DA:131,0
DA:141,1
DA:142,0
DA:143,0
DA:144,0
DA:145,0
DA:146,0
DA:147,0
DA:148,0
DA:149,0
DA:150,0
DA:152,0
DA:153,0
DA:155,0
DA:180,1
DA:181,0
DA:182,0
DA:183,0
DA:187,0
DA:188,0
DA:189,0
DA:190,0
DA:192,0
DA:193,0
DA:196,0
DA:208,1
DA:209,0
DA:210,0
DA:211,0
DA:212,0
DA:213,0
DA:214,0
DA:215,0
DA:216,0
DA:217,0
DA:219,0
DA:220,0
DA:222,0
DA:235,1
DA:236,0
DA:237,0
DA:238,0
DA:239,0
DA:240,0
DA:241,0
DA:242,0
DA:243,0
DA:244,0
DA:246,0
DA:254,0
DA:256,0
DA:258,0
DA:260,0
DA:262,0
DA:264,0
DA:266,0
DA:268,0
DA:270,0
DA:272,0
DA:274,0
DA:276,0
DA:278,0
DA:280,0
DA:282,0
DA:284,0
DA:286,0
DA:288,0
DA:290,0
DA:292,0
DA:294,0
DA:296,0
DA:322,0
DA:323,0
DA:324,0
DA:326,0
DA:327,0
DA:328,0
DA:329,0
DA:332,0
DA:333,0
DA:334,0
DA:335,0
DA:337,0
DA:338,0
DA:339,0
DA:340,0
DA:342,0
DA:346,0
DA:347,0
DA:348,0
DA:349,0
DA:353,0
DA:354,0
DA:355,0
DA:356,0
DA:358,0
DA:361,0
DA:362,0
DA:363,0
DA:364,0
DA:365,0
DA:366,0
DA:367,0
DA:369,0
DA:371,0
DA:372,0
DA:373,0
DA:374,0
DA:375,0
DA:376,0
DA:377,0
DA:379,0
DA:381,0
DA:382,0
DA:383,0
DA:384,0
DA:385,0
DA:386,0
DA:387,0
DA:389,0
DA:391,0
DA:392,0
DA:393,0
DA:394,0
DA:396,0
DA:397,0
DA:398,0
DA:399,0
DA:401,0
DA:402,0
DA:403,0
DA:404,0
DA:405,0
DA:406,0
DA:407,0
DA:409,0
DA:411,0
DA:412,0
DA:413,0
DA:414,0
DA:416,0
DA:417,0
DA:418,0
DA:423,1
DA:428,1
DA:429,0
DA:431,0
DA:432,0
DA:433,0
DA:434,0
DA:435,0
DA:436,0
DA:437,0
DA:446,1
DA:447,0
DA:449,0
DA:450,0
DA:451,0
DA:452,0
DA:453,0
DA:454,0
DA:455,0
DA:464,1
DA:465,0
DA:466,0
DA:468,0
DA:469,0
DA:470,0
DA:471,0
DA:473,0
DA:475,0
DA:485,1
DA:486,0
DA:487,0
DA:489,0
DA:490,0
DA:491,0
DA:492,0
DA:494,0
DA:496,0
LF:222
LH:18
BRDA:37,0,0,0
BRDA:37,0,1,0
BRDA:37,1,0,0
BRDA:37,1,1,0
BRDA:37,1,2,0
BRDA:37,1,3,0
BRDA:37,1,4,0
BRDA:37,1,5,0
BRDA:37,1,6,0
BRDA:37,1,7,0
BRDA:37,1,8,0
BRDA:37,1,9,0
BRDA:37,1,10,0
BRDA:37,1,11,0
BRDA:37,1,12,0
BRDA:44,2,0,0
BRDA:44,2,1,0
BRDA:62,3,0,0
BRDA:62,3,1,0
BRDA:62,4,0,0
BRDA:62,4,1,0
BRDA:67,5,0,0
BRDA:67,5,1,0
BRDA:82,6,0,0
BRDA:82,6,1,1
BRDA:82,7,0,1
BRDA:82,7,1,1
BRDA:87,8,0,0
BRDA:87,8,1,0
BRDA:90,9,0,0
BRDA:90,9,1,0
BRDA:119,10,0,0
BRDA:119,10,1,0
BRDA:119,11,0,0
BRDA:119,11,1,0
BRDA:119,11,2,0
BRDA:119,11,3,0
BRDA:127,12,0,0
BRDA:127,12,1,0
BRDA:142,13,0,0
BRDA:142,13,1,0
BRDA:142,14,0,0
BRDA:142,14,1,0
BRDA:148,15,0,0
BRDA:148,15,1,0
BRDA:181,16,0,0
BRDA:181,16,1,0
BRDA:181,17,0,0
BRDA:181,17,1,0
BRDA:181,17,2,0
BRDA:181,17,3,0
BRDA:181,17,4,0
BRDA:181,17,5,0
BRDA:181,17,6,0
BRDA:181,17,7,0
BRDA:181,17,8,0
BRDA:181,17,9,0
BRDA:181,17,10,0
BRDA:181,17,11,0
BRDA:181,17,12,0
BRDA:189,18,0,0
BRDA:189,18,1,0
BRDA:192,19,0,0
BRDA:192,19,1,0
BRDA:209,20,0,0
BRDA:209,20,1,0
BRDA:209,21,0,0
BRDA:209,21,1,0
BRDA:211,22,0,0
BRDA:211,22,1,0
BRDA:211,23,0,0
BRDA:211,23,1,0
BRDA:211,23,2,0
BRDA:216,24,0,0
BRDA:216,24,1,0
BRDA:219,25,0,0
BRDA:219,25,1,0
BRDA:243,26,0,0
BRDA:243,26,1,0
BRDA:246,27,0,0
BRDA:246,27,1,0
BRDA:254,28,0,0
BRDA:254,28,1,0
BRDA:254,28,2,0
BRDA:254,28,3,0
BRDA:254,28,4,0
BRDA:254,28,5,0
BRDA:254,28,6,0
BRDA:254,28,7,0
BRDA:254,28,8,0
BRDA:254,28,9,0
BRDA:254,28,10,0
BRDA:254,28,11,0
BRDA:254,28,12,0
BRDA:254,28,13,0
BRDA:254,28,14,0
BRDA:254,28,15,0
BRDA:254,28,16,0
BRDA:254,28,17,0
BRDA:254,28,18,0
BRDA:254,28,19,0
BRDA:254,28,20,0
BRDA:326,29,0,0
BRDA:326,29,1,0
BRDA:328,30,0,0
BRDA:328,30,1,0
BRDA:329,31,0,0
BRDA:329,31,1,0
BRDA:332,32,0,0
BRDA:332,32,1,0
BRDA:332,33,0,0
BRDA:332,33,1,0
BRDA:334,34,0,0
BRDA:334,34,1,0
BRDA:335,35,0,0
BRDA:335,35,1,0
BRDA:339,36,0,0
BRDA:339,36,1,0
BRDA:340,37,0,0
BRDA:340,37,1,0
BRDA:346,38,0,0
BRDA:346,38,1,0
BRDA:346,39,0,0
BRDA:346,39,1,0
BRDA:350,40,0,0
BRDA:350,40,1,0
BRDA:356,41,0,0
BRDA:356,41,1,0
BRDA:361,42,0,0
BRDA:361,42,1,0
BRDA:363,43,0,0
BRDA:363,43,1,0
BRDA:364,44,0,0
BRDA:364,44,1,0
BRDA:365,45,0,0
BRDA:365,45,1,0
BRDA:369,46,0,0
BRDA:369,46,1,0
BRDA:371,47,0,0
BRDA:371,47,1,0
BRDA:373,48,0,0
BRDA:373,48,1,0
BRDA:374,49,0,0
BRDA:374,49,1,0
BRDA:375,50,0,0
BRDA:375,50,1,0
BRDA:379,51,0,0
BRDA:379,51,1,0
BRDA:381,52,0,0
BRDA:381,52,1,0
BRDA:383,53,0,0
BRDA:383,53,1,0
BRDA:384,54,0,0
BRDA:384,54,1,0
BRDA:385,55,0,0
BRDA:385,55,1,0
BRDA:389,56,0,0
BRDA:389,56,1,0
BRDA:391,57,0,0
BRDA:391,57,1,0
BRDA:393,58,0,0
BRDA:393,58,1,0
BRDA:394,59,0,0
BRDA:394,59,1,0
BRDA:396,60,0,0
BRDA:396,60,1,0
BRDA:398,61,0,0
BRDA:398,61,1,0
BRDA:401,62,0,0
BRDA:401,62,1,0
BRDA:403,63,0,0
BRDA:403,63,1,0
BRDA:404,64,0,0
BRDA:404,64,1,0
BRDA:405,65,0,0
BRDA:405,65,1,0
BRDA:409,66,0,0
BRDA:409,66,1,0
BRDA:411,67,0,0
BRDA:411,67,1,0
BRDA:413,68,0,0
BRDA:413,68,1,0
BRDA:417,69,0,0
BRDA:417,69,1,0
BRDA:417,70,0,0
BRDA:417,70,1,0
BRDA:433,71,0,0
BRDA:433,71,1,0
BRDA:435,72,0,0
BRDA:435,72,1,0
BRDA:451,73,0,0
BRDA:451,73,1,0
BRDA:453,74,0,0
BRDA:453,74,1,0
BRDA:470,75,0,0
BRDA:470,75,1,0
BRDA:491,76,0,0
BRDA:491,76,1,0
BRF:198
BRH:3
end_of_record
TN:
SF:repositories\db.js
FN:6,(anonymous_0)
FNF:1
FNH:0
FNDA:0,(anonymous_0)
DA:3,1
DA:5,1
DA:6,1
DA:7,0
DA:10,1
LF:5
LH:4
BRDA:7,0,0,0
BRDA:7,0,1,0
BRF:2
BRH:0
end_of_record
TN:
SF:services\ThesisService.js
FN:26,(anonymous_0)
FN:37,(anonymous_1)
FN:39,(anonymous_2)
FN:105,(anonymous_3)
FN:141,(anonymous_4)
FN:210,(anonymous_5)
FNF:6
FNH:1
FNDA:0,(anonymous_0)
FNDA:0,(anonymous_1)
FNDA:0,(anonymous_2)
FNDA:1,(anonymous_3)
FNDA:0,(anonymous_4)
FNDA:0,(anonymous_5)
DA:2,1
DA:4,1
DA:5,1
DA:6,1
DA:7,1
DA:8,1
DA:26,1
DA:28,0
DA:30,0
DA:31,0
DA:32,0
DA:36,0
DA:37,0
DA:39,0
DA:41,0
DA:42,0
DA:45,0
DA:46,0
DA:47,0
DA:48,0
DA:49,0
DA:51,0
DA:52,0
DA:54,0
DA:55,0
DA:57,0
DA:60,0
DA:68,0
DA:69,0
DA:72,0
DA:76,0
DA:77,0
DA:79,0
DA:81,0
DA:83,0
DA:86,0
DA:87,0
DA:88,0
DA:89,0
DA:90,0
DA:91,0
DA:92,0
DA:96,0
DA:102,0
DA:105,1
DA:106,1
DA:141,1
DA:143,0
DA:144,0
DA:147,0
DA:148,0
DA:149,0
DA:150,0
DA:151,0
DA:152,0
DA:153,0
DA:158,0
DA:160,0
DA:164,0
DA:167,0
DA:168,0
DA:169,0
DA:172,0
DA:187,0
DA:188,0
DA:192,0
DA:193,0
DA:194,0
DA:195,0
DA:196,0
DA:200,0
DA:201,0
DA:202,0
DA:203,0
DA:204,0
DA:207,0
DA:210,1
DA:211,0
DA:214,0
DA:217,0
DA:233,0
LF:81
LH:11
BRDA:28,0,0,0
BRDA:28,0,1,0
BRDA:31,1,0,0
BRDA:31,1,1,0
BRDA:36,2,0,0
BRDA:36,2,1,0
BRDA:41,3,0,0
BRDA:41,3,1,0
BRDA:41,4,0,0
BRDA:41,4,1,0
BRDA:46,5,0,0
BRDA:46,5,1,0
BRDA:51,6,0,0
BRDA:51,6,1,0
BRDA:55,7,0,0
BRDA:55,7,1,0
BRDA:60,8,0,0
BRDA:60,8,1,0
BRDA:68,9,0,0
BRDA:68,9,1,0
BRDA:90,10,0,0
BRDA:90,10,1,0
BRDA:147,11,0,0
BRDA:147,11,1,0
BRDA:147,12,0,0
BRDA:147,12,1,0
BRDA:150,13,0,0
BRDA:150,13,1,0
BRDA:152,14,0,0
BRDA:152,14,1,0
BRDA:187,15,0,0
BRDA:187,15,1,0
BRDA:192,16,0,0
BRDA:192,16,1,0
BRDA:195,17,0,0
BRDA:195,17,1,0
BRDA:200,18,0,0
BRDA:200,18,1,0
BRDA:203,19,0,0
BRDA:203,19,1,0
BRF:40
BRH:0
end_of_record
