TN:
SF:index.js
FN:45,(anonymous_0)
FN:62,(anonymous_1)
FN:64,(anonymous_2)
FN:66,(anonymous_3)
FN:72,(anonymous_4)
FN:74,(anonymous_5)
FN:76,(anonymous_6)
FN:83,(anonymous_7)
FN:85,(anonymous_8)
FN:87,(anonymous_9)
FN:91,(anonymous_10)
FN:93,(anonymous_11)
FN:99,(anonymous_12)
FN:101,(anonymous_13)
FN:103,(anonymous_14)
FN:111,(anonymous_15)
FNF:16
FNH:8
FNDA:56,(anonymous_0)
FNDA:7,(anonymous_1)
FNDA:3,(anonymous_2)
FNDA:2,(anonymous_3)
FNDA:6,(anonymous_4)
FNDA:11,(anonymous_5)
FNDA:4,(anonymous_6)
FNDA:0,(anonymous_7)
FNDA:0,(anonymous_8)
FNDA:0,(anonymous_9)
FNDA:0,(anonymous_10)
FNDA:0,(anonymous_11)
FNDA:0,(anonymous_12)
FNDA:0,(anonymous_13)
FNDA:14,(anonymous_14)
FNDA:0,(anonymous_15)
DA:2,3
DA:3,3
DA:4,3
DA:5,3
DA:6,3
DA:7,3
DA:8,3
DA:9,3
DA:12,3
DA:13,3
DA:15,3
DA:16,3
DA:17,3
DA:18,3
DA:19,3
DA:20,3
DA:21,3
DA:23,3
DA:24,3
DA:25,3
DA:27,3
DA:31,3
DA:33,3
DA:39,3
DA:40,3
DA:41,3
DA:44,3
DA:45,3
DA:46,56
DA:47,56
DA:49,0
DA:50,0
DA:52,56
DA:57,3
DA:58,3
DA:59,3
DA:60,3
DA:62,7
DA:64,3
DA:66,3
DA:68,3
DA:70,3
DA:72,6
DA:74,11
DA:76,4
DA:78,3
DA:80,3
DA:83,3
DA:85,3
DA:87,3
DA:91,3
DA:93,3
DA:95,3
DA:97,3
DA:99,3
DA:101,3
DA:103,3
DA:104,14
DA:105,14
DA:106,0
DA:109,3
DA:110,3
DA:111,0
DA:112,0
DA:115,3
LF:65
LH:60
BRDA:46,0,0,56
BRDA:46,0,1,0
BRDA:49,1,0,0
BRDA:49,1,1,0
BRDA:104,2,0,14
BRDA:104,2,1,0
BRDA:110,3,0,0
BRDA:110,3,1,3
BRF:8
BRH:3
end_of_record
TN:
SF:config\passport.js
FN:21,(anonymous_0)
FN:49,(anonymous_1)
FN:53,(anonymous_2)
FN:57,(anonymous_3)
FN:61,(anonymous_4)
FN:66,(anonymous_5)
FN:67,(anonymous_6)
FN:71,(anonymous_7)
FNF:8
FNH:0
FNDA:0,(anonymous_0)
FNDA:0,(anonymous_1)
FNDA:0,(anonymous_2)
FNDA:0,(anonymous_3)
FNDA:0,(anonymous_4)
FNDA:0,(anonymous_5)
FNDA:0,(anonymous_6)
FNDA:0,(anonymous_7)
DA:2,3
DA:3,3
DA:4,3
DA:5,3
DA:6,3
DA:7,3
DA:9,3
DA:21,3
DA:23,0
DA:24,0
DA:25,0
DA:27,0
DA:28,0
DA:29,0
DA:31,0
DA:32,0
DA:33,0
DA:35,0
DA:36,0
DA:37,0
DA:38,0
DA:40,0
DA:44,0
DA:45,0
DA:47,3
DA:49,3
DA:50,0
DA:53,3
DA:54,0
DA:57,3
DA:58,0
DA:59,0
DA:61,0
DA:62,0
DA:66,3
DA:67,0
DA:68,0
DA:71,3
DA:72,0
DA:77,3
LF:40
LH:15
BRDA:23,0,0,0
BRDA:23,0,1,0
BRDA:27,1,0,0
BRDA:27,1,1,0
BRDA:31,2,0,0
BRDA:31,2,1,0
BRDA:35,3,0,0
BRDA:35,3,1,0
BRDA:36,4,0,0
BRDA:36,4,1,0
BRDA:37,5,0,0
BRDA:37,5,1,0
BRDA:58,6,0,0
BRDA:58,6,1,0
BRF:14
BRH:0
end_of_record
TN:
SF:controllers\ApplicationController.js
FN:47,listApplication
FN:58,(anonymous_1)
FN:61,(anonymous_2)
FN:71,(anonymous_3)
FN:74,(anonymous_4)
FN:80,acceptApplication
FN:100,(anonymous_6)
FN:103,(anonymous_7)
FN:118,(anonymous_8)
FN:127,(anonymous_9)
FN:131,(anonymous_10)
FN:140,(anonymous_11)
FN:151,(anonymous_12)
FN:154,(anonymous_13)
FN:159,(anonymous_14)
FN:160,(anonymous_15)
FN:163,(anonymous_16)
FN:177,(anonymous_17)
FN:184,(anonymous_18)
FN:191,(anonymous_19)
FN:199,(anonymous_20)
FN:212,(anonymous_21)
FN:222,(anonymous_22)
FN:225,(anonymous_23)
FNF:24
FNH:22
FNDA:13,listApplication
FNDA:2,(anonymous_1)
FNDA:1,(anonymous_2)
FNDA:2,(anonymous_3)
FNDA:1,(anonymous_4)
FNDA:19,acceptApplication
FNDA:2,(anonymous_6)
FNDA:7,(anonymous_7)
FNDA:11,(anonymous_8)
FNDA:9,(anonymous_9)
FNDA:9,(anonymous_10)
FNDA:7,(anonymous_11)
FNDA:1,(anonymous_12)
FNDA:3,(anonymous_13)
FNDA:1,(anonymous_14)
FNDA:0,(anonymous_15)
FNDA:9,(anonymous_16)
FNDA:4,(anonymous_17)
FNDA:1,(anonymous_18)
FNDA:0,(anonymous_19)
FNDA:2,(anonymous_20)
FNDA:8,(anonymous_21)
FNDA:3,(anonymous_22)
FNDA:1,(anonymous_23)
DA:2,4
DA:3,4
DA:4,4
DA:5,4
DA:6,4
DA:7,4
DA:8,4
DA:9,4
DA:47,4
DA:48,13
DA:49,3
DA:51,10
DA:52,5
DA:53,2
DA:54,2
DA:56,3
DA:59,2
DA:62,1
DA:64,5
DA:65,5
DA:66,2
DA:67,2
DA:69,3
DA:72,2
DA:75,1
DA:80,4
DA:81,19
DA:82,2
DA:83,2
DA:85,17
DA:86,3
DA:87,3
DA:89,14
DA:90,1
DA:91,1
DA:93,13
DA:94,2
DA:95,2
DA:97,11
DA:98,9
DA:101,2
DA:104,7
DA:108,2
DA:118,4
DA:119,11
DA:120,1
DA:121,1
DA:123,10
DA:124,1
DA:125,1
DA:127,9
DA:128,9
DA:129,9
DA:130,3
DA:131,9
DA:132,9
DA:133,9
DA:134,2
DA:135,2
DA:138,7
DA:140,7
DA:141,7
DA:142,2
DA:143,2
DA:145,5
DA:146,0
DA:147,0
DA:149,5
DA:150,4
DA:152,1
DA:155,3
DA:159,1
DA:160,0
DA:163,4
DA:164,9
DA:165,1
DA:168,8
DA:169,2
DA:177,4
DA:178,4
DA:179,1
DA:181,3
DA:182,1
DA:184,2
DA:185,1
DA:186,0
DA:188,1
DA:189,0
DA:191,0
DA:192,0
DA:193,0
DA:195,0
DA:200,2
DA:201,2
DA:203,0
DA:212,4
DA:213,8
DA:214,2
DA:215,2
DA:217,6
DA:218,2
DA:219,2
DA:221,4
DA:223,3
DA:226,1
LF:105
LH:95
BRDA:48,0,0,3
BRDA:48,0,1,10
BRDA:48,1,0,13
BRDA:48,1,1,8
BRDA:51,2,0,5
BRDA:51,2,1,5
BRDA:52,3,0,2
BRDA:52,3,1,3
BRDA:64,4,0,5
BRDA:64,4,1,0
BRDA:65,5,0,2
BRDA:65,5,1,3
BRDA:81,6,0,2
BRDA:81,6,1,17
BRDA:85,7,0,3
BRDA:85,7,1,14
BRDA:85,8,0,17
BRDA:85,8,1,16
BRDA:89,9,0,1
BRDA:89,9,1,13
BRDA:93,10,0,2
BRDA:93,10,1,11
BRDA:97,11,0,9
BRDA:97,11,1,2
BRDA:97,12,0,11
BRDA:97,12,1,2
BRDA:119,13,0,1
BRDA:119,13,1,10
BRDA:123,14,0,1
BRDA:123,14,1,9
BRDA:129,15,0,3
BRDA:129,15,1,6
BRDA:133,16,0,2
BRDA:133,16,1,7
BRDA:141,17,0,2
BRDA:141,17,1,5
BRDA:145,18,0,0
BRDA:145,18,1,5
BRDA:164,19,0,1
BRDA:164,19,1,8
BRDA:168,20,0,2
BRDA:168,20,1,6
BRDA:178,21,0,1
BRDA:178,21,1,3
BRDA:181,22,0,1
BRDA:181,22,1,2
BRDA:185,23,0,0
BRDA:185,23,1,1
BRDA:192,24,0,0
BRDA:192,24,1,0
BRDA:200,25,0,2
BRDA:200,25,1,0
BRDA:213,26,0,2
BRDA:213,26,1,6
BRDA:217,27,0,2
BRDA:217,27,1,4
BRDA:217,28,0,6
BRDA:217,28,1,5
BRF:58
BRH:52
end_of_record
TN:
SF:controllers\CoSupervisorController.js
FN:4,(anonymous_0)
FN:10,(anonymous_1)
FN:14,(anonymous_2)
FNF:3
FNH:3
FNDA:7,(anonymous_0)
FNDA:3,(anonymous_1)
FNDA:2,(anonymous_2)
DA:2,4
DA:4,4
DA:5,7
DA:6,2
DA:7,2
DA:9,5
DA:11,3
DA:15,2
LF:8
LH:8
BRDA:5,0,0,2
BRDA:5,0,1,5
BRF:2
BRH:2
end_of_record
TN:
SF:controllers\ThesisController.js
FN:35,searchThesis
FN:38,(anonymous_1)
FN:46,(anonymous_2)
FN:49,(anonymous_3)
FN:52,(anonymous_4)
FN:57,(anonymous_5)
FN:68,(anonymous_6)
FN:71,(anonymous_7)
FN:87,addThesis
FN:110,(anonymous_9)
FN:118,(anonymous_10)
FN:121,updateThesis
FN:144,(anonymous_12)
FN:152,(anonymous_13)
FN:155,deleteThesis
FN:164,(anonymous_15)
FN:165,(anonymous_16)
FNF:17
FNH:15
FNDA:14,searchThesis
FNDA:10,(anonymous_1)
FNDA:8,(anonymous_2)
FNDA:11,(anonymous_3)
FNDA:1,(anonymous_4)
FNDA:1,(anonymous_5)
FNDA:2,(anonymous_6)
FNDA:1,(anonymous_7)
FNDA:10,addThesis
FNDA:5,(anonymous_9)
FNDA:0,(anonymous_10)
FNDA:9,updateThesis
FNDA:5,(anonymous_12)
FNDA:0,(anonymous_13)
FNDA:11,deleteThesis
FNDA:2,(anonymous_15)
FNDA:5,(anonymous_16)
DA:3,4
DA:34,4
DA:35,4
DA:36,14
DA:38,10
DA:39,10
DA:40,1
DA:41,1
DA:44,9
DA:45,9
DA:47,8
DA:48,8
DA:49,8
DA:50,11
DA:51,11
DA:52,1
DA:53,1
DA:56,8
DA:58,1
DA:59,1
DA:61,4
DA:62,3
DA:63,3
DA:64,1
DA:67,3
DA:69,2
DA:72,1
DA:75,1
DA:87,4
DA:88,10
DA:89,2
DA:90,2
DA:93,8
DA:94,2
DA:95,2
DA:98,6
DA:99,1
DA:100,1
DA:103,5
DA:104,4
DA:106,1
DA:108,5
DA:109,5
DA:111,5
DA:112,2
DA:115,3
DA:118,0
DA:121,4
DA:122,9
DA:123,2
DA:124,2
DA:126,7
DA:127,1
DA:128,1
DA:130,6
DA:131,5
DA:133,1
DA:135,6
DA:137,6
DA:138,1
DA:139,1
DA:143,5
DA:145,5
DA:146,2
DA:149,3
DA:152,0
DA:155,4
DA:156,11
DA:157,2
DA:158,2
DA:160,9
DA:161,2
DA:162,2
DA:164,7
DA:166,5
DA:167,2
DA:169,3
LF:77
LH:75
BRDA:36,0,0,10
BRDA:36,0,1,4
BRDA:39,1,0,1
BRDA:39,1,1,9
BRDA:44,2,0,2
BRDA:44,2,1,7
BRDA:51,3,0,1
BRDA:51,3,1,10
BRDA:61,4,0,3
BRDA:61,4,1,1
BRDA:63,5,0,1
BRDA:63,5,1,2
BRDA:63,6,0,3
BRDA:63,6,1,1
BRDA:88,7,0,2
BRDA:88,7,1,8
BRDA:93,8,0,2
BRDA:93,8,1,6
BRDA:98,9,0,1
BRDA:98,9,1,5
BRDA:103,10,0,4
BRDA:103,10,1,1
BRDA:111,11,0,2
BRDA:111,11,1,3
BRDA:122,12,0,2
BRDA:122,12,1,7
BRDA:126,13,0,1
BRDA:126,13,1,6
BRDA:130,14,0,5
BRDA:130,14,1,1
BRDA:137,15,0,1
BRDA:137,15,1,5
BRDA:145,16,0,2
BRDA:145,16,1,3
BRDA:156,17,0,2
BRDA:156,17,1,9
BRDA:160,18,0,2
BRDA:160,18,1,7
BRDA:160,19,0,9
BRDA:160,19,1,8
BRDA:166,20,0,2
BRDA:166,20,1,3
BRF:42
BRH:42
end_of_record
TN:
SF:dayjsvc\index.dayjsvc.js
FN:12,(anonymous_0)
FN:26,vc
FN:43,(anonymous_2)
FN:59,(anonymous_3)
FN:66,(anonymous_4)
FN:73,(anonymous_5)
FN:75,(anonymous_6)
FN:85,(anonymous_7)
FN:96,(anonymous_8)
FN:102,(anonymous_9)
FN:110,(anonymous_10)
FN:113,(anonymous_11)
FNF:12
FNH:0
FNDA:0,(anonymous_0)
FNDA:0,vc
FNDA:0,(anonymous_2)
FNDA:0,(anonymous_3)
FNDA:0,(anonymous_4)
FNDA:0,(anonymous_5)
FNDA:0,(anonymous_6)
FNDA:0,(anonymous_7)
FNDA:0,(anonymous_8)
FNDA:0,(anonymous_9)
FNDA:0,(anonymous_10)
FNDA:0,(anonymous_11)
DA:3,3
DA:4,3
DA:6,3
DA:12,3
DA:15,0
DA:16,0
DA:17,0
DA:18,0
DA:28,0
DA:29,0
DA:30,0
DA:31,0
DA:43,3
DA:44,0
DA:45,0
DA:47,0
DA:48,0
DA:50,0
DA:51,0
DA:53,0
DA:54,0
DA:56,0
DA:58,0
DA:60,0
DA:61,0
DA:62,0
DA:65,0
DA:67,0
DA:68,0
DA:69,0
DA:71,0
DA:73,0
DA:75,0
DA:85,3
DA:86,0
DA:87,0
DA:88,0
DA:89,0
DA:91,0
DA:92,0
DA:93,0
DA:95,0
DA:97,0
DA:98,0
DA:99,0
DA:101,0
DA:103,0
DA:104,0
DA:105,0
DA:107,0
DA:110,0
DA:113,0
DA:117,3
LF:53
LH:7
BRDA:15,0,0,0
BRDA:15,0,1,0
BRDA:28,1,0,0
BRDA:28,1,1,0
BRDA:44,2,0,0
BRDA:44,2,1,0
BRDA:44,3,0,0
BRDA:44,3,1,0
BRDA:47,4,0,0
BRDA:47,4,1,0
BRDA:60,5,0,0
BRDA:60,5,1,0
BRDA:67,6,0,0
BRDA:67,6,1,0
BRDA:86,7,0,0
BRDA:86,7,1,0
BRDA:86,8,0,0
BRDA:86,8,1,0
BRDA:88,9,0,0
BRDA:88,9,1,0
BRDA:97,10,0,0
BRDA:97,10,1,0
BRDA:103,11,0,0
BRDA:103,11,1,0
BRF:24
BRH:0
end_of_record
TN:
SF:email\transporter.js
FN:13,(anonymous_0)
FN:19,(anonymous_1)
FN:20,(anonymous_2)
FNF:3
FNH:3
FNDA:4,(anonymous_0)
FNDA:2,(anonymous_1)
FNDA:2,(anonymous_2)
DA:2,6
DA:3,6
DA:4,6
DA:13,6
DA:14,4
DA:15,1
DA:16,3
DA:17,1
DA:18,2
DA:19,2
DA:20,2
DA:21,2
DA:22,1
DA:23,1
DA:25,1
DA:31,6
DA:32,6
LF:17
LH:17
BRDA:5,0,0,0
BRDA:5,0,1,6
BRDA:14,1,0,1
BRDA:14,1,1,3
BRDA:16,2,0,1
BRDA:16,2,1,2
BRDA:21,3,0,1
BRDA:21,3,1,1
BRDA:31,4,0,6
BRDA:31,4,1,0
BRF:10
BRH:8
end_of_record
TN:
SF:repositories\ApplicationRepository.js
FN:16,(anonymous_0)
FN:26,(anonymous_1)
FN:30,(anonymous_2)
FN:73,(anonymous_3)
FN:86,(anonymous_4)
FN:87,(anonymous_5)
FN:91,(anonymous_6)
FN:121,(anonymous_7)
FN:127,(anonymous_8)
FN:128,(anonymous_9)
FN:143,(anonymous_10)
FN:148,(anonymous_11)
FN:149,(anonymous_12)
FN:176,(anonymous_13)
FN:183,(anonymous_14)
FN:184,(anonymous_15)
FN:189,(anonymous_16)
FN:205,(anonymous_17)
FN:210,(anonymous_18)
FN:211,(anonymous_19)
FN:229,(anonymous_20)
FN:238,(anonymous_21)
FN:239,(anonymous_22)
FN:263,(anonymous_23)
FN:273,(anonymous_24)
FN:274,(anonymous_25)
FN:290,(anonymous_26)
FN:291,(anonymous_27)
FN:294,(anonymous_28)
FN:295,(anonymous_29)
FN:307,(anonymous_30)
FN:308,(anonymous_31)
FN:311,(anonymous_32)
FN:312,(anonymous_33)
FNF:34
FNH:34
FNDA:6,(anonymous_0)
FNDA:2,(anonymous_1)
FNDA:2,(anonymous_2)
FNDA:4,(anonymous_3)
FNDA:3,(anonymous_4)
FNDA:3,(anonymous_5)
FNDA:1,(anonymous_6)
FNDA:10,(anonymous_7)
FNDA:9,(anonymous_8)
FNDA:9,(anonymous_9)
FNDA:3,(anonymous_10)
FNDA:2,(anonymous_11)
FNDA:2,(anonymous_12)
FNDA:4,(anonymous_13)
FNDA:3,(anonymous_14)
FNDA:3,(anonymous_15)
FNDA:1,(anonymous_16)
FNDA:6,(anonymous_17)
FNDA:5,(anonymous_18)
FNDA:5,(anonymous_19)
FNDA:10,(anonymous_20)
FNDA:8,(anonymous_21)
FNDA:8,(anonymous_22)
FNDA:8,(anonymous_23)
FNDA:6,(anonymous_24)
FNDA:6,(anonymous_25)
FNDA:1,(anonymous_26)
FNDA:3,(anonymous_27)
FNDA:1,(anonymous_28)
FNDA:1,(anonymous_29)
FNDA:1,(anonymous_30)
FNDA:3,(anonymous_31)
FNDA:1,(anonymous_32)
FNDA:1,(anonymous_33)
DA:3,11
DA:5,11
DA:16,11
DA:17,6
DA:18,2
DA:20,4
DA:21,1
DA:23,3
DA:24,1
DA:26,2
DA:28,2
DA:29,2
DA:30,2
DA:31,2
DA:32,1
DA:35,1
DA:36,1
DA:73,11
DA:74,4
DA:75,1
DA:77,3
DA:86,3
DA:87,3
DA:88,3
DA:89,1
DA:91,2
DA:109,2
DA:121,11
DA:122,10
DA:123,1
DA:126,9
DA:127,9
DA:128,9
DA:129,9
DA:130,2
DA:131,2
DA:133,7
DA:143,11
DA:144,3
DA:145,1
DA:147,2
DA:148,2
DA:149,2
DA:150,2
DA:151,1
DA:152,1
DA:154,1
DA:176,11
DA:177,4
DA:178,1
DA:181,3
DA:183,3
DA:184,3
DA:185,3
DA:186,1
DA:187,1
DA:189,2
DA:200,2
DA:205,11
DA:206,6
DA:207,1
DA:209,5
DA:210,5
DA:211,5
DA:212,5
DA:213,1
DA:214,1
DA:216,4
DA:229,11
DA:230,10
DA:231,1
DA:233,9
DA:234,1
DA:236,8
DA:238,8
DA:239,8
DA:240,8
DA:241,3
DA:242,3
DA:244,5
DA:245,5
DA:246,1
DA:247,1
DA:249,4
DA:263,11
DA:264,8
DA:265,1
DA:267,7
DA:268,1
DA:271,6
DA:273,6
DA:274,6
DA:275,6
DA:276,1
DA:277,1
DA:279,5
DA:290,11
DA:291,3
DA:292,1
DA:294,1
DA:295,1
DA:296,1
DA:297,1
DA:298,1
DA:307,11
DA:308,3
DA:309,1
DA:311,1
DA:312,1
DA:313,1
DA:314,1
DA:315,1
DA:320,11
DA:321,11
LF:114
LH:114
BRDA:17,0,0,2
BRDA:17,0,1,4
BRDA:17,1,0,6
BRDA:17,1,1,5
BRDA:17,1,2,4
BRDA:17,1,3,4
BRDA:20,2,0,1
BRDA:20,2,1,3
BRDA:23,3,0,1
BRDA:23,3,1,2
BRDA:23,4,0,3
BRDA:23,4,1,2
BRDA:31,5,0,1
BRDA:31,5,1,1
BRDA:74,6,0,1
BRDA:74,6,1,3
BRDA:74,7,0,4
BRDA:74,7,1,3
BRDA:88,8,0,1
BRDA:88,8,1,2
BRDA:122,9,0,1
BRDA:122,9,1,9
BRDA:122,10,0,10
BRDA:122,10,1,9
BRDA:129,11,0,2
BRDA:129,11,1,7
BRDA:144,12,0,1
BRDA:144,12,1,2
BRDA:144,13,0,3
BRDA:144,13,1,2
BRDA:150,14,0,1
BRDA:150,14,1,1
BRDA:177,15,0,1
BRDA:177,15,1,3
BRDA:177,16,0,4
BRDA:177,16,1,3
BRDA:185,17,0,1
BRDA:185,17,1,2
BRDA:206,18,0,1
BRDA:206,18,1,5
BRDA:206,19,0,6
BRDA:206,19,1,5
BRDA:212,20,0,1
BRDA:212,20,1,4
BRDA:230,21,0,1
BRDA:230,21,1,9
BRDA:230,22,0,10
BRDA:230,22,1,9
BRDA:233,23,0,1
BRDA:233,23,1,8
BRDA:233,24,0,9
BRDA:233,24,1,8
BRDA:233,24,2,8
BRDA:240,25,0,3
BRDA:240,25,1,5
BRDA:245,26,0,1
BRDA:245,26,1,4
BRDA:264,27,0,1
BRDA:264,27,1,7
BRDA:264,28,0,8
BRDA:264,28,1,7
BRDA:267,29,0,1
BRDA:267,29,1,6
BRDA:267,30,0,7
BRDA:267,30,1,6
BRDA:275,31,0,1
BRDA:275,31,1,5
BRDA:296,32,0,1
BRDA:296,32,1,0
BRDA:313,33,0,1
BRDA:313,33,1,0
BRDA:320,34,0,11
BRDA:320,34,1,0
BRF:73
BRH:70
end_of_record
TN:
SF:repositories\CoSupervisorRepository.js
FN:14,(anonymous_0)
FN:20,(anonymous_1)
FN:21,(anonymous_2)
FN:41,(anonymous_3)
FN:47,(anonymous_4)
FN:48,(anonymous_5)
FN:68,(anonymous_6)
FN:75,(anonymous_7)
FN:76,(anonymous_8)
FN:104,(anonymous_9)
FN:124,(anonymous_10)
FN:125,(anonymous_11)
FN:145,(anonymous_12)
FN:146,(anonymous_13)
FN:148,(anonymous_14)
FN:157,(anonymous_15)
FNF:16
FNH:16
FNDA:3,(anonymous_0)
FNDA:2,(anonymous_1)
FNDA:2,(anonymous_2)
FNDA:3,(anonymous_3)
FNDA:2,(anonymous_4)
FNDA:2,(anonymous_5)
FNDA:5,(anonymous_6)
FNDA:4,(anonymous_7)
FNDA:4,(anonymous_8)
FNDA:3,(anonymous_9)
FNDA:2,(anonymous_10)
FNDA:2,(anonymous_11)
FNDA:5,(anonymous_12)
FNDA:5,(anonymous_13)
FNDA:5,(anonymous_14)
FNDA:3,(anonymous_15)
DA:3,8
DA:14,8
DA:15,3
DA:16,1
DA:19,2
DA:20,2
DA:21,2
DA:22,2
DA:23,1
DA:24,1
DA:27,1
DA:28,0
DA:30,1
DA:41,8
DA:42,3
DA:43,1
DA:46,2
DA:47,2
DA:48,2
DA:49,2
DA:50,1
DA:51,1
DA:54,1
DA:55,0
DA:57,1
DA:68,8
DA:69,5
DA:70,1
DA:73,4
DA:75,4
DA:76,4
DA:77,4
DA:78,1
DA:79,1
DA:82,3
DA:83,1
DA:85,2
DA:104,8
DA:105,3
DA:106,1
DA:109,2
DA:110,2
DA:112,2
DA:113,0
DA:114,0
DA:115,0
DA:116,2
DA:117,0
DA:118,0
DA:119,2
DA:120,2
DA:121,2
DA:124,2
DA:125,2
DA:126,2
DA:127,1
DA:128,1
DA:130,1
DA:145,8
DA:146,5
DA:147,5
DA:148,5
DA:149,5
DA:150,2
DA:151,2
DA:153,3
DA:154,1
DA:157,3
DA:158,2
LF:69
LH:62
BRDA:15,0,0,1
BRDA:15,0,1,2
BRDA:15,1,0,3
BRDA:15,1,1,2
BRDA:22,2,0,1
BRDA:22,2,1,1
BRDA:27,3,0,0
BRDA:27,3,1,1
BRDA:42,4,0,1
BRDA:42,4,1,2
BRDA:42,5,0,3
BRDA:42,5,1,2
BRDA:49,6,0,1
BRDA:49,6,1,1
BRDA:54,7,0,0
BRDA:54,7,1,1
BRDA:69,8,0,1
BRDA:69,8,1,4
BRDA:77,9,0,1
BRDA:77,9,1,3
BRDA:82,10,0,1
BRDA:82,10,1,2
BRDA:105,11,0,1
BRDA:105,11,1,2
BRDA:112,12,0,0
BRDA:112,12,1,2
BRDA:112,13,0,2
BRDA:112,13,1,0
BRDA:116,14,0,0
BRDA:116,14,1,2
BRDA:119,15,0,2
BRDA:119,15,1,0
BRDA:126,16,0,1
BRDA:126,16,1,1
BRDA:149,17,0,2
BRDA:149,17,1,3
BRDA:153,18,0,1
BRDA:153,18,1,2
BRF:38
BRH:32
end_of_record
TN:
SF:repositories\CoSupervisorThesisRepository.js
FN:15,(anonymous_0)
FN:21,(anonymous_1)
FN:22,(anonymous_2)
FN:39,(anonymous_3)
FN:46,(anonymous_4)
FN:47,(anonymous_5)
FN:53,(anonymous_6)
FN:78,(anonymous_7)
FN:85,(anonymous_8)
FN:86,(anonymous_9)
FNF:10
FNH:7
FNDA:6,(anonymous_0)
FNDA:3,(anonymous_1)
FNDA:3,(anonymous_2)
FNDA:13,(anonymous_3)
FNDA:12,(anonymous_4)
FNDA:12,(anonymous_5)
FNDA:1,(anonymous_6)
FNDA:0,(anonymous_7)
FNDA:0,(anonymous_8)
FNDA:0,(anonymous_9)
DA:3,6
DA:15,6
DA:16,6
DA:17,3
DA:19,3
DA:21,3
DA:22,3
DA:23,3
DA:24,1
DA:26,2
DA:39,6
DA:40,13
DA:41,1
DA:44,12
DA:46,12
DA:47,12
DA:48,12
DA:49,1
DA:50,1
DA:53,11
DA:54,1
DA:55,0
DA:56,1
DA:57,1
DA:59,0
DA:63,11
DA:78,6
DA:79,0
DA:80,0
DA:83,0
DA:85,0
DA:86,0
DA:87,0
DA:88,0
DA:90,0
LF:35
LH:25
BRDA:16,0,0,3
BRDA:16,0,1,3
BRDA:16,1,0,6
BRDA:16,1,1,4
BRDA:16,1,2,4
BRDA:23,2,0,1
BRDA:23,2,1,2
BRDA:40,3,0,1
BRDA:40,3,1,12
BRDA:40,4,0,13
BRDA:40,4,1,12
BRDA:48,5,0,1
BRDA:48,5,1,11
BRDA:54,6,0,0
BRDA:54,6,1,1
BRDA:54,7,0,1
BRDA:54,7,1,1
BRDA:56,8,0,1
BRDA:56,8,1,0
BRDA:56,9,0,1
BRDA:56,9,1,0
BRDA:79,10,0,0
BRDA:79,10,1,0
BRDA:79,11,0,0
BRDA:79,11,1,0
BRDA:87,12,0,0
BRDA:87,12,1,0
BRF:27
BRH:18
end_of_record
TN:
SF:repositories\StudentRepository.js
FN:4,newStudent
FN:25,(anonymous_1)
FN:32,(anonymous_2)
FN:33,(anonymous_3)
FN:49,(anonymous_4)
FN:55,(anonymous_5)
FN:56,(anonymous_6)
FN:78,(anonymous_7)
FN:88,(anonymous_8)
FN:89,(anonymous_9)
FN:94,(anonymous_10)
FN:105,(anonymous_11)
FN:112,(anonymous_12)
FN:113,(anonymous_13)
FN:143,(anonymous_14)
FN:148,(anonymous_15)
FN:149,(anonymous_16)
FNF:17
FNH:17
FNDA:3,newStudent
FNDA:4,(anonymous_1)
FNDA:3,(anonymous_2)
FNDA:3,(anonymous_3)
FNDA:3,(anonymous_4)
FNDA:2,(anonymous_5)
FNDA:2,(anonymous_6)
FNDA:5,(anonymous_7)
FNDA:3,(anonymous_8)
FNDA:3,(anonymous_9)
FNDA:1,(anonymous_10)
FNDA:3,(anonymous_11)
FNDA:2,(anonymous_12)
FNDA:2,(anonymous_13)
FNDA:5,(anonymous_14)
FNDA:4,(anonymous_15)
FNDA:4,(anonymous_16)
DA:2,6
DA:5,3
DA:25,6
DA:26,4
DA:27,1
DA:30,3
DA:32,3
DA:33,3
DA:34,3
DA:35,1
DA:36,1
DA:39,2
DA:49,6
DA:50,3
DA:51,1
DA:53,2
DA:55,2
DA:56,2
DA:57,2
DA:58,1
DA:59,1
DA:62,1
DA:63,0
DA:65,1
DA:78,6
DA:79,5
DA:80,1
DA:82,4
DA:83,1
DA:86,3
DA:88,3
DA:89,3
DA:90,3
DA:91,1
DA:92,1
DA:94,2
DA:95,2
DA:105,6
DA:106,3
DA:107,1
DA:110,2
DA:112,2
DA:113,2
DA:114,2
DA:115,1
DA:116,1
DA:119,1
DA:120,0
DA:122,1
DA:143,6
DA:144,5
DA:145,1
DA:147,4
DA:148,4
DA:149,4
DA:150,4
DA:151,1
DA:152,1
DA:154,3
LF:59
LH:57
BRDA:26,0,0,1
BRDA:26,0,1,3
BRDA:26,1,0,4
BRDA:26,1,1,3
BRDA:34,2,0,1
BRDA:34,2,1,2
BRDA:50,3,0,1
BRDA:50,3,1,2
BRDA:57,4,0,1
BRDA:57,4,1,1
BRDA:62,5,0,0
BRDA:62,5,1,1
BRDA:79,6,0,1
BRDA:79,6,1,4
BRDA:79,7,0,5
BRDA:79,7,1,4
BRDA:82,8,0,1
BRDA:82,8,1,3
BRDA:82,9,0,4
BRDA:82,9,1,3
BRDA:90,10,0,1
BRDA:90,10,1,2
BRDA:106,11,0,1
BRDA:106,11,1,2
BRDA:114,12,0,1
BRDA:114,12,1,1
BRDA:119,13,0,0
BRDA:119,13,1,1
BRDA:144,14,0,1
BRDA:144,14,1,4
BRDA:150,15,0,1
BRDA:150,15,1,3
BRF:32
BRH:30
end_of_record
TN:
SF:repositories\TeacherRepository.js
FN:12,newTeacher
FN:32,(anonymous_1)
FN:39,(anonymous_2)
FN:40,(anonymous_3)
FN:60,(anonymous_4)
FN:67,(anonymous_5)
FN:68,(anonymous_6)
FN:96,(anonymous_7)
FN:115,(anonymous_8)
FN:116,(anonymous_9)
FN:133,(anonymous_10)
FN:139,(anonymous_11)
FN:140,(anonymous_12)
FN:158,(anonymous_13)
FNF:14
FNH:13
FNDA:4,newTeacher
FNDA:15,(anonymous_1)
FNDA:14,(anonymous_2)
FNDA:14,(anonymous_3)
FNDA:4,(anonymous_4)
FNDA:3,(anonymous_5)
FNDA:3,(anonymous_6)
FNDA:3,(anonymous_7)
FNDA:2,(anonymous_8)
FNDA:2,(anonymous_9)
FNDA:3,(anonymous_10)
FNDA:2,(anonymous_11)
FNDA:2,(anonymous_12)
FNDA:0,(anonymous_13)
DA:3,8
DA:4,8
DA:6,8
DA:13,4
DA:32,8
DA:33,15
DA:34,1
DA:37,14
DA:39,14
DA:40,14
DA:41,14
DA:42,1
DA:43,1
DA:46,13
DA:47,10
DA:49,3
DA:60,8
DA:61,4
DA:62,1
DA:65,3
DA:67,3
DA:68,3
DA:69,3
DA:70,1
DA:71,1
DA:74,2
DA:75,1
DA:77,1
DA:96,8
DA:97,3
DA:98,1
DA:101,2
DA:102,2
DA:104,2
DA:105,0
DA:106,0
DA:107,0
DA:108,2
DA:109,2
DA:110,2
DA:112,0
DA:115,2
DA:116,2
DA:117,2
DA:118,1
DA:119,1
DA:121,1
DA:133,8
DA:134,3
DA:135,1
DA:137,2
DA:139,2
DA:140,2
DA:141,2
DA:142,1
DA:143,1
DA:146,1
DA:158,8
DA:159,0
LF:59
LH:54
BRDA:33,0,0,1
BRDA:33,0,1,14
BRDA:33,1,0,15
BRDA:33,1,1,14
BRDA:41,2,0,1
BRDA:41,2,1,13
BRDA:46,3,0,10
BRDA:46,3,1,3
BRDA:61,4,0,1
BRDA:61,4,1,3
BRDA:69,5,0,1
BRDA:69,5,1,2
BRDA:74,6,0,1
BRDA:74,6,1,1
BRDA:97,7,0,1
BRDA:97,7,1,2
BRDA:104,8,0,0
BRDA:104,8,1,2
BRDA:104,9,0,2
BRDA:104,9,1,0
BRDA:108,10,0,2
BRDA:108,10,1,0
BRDA:117,11,0,1
BRDA:117,11,1,1
BRDA:134,12,0,1
BRDA:134,12,1,2
BRDA:134,13,0,3
BRDA:134,13,1,2
BRDA:141,14,0,1
BRDA:141,14,1,1
BRF:30
BRH:27
end_of_record
TN:
SF:repositories\ThesisRepository.js
FN:9,newThesis
FN:35,(anonymous_1)
FN:42,(anonymous_2)
FN:43,(anonymous_3)
FN:61,(anonymous_4)
FN:68,(anonymous_5)
FN:69,(anonymous_6)
FN:86,(anonymous_7)
FN:93,(anonymous_8)
FN:94,(anonymous_9)
FN:129,(anonymous_10)
FN:138,(anonymous_11)
FN:139,(anonymous_12)
FN:145,(anonymous_13)
FN:156,(anonymous_14)
FN:164,(anonymous_15)
FN:165,(anonymous_16)
FN:171,(anonymous_17)
FN:197,(anonymous_18)
FN:203,(anonymous_19)
FN:204,(anonymous_20)
FN:225,(anonymous_21)
FN:235,(anonymous_22)
FN:236,(anonymous_23)
FN:259,(anonymous_24)
FN:267,(anonymous_25)
FN:268,(anonymous_26)
FN:281,transformOrder
FN:349,sqlQueryCreator
FN:369,(anonymous_29)
FN:370,(anonymous_30)
FN:376,(anonymous_31)
FN:403,(anonymous_32)
FN:409,(anonymous_33)
FN:410,(anonymous_34)
FN:415,(anonymous_35)
FN:424,(anonymous_36)
FN:430,(anonymous_37)
FN:431,(anonymous_38)
FN:436,(anonymous_39)
FN:445,(anonymous_40)
FN:449,(anonymous_41)
FN:452,(anonymous_42)
FN:453,(anonymous_43)
FN:459,(anonymous_44)
FN:469,(anonymous_45)
FN:473,(anonymous_46)
FN:476,(anonymous_47)
FN:477,(anonymous_48)
FN:483,(anonymous_49)
FN:491,(anonymous_50)
FN:492,(anonymous_51)
FNF:52
FNH:51
FNDA:12,newThesis
FNDA:16,(anonymous_1)
FNDA:3,(anonymous_2)
FNDA:3,(anonymous_3)
FNDA:5,(anonymous_4)
FNDA:4,(anonymous_5)
FNDA:4,(anonymous_6)
FNDA:4,(anonymous_7)
FNDA:3,(anonymous_8)
FNDA:3,(anonymous_9)
FNDA:7,(anonymous_10)
FNDA:7,(anonymous_11)
FNDA:7,(anonymous_12)
FNDA:10,(anonymous_13)
FNDA:3,(anonymous_14)
FNDA:2,(anonymous_15)
FNDA:2,(anonymous_16)
FNDA:1,(anonymous_17)
FNDA:17,(anonymous_18)
FNDA:3,(anonymous_19)
FNDA:3,(anonymous_20)
FNDA:9,(anonymous_21)
FNDA:7,(anonymous_22)
FNDA:7,(anonymous_23)
FNDA:7,(anonymous_24)
FNDA:7,(anonymous_25)
FNDA:7,(anonymous_26)
FNDA:14,transformOrder
FNDA:14,sqlQueryCreator
FNDA:22,(anonymous_29)
FNDA:140,(anonymous_30)
FNDA:0,(anonymous_31)
FNDA:3,(anonymous_32)
FNDA:2,(anonymous_33)
FNDA:2,(anonymous_34)
FNDA:3,(anonymous_35)
FNDA:3,(anonymous_36)
FNDA:2,(anonymous_37)
FNDA:2,(anonymous_38)
FNDA:3,(anonymous_39)
FNDA:3,(anonymous_40)
FNDA:6,(anonymous_41)
FNDA:2,(anonymous_42)
FNDA:2,(anonymous_43)
FNDA:1,(anonymous_44)
FNDA:3,(anonymous_45)
FNDA:6,(anonymous_46)
FNDA:2,(anonymous_47)
FNDA:2,(anonymous_48)
FNDA:1,(anonymous_49)
FNDA:2,(anonymous_50)
FNDA:3,(anonymous_51)
DA:3,8
DA:10,12
DA:35,8
DA:36,16
DA:37,13
DA:40,3
DA:42,3
DA:43,3
DA:44,3
DA:45,1
DA:46,1
DA:49,2
DA:61,8
DA:62,5
DA:63,1
DA:66,4
DA:68,4
DA:69,4
DA:70,4
DA:71,1
DA:72,1
DA:75,3
DA:86,8
DA:87,4
DA:88,1
DA:91,3
DA:93,3
DA:94,3
DA:95,3
DA:96,1
DA:97,1
DA:100,2
DA:101,1
DA:103,1
DA:129,8
DA:130,7
DA:131,0
DA:134,7
DA:135,7
DA:136,7
DA:138,7
DA:139,7
DA:140,7
DA:141,0
DA:142,0
DA:145,10
DA:146,7
DA:156,8
DA:157,3
DA:158,1
DA:161,2
DA:162,2
DA:164,2
DA:165,2
DA:166,2
DA:167,1
DA:168,1
DA:171,1
DA:172,1
DA:197,8
DA:198,17
DA:199,14
DA:201,3
DA:203,3
DA:204,3
DA:205,3
DA:206,1
DA:207,1
DA:210,2
DA:211,0
DA:212,0
DA:214,2
DA:225,8
DA:226,9
DA:227,2
DA:231,7
DA:232,2
DA:234,5
DA:235,7
DA:236,7
DA:237,7
DA:238,2
DA:239,2
DA:241,5
DA:242,2
DA:243,2
DA:246,3
DA:259,8
DA:260,7
DA:262,7
DA:263,7
DA:264,7
DA:266,7
DA:267,7
DA:268,7
DA:269,7
DA:270,0
DA:271,0
DA:274,7
DA:282,14
DA:284,14
DA:286,0
DA:288,0
DA:290,0
DA:292,0
DA:294,0
DA:296,0
DA:298,0
DA:300,0
DA:302,0
DA:304,0
DA:306,0
DA:308,0
DA:310,0
DA:312,0
DA:314,0
DA:316,0
DA:318,0
DA:320,0
DA:322,0
DA:324,0
DA:350,14
DA:351,14
DA:352,14
DA:354,14
DA:356,14
DA:357,14
DA:369,22
DA:370,14
DA:371,140
DA:372,140
DA:373,22
DA:374,0
DA:375,0
DA:376,0
DA:377,0
DA:378,0
DA:380,0
DA:382,22
DA:383,22
DA:389,14
DA:390,14
DA:392,14
DA:397,8
DA:398,8
DA:403,8
DA:404,3
DA:405,1
DA:407,2
DA:409,2
DA:410,2
DA:411,2
DA:412,1
DA:413,1
DA:414,0
DA:415,3
DA:424,8
DA:425,3
DA:426,1
DA:428,2
DA:430,2
DA:431,2
DA:432,2
DA:433,1
DA:434,1
DA:435,0
DA:436,3
DA:445,8
DA:446,3
DA:447,1
DA:449,6
DA:450,2
DA:452,2
DA:453,2
DA:454,2
DA:455,1
DA:457,1
DA:459,1
DA:469,8
DA:470,3
DA:471,1
DA:473,6
DA:474,2
DA:476,2
DA:477,2
DA:478,2
DA:479,1
DA:481,1
DA:483,1
DA:489,8
DA:490,8
DA:491,8
DA:492,8
LF:193
LH:158
BRDA:36,0,0,13
BRDA:36,0,1,3
BRDA:36,1,0,16
BRDA:36,1,1,15
BRDA:36,1,2,14
BRDA:36,1,3,13
BRDA:36,1,4,12
BRDA:36,1,5,11
BRDA:36,1,6,10
BRDA:36,1,7,9
BRDA:36,1,8,8
BRDA:36,1,9,7
BRDA:36,1,10,6
BRDA:36,1,11,5
BRDA:36,1,12,4
BRDA:44,2,0,1
BRDA:44,2,1,2
BRDA:62,3,0,1
BRDA:62,3,1,4
BRDA:62,4,0,5
BRDA:62,4,1,4
BRDA:70,5,0,1
BRDA:70,5,1,3
BRDA:87,6,0,1
BRDA:87,6,1,3
BRDA:87,7,0,4
BRDA:87,7,1,3
BRDA:95,8,0,1
BRDA:95,8,1,2
BRDA:100,9,0,1
BRDA:100,9,1,1
BRDA:130,10,0,0
BRDA:130,10,1,7
BRDA:130,11,0,7
BRDA:130,11,1,7
BRDA:130,11,2,7
BRDA:140,12,0,0
BRDA:140,12,1,7
BRDA:157,13,0,1
BRDA:157,13,1,2
BRDA:157,14,0,3
BRDA:157,14,1,2
BRDA:166,15,0,1
BRDA:166,15,1,1
BRDA:198,16,0,14
BRDA:198,16,1,3
BRDA:198,17,0,17
BRDA:198,17,1,16
BRDA:198,17,2,15
BRDA:198,17,3,14
BRDA:198,17,4,13
BRDA:198,17,5,12
BRDA:198,17,6,11
BRDA:198,17,7,10
BRDA:198,17,8,9
BRDA:198,17,9,8
BRDA:198,17,10,7
BRDA:198,17,11,6
BRDA:198,17,12,5
BRDA:198,17,13,4
BRDA:205,18,0,1
BRDA:205,18,1,2
BRDA:210,19,0,0
BRDA:210,19,1,2
BRDA:226,20,0,2
BRDA:226,20,1,7
BRDA:226,21,0,9
BRDA:226,21,1,8
BRDA:226,21,2,8
BRDA:226,21,3,7
BRDA:226,21,4,7
BRDA:231,22,0,2
BRDA:231,22,1,5
BRDA:237,23,0,2
BRDA:237,23,1,5
BRDA:241,24,0,2
BRDA:241,24,1,3
BRDA:269,25,0,0
BRDA:269,25,1,7
BRDA:274,26,0,7
BRDA:274,26,1,0
BRDA:282,27,0,14
BRDA:282,27,1,0
BRDA:282,27,2,0
BRDA:282,27,3,0
BRDA:282,27,4,0
BRDA:282,27,5,0
BRDA:282,27,6,0
BRDA:282,27,7,0
BRDA:282,27,8,0
BRDA:282,27,9,0
BRDA:282,27,10,0
BRDA:282,27,11,0
BRDA:282,27,12,0
BRDA:282,27,13,0
BRDA:282,27,14,0
BRDA:282,27,15,0
BRDA:282,27,16,0
BRDA:282,27,17,0
BRDA:282,27,18,0
BRDA:282,27,19,0
BRDA:282,27,20,0
BRDA:356,28,0,14
BRDA:356,28,1,0
BRDA:365,29,0,14
BRDA:365,29,1,0
BRDA:367,30,0,14
BRDA:367,30,1,0
BRDA:369,31,0,22
BRDA:369,31,1,0
BRDA:372,32,0,22
BRDA:372,32,1,118
BRDA:373,33,0,0
BRDA:373,33,1,22
BRDA:373,34,0,22
BRDA:373,34,1,0
BRDA:390,35,0,7
BRDA:390,35,1,7
BRDA:390,36,0,14
BRDA:390,36,1,7
BRDA:404,37,0,1
BRDA:404,37,1,2
BRDA:411,38,0,1
BRDA:411,38,1,1
BRDA:413,39,0,0
BRDA:413,39,1,1
BRDA:425,40,0,1
BRDA:425,40,1,2
BRDA:432,41,0,1
BRDA:432,41,1,1
BRDA:434,42,0,0
BRDA:434,42,1,1
BRDA:446,43,0,1
BRDA:446,43,1,2
BRDA:454,44,0,1
BRDA:454,44,1,1
BRDA:470,45,0,1
BRDA:470,45,1,2
BRDA:478,46,0,1
BRDA:478,46,1,1
BRDA:489,47,0,8
BRDA:489,47,1,0
BRF:142
BRH:108
end_of_record
TN:
SF:repositories\db.js
FN:6,(anonymous_0)
FNF:1
FNH:1
FNDA:12,(anonymous_0)
DA:3,18
DA:5,18
DA:6,18
DA:7,12
DA:10,18
LF:5
LH:5
BRDA:6,0,0,18
BRDA:6,0,1,0
BRDA:7,1,0,0
BRDA:7,1,1,12
BRF:4
BRH:2
end_of_record
TN:
SF:services\ApplicationService.js
FN:22,(anonymous_0)
FN:23,(anonymous_1)
FN:28,(anonymous_2)
FN:34,(anonymous_3)
FN:35,(anonymous_4)
FNF:5
FNH:5
FNDA:4,(anonymous_0)
FNDA:4,(anonymous_1)
FNDA:3,(anonymous_2)
FNDA:1,(anonymous_3)
FNDA:1,(anonymous_4)
DA:2,5
DA:3,5
DA:22,5
DA:23,4
DA:25,4
DA:26,4
DA:28,4
DA:29,3
DA:30,1
DA:33,2
DA:34,1
DA:35,1
LF:12
LH:12
BRDA:29,0,0,1
BRDA:29,0,1,2
BRF:2
BRH:2
end_of_record
TN:
SF:services\CoSupervisorService.js
FN:7,(anonymous_0)
FNF:1
FNH:1
FNDA:6,(anonymous_0)
DA:2,5
DA:7,5
DA:8,6
DA:9,5
LF:4
LH:4
BRF:0
BRH:0
end_of_record
TN:
SF:services\StudentService.js
FN:27,(anonymous_0)
FNF:1
FNH:1
FNDA:3,(anonymous_0)
DA:2,5
DA:27,5
DA:28,3
DA:29,2
LF:4
LH:4
BRF:0
BRH:0
end_of_record
TN:
SF:services\TeacherService.js
FN:26,(anonymous_0)
FN:38,(anonymous_1)
FN:62,_sendRejectedEmail
FN:67,(anonymous_3)
FN:68,(anonymous_4)
FN:75,_sendCancelledEmails
FN:89,_sendAcceptedEmail
FN:107,(anonymous_7)
FN:117,(anonymous_8)
FNF:9
FNH:8
FNDA:4,(anonymous_0)
FNDA:12,(anonymous_1)
FNDA:10,_sendRejectedEmail
FNDA:2,(anonymous_3)
FNDA:2,(anonymous_4)
FNDA:7,_sendCancelledEmails
FNDA:7,_sendAcceptedEmail
FNDA:0,(anonymous_7)
FNDA:3,(anonymous_8)
DA:3,5
DA:4,5
DA:5,5
DA:6,5
DA:7,5
DA:26,5
DA:27,4
DA:28,4
DA:38,5
DA:39,12
DA:40,11
DA:41,2
DA:43,9
DA:44,9
DA:45,9
DA:46,1
DA:47,8
DA:48,5
DA:49,5
DA:50,4
DA:52,1
DA:53,1
DA:56,0
DA:58,1
DA:63,10
DA:67,2
DA:68,2
DA:69,2
DA:70,2
DA:71,1
DA:76,7
DA:80,3
DA:81,3
DA:82,3
DA:83,3
DA:85,2
DA:90,7
DA:95,3
DA:96,3
DA:97,3
DA:98,3
DA:99,2
DA:107,5
DA:108,0
DA:109,0
DA:117,5
DA:118,3
DA:122,5
DA:123,5
DA:124,5
DA:125,5
LF:51
LH:48
BRDA:40,0,0,2
BRDA:40,0,1,9
BRDA:45,1,0,1
BRDA:45,1,1,8
BRDA:48,2,0,5
BRDA:48,2,1,0
BRDA:122,3,0,5
BRDA:122,3,1,0
BRF:8
BRH:6
end_of_record
TN:
SF:services\ThesisService.js
FN:27,(anonymous_0)
FN:62,(anonymous_1)
FN:71,(anonymous_2)
FN:73,(anonymous_3)
FN:77,(anonymous_4)
FN:85,(anonymous_5)
FN:87,(anonymous_6)
FN:97,(anonymous_7)
FN:106,(anonymous_8)
FN:125,(anonymous_9)
FN:161,(anonymous_10)
FN:237,(anonymous_11)
FN:268,(anonymous_12)
FNF:13
FNH:11
FNDA:15,(anonymous_0)
FNDA:11,(anonymous_1)
FNDA:0,(anonymous_2)
FNDA:1,(anonymous_3)
FNDA:12,(anonymous_4)
FNDA:0,(anonymous_5)
FNDA:4,(anonymous_6)
FNDA:9,(anonymous_7)
FNDA:11,(anonymous_8)
FNDA:1,(anonymous_9)
FNDA:11,(anonymous_10)
FNDA:4,(anonymous_11)
FNDA:5,(anonymous_12)
DA:2,5
DA:4,5
DA:5,5
DA:6,5
DA:7,5
DA:8,5
DA:9,5
DA:27,5
DA:29,15
DA:32,15
DA:33,14
DA:34,6
DA:36,14
DA:38,13
DA:43,13
DA:44,1
DA:46,12
DA:50,11
DA:51,10
DA:54,10
DA:57,9
DA:59,8
DA:62,5
DA:63,11
DA:64,8
DA:66,3
DA:70,3
DA:71,1
DA:73,2
DA:74,1
DA:77,5
DA:79,12
DA:80,4
DA:81,4
DA:82,4
DA:84,4
DA:85,1
DA:87,4
DA:88,2
DA:90,2
DA:94,9
DA:97,5
DA:98,9
DA:100,12
DA:102,11
DA:106,5
DA:107,11
DA:108,14
DA:109,13
DA:110,13
DA:111,3
DA:112,1
DA:113,0
DA:117,2
DA:125,5
DA:126,1
DA:161,5
DA:163,11
DA:164,11
DA:167,11
DA:168,9
DA:169,13
DA:170,13
DA:171,7
DA:172,7
DA:173,2
DA:178,5
DA:180,6
DA:184,9
DA:187,9
DA:188,9
DA:189,9
DA:191,9
DA:192,9
DA:193,9
DA:194,9
DA:195,9
DA:198,9
DA:213,9
DA:214,2
DA:218,7
DA:219,3
DA:220,4
DA:221,4
DA:222,0
DA:226,7
DA:227,3
DA:228,5
DA:229,5
DA:230,0
DA:234,7
DA:237,5
DA:238,4
DA:241,4
DA:243,4
DA:244,4
DA:245,4
DA:246,4
DA:247,4
DA:249,4
DA:265,4
DA:268,5
DA:269,5
DA:270,5
DA:271,2
DA:272,3
DA:273,2
LF:107
LH:104
BRDA:29,0,0,15
BRDA:29,0,1,7
BRDA:33,1,0,6
BRDA:33,1,1,8
BRDA:33,2,0,14
BRDA:33,2,1,6
BRDA:38,3,0,5
BRDA:38,3,1,8
BRDA:43,4,0,1
BRDA:43,4,1,12
BRDA:63,5,0,8
BRDA:63,5,1,3
BRDA:70,6,0,1
BRDA:70,6,1,2
BRDA:79,7,0,4
BRDA:79,7,1,8
BRDA:84,8,0,1
BRDA:84,8,1,3
BRDA:88,9,0,2
BRDA:88,9,1,0
BRDA:111,10,0,1
BRDA:111,10,1,2
BRDA:167,11,0,9
BRDA:167,11,1,2
BRDA:167,12,0,11
BRDA:167,12,1,11
BRDA:170,13,0,7
BRDA:170,13,1,6
BRDA:172,14,0,2
BRDA:172,14,1,5
BRDA:213,15,0,2
BRDA:213,15,1,7
BRDA:218,16,0,3
BRDA:218,16,1,4
BRDA:221,17,0,0
BRDA:221,17,1,4
BRDA:226,18,0,3
BRDA:226,18,1,4
BRDA:229,19,0,0
BRDA:229,19,1,5
BRDA:270,20,0,2
BRDA:270,20,1,3
BRF:42
BRH:39
end_of_record
TN:
SF:test\integration\mgmt_db.js
FN:5,(anonymous_0)
FN:164,(anonymous_1)
FN:165,(anonymous_2)
FN:167,(anonymous_3)
FN:168,(anonymous_4)
FN:169,(anonymous_5)
FN:182,(anonymous_6)
FN:186,(anonymous_7)
FN:193,(anonymous_8)
FN:194,(anonymous_9)
FN:196,(anonymous_10)
FN:197,(anonymous_11)
FN:198,(anonymous_12)
FN:211,(anonymous_13)
FN:215,(anonymous_14)
FN:223,(anonymous_15)
FN:224,(anonymous_16)
FN:226,(anonymous_17)
FN:227,(anonymous_18)
FN:228,(anonymous_19)
FN:241,(anonymous_20)
FN:245,(anonymous_21)
FN:254,(anonymous_22)
FN:257,(anonymous_23)
FN:258,(anonymous_24)
FN:268,(anonymous_25)
FN:271,(anonymous_26)
FN:272,(anonymous_27)
FN:282,(anonymous_28)
FN:285,(anonymous_29)
FN:286,(anonymous_30)
FN:296,(anonymous_31)
FN:299,(anonymous_32)
FN:300,(anonymous_33)
FN:310,(anonymous_34)
FN:313,(anonymous_35)
FN:314,(anonymous_36)
FN:324,(anonymous_37)
FN:327,(anonymous_38)
FN:328,(anonymous_39)
FN:338,(anonymous_40)
FN:341,(anonymous_41)
FN:342,(anonymous_42)
FN:352,(anonymous_43)
FN:355,(anonymous_44)
FN:356,(anonymous_45)
FN:377,(anonymous_46)
FN:381,(anonymous_47)
FN:382,(anonymous_48)
FN:400,(anonymous_49)
FN:404,(anonymous_50)
FN:405,(anonymous_51)
FN:415,(anonymous_52)
FN:419,(anonymous_53)
FN:420,(anonymous_54)
FN:439,(anonymous_55)
FN:445,(anonymous_56)
FN:446,(anonymous_57)
FN:464,(anonymous_58)
FN:467,(anonymous_59)
FN:468,(anonymous_60)
FN:489,(anonymous_61)
FN:491,(anonymous_62)
FN:492,(anonymous_63)
FN:513,(anonymous_64)
FN:515,(anonymous_65)
FN:516,(anonymous_66)
FN:528,(anonymous_67)
FN:530,(anonymous_68)
FN:531,(anonymous_69)
FNF:70
FNH:40
FNDA:3,(anonymous_0)
FNDA:0,(anonymous_1)
FNDA:0,(anonymous_2)
FNDA:0,(anonymous_3)
FNDA:0,(anonymous_4)
FNDA:0,(anonymous_5)
FNDA:0,(anonymous_6)
FNDA:0,(anonymous_7)
FNDA:0,(anonymous_8)
FNDA:0,(anonymous_9)
FNDA:0,(anonymous_10)
FNDA:0,(anonymous_11)
FNDA:0,(anonymous_12)
FNDA:0,(anonymous_13)
FNDA:0,(anonymous_14)
FNDA:0,(anonymous_15)
FNDA:0,(anonymous_16)
FNDA:0,(anonymous_17)
FNDA:0,(anonymous_18)
FNDA:0,(anonymous_19)
FNDA:0,(anonymous_20)
FNDA:0,(anonymous_21)
FNDA:101,(anonymous_22)
FNDA:101,(anonymous_23)
FNDA:101,(anonymous_24)
FNDA:51,(anonymous_25)
FNDA:51,(anonymous_26)
FNDA:51,(anonymous_27)
FNDA:5,(anonymous_28)
FNDA:5,(anonymous_29)
FNDA:5,(anonymous_30)
FNDA:80,(anonymous_31)
FNDA:80,(anonymous_32)
FNDA:80,(anonymous_33)
FNDA:88,(anonymous_34)
FNDA:88,(anonymous_35)
FNDA:88,(anonymous_36)
FNDA:0,(anonymous_37)
FNDA:0,(anonymous_38)
FNDA:0,(anonymous_39)
FNDA:33,(anonymous_40)
FNDA:33,(anonymous_41)
FNDA:33,(anonymous_42)
FNDA:91,(anonymous_43)
FNDA:91,(anonymous_44)
FNDA:91,(anonymous_45)
FNDA:20,(anonymous_46)
FNDA:20,(anonymous_47)
FNDA:20,(anonymous_48)
FNDA:19,(anonymous_49)
FNDA:19,(anonymous_50)
FNDA:19,(anonymous_51)
FNDA:0,(anonymous_52)
FNDA:0,(anonymous_53)
FNDA:0,(anonymous_54)
FNDA:34,(anonymous_55)
FNDA:34,(anonymous_56)
FNDA:34,(anonymous_57)
FNDA:9,(anonymous_58)
FNDA:9,(anonymous_59)
FNDA:9,(anonymous_60)
FNDA:5,(anonymous_61)
FNDA:5,(anonymous_62)
FNDA:5,(anonymous_63)
FNDA:2,(anonymous_64)
FNDA:2,(anonymous_65)
FNDA:2,(anonymous_66)
FNDA:0,(anonymous_67)
FNDA:0,(anonymous_68)
FNDA:0,(anonymous_69)
DA:3,3
DA:4,3
DA:5,3
DA:6,3
DA:15,3
DA:101,3
DA:153,3
DA:164,3
DA:165,0
DA:167,0
DA:168,0
DA:169,0
DA:170,0
DA:171,0
DA:172,0
DA:174,0
DA:175,0
DA:181,0
DA:183,0
DA:184,0
DA:187,0
DA:188,0
DA:193,3
DA:194,0
DA:196,0
DA:197,0
DA:198,0
DA:199,0
DA:200,0
DA:201,0
DA:203,0
DA:204,0
DA:210,0
DA:212,0
DA:213,0
DA:216,0
DA:217,0
DA:223,3
DA:224,0
DA:226,0
DA:227,0
DA:228,0
DA:229,0
DA:230,0
DA:231,0
DA:233,0
DA:234,0
DA:240,0
DA:242,0
DA:243,0
DA:246,0
DA:247,0
DA:254,3
DA:255,101
DA:257,101
DA:258,101
DA:259,101
DA:260,0
DA:262,101
DA:268,3
DA:269,51
DA:271,51
DA:272,51
DA:273,51
DA:274,0
DA:276,51
DA:282,3
DA:283,5
DA:285,5
DA:286,5
DA:287,5
DA:288,0
DA:290,5
DA:296,3
DA:297,80
DA:299,80
DA:300,80
DA:301,80
DA:302,0
DA:304,80
DA:310,3
DA:311,88
DA:313,88
DA:314,88
DA:315,88
DA:316,0
DA:318,88
DA:324,3
DA:325,0
DA:327,0
DA:328,0
DA:329,0
DA:330,0
DA:332,0
DA:338,3
DA:339,33
DA:341,33
DA:342,33
DA:343,33
DA:344,0
DA:346,33
DA:352,3
DA:353,91
DA:355,91
DA:356,91
DA:357,91
DA:358,0
DA:360,91
DA:377,3
DA:378,20
DA:381,20
DA:382,20
DA:383,20
DA:384,0
DA:386,20
DA:400,3
DA:401,19
DA:404,19
DA:405,19
DA:406,19
DA:407,0
DA:409,19
DA:415,3
DA:416,0
DA:419,0
DA:420,0
DA:421,0
DA:422,0
DA:424,0
DA:439,3
DA:440,34
DA:445,34
DA:446,34
DA:447,34
DA:448,0
DA:450,34
DA:464,3
DA:465,9
DA:466,9
DA:467,9
DA:468,9
DA:469,9
DA:470,0
DA:472,9
DA:489,3
DA:490,5
DA:491,5
DA:492,5
DA:493,5
DA:494,0
DA:496,5
DA:513,3
DA:514,2
DA:515,2
DA:516,2
DA:517,2
DA:518,0
DA:520,2
DA:528,3
DA:529,0
DA:530,0
DA:531,0
DA:532,0
DA:533,0
DA:535,0
LF:165
LH:92
BRDA:6,0,0,0
BRDA:6,0,1,3
BRDA:170,1,0,0
BRDA:170,1,1,0
BRDA:199,2,0,0
BRDA:199,2,1,0
BRDA:229,3,0,0
BRDA:229,3,1,0
BRDA:259,4,0,0
BRDA:259,4,1,101
BRDA:273,5,0,0
BRDA:273,5,1,51
BRDA:287,6,0,0
BRDA:287,6,1,5
BRDA:301,7,0,0
BRDA:301,7,1,80
BRDA:315,8,0,0
BRDA:315,8,1,88
BRDA:329,9,0,0
BRDA:329,9,1,0
BRDA:343,10,0,0
BRDA:343,10,1,33
BRDA:357,11,0,0
BRDA:357,11,1,91
BRDA:383,12,0,0
BRDA:383,12,1,20
BRDA:406,13,0,0
BRDA:406,13,1,19
BRDA:421,14,0,0
BRDA:421,14,1,0
BRDA:447,15,0,0
BRDA:447,15,1,34
BRDA:469,16,0,0
BRDA:469,16,1,9
BRDA:493,17,0,0
BRDA:493,17,1,5
BRDA:517,18,0,0
BRDA:517,18,1,2
BRDA:532,19,0,0
BRDA:532,19,1,0
BRF:40
BRH:14
end_of_record
TN:
SF:test\repository\generalFuncrtion.js
FN:15,(anonymous_0)
FN:19,(anonymous_1)
FN:29,(anonymous_2)
FN:30,(anonymous_3)
FN:40,(anonymous_4)
FN:41,(anonymous_5)
FN:44,(anonymous_6)
FN:48,(anonymous_7)
FN:49,(anonymous_8)
FN:57,(anonymous_9)
FNF:10
FNH:10
FNDA:34,(anonymous_0)
FNDA:67,(anonymous_1)
FNDA:34,(anonymous_2)
FNDA:36,(anonymous_3)
FNDA:2,(anonymous_4)
FNDA:2,(anonymous_5)
FNDA:1,(anonymous_6)
FNDA:34,(anonymous_7)
FNDA:34,(anonymous_8)
FNDA:34,(anonymous_9)
DA:1,6
DA:2,6
DA:15,6
DA:16,34
DA:17,34
DA:18,34
DA:19,67
DA:20,67
DA:21,67
DA:22,67
DA:24,67
DA:29,34
DA:30,34
DA:31,36
DA:33,34
DA:34,34
DA:36,34
DA:39,34
DA:40,2
DA:41,2
DA:42,2
DA:44,2
DA:45,1
DA:48,34
DA:49,34
DA:50,34
DA:51,25
DA:52,25
DA:54,9
DA:56,34
DA:57,34
DA:58,34
DA:59,32
DA:61,2
LF:34
LH:34
BRDA:16,0,0,19
BRDA:16,0,1,15
BRDA:17,1,0,23
BRDA:17,1,1,11
BRDA:39,2,0,2
BRDA:39,2,1,32
BRDA:50,3,0,25
BRDA:50,3,1,9
BRDA:58,4,0,32
BRDA:58,4,1,2
BRF:10
BRH:10
end_of_record
